#
# There is insufficient memory for the Java Runtime Environment to continue.
# Native memory allocation (malloc) failed to allocate 32744 bytes for ChunkPool::allocate
# Possible reasons:
#   The system is out of physical RAM or swap space
#   The process is running with CompressedOops enabled, and the Java Heap may be blocking the growth of the native heap
# Possible solutions:
#   Reduce memory load on the system
#   Increase physical memory or swap space
#   Check if swap backing store is full
#   Decrease Java heap size (-Xmx/-Xms)
#   Decrease number of Java threads
#   Decrease Java thread stack sizes (-Xss)
#   Set larger code cache with -XX:ReservedCodeCacheSize=
#   JVM is running with Unscaled Compressed Oops mode in which the Java heap is
#     placed in the first 4GB address space. The Java Heap base address is the
#     maximum limit for the native heap growth. Please use -XX:HeapBaseMinAddress
#     to set the Java Heap base and to place the Java Heap above 4GB virtual address.
# This output file may be truncated or incomplete.
#
#  Out of Memory Error (arena.cpp:79), pid=8508, tid=8092
#
# JRE version: OpenJDK Runtime Environment Temurin-17.0.10+7 (17.0.10+7) (build 17.0.10+7)
# Java VM: OpenJDK 64-Bit Server VM Temurin-17.0.10+7 (17.0.10+7, mixed mode, sharing, tiered, compressed oops, compressed class ptrs, g1 gc, windows-amd64)
# No core dump will be written. Minidumps are not enabled by default on client versions of Windows
#

---------------  S U M M A R Y ------------

Command Line: -Xmx64m -Xms64m -Dorg.gradle.appname=gradlew org.gradle.wrapper.GradleWrapperMain assembleRelease

Host: AMD Ryzen 7 3700U with Radeon Vega Mobile Gfx  , 8 cores, 5G,  Windows 10 , 64 bit Build 19041 (10.0.19041.3636)
Time: Mon Apr  8 22:02:47 2024 W. Central Africa Standard Time elapsed time: 134.278536 seconds (0d 0h 2m 14s)

---------------  T H R E A D  ---------------

Current thread (0x000002961ed059a0):  JavaThread "C2 CompilerThread0" daemon [_thread_in_native, id=8092, stack(0x000000cf2b500000,0x000000cf2b600000)]


Current CompileTask:
C2: 134278 1761       4       org.gradle.internal.logging.text.AbstractLineChoppingStyledTextOutput::doAppend (43 bytes)

Stack: [0x000000cf2b500000,0x000000cf2b600000]
Native frames: (J=compiled Java code, j=interpreted, Vv=VM code, C=native code)
V  [jvm.dll+0x67d2c9]
V  [jvm.dll+0x834afa]
V  [jvm.dll+0x8365be]
V  [jvm.dll+0x836c23]
V  [jvm.dll+0x2477ff]
V  [jvm.dll+0xac711]
V  [jvm.dll+0xacb5c]
V  [jvm.dll+0x3477bb]
V  [jvm.dll+0x34d0aa]
V  [jvm.dll+0x55ccef]
V  [jvm.dll+0x54a557]
V  [jvm.dll+0x54ddbc]
V  [jvm.dll+0x55d70f]
V  [jvm.dll+0x54ae03]
V  [jvm.dll+0x2adf34]
V  [jvm.dll+0x695755]
V  [jvm.dll+0x68d71b]
V  [jvm.dll+0x68cd57]
V  [jvm.dll+0x68ac42]
V  [jvm.dll+0x1a828c]
V  [jvm.dll+0x2adf34]
V  [jvm.dll+0x695755]
V  [jvm.dll+0x68d71b]
V  [jvm.dll+0x68cd57]
V  [jvm.dll+0x68ac42]
V  [jvm.dll+0x1a828c]
V  [jvm.dll+0x2adf34]
V  [jvm.dll+0x695755]
V  [jvm.dll+0x68d71b]
V  [jvm.dll+0x68cd57]
V  [jvm.dll+0x68ac42]
V  [jvm.dll+0x1a828c]
V  [jvm.dll+0x1a8e56]
V  [jvm.dll+0x2adf34]
V  [jvm.dll+0x695755]
V  [jvm.dll+0x68d71b]
V  [jvm.dll+0x68cd57]
V  [jvm.dll+0x68ac42]
V  [jvm.dll+0x1a828c]
V  [jvm.dll+0x1a8e56]
V  [jvm.dll+0x2adf34]
V  [jvm.dll+0x695755]
V  [jvm.dll+0x68d71b]
V  [jvm.dll+0x68cd57]
V  [jvm.dll+0x68ac42]
V  [jvm.dll+0x1a828c]
V  [jvm.dll+0x218ec8]
V  [jvm.dll+0x1a502d]
V  [jvm.dll+0x2290de]
V  [jvm.dll+0x2272ac]
V  [jvm.dll+0x7e9bb7]
V  [jvm.dll+0x7e3fba]
V  [jvm.dll+0x67c1b5]
C  [ucrtbase.dll+0x21bb2]
C  [KERNEL32.DLL+0x17344]
C  [ntdll.dll+0x526b1]


---------------  P R O C E S S  ---------------

Threads class SMR info:
_java_thread_list=0x0000029664e1e7b0, length=15, elements={
0x00000296052ee220, 0x0000029605397e40, 0x0000029605399bf0, 0x00000296053aca70,
0x00000296053ad530, 0x000002961eceffe0, 0x000002961ecf3a50, 0x000002961ed059a0,
0x000002961ed16a70, 0x000002961ed1fd90, 0x000002961ecf3f60, 0x000002961ecf4470,
0x000002961ecf4980, 0x000002961ecf4e90, 0x000002961ecf3030
}

Java Threads: ( => current thread )
  0x00000296052ee220 JavaThread "main" [_thread_in_native, id=15904, stack(0x000000cf2a800000,0x000000cf2a900000)]
  0x0000029605397e40 JavaThread "Reference Handler" daemon [_thread_blocked, id=9968, stack(0x000000cf2af00000,0x000000cf2b000000)]
  0x0000029605399bf0 JavaThread "Finalizer" daemon [_thread_blocked, id=16392, stack(0x000000cf2b000000,0x000000cf2b100000)]
  0x00000296053aca70 JavaThread "Signal Dispatcher" daemon [_thread_blocked, id=2152, stack(0x000000cf2b100000,0x000000cf2b200000)]
  0x00000296053ad530 JavaThread "Attach Listener" daemon [_thread_blocked, id=16424, stack(0x000000cf2b200000,0x000000cf2b300000)]
  0x000002961eceffe0 JavaThread "Service Thread" daemon [_thread_blocked, id=21252, stack(0x000000cf2b300000,0x000000cf2b400000)]
  0x000002961ecf3a50 JavaThread "Monitor Deflation Thread" daemon [_thread_blocked, id=2924, stack(0x000000cf2b400000,0x000000cf2b500000)]
=>0x000002961ed059a0 JavaThread "C2 CompilerThread0" daemon [_thread_in_native, id=8092, stack(0x000000cf2b500000,0x000000cf2b600000)]
  0x000002961ed16a70 JavaThread "C1 CompilerThread0" daemon [_thread_blocked, id=15744, stack(0x000000cf2b600000,0x000000cf2b700000)]
  0x000002961ed1fd90 JavaThread "Sweeper thread" daemon [_thread_blocked, id=17064, stack(0x000000cf2b700000,0x000000cf2b800000)]
  0x000002961ecf3f60 JavaThread "Notification Thread" daemon [_thread_blocked, id=11400, stack(0x000000cf2b800000,0x000000cf2b900000)]
  0x000002961ecf4470 JavaThread "Common-Cleaner" daemon [_thread_blocked, id=18044, stack(0x000000cf2ba00000,0x000000cf2bb00000)]
  0x000002961ecf4980 JavaThread "pool-1-thread-1" [_thread_blocked, id=5292, stack(0x000000cf2bf00000,0x000000cf2c000000)]
  0x000002961ecf4e90 JavaThread "DisconnectableInputStream source reader" daemon [_thread_in_native, id=13068, stack(0x000000cf2c100000,0x000000cf2c200000)]
  0x000002961ecf3030 JavaThread "Forward input" [_thread_blocked, id=12976, stack(0x000000cf2c200000,0x000000cf2c300000)]

Other Threads:
  0x000002960538eb30 VMThread "VM Thread" [stack: 0x000000cf2ae00000,0x000000cf2af00000] [id=1908]
  0x0000029664064520 WatcherThread [stack: 0x000000cf2b900000,0x000000cf2ba00000] [id=20168]
  0x000002960530e5a0 GCTaskThread "GC Thread#0" [stack: 0x000000cf2a900000,0x000000cf2aa00000] [id=17676]
  0x00000296641c6cd0 GCTaskThread "GC Thread#1" [stack: 0x000000cf2bb00000,0x000000cf2bc00000] [id=10496]
  0x00000296646d3d10 GCTaskThread "GC Thread#2" [stack: 0x000000cf2bc00000,0x000000cf2bd00000] [id=7140]
  0x0000029664b189d0 GCTaskThread "GC Thread#3" [stack: 0x000000cf2bd00000,0x000000cf2be00000] [id=9680]
  0x0000029664ab3880 GCTaskThread "GC Thread#4" [stack: 0x000000cf2be00000,0x000000cf2bf00000] [id=16516]
  0x0000029605310ca0 ConcurrentGCThread "G1 Main Marker" [stack: 0x000000cf2aa00000,0x000000cf2ab00000] [id=17880]
  0x00000296053116c0 ConcurrentGCThread "G1 Conc#0" [stack: 0x000000cf2ab00000,0x000000cf2ac00000] [id=13612]
  0x0000029605372520 ConcurrentGCThread "G1 Refine#0" [stack: 0x000000cf2ac00000,0x000000cf2ad00000] [id=12724]
  0x0000029605372f50 ConcurrentGCThread "G1 Service" [stack: 0x000000cf2ad00000,0x000000cf2ae00000] [id=21496]

Threads with active compile tasks:
C2 CompilerThread0   134800 1761       4       org.gradle.internal.logging.text.AbstractLineChoppingStyledTextOutput::doAppend (43 bytes)

VM state: not at safepoint (normal execution)

VM Mutex/Monitor currently owned by a thread: None

Heap address: 0x00000000fc000000, size: 64 MB, Compressed Oops mode: 32-bit

CDS archive(s) mapped at: [0x000002961f000000-0x000002961fbb0000-0x000002961fbb0000), size 12255232, SharedBaseAddress: 0x000002961f000000, ArchiveRelocationMode: 1.
Compressed class space mapped at: 0x0000029620000000-0x0000029660000000, reserved size: 1073741824
Narrow klass base: 0x000002961f000000, Narrow klass shift: 0, Narrow klass range: 0x100000000

GC Precious Log:
 CPUs: 8 total, 8 available
 Memory: 6020M
 Large Page Support: Disabled
 NUMA Support: Disabled
 Compressed Oops: Enabled (32-bit)
 Heap Region Size: 1M
 Heap Min Capacity: 64M
 Heap Initial Capacity: 64M
 Heap Max Capacity: 64M
 Pre-touch: Disabled
 Parallel Workers: 8
 Concurrent Workers: 2
 Concurrent Refinement Workers: 8
 Periodic GC: Disabled

Heap:
 garbage-first heap   total 65536K, used 30180K [0x00000000fc000000, 0x0000000100000000)
  region size 1024K, 23 young (23552K), 3 survivors (3072K)
 Metaspace       used 9200K, committed 9408K, reserved 1114112K
  class space    used 1198K, committed 1280K, reserved 1048576K

Heap Regions: E=young(eden), S=young(survivor), O=old, HS=humongous(starts), HC=humongous(continues), CS=collection set, F=free, OA=open archive, CA=closed archive, TAMS=top-at-mark-start (previous, next)
|   0|0x00000000fc000000, 0x00000000fc100000, 0x00000000fc100000|100%|HS|  |TAMS 0x00000000fc000000, 0x00000000fc000000| Complete 
|   1|0x00000000fc100000, 0x00000000fc200000, 0x00000000fc200000|100%|HC|  |TAMS 0x00000000fc100000, 0x00000000fc100000| Complete 
|   2|0x00000000fc200000, 0x00000000fc300000, 0x00000000fc300000|100%|HC|  |TAMS 0x00000000fc200000, 0x00000000fc200000| Complete 
|   3|0x00000000fc300000, 0x00000000fc400000, 0x00000000fc400000|100%|HC|  |TAMS 0x00000000fc300000, 0x00000000fc300000| Complete 
|   4|0x00000000fc400000, 0x00000000fc500000, 0x00000000fc500000|100%| O|  |TAMS 0x00000000fc400000, 0x00000000fc400000| Untracked 
|   5|0x00000000fc500000, 0x00000000fc600000, 0x00000000fc600000|100%| O|  |TAMS 0x00000000fc500000, 0x00000000fc500000| Untracked 
|   6|0x00000000fc600000, 0x00000000fc700000, 0x00000000fc700000|100%| O|  |TAMS 0x00000000fc600000, 0x00000000fc600000| Untracked 
|   7|0x00000000fc700000, 0x00000000fc779200, 0x00000000fc800000| 47%| O|  |TAMS 0x00000000fc700000, 0x00000000fc700000| Untracked 
|   8|0x00000000fc800000, 0x00000000fc800000, 0x00000000fc900000|  0%| F|  |TAMS 0x00000000fc800000, 0x00000000fc800000| Untracked 
|   9|0x00000000fc900000, 0x00000000fc900000, 0x00000000fca00000|  0%| F|  |TAMS 0x00000000fc900000, 0x00000000fc900000| Untracked 
|  10|0x00000000fca00000, 0x00000000fca00000, 0x00000000fcb00000|  0%| F|  |TAMS 0x00000000fca00000, 0x00000000fca00000| Untracked 
|  11|0x00000000fcb00000, 0x00000000fcb00000, 0x00000000fcc00000|  0%| F|  |TAMS 0x00000000fcb00000, 0x00000000fcb00000| Untracked 
|  12|0x00000000fcc00000, 0x00000000fcc00000, 0x00000000fcd00000|  0%| F|  |TAMS 0x00000000fcc00000, 0x00000000fcc00000| Untracked 
|  13|0x00000000fcd00000, 0x00000000fcd00000, 0x00000000fce00000|  0%| F|  |TAMS 0x00000000fcd00000, 0x00000000fcd00000| Untracked 
|  14|0x00000000fce00000, 0x00000000fce00000, 0x00000000fcf00000|  0%| F|  |TAMS 0x00000000fce00000, 0x00000000fce00000| Untracked 
|  15|0x00000000fcf00000, 0x00000000fcf00000, 0x00000000fd000000|  0%| F|  |TAMS 0x00000000fcf00000, 0x00000000fcf00000| Untracked 
|  16|0x00000000fd000000, 0x00000000fd000000, 0x00000000fd100000|  0%| F|  |TAMS 0x00000000fd000000, 0x00000000fd000000| Untracked 
|  17|0x00000000fd100000, 0x00000000fd100000, 0x00000000fd200000|  0%| F|  |TAMS 0x00000000fd100000, 0x00000000fd100000| Untracked 
|  18|0x00000000fd200000, 0x00000000fd200000, 0x00000000fd300000|  0%| F|  |TAMS 0x00000000fd200000, 0x00000000fd200000| Untracked 
|  19|0x00000000fd300000, 0x00000000fd300000, 0x00000000fd400000|  0%| F|  |TAMS 0x00000000fd300000, 0x00000000fd300000| Untracked 
|  20|0x00000000fd400000, 0x00000000fd400000, 0x00000000fd500000|  0%| F|  |TAMS 0x00000000fd400000, 0x00000000fd400000| Untracked 
|  21|0x00000000fd500000, 0x00000000fd500000, 0x00000000fd600000|  0%| F|  |TAMS 0x00000000fd500000, 0x00000000fd500000| Untracked 
|  22|0x00000000fd600000, 0x00000000fd600000, 0x00000000fd700000|  0%| F|  |TAMS 0x00000000fd600000, 0x00000000fd600000| Untracked 
|  23|0x00000000fd700000, 0x00000000fd700000, 0x00000000fd800000|  0%| F|  |TAMS 0x00000000fd700000, 0x00000000fd700000| Untracked 
|  24|0x00000000fd800000, 0x00000000fd800000, 0x00000000fd900000|  0%| F|  |TAMS 0x00000000fd800000, 0x00000000fd800000| Untracked 
|  25|0x00000000fd900000, 0x00000000fd900000, 0x00000000fda00000|  0%| F|  |TAMS 0x00000000fd900000, 0x00000000fd900000| Untracked 
|  26|0x00000000fda00000, 0x00000000fda00000, 0x00000000fdb00000|  0%| F|  |TAMS 0x00000000fda00000, 0x00000000fda00000| Untracked 
|  27|0x00000000fdb00000, 0x00000000fdb00000, 0x00000000fdc00000|  0%| F|  |TAMS 0x00000000fdb00000, 0x00000000fdb00000| Untracked 
|  28|0x00000000fdc00000, 0x00000000fdc00000, 0x00000000fdd00000|  0%| F|  |TAMS 0x00000000fdc00000, 0x00000000fdc00000| Untracked 
|  29|0x00000000fdd00000, 0x00000000fdd00000, 0x00000000fde00000|  0%| F|  |TAMS 0x00000000fdd00000, 0x00000000fdd00000| Untracked 
|  30|0x00000000fde00000, 0x00000000fde00000, 0x00000000fdf00000|  0%| F|  |TAMS 0x00000000fde00000, 0x00000000fde00000| Untracked 
|  31|0x00000000fdf00000, 0x00000000fdf00000, 0x00000000fe000000|  0%| F|  |TAMS 0x00000000fdf00000, 0x00000000fdf00000| Untracked 
|  32|0x00000000fe000000, 0x00000000fe000000, 0x00000000fe100000|  0%| F|  |TAMS 0x00000000fe000000, 0x00000000fe000000| Untracked 
|  33|0x00000000fe100000, 0x00000000fe100000, 0x00000000fe200000|  0%| F|  |TAMS 0x00000000fe100000, 0x00000000fe100000| Untracked 
|  34|0x00000000fe200000, 0x00000000fe200000, 0x00000000fe300000|  0%| F|  |TAMS 0x00000000fe200000, 0x00000000fe200000| Untracked 
|  35|0x00000000fe300000, 0x00000000fe300000, 0x00000000fe400000|  0%| F|  |TAMS 0x00000000fe300000, 0x00000000fe300000| Untracked 
|  36|0x00000000fe400000, 0x00000000fe400000, 0x00000000fe500000|  0%| F|  |TAMS 0x00000000fe400000, 0x00000000fe400000| Untracked 
|  37|0x00000000fe500000, 0x00000000fe500000, 0x00000000fe600000|  0%| F|  |TAMS 0x00000000fe500000, 0x00000000fe500000| Untracked 
|  38|0x00000000fe600000, 0x00000000fe700000, 0x00000000fe700000|100%| S|CS|TAMS 0x00000000fe600000, 0x00000000fe600000| Complete 
|  39|0x00000000fe700000, 0x00000000fe800000, 0x00000000fe800000|100%| S|CS|TAMS 0x00000000fe700000, 0x00000000fe700000| Complete 
|  40|0x00000000fe800000, 0x00000000fe900000, 0x00000000fe900000|100%| S|CS|TAMS 0x00000000fe800000, 0x00000000fe800000| Complete 
|  41|0x00000000fe900000, 0x00000000fe900000, 0x00000000fea00000|  0%| F|  |TAMS 0x00000000fe900000, 0x00000000fe900000| Untracked 
|  42|0x00000000fea00000, 0x00000000fea00000, 0x00000000feb00000|  0%| F|  |TAMS 0x00000000fea00000, 0x00000000fea00000| Untracked 
|  43|0x00000000feb00000, 0x00000000feb00000, 0x00000000fec00000|  0%| F|  |TAMS 0x00000000feb00000, 0x00000000feb00000| Untracked 
|  44|0x00000000fec00000, 0x00000000fece1ce0, 0x00000000fed00000| 88%| E|  |TAMS 0x00000000fec00000, 0x00000000fec00000| Complete 
|  45|0x00000000fed00000, 0x00000000fee00000, 0x00000000fee00000|100%| E|CS|TAMS 0x00000000fed00000, 0x00000000fed00000| Complete 
|  46|0x00000000fee00000, 0x00000000fef00000, 0x00000000fef00000|100%| E|CS|TAMS 0x00000000fee00000, 0x00000000fee00000| Complete 
|  47|0x00000000fef00000, 0x00000000ff000000, 0x00000000ff000000|100%| E|CS|TAMS 0x00000000fef00000, 0x00000000fef00000| Complete 
|  48|0x00000000ff000000, 0x00000000ff100000, 0x00000000ff100000|100%| E|CS|TAMS 0x00000000ff000000, 0x00000000ff000000| Complete 
|  49|0x00000000ff100000, 0x00000000ff200000, 0x00000000ff200000|100%| E|CS|TAMS 0x00000000ff100000, 0x00000000ff100000| Complete 
|  50|0x00000000ff200000, 0x00000000ff300000, 0x00000000ff300000|100%| E|CS|TAMS 0x00000000ff200000, 0x00000000ff200000| Complete 
|  51|0x00000000ff300000, 0x00000000ff400000, 0x00000000ff400000|100%| E|CS|TAMS 0x00000000ff300000, 0x00000000ff300000| Complete 
|  52|0x00000000ff400000, 0x00000000ff500000, 0x00000000ff500000|100%| E|CS|TAMS 0x00000000ff400000, 0x00000000ff400000| Complete 
|  53|0x00000000ff500000, 0x00000000ff600000, 0x00000000ff600000|100%| E|CS|TAMS 0x00000000ff500000, 0x00000000ff500000| Complete 
|  54|0x00000000ff600000, 0x00000000ff700000, 0x00000000ff700000|100%| E|CS|TAMS 0x00000000ff600000, 0x00000000ff600000| Complete 
|  55|0x00000000ff700000, 0x00000000ff800000, 0x00000000ff800000|100%| E|CS|TAMS 0x00000000ff700000, 0x00000000ff700000| Complete 
|  56|0x00000000ff800000, 0x00000000ff900000, 0x00000000ff900000|100%| E|CS|TAMS 0x00000000ff800000, 0x00000000ff800000| Complete 
|  57|0x00000000ff900000, 0x00000000ffa00000, 0x00000000ffa00000|100%| E|CS|TAMS 0x00000000ff900000, 0x00000000ff900000| Complete 
|  58|0x00000000ffa00000, 0x00000000ffb00000, 0x00000000ffb00000|100%| E|CS|TAMS 0x00000000ffa00000, 0x00000000ffa00000| Complete 
|  59|0x00000000ffb00000, 0x00000000ffc00000, 0x00000000ffc00000|100%| E|CS|TAMS 0x00000000ffb00000, 0x00000000ffb00000| Complete 
|  60|0x00000000ffc00000, 0x00000000ffd00000, 0x00000000ffd00000|100%| E|CS|TAMS 0x00000000ffc00000, 0x00000000ffc00000| Complete 
|  61|0x00000000ffd00000, 0x00000000ffe00000, 0x00000000ffe00000|100%| E|CS|TAMS 0x00000000ffd00000, 0x00000000ffd00000| Complete 
|  62|0x00000000ffe00000, 0x00000000fff00000, 0x00000000fff00000|100%| E|CS|TAMS 0x00000000ffe00000, 0x00000000ffe00000| Complete 
|  63|0x00000000fff00000, 0x0000000100000000, 0x0000000100000000|100%| E|CS|TAMS 0x00000000fff00000, 0x00000000fff00000| Complete 

Card table byte_map: [0x00000296051e0000,0x0000029605200000] _byte_map_base: 0x0000029604a00000

Marking Bits (Prev, Next): (CMBitMap*) 0x000002960530ebc0, (CMBitMap*) 0x000002960530ec00
 Prev Bits: [0x000002961c150000, 0x000002961c250000)
 Next Bits: [0x000002961c250000, 0x000002961c350000)

Polling page: 0x00000296032a0000

Metaspace:

Usage:
  Non-class:      7.81 MB used.
      Class:      1.17 MB used.
       Both:      8.98 MB used.

Virtual space:
  Non-class space:       64.00 MB reserved,       7.94 MB ( 12%) committed,  1 nodes.
      Class space:        1.00 GB reserved,       1.25 MB ( <1%) committed,  1 nodes.
             Both:        1.06 GB reserved,       9.19 MB ( <1%) committed. 

Chunk freelists:
   Non-Class:  7.72 MB
       Class:  14.61 MB
        Both:  22.33 MB

MaxMetaspaceSize: unlimited
CompressedClassSpaceSize: 1.00 GB
Initial GC threshold: 21.00 MB
Current GC threshold: 21.00 MB
CDS: on
MetaspaceReclaimPolicy: balanced
 - commit_granule_bytes: 65536.
 - commit_granule_words: 8192.
 - virtual_space_node_default_size: 8388608.
 - enlarge_chunks_in_place: 1.
 - new_chunks_are_fully_committed: 0.
 - uncommit_free_chunks: 1.
 - use_allocation_guard: 0.
 - handle_deallocations: 1.


Internal statistics:

num_allocs_failed_limit: 0.
num_arena_births: 76.
num_arena_deaths: 0.
num_vsnodes_births: 2.
num_vsnodes_deaths: 0.
num_space_committed: 147.
num_space_uncommitted: 0.
num_chunks_returned_to_freelist: 0.
num_chunks_taken_from_freelist: 319.
num_chunk_merges: 0.
num_chunk_splits: 222.
num_chunks_enlarged: 183.
num_inconsistent_stats: 0.

CodeHeap 'non-profiled nmethods': size=120000Kb used=596Kb max_used=596Kb free=119403Kb
 bounds [0x00000296148f0000, 0x0000029614b60000, 0x000002961be20000]
CodeHeap 'profiled nmethods': size=120000Kb used=3441Kb max_used=3441Kb free=116558Kb
 bounds [0x000002960ce20000, 0x000002960d180000, 0x0000029614350000]
CodeHeap 'non-nmethods': size=5760Kb used=1170Kb max_used=1185Kb free=4589Kb
 bounds [0x0000029614350000, 0x00000296145c0000, 0x00000296148f0000]
 total_blobs=2248 nmethods=1780 adapters=381
 compilation: enabled
              stopped_count=0, restarted_count=0
 full_count=0

Compilation events (20 events):
Event: 133.719 Thread 0x000002961ed059a0 1759       4       java.nio.Buffer::position (52 bytes)
Event: 133.720 Thread 0x000002961ed059a0 nmethod 1759 0x0000029614984790 code [0x0000029614984900, 0x00000296149849d8]
Event: 133.743 Thread 0x000002961ed059a0 1760       4       java.lang.StringCoding::implEncodeAsciiArray (47 bytes)
Event: 133.857 Thread 0x000002961ed16a70 1763       3       org.gradle.internal.serialize.AbstractCollectionSerializer::read (47 bytes)
Event: 133.858 Thread 0x000002961ed16a70 nmethod 1763 0x000002960d173290 code [0x000002960d173480, 0x000002960d173998]
Event: 133.858 Thread 0x000002961ed16a70 1762       3       org.gradle.internal.serialize.AbstractCollectionSerializer::read (6 bytes)
Event: 133.858 Thread 0x000002961ed16a70 nmethod 1762 0x000002960d173b90 code [0x000002960d173d20, 0x000002960d173ee8]
Event: 133.858 Thread 0x000002961ed16a70 1764   !   3       org.gradle.internal.serialize.kryo.KryoBackedDecoder::readInt (15 bytes)
Event: 133.859 Thread 0x000002961ed16a70 nmethod 1764 0x000002960d173f90 code [0x000002960d1741a0, 0x000002960d174788]
Event: 133.859 Thread 0x000002961ed16a70 1765       3       com.esotericsoftware.kryo.io.Input::readInt (70 bytes)
Event: 133.859 Thread 0x000002961ed16a70 nmethod 1765 0x000002960d174a10 code [0x000002960d174bc0, 0x000002960d174de8]
Event: 133.859 Thread 0x000002961ed16a70 1766       3       org.gradle.internal.serialize.ListSerializer::createCollection (6 bytes)
Event: 133.859 Thread 0x000002961ed059a0 nmethod 1760 0x0000029614984a90 code [0x0000029614984c00, 0x0000029614984ff8]
Event: 133.859 Thread 0x000002961ed059a0 1761       4       org.gradle.internal.logging.text.AbstractLineChoppingStyledTextOutput::doAppend (43 bytes)
Event: 133.860 Thread 0x000002961ed16a70 nmethod 1766 0x000002960d174f10 code [0x000002960d1750e0, 0x000002960d175438]
Event: 133.860 Thread 0x000002961ed16a70 1767       3       org.gradle.internal.serialize.ListSerializer::createCollection (13 bytes)
Event: 133.860 Thread 0x000002961ed16a70 nmethod 1767 0x000002960d175590 code [0x000002960d175760, 0x000002960d175a78]
Event: 133.890 Thread 0x000002961ed16a70 1768       3       org.gradle.internal.logging.console.DefaultAnsiExecutor::newLineWritten (51 bytes)
Event: 133.891 Thread 0x000002961ed16a70 nmethod 1768 0x000002960d175b90 code [0x000002960d175d40, 0x000002960d175f58]
Event: 133.934 Thread 0x000002961ed16a70 1770       3       org.gradle.internal.logging.sink.GroupingProgressLogEventGenerator$OperationGroup::bufferOutput (65 bytes)

GC Heap History (2 events):
Event: 1.804 GC heap before
{Heap before GC invocations=0 (full 0):
 garbage-first heap   total 65536K, used 26624K [0x00000000fc000000, 0x0000000100000000)
  region size 1024K, 23 young (23552K), 0 survivors (0K)
 Metaspace       used 3783K, committed 3904K, reserved 1114112K
  class space    used 463K, committed 512K, reserved 1048576K
}
Event: 1.819 GC heap after
{Heap after GC invocations=1 (full 0):
 garbage-first heap   total 65536K, used 10724K [0x00000000fc000000, 0x0000000100000000)
  region size 1024K, 3 young (3072K), 3 survivors (3072K)
 Metaspace       used 3783K, committed 3904K, reserved 1114112K
  class space    used 463K, committed 512K, reserved 1048576K
}

Dll operation events (13 events):
Event: 0.032 Loaded shared library C:\Users\Blaziod\jdk-17\bin\java.dll
Event: 0.090 Loaded shared library C:\Users\Blaziod\jdk-17\bin\jsvml.dll
Event: 0.173 Loaded shared library C:\Users\Blaziod\jdk-17\bin\net.dll
Event: 0.177 Loaded shared library C:\Users\Blaziod\jdk-17\bin\nio.dll
Event: 0.183 Loaded shared library C:\Users\Blaziod\jdk-17\bin\zip.dll
Event: 0.942 Loaded shared library C:\Users\Blaziod\jdk-17\bin\jimage.dll
Event: 1.148 Loaded shared library C:\Users\Blaziod\jdk-17\bin\verify.dll
Event: 1.897 Loaded shared library C:\Users\Blaziod\.gradle\native\68d5fa5c4cc2d200863cafc0d521ce42e7d3e7ee720ec0a83991735586a16f82\windows-amd64\native-platform.dll
Event: 1.952 Loaded shared library C:\Users\Blaziod\.gradle\native\jansi\1.18\windows64\jansi.dll
Event: 2.211 Loaded shared library C:\Users\Blaziod\jdk-17\bin\management.dll
Event: 2.217 Loaded shared library C:\Users\Blaziod\jdk-17\bin\management_ext.dll
Event: 2.634 Loaded shared library C:\Users\Blaziod\jdk-17\bin\extnet.dll
Event: 2.738 Loaded shared library C:\Users\Blaziod\jdk-17\bin\sunmscapi.dll

Deoptimization events (20 events):
Event: 2.172 Thread 0x00000296052ee220 Uncommon trap: trap_request=0xffffff45 fr.pc=0x000002961492d604 relative=0x00000000000005c4
Event: 2.172 Thread 0x00000296052ee220 Uncommon trap: reason=unstable_if action=reinterpret pc=0x000002961492d604 method=java.util.HashMap.hash(Ljava/lang/Object;)I @ 1 c2
Event: 2.172 Thread 0x00000296052ee220 DEOPT PACKING pc=0x000002961492d604 sp=0x000000cf2a8fc790
Event: 2.172 Thread 0x00000296052ee220 DEOPT UNPACKING pc=0x00000296143a69a3 sp=0x000000cf2a8fc6a8 mode 2
Event: 2.229 Thread 0x00000296052ee220 Uncommon trap: trap_request=0xffffff45 fr.pc=0x00000296149246d0 relative=0x0000000000001030
Event: 2.229 Thread 0x00000296052ee220 Uncommon trap: reason=unstable_if action=reinterpret pc=0x00000296149246d0 method=java.util.HashMap.putVal(ILjava/lang/Object;Ljava/lang/Object;ZZ)Ljava/lang/Object; @ 236 c2
Event: 2.229 Thread 0x00000296052ee220 DEOPT PACKING pc=0x00000296149246d0 sp=0x000000cf2a8fbb30
Event: 2.229 Thread 0x00000296052ee220 DEOPT UNPACKING pc=0x00000296143a69a3 sp=0x000000cf2a8fbaf8 mode 2
Event: 2.278 Thread 0x00000296052ee220 DEOPT PACKING pc=0x000002960cf1c138 sp=0x000000cf2a8f78e0
Event: 2.278 Thread 0x00000296052ee220 DEOPT UNPACKING pc=0x00000296143a7143 sp=0x000000cf2a8f6df8 mode 0
Event: 2.282 Thread 0x00000296052ee220 DEOPT PACKING pc=0x000002960cec2865 sp=0x000000cf2a8f99c0
Event: 2.282 Thread 0x00000296052ee220 DEOPT UNPACKING pc=0x00000296143a7143 sp=0x000000cf2a8f8e10 mode 0
Event: 2.670 Thread 0x00000296052ee220 Uncommon trap: trap_request=0xffffff45 fr.pc=0x00000296149290d8 relative=0x0000000000000618
Event: 2.670 Thread 0x00000296052ee220 Uncommon trap: reason=unstable_if action=reinterpret pc=0x00000296149290d8 method=java.lang.AbstractStringBuilder.append(Ljava/lang/String;)Ljava/lang/AbstractStringBuilder; @ 1 c2
Event: 2.670 Thread 0x00000296052ee220 DEOPT PACKING pc=0x00000296149290d8 sp=0x000000cf2a8fc390
Event: 2.670 Thread 0x00000296052ee220 DEOPT UNPACKING pc=0x00000296143a69a3 sp=0x000000cf2a8fc310 mode 2
Event: 2.670 Thread 0x00000296052ee220 Uncommon trap: trap_request=0xffffff45 fr.pc=0x0000029614926468 relative=0x0000000000000628
Event: 2.670 Thread 0x00000296052ee220 Uncommon trap: reason=unstable_if action=reinterpret pc=0x0000029614926468 method=java.lang.AbstractStringBuilder.append(Ljava/lang/String;)Ljava/lang/AbstractStringBuilder; @ 1 c2
Event: 2.670 Thread 0x00000296052ee220 DEOPT PACKING pc=0x0000029614926468 sp=0x000000cf2a8fc330
Event: 2.670 Thread 0x00000296052ee220 DEOPT UNPACKING pc=0x00000296143a69a3 sp=0x000000cf2a8fc318 mode 2

Classes unloaded (0 events):
No events

Classes redefined (0 events):
No events

Internal exceptions (18 events):
Event: 0.461 Thread 0x00000296052ee220 Exception <a 'java/lang/NoSuchMethodError'{0x00000000ffc6dfe0}: 'int java.lang.invoke.DirectMethodHandle$Holder.invokeStaticInit(java.lang.Object, java.lang.Object)'> (0x00000000ffc6dfe0) 
thrown [s\src\hotspot\share\interpreter\linkResolver.cpp, line 759]
Event: 1.706 Thread 0x00000296052ee220 Exception <a 'java/lang/NoSuchMethodError'{0x00000000fe937e30}: 'void java.lang.invoke.DirectMethodHandle$Holder.invokeStatic(java.lang.Object, java.lang.Object)'> (0x00000000fe937e30) 
thrown [s\src\hotspot\share\interpreter\linkResolver.cpp, line 759]
Event: 1.776 Thread 0x00000296052ee220 Exception <a 'java/lang/NoClassDefFoundError'{0x00000000fe9bf920}: org/slf4j/impl/StaticMarkerBinder> (0x00000000fe9bf920) 
thrown [s\src\hotspot\share\classfile\systemDictionary.cpp, line 245]
Event: 1.842 Thread 0x00000296052ee220 Exception <a 'java/lang/NoSuchMethodError'{0x00000000fff690a0}: 'java.lang.Object java.lang.invoke.DirectMethodHandle$Holder.invokeVirtual(java.lang.Object, java.lang.Object, java.lang.Object, java.lang.Object, java.lang.Object, java.lang.Object, java.lang.Object)'> (0x00000000fff690a0) 
thrown [s\src\hotspot\share\interpreter\linkResolver.cpp, line 759]
Event: 1.847 Thread 0x00000296052ee220 Exception <a 'java/lang/NoSuchMethodError'{0x00000000fffb2df8}: 'java.lang.Object java.lang.invoke.Invokers$Holder.invoker(java.lang.Object, java.lang.Object, java.lang.Object)'> (0x00000000fffb2df8) 
thrown [s\src\hotspot\share\interpreter\linkResolver.cpp, line 759]
Event: 1.849 Thread 0x00000296052ee220 Exception <a 'java/lang/NoSuchMethodError'{0x00000000fffbbec8}: 'java.lang.Object java.lang.invoke.DirectMethodHandle$Holder.invokeStatic(java.lang.Object, java.lang.Object, int)'> (0x00000000fffbbec8) 
thrown [s\src\hotspot\share\interpreter\linkResolver.cpp, line 759]
Event: 1.852 Thread 0x00000296052ee220 Exception <a 'java/lang/NoSuchMethodError'{0x00000000fffc7bb8}: 'void java.lang.invoke.DelegatingMethodHandle$Holder.delegate(java.lang.Object, java.lang.Object, int, java.lang.Object)'> (0x00000000fffc7bb8) 
thrown [s\src\hotspot\share\interpreter\linkResolver.cpp, line 759]
Event: 1.853 Thread 0x00000296052ee220 Exception <a 'java/lang/NoSuchMethodError'{0x00000000fffcbd00}: 'int java.lang.invoke.DirectMethodHandle$Holder.invokeSpecial(java.lang.Object, java.lang.Object, java.lang.Object)'> (0x00000000fffcbd00) 
thrown [s\src\hotspot\share\interpreter\linkResolver.cpp, line 759]
Event: 1.860 Thread 0x00000296052ee220 Exception <a 'java/lang/NoSuchMethodError'{0x00000000fffdee48}: 'java.lang.Object java.lang.invoke.Invokers$Holder.invokeExact_MT(java.lang.Object, java.lang.Object, java.lang.Object, java.lang.Object)'> (0x00000000fffdee48) 
thrown [s\src\hotspot\share\interpreter\linkResolver.cpp, line 759]
Event: 2.157 Thread 0x00000296052ee220 Exception <a 'java/lang/NoSuchMethodError'{0x00000000ff86b7f0}: 'void java.lang.invoke.DirectMethodHandle$Holder.invokeSpecial(java.lang.Object, java.lang.Object, java.lang.Object)'> (0x00000000ff86b7f0) 
thrown [s\src\hotspot\share\interpreter\linkResolver.cpp, line 759]
Event: 2.172 Thread 0x00000296052ee220 Implicit null exception at 0x0000029614947a0f to 0x0000029614947f60
Event: 2.172 Thread 0x00000296052ee220 Implicit null exception at 0x000002961492d08c to 0x000002961492d5e4
Event: 2.208 Thread 0x00000296052ee220 Exception <a 'java/lang/NoSuchMethodError'{0x00000000ff7b2c80}: 'java.lang.Object java.lang.invoke.DirectMethodHandle$Holder.invokeStaticInit(java.lang.Object)'> (0x00000000ff7b2c80) 
thrown [s\src\hotspot\share\interpreter\linkResolver.cpp, line 759]
Event: 2.376 Thread 0x00000296052ee220 Exception <a 'java/lang/NoSuchMethodError'{0x00000000ff36ab68}: 'java.lang.Object java.lang.invoke.DirectMethodHandle$Holder.invokeStaticInit(java.lang.Object, int, int, int, int)'> (0x00000000ff36ab68) 
thrown [s\src\hotspot\share\interpreter\linkResolver.cpp, line 759]
Event: 2.485 Thread 0x00000296052ee220 Exception <a 'java/lang/NoSuchMethodError'{0x00000000ff3d15f0}: 'java.lang.Object java.lang.invoke.DirectMethodHandle$Holder.invokeStaticInit(java.lang.Object, java.lang.Object, int, int, int, int)'> (0x00000000ff3d15f0) 
thrown [s\src\hotspot\share\interpreter\linkResolver.cpp, line 759]
Event: 2.638 Thread 0x00000296052ee220 Exception <a 'java/lang/NoSuchMethodError'{0x00000000ff3feed0}: 'void java.lang.invoke.DirectMethodHandle$Holder.invokeStatic(java.lang.Object, java.lang.Object, java.lang.Object)'> (0x00000000ff3feed0) 
thrown [s\src\hotspot\share\interpreter\linkResolver.cpp, line 759]
Event: 2.670 Thread 0x00000296052ee220 Implicit null exception at 0x0000029614928af2 to 0x00000296149290c0
Event: 2.670 Thread 0x00000296052ee220 Implicit null exception at 0x0000029614925e72 to 0x0000029614926450

VM Operations (20 events):
Event: 102.652 Executing VM operation: Cleanup
Event: 102.652 Executing VM operation: Cleanup done
Event: 107.706 Executing VM operation: Cleanup
Event: 107.706 Executing VM operation: Cleanup done
Event: 116.763 Executing VM operation: Cleanup
Event: 116.763 Executing VM operation: Cleanup done
Event: 120.422 Executing VM operation: HandshakeAllThreads
Event: 120.422 Executing VM operation: HandshakeAllThreads done
Event: 122.436 Executing VM operation: Cleanup
Event: 122.436 Executing VM operation: Cleanup done
Event: 129.496 Executing VM operation: Cleanup
Event: 129.496 Executing VM operation: Cleanup done
Event: 130.505 Executing VM operation: Cleanup
Event: 130.505 Executing VM operation: Cleanup done
Event: 131.510 Executing VM operation: Cleanup
Event: 131.510 Executing VM operation: Cleanup done
Event: 132.524 Executing VM operation: Cleanup
Event: 132.524 Executing VM operation: Cleanup done
Event: 133.525 Executing VM operation: Cleanup
Event: 133.525 Executing VM operation: Cleanup done

Events (20 events):
Event: 29.419 loading class jdk/internal/reflect/ByteVector done
Event: 29.419 loading class jdk/internal/reflect/ByteVectorImpl done
Event: 29.419 loading class jdk/internal/reflect/ClassFileAssembler
Event: 29.420 loading class jdk/internal/reflect/ClassFileAssembler done
Event: 29.420 loading class jdk/internal/reflect/UTF8
Event: 29.421 loading class jdk/internal/reflect/UTF8 done
Event: 29.425 loading class jdk/internal/reflect/Label
Event: 29.426 loading class jdk/internal/reflect/Label done
Event: 29.426 loading class jdk/internal/reflect/Label$PatchInfo
Event: 29.426 loading class jdk/internal/reflect/Label$PatchInfo done
Event: 29.427 loading class jdk/internal/reflect/MethodAccessorGenerator$1
Event: 29.427 loading class jdk/internal/reflect/MethodAccessorGenerator$1 done
Event: 29.427 loading class jdk/internal/reflect/ClassDefiner
Event: 29.427 loading class jdk/internal/reflect/ClassDefiner done
Event: 29.428 loading class jdk/internal/reflect/ClassDefiner$1
Event: 29.428 loading class jdk/internal/reflect/ClassDefiner$1 done
Event: 32.831 loading class java/util/ArrayList$ListItr
Event: 32.833 loading class java/util/ArrayList$ListItr done
Event: 66.556 loading class jdk/internal/misc/ScopedMemoryAccess$Scope
Event: 66.559 loading class jdk/internal/misc/ScopedMemoryAccess$Scope done


Dynamic libraries:
0x00007ff603910000 - 0x00007ff60391e000 	C:\Users\Blaziod\jdk-17\bin\java.exe
0x00007ffcafcd0000 - 0x00007ffcafec8000 	C:\WINDOWS\SYSTEM32\ntdll.dll
0x00007ffcaf820000 - 0x00007ffcaf8dd000 	C:\WINDOWS\System32\KERNEL32.DLL
0x00007ffcad500000 - 0x00007ffcad7f6000 	C:\WINDOWS\System32\KERNELBASE.dll
0x00007ffcada20000 - 0x00007ffcadb20000 	C:\WINDOWS\System32\ucrtbase.dll
0x00007ffc95bb0000 - 0x00007ffc95bc7000 	C:\Users\Blaziod\jdk-17\bin\jli.dll
0x00007ffc925e0000 - 0x00007ffc925fb000 	C:\Users\Blaziod\jdk-17\bin\VCRUNTIME140.dll
0x00007ffcaf8e0000 - 0x00007ffcafa7e000 	C:\WINDOWS\System32\USER32.dll
0x00007ffcad9f0000 - 0x00007ffcada12000 	C:\WINDOWS\System32\win32u.dll
0x00007ffcaec80000 - 0x00007ffcaecab000 	C:\WINDOWS\System32\GDI32.dll
0x00007ffcad800000 - 0x00007ffcad917000 	C:\WINDOWS\System32\gdi32full.dll
0x00007ffcad950000 - 0x00007ffcad9ed000 	C:\WINDOWS\System32\msvcp_win.dll
0x00007ffc98390000 - 0x00007ffc9862a000 	C:\WINDOWS\WinSxS\amd64_microsoft.windows.common-controls_6595b64144ccf1df_6.0.19041.3636_none_60b6a03d71f818d5\COMCTL32.dll
0x00007ffcaefd0000 - 0x00007ffcaf06e000 	C:\WINDOWS\System32\msvcrt.dll
0x00007ffcaf730000 - 0x00007ffcaf762000 	C:\WINDOWS\System32\IMM32.DLL
0x00007ffc9e5f0000 - 0x00007ffc9e5fc000 	C:\Users\Blaziod\jdk-17\bin\vcruntime140_1.dll
0x00007ffc7b3c0000 - 0x00007ffc7b44d000 	C:\Users\Blaziod\jdk-17\bin\msvcp140.dll
0x00007ffc30070000 - 0x00007ffc30cd2000 	C:\Users\Blaziod\jdk-17\bin\server\jvm.dll
0x00007ffcaf2f0000 - 0x00007ffcaf3a3000 	C:\WINDOWS\System32\ADVAPI32.dll
0x00007ffcaed50000 - 0x00007ffcaedef000 	C:\WINDOWS\System32\sechost.dll
0x00007ffcaedf0000 - 0x00007ffcaef16000 	C:\WINDOWS\System32\RPCRT4.dll
0x00007ffcad920000 - 0x00007ffcad947000 	C:\WINDOWS\System32\bcrypt.dll
0x00007ffca64e0000 - 0x00007ffca64ea000 	C:\WINDOWS\SYSTEM32\VERSION.dll
0x00007ffca35a0000 - 0x00007ffca35c7000 	C:\WINDOWS\SYSTEM32\WINMM.dll
0x00007ffca5ab0000 - 0x00007ffca5ab9000 	C:\WINDOWS\SYSTEM32\WSOCK32.dll
0x00007ffcad1f0000 - 0x00007ffcad23b000 	C:\WINDOWS\SYSTEM32\POWRPROF.dll
0x00007ffcaece0000 - 0x00007ffcaed4b000 	C:\WINDOWS\System32\WS2_32.dll
0x00007ffcad1d0000 - 0x00007ffcad1e2000 	C:\WINDOWS\SYSTEM32\UMPDC.dll
0x00007ffcab240000 - 0x00007ffcab252000 	C:\WINDOWS\SYSTEM32\kernel.appcore.dll
0x00007ffc9e510000 - 0x00007ffc9e51a000 	C:\Users\Blaziod\jdk-17\bin\jimage.dll
0x00007ffca4d20000 - 0x00007ffca4f04000 	C:\WINDOWS\SYSTEM32\DBGHELP.DLL
0x00007ffc9ba20000 - 0x00007ffc9ba54000 	C:\WINDOWS\SYSTEM32\dbgcore.DLL
0x00007ffcadb20000 - 0x00007ffcadba2000 	C:\WINDOWS\System32\bcryptPrimitives.dll
0x00007ffc8f070000 - 0x00007ffc8f095000 	C:\Users\Blaziod\jdk-17\bin\java.dll
0x00007ffc7b2e0000 - 0x00007ffc7b3b7000 	C:\Users\Blaziod\jdk-17\bin\jsvml.dll
0x00007ffcaddf0000 - 0x00007ffcae535000 	C:\WINDOWS\System32\SHELL32.dll
0x00007ffcab440000 - 0x00007ffcabbdc000 	C:\WINDOWS\SYSTEM32\windows.storage.dll
0x00007ffcaf3b0000 - 0x00007ffcaf704000 	C:\WINDOWS\System32\combase.dll
0x00007ffcacd50000 - 0x00007ffcacd7e000 	C:\WINDOWS\SYSTEM32\Wldp.dll
0x00007ffcaf220000 - 0x00007ffcaf2ed000 	C:\WINDOWS\System32\OLEAUT32.dll
0x00007ffcaf770000 - 0x00007ffcaf81d000 	C:\WINDOWS\System32\SHCORE.dll
0x00007ffcafc30000 - 0x00007ffcafc85000 	C:\WINDOWS\System32\shlwapi.dll
0x00007ffcad2c0000 - 0x00007ffcad2e5000 	C:\WINDOWS\SYSTEM32\profapi.dll
0x00007ffc90f50000 - 0x00007ffc90f69000 	C:\Users\Blaziod\jdk-17\bin\net.dll
0x00007ffca13a0000 - 0x00007ffca14aa000 	C:\WINDOWS\SYSTEM32\WINHTTP.dll
0x00007ffcaca50000 - 0x00007ffcacaba000 	C:\WINDOWS\system32\mswsock.dll
0x00007ffc90380000 - 0x00007ffc90396000 	C:\Users\Blaziod\jdk-17\bin\nio.dll
0x00007ffc8def0000 - 0x00007ffc8df08000 	C:\Users\Blaziod\jdk-17\bin\zip.dll
0x00007ffc9df30000 - 0x00007ffc9df40000 	C:\Users\Blaziod\jdk-17\bin\verify.dll
0x00007ffca11d0000 - 0x00007ffca11f7000 	C:\Users\Blaziod\.gradle\native\68d5fa5c4cc2d200863cafc0d521ce42e7d3e7ee720ec0a83991735586a16f82\windows-amd64\native-platform.dll
0x00007ffc9eef0000 - 0x00007ffc9eefa000 	C:\Users\Blaziod\.gradle\native\jansi\1.18\windows64\jansi.dll
0x00007ffc96540000 - 0x00007ffc96549000 	C:\Users\Blaziod\jdk-17\bin\management.dll
0x00007ffc96370000 - 0x00007ffc9637b000 	C:\Users\Blaziod\jdk-17\bin\management_ext.dll
0x00007ffcaf720000 - 0x00007ffcaf728000 	C:\WINDOWS\System32\PSAPI.DLL
0x00007ffcacc40000 - 0x00007ffcacc58000 	C:\WINDOWS\SYSTEM32\CRYPTSP.dll
0x00007ffcac380000 - 0x00007ffcac3b4000 	C:\WINDOWS\system32\rsaenh.dll
0x00007ffcad240000 - 0x00007ffcad26e000 	C:\WINDOWS\SYSTEM32\USERENV.dll
0x00007ffcacc60000 - 0x00007ffcacc6c000 	C:\WINDOWS\SYSTEM32\CRYPTBASE.dll
0x00007ffcac740000 - 0x00007ffcac77b000 	C:\WINDOWS\SYSTEM32\IPHLPAPI.DLL
0x00007ffcaf710000 - 0x00007ffcaf718000 	C:\WINDOWS\System32\NSI.dll
0x00007ffca4b70000 - 0x00007ffca4b87000 	C:\WINDOWS\SYSTEM32\dhcpcsvc6.DLL
0x00007ffca64f0000 - 0x00007ffca650d000 	C:\WINDOWS\SYSTEM32\dhcpcsvc.DLL
0x00007ffcac780000 - 0x00007ffcac84b000 	C:\WINDOWS\SYSTEM32\DNSAPI.dll
0x00007ffc95ba0000 - 0x00007ffc95ba9000 	C:\Users\Blaziod\jdk-17\bin\extnet.dll
0x00007ffc9e8c0000 - 0x00007ffc9e8ce000 	C:\Users\Blaziod\jdk-17\bin\sunmscapi.dll
0x00007ffcadbb0000 - 0x00007ffcadd0d000 	C:\WINDOWS\System32\CRYPT32.dll
0x00007ffcacdc0000 - 0x00007ffcacde8000 	C:\WINDOWS\SYSTEM32\ncrypt.dll
0x00007ffcacd80000 - 0x00007ffcacdbb000 	C:\WINDOWS\SYSTEM32\NTASN1.dll
0x00007ffc9e660000 - 0x00007ffc9e667000 	C:\WINDOWS\system32\wshunix.dll

dbghelp: loaded successfully - version: 4.0.5 - missing functions: none
symbol engine: initialized successfully - sym options: 0x614 - pdb path: .;C:\Users\Blaziod\jdk-17\bin;C:\WINDOWS\SYSTEM32;C:\WINDOWS\WinSxS\amd64_microsoft.windows.common-controls_6595b64144ccf1df_6.0.19041.3636_none_60b6a03d71f818d5;C:\Users\Blaziod\jdk-17\bin\server;C:\Users\Blaziod\.gradle\native\68d5fa5c4cc2d200863cafc0d521ce42e7d3e7ee720ec0a83991735586a16f82\windows-amd64;C:\Users\Blaziod\.gradle\native\jansi\1.18\windows64

VM Arguments:
jvm_args: -Xmx64m -Xms64m -Dorg.gradle.appname=gradlew 
java_command: org.gradle.wrapper.GradleWrapperMain assembleRelease
java_class_path (initial): C:\Users\Blaziod\Desktop\Trend3\android\\gradle\wrapper\gradle-wrapper.jar
Launcher Type: SUN_STANDARD

[Global flags]
     intx CICompilerCount                          = 4                                         {product} {ergonomic}
     uint ConcGCThreads                            = 2                                         {product} {ergonomic}
     uint G1ConcRefinementThreads                  = 8                                         {product} {ergonomic}
   size_t G1HeapRegionSize                         = 1048576                                   {product} {ergonomic}
    uintx GCDrainStackTargetSize                   = 64                                        {product} {ergonomic}
   size_t InitialHeapSize                          = 67108864                                  {product} {command line}
   size_t MarkStackSize                            = 4194304                                   {product} {ergonomic}
   size_t MaxHeapSize                              = 67108864                                  {product} {command line}
   size_t MaxNewSize                               = 39845888                                  {product} {ergonomic}
   size_t MinHeapDeltaBytes                        = 1048576                                   {product} {ergonomic}
   size_t MinHeapSize                              = 67108864                                  {product} {command line}
    uintx NonNMethodCodeHeapSize                   = 5839372                                {pd product} {ergonomic}
    uintx NonProfiledCodeHeapSize                  = 122909434                              {pd product} {ergonomic}
    uintx ProfiledCodeHeapSize                     = 122909434                              {pd product} {ergonomic}
    uintx ReservedCodeCacheSize                    = 251658240                              {pd product} {ergonomic}
     bool SegmentedCodeCache                       = true                                      {product} {ergonomic}
   size_t SoftMaxHeapSize                          = 67108864                               {manageable} {ergonomic}
     bool UseCompressedClassPointers               = true                           {product lp64_product} {ergonomic}
     bool UseCompressedOops                        = true                           {product lp64_product} {ergonomic}
     bool UseG1GC                                  = true                                      {product} {ergonomic}
     bool UseLargePagesIndividualAllocation        = false                                  {pd product} {ergonomic}

Logging:
Log output configuration:
 #0: stdout all=warning uptime,level,tags
 #1: stderr all=off uptime,level,tags

Environment Variables:
JAVA_HOME=C:\Users\Blaziod/jdk-17
CLASSPATH=C:\Users\Blaziod\Desktop\Trend3\android\\gradle\wrapper\gradle-wrapper.jar
PATH=C:\Users\Blaziod\AppData\Local\cloud-code\installer\google-cloud-sdk\bin;C:\Program Files\Common Files\Oracle\Java\javapath;C:\WINDOWS\system32;C:\WINDOWS;C:\WINDOWS\System32\Wbem;C:\WINDOWS\System32\WindowsPowerShell\v1.0\;C:\WINDOWS\System32\OpenSSH\;C:\Program Files\nodejs\;C:\Program Files\Git\cmd;C:\Program Files (x86)\Windows Kits\10\Windows Performance Toolkit\;C:\Users\Blaziod\AppData\Local\Android\Sdk\platform-tools;C:\php;C:\Users\Blaziod\AppData\Local\Android\Sdk\tools;C:\Program Files\Java\jdk-17\;C:\Users\Blaziod\AppData\Local\Programs\Python\Python36-32\Scripts\;C:\Users\Blaziod\AppData\Local\Programs\Python\Python36-32\;C:\Users\Blaziod\AppData\Local\Programs\Python\Python312\Scripts\;C:\Users\Blaziod\AppData\Local\Programs\Python\Python312\;C:\Users\Blaziod\AppData\Local\Programs\Python\Launcher\;C:\Users\Blaziod\AppData\Local\Microsoft\WindowsApps;C:\Users\Blaziod\AppData\Local\Programs\Microsoft VS Code\bin;C:\Users\Blaziod\AppData\Roaming\npm;C:\Users\Blaziod\AppData\Local\Android\Sdk\platform-tools;
USERNAME=Blaziod
LANG=en_US.UTF-8
OS=Windows_NT
PROCESSOR_IDENTIFIER=AMD64 Family 23 Model 24 Stepping 1, AuthenticAMD
TMP=C:\Users\Blaziod\AppData\Local\Temp
TEMP=C:\Users\Blaziod\AppData\Local\Temp



Periodic native trim disabled


---------------  S Y S T E M  ---------------

OS:
 Windows 10 , 64 bit Build 19041 (10.0.19041.3636)
OS uptime: 5 days 8:21 hours

CPU: total 8 (initial active 8) (8 cores per cpu, 2 threads per core) family 23 model 24 stepping 1 microcode 0x0, cx8, cmov, fxsr, ht, mmx, 3dnowpref, sse, sse2, sse3, ssse3, sse4a, sse4.1, sse4.2, popcnt, lzcnt, tsc, tscinvbit, avx, avx2, aes, clmul, bmi1, bmi2, adx, sha, fma, vzeroupper, clflush, clflushopt
Processor Information for all 8 processors :
  Max Mhz: 2300, Current Mhz: 2300, Mhz Limit: 2300

Memory: 4k page, system-wide physical 6020M (199M free)
TotalPageFile size 24452M (AvailPageFile size 0M)
current process WorkingSet (physical memory assigned to process): 24M, peak: 92M
current process commit charge ("private bytes"): 163M, peak: 165M

vm_info: OpenJDK 64-Bit Server VM (17.0.10+7) for windows-amd64 JRE (17.0.10+7), built on Jan 16 2024 23:25:11 by "admin" with MS VC++ 16.10 / 16.11 (VS2019)

END.
