#
# There is insufficient memory for the Java Runtime Environment to continue.
# Native memory allocation (mmap) failed to map 67108864 bytes for G1 virtual space
# Possible reasons:
#   The system is out of physical RAM or swap space
#   The process is running with CompressedOops enabled, and the Java Heap may be blocking the growth of the native heap
# Possible solutions:
#   Reduce memory load on the system
#   Increase physical memory or swap space
#   Check if swap backing store is full
#   Decrease Java heap size (-Xmx/-Xms)
#   Decrease number of Java threads
#   Decrease Java thread stack sizes (-Xss)
#   Set larger code cache with -XX:ReservedCodeCacheSize=
#   JVM is running with Unscaled Compressed Oops mode in which the Java heap is
#     placed in the first 4GB address space. The Java Heap base address is the
#     maximum limit for the native heap growth. Please use -XX:HeapBaseMinAddress
#     to set the Java Heap base and to place the Java Heap above 4GB virtual address.
# This output file may be truncated or incomplete.
#
#  Out of Memory Error (os_windows.cpp:3613), pid=17120, tid=2804
#
# JRE version:  (17.0.10+7) (build )
# Java VM: OpenJDK 64-Bit Server VM (17.0.10+7, mixed mode, sharing, tiered, compressed oops, compressed class ptrs, g1 gc, windows-amd64)
# No core dump will be written. Minidumps are not enabled by default on client versions of Windows
#

---------------  S U M M A R Y ------------

Command Line: -Xmx64m -Xms64m -Dorg.gradle.appname=gradlew org.gradle.wrapper.GradleWrapperMain app:installDebug -PreactNativeDevServerPort=8081

Host: AMD Ryzen 7 3700U with Radeon Vega Mobile Gfx  , 8 cores, 5G,  Windows 10 , 64 bit Build 19041 (10.0.19041.3636)
Time: Sun May 26 16:22:43 2024 W. Central Africa Standard Time elapsed time: 0.034913 seconds (0d 0h 0m 0s)

---------------  T H R E A D  ---------------

Current thread (0x0000024f2a17b820):  JavaThread "Unknown thread" [_thread_in_vm, id=2804, stack(0x000000fb47600000,0x000000fb47700000)]

Stack: [0x000000fb47600000,0x000000fb47700000]
Native frames: (J=compiled Java code, j=interpreted, Vv=VM code, C=native code)
V  [jvm.dll+0x67d2c9]
V  [jvm.dll+0x834afa]
V  [jvm.dll+0x8365be]
V  [jvm.dll+0x836c23]
V  [jvm.dll+0x2477ff]
V  [jvm.dll+0x67a109]
V  [jvm.dll+0x66eb7a]
V  [jvm.dll+0x30764b]
V  [jvm.dll+0x30eaf6]
V  [jvm.dll+0x35e83e]
V  [jvm.dll+0x35ea6f]
V  [jvm.dll+0x2de248]
V  [jvm.dll+0x2df1b4]
V  [jvm.dll+0x806361]
V  [jvm.dll+0x36c6f1]
V  [jvm.dll+0x7e4e06]
V  [jvm.dll+0x3eff3f]
V  [jvm.dll+0x3f1b71]
C  [jli.dll+0x528f]
C  [ucrtbase.dll+0x21bb2]
C  [KERNEL32.DLL+0x17344]
C  [ntdll.dll+0x526b1]


---------------  P R O C E S S  ---------------

Threads class SMR info:
_java_thread_list=0x00007ffac037ee98, length=0, elements={
}

Java Threads: ( => current thread )

Other Threads:
  0x0000024f2a19b080 GCTaskThread "GC Thread#0" [stack: 0x000000fb47700000,0x000000fb47800000] [id=17340]
  0x0000024f2a19f7f0 ConcurrentGCThread "G1 Main Marker" [stack: 0x000000fb47800000,0x000000fb47900000] [id=15580]
  0x0000024f2a1a09b0 ConcurrentGCThread "G1 Conc#0" [stack: 0x000000fb47900000,0x000000fb47a00000] [id=16636]

[error occurred during error reporting (printing all threads), id 0xc0000005, EXCEPTION_ACCESS_VIOLATION (0xc0000005) at pc=0x00007ffabfb3ec87]

VM state: not at safepoint (not fully initialized)

VM Mutex/Monitor currently owned by a thread:  ([mutex/lock_event])
[0x0000024f2a175e50] Heap_lock - owner thread: 0x0000024f2a17b820

Heap address: 0x00000000fc000000, size: 64 MB, Compressed Oops mode: 32-bit

CDS archive(s) mapped at: [0x0000000000000000-0x0000000000000000-0x0000000000000000), size 0, SharedBaseAddress: 0x0000000800000000, ArchiveRelocationMode: 1.
Narrow klass base: 0x0000000000000000, Narrow klass shift: 0, Narrow klass range: 0x0

GC Precious Log:
<Empty>

Heap:
 garbage-first heap   total 0K, used 0K [0x00000000fc000000, 0x0000000100000000)
  region size 1024K, 0 young (0K), 0 survivors (0K)

[error occurred during error reporting (printing heap information), id 0xc0000005, EXCEPTION_ACCESS_VIOLATION (0xc0000005) at pc=0x00007ffabff26fb9]

GC Heap History (0 events):
No events

Dll operation events (1 events):
Event: 0.018 Loaded shared library C:\Users\Blaziod\jdk-17\bin\java.dll

Deoptimization events (0 events):
No events

Classes unloaded (0 events):
No events

Classes redefined (0 events):
No events

Internal exceptions (0 events):
No events

VM Operations (0 events):
No events

Events (0 events):
No events


Dynamic libraries:
0x00007ff6a7ec0000 - 0x00007ff6a7ece000 	C:\Users\Blaziod\jdk-17\bin\java.exe
0x00007ffb078d0000 - 0x00007ffb07ac8000 	C:\WINDOWS\SYSTEM32\ntdll.dll
0x00007ffb05b90000 - 0x00007ffb05c4d000 	C:\WINDOWS\System32\KERNEL32.DLL
0x00007ffb05420000 - 0x00007ffb05716000 	C:\WINDOWS\System32\KERNELBASE.dll
0x00007ffb05220000 - 0x00007ffb05320000 	C:\WINDOWS\System32\ucrtbase.dll
0x00007ffade170000 - 0x00007ffade18b000 	C:\Users\Blaziod\jdk-17\bin\VCRUNTIME140.dll
0x00007ffade370000 - 0x00007ffade387000 	C:\Users\Blaziod\jdk-17\bin\jli.dll
0x00007ffb068c0000 - 0x00007ffb06a5f000 	C:\WINDOWS\System32\USER32.dll
0x00007ffb051f0000 - 0x00007ffb05212000 	C:\WINDOWS\System32\win32u.dll
0x00007ffb06400000 - 0x00007ffb0642b000 	C:\WINDOWS\System32\GDI32.dll
0x00007ffaef4b0000 - 0x00007ffaef74a000 	C:\WINDOWS\WinSxS\amd64_microsoft.windows.common-controls_6595b64144ccf1df_6.0.19041.3636_none_60b6a03d71f818d5\COMCTL32.dll
0x00007ffb057e0000 - 0x00007ffb058f7000 	C:\WINDOWS\System32\gdi32full.dll
0x00007ffb06a60000 - 0x00007ffb06afe000 	C:\WINDOWS\System32\msvcrt.dll
0x00007ffb05150000 - 0x00007ffb051ed000 	C:\WINDOWS\System32\msvcp_win.dll
0x00007ffb063c0000 - 0x00007ffb063f2000 	C:\WINDOWS\System32\IMM32.DLL
0x00007ffade010000 - 0x00007ffade01c000 	C:\Users\Blaziod\jdk-17\bin\vcruntime140_1.dll
0x00007ffad39a0000 - 0x00007ffad3a2d000 	C:\Users\Blaziod\jdk-17\bin\msvcp140.dll
0x00007ffabf850000 - 0x00007ffac04b2000 	C:\Users\Blaziod\jdk-17\bin\server\jvm.dll
0x00007ffb06cb0000 - 0x00007ffb06d60000 	C:\WINDOWS\System32\ADVAPI32.dll
0x00007ffb05ae0000 - 0x00007ffb05b80000 	C:\WINDOWS\System32\sechost.dll
0x00007ffb06d60000 - 0x00007ffb06e83000 	C:\WINDOWS\System32\RPCRT4.dll
0x00007ffb05720000 - 0x00007ffb05747000 	C:\WINDOWS\System32\bcrypt.dll
0x00007ffb04de0000 - 0x00007ffb04e2b000 	C:\WINDOWS\SYSTEM32\POWRPROF.dll
0x00007ffafc8a0000 - 0x00007ffafc8c7000 	C:\WINDOWS\SYSTEM32\WINMM.dll
0x00007ffafcba0000 - 0x00007ffafcbaa000 	C:\WINDOWS\SYSTEM32\VERSION.dll
0x00007ffaf1fc0000 - 0x00007ffaf1fc9000 	C:\WINDOWS\SYSTEM32\WSOCK32.dll
0x00007ffb06490000 - 0x00007ffb064fb000 	C:\WINDOWS\System32\WS2_32.dll
0x00007ffb04dc0000 - 0x00007ffb04dd2000 	C:\WINDOWS\SYSTEM32\UMPDC.dll
0x00007ffb02e10000 - 0x00007ffb02e22000 	C:\WINDOWS\SYSTEM32\kernel.appcore.dll
0x00007ffadc3b0000 - 0x00007ffadc3ba000 	C:\Users\Blaziod\jdk-17\bin\jimage.dll
0x00007ffafb100000 - 0x00007ffafb2e4000 	C:\WINDOWS\SYSTEM32\DBGHELP.DLL
0x00007ffaf3bd0000 - 0x00007ffaf3c04000 	C:\WINDOWS\SYSTEM32\dbgcore.DLL
0x00007ffb05750000 - 0x00007ffb057d2000 	C:\WINDOWS\System32\bcryptPrimitives.dll
0x00007ffad5d80000 - 0x00007ffad5da5000 	C:\Users\Blaziod\jdk-17\bin\java.dll

dbghelp: loaded successfully - version: 4.0.5 - missing functions: none
symbol engine: initialized successfully - sym options: 0x614 - pdb path: .;C:\Users\Blaziod\jdk-17\bin;C:\WINDOWS\SYSTEM32;C:\WINDOWS\WinSxS\amd64_microsoft.windows.common-controls_6595b64144ccf1df_6.0.19041.3636_none_60b6a03d71f818d5;C:\Users\Blaziod\jdk-17\bin\server

VM Arguments:
jvm_args: -Xmx64m -Xms64m -Dorg.gradle.appname=gradlew 
java_command: org.gradle.wrapper.GradleWrapperMain app:installDebug -PreactNativeDevServerPort=8081
java_class_path (initial): C:\Users\Blaziod\Desktop\Trend3\android\\gradle\wrapper\gradle-wrapper.jar
Launcher Type: SUN_STANDARD

[Global flags]
     intx CICompilerCount                          = 4                                         {product} {ergonomic}
     uint ConcGCThreads                            = 2                                         {product} {ergonomic}
     uint G1ConcRefinementThreads                  = 8                                         {product} {ergonomic}
   size_t G1HeapRegionSize                         = 1048576                                   {product} {ergonomic}
    uintx GCDrainStackTargetSize                   = 64                                        {product} {ergonomic}
   size_t InitialHeapSize                          = 67108864                                  {product} {command line}
   size_t MarkStackSize                            = 4194304                                   {product} {ergonomic}
   size_t MaxHeapSize                              = 67108864                                  {product} {command line}
   size_t MinHeapDeltaBytes                        = 1048576                                   {product} {ergonomic}
   size_t MinHeapSize                              = 67108864                                  {product} {command line}
    uintx NonNMethodCodeHeapSize                   = 5839372                                {pd product} {ergonomic}
    uintx NonProfiledCodeHeapSize                  = 122909434                              {pd product} {ergonomic}
    uintx ProfiledCodeHeapSize                     = 122909434                              {pd product} {ergonomic}
    uintx ReservedCodeCacheSize                    = 251658240                              {pd product} {ergonomic}
     bool SegmentedCodeCache                       = true                                      {product} {ergonomic}
   size_t SoftMaxHeapSize                          = 67108864                               {manageable} {ergonomic}
     bool UseCompressedClassPointers               = true                           {product lp64_product} {ergonomic}
     bool UseCompressedOops                        = true                           {product lp64_product} {ergonomic}
     bool UseG1GC                                  = true                                      {product} {ergonomic}
     bool UseLargePagesIndividualAllocation        = false                                  {pd product} {ergonomic}

Logging:
Log output configuration:
 #0: stdout all=warning uptime,level,tags
 #1: stderr all=off uptime,level,tags

Environment Variables:
JAVA_HOME=C:\Users\Blaziod/jdk-17
CLASSPATH=C:\Users\Blaziod\Desktop\Trend3\android\\gradle\wrapper\gradle-wrapper.jar
PATH=C:\Users\Blaziod\Desktop\Trend3\node_modules\.bin;C:\Users\Blaziod\Desktop\Trend3\node_modules\.bin;C:\Users\Blaziod\Desktop\node_modules\.bin;C:\Users\Blaziod\node_modules\.bin;C:\Users\node_modules\.bin;C:\node_modules\.bin;C:\Users\Blaziod\AppData\Roaming\npm\node_modules\npm\node_modules\@npmcli\run-script\lib\node-gyp-bin;C:\Users\Blaziod\AppData\Local\Temp\yarn--1716724112601-0.030576813183812224;C:\users\blaziod\desktop\trend3\node_modules\.bin;C:\Users\Blaziod\AppData\Local\Yarn\Data\link\node_modules\.bin;C:\Users\Blaziod\AppData\Local\Yarn\bin;C:\Program Files\libexec\lib\node_modules\npm\bin\node-gyp-bin;C:\Program Files\lib\node_modules\npm\bin\node-gyp-bin;C:\Program Files\nodejs\node_modules\npm\bin\node-gyp-bin;C:\Users\Blaziod\bin;C:\Program Files\Git\mingw64\bin;C:\Program Files\Git\usr\local\bin;C:\Program Files\Git\usr\bin;C:\Program Files\Git\usr\bin;C:\Program Files\Git\mingw64\bin;C:\Program Files\Git\usr\bin;C:\Users\Blaziod\bin;C:\Program Files\Common Files\Oracle\Java\javapath;C:\WINDOWS\system32;C:\WINDOWS;C:\WINDOWS\System32\Wbem;C:\WINDOWS\System32\WindowsPowerShell\v1.0;C:\WINDOWS\System32\OpenSSH;C:\Program Files\nodejs;C:\Program Files\Git\cmd;C:\Program Files (x86)\Windows Kits\10\Windows Performance Toolkit;C:\Users\Blaziod\AppData\Local\Android\Sdk\platform-tools;C:\php;C:\Users\Blaziod\jdk-17\bin;C:\Users\Blaziod\AppData\Local\Android\Sdk\tools;C:\Program Files\Java\jdk-17;C:\Users\Blaziod\AppData\Local\Programs\Python\Python36-32\Scripts;C:\Users\Blaziod\AppData\Local\Programs\Python\Python36-32;C:\Users\Blaziod\AppData\Local\Programs\Python\Python312\Scripts;C:\Users\Blaziod\AppData\Local\Programs\Python\Python312;C:\Users\Blaziod\AppData\Local\Programs\Python\Launcher;C:\Users\Blaziod\AppData\Local\Microsoft\WindowsApps;C:\Users\Blaziod\AppData\Local\Programs\Microsoft VS Code\bin;C:\Users\Blaziod\AppData\Roaming\npm;C:\Users\Blaziod\AppData\Local\Android\Sdk\platform-tools;C:\Program Files\Git\usr\bin\vendor_perl;C:\Program F
USERNAME=Blaziod
SHELL=C:\Program Files\Git\usr\bin\bash.exe
DISPLAY=needs-to-be-defined
LC_CTYPE=en_US.UTF-8
TERM=xterm
TMPDIR=C:\Users\Blaziod\AppData\Local\Temp
OS=Windows_NT
PROCESSOR_IDENTIFIER=AMD64 Family 23 Model 24 Stepping 1, AuthenticAMD
TMP=C:\Users\Blaziod\AppData\Local\Temp
TEMP=C:\Users\Blaziod\AppData\Local\Temp



Periodic native trim disabled


---------------  S Y S T E M  ---------------

OS:
 Windows 10 , 64 bit Build 19041 (10.0.19041.3636)
OS uptime: 0 days 3:38 hours

CPU: total 8 (initial active 8) (8 cores per cpu, 2 threads per core) family 23 model 24 stepping 1 microcode 0x0, cx8, cmov, fxsr, ht, mmx, 3dnowpref, sse, sse2, sse3, ssse3, sse4a, sse4.1, sse4.2, popcnt, lzcnt, tsc, tscinvbit, avx, avx2, aes, clmul, bmi1, bmi2, adx, sha, fma, vzeroupper, clflush, clflushopt
Processor Information for all 8 processors :
  Max Mhz: 2300, Current Mhz: 2300, Mhz Limit: 2300

Memory: 4k page, system-wide physical 6020M (318M free)
TotalPageFile size 24452M (AvailPageFile size 28M)
current process WorkingSet (physical memory assigned to process): 10M, peak: 10M
current process commit charge ("private bytes"): 59M, peak: 123M

vm_info: OpenJDK 64-Bit Server VM (17.0.10+7) for windows-amd64 JRE (17.0.10+7), built on Jan 16 2024 23:25:11 by "admin" with MS VC++ 16.10 / 16.11 (VS2019)

END.
