#
# There is insufficient memory for the Java Runtime Environment to continue.
# Native memory allocation (malloc) failed to allocate 365056 bytes for Chunk::new
# Possible reasons:
#   The system is out of physical RAM or swap space
#   The process is running with CompressedOops enabled, and the Java Heap may be blocking the growth of the native heap
# Possible solutions:
#   Reduce memory load on the system
#   Increase physical memory or swap space
#   Check if swap backing store is full
#   Decrease Java heap size (-Xmx/-Xms)
#   Decrease number of Java threads
#   Decrease Java thread stack sizes (-Xss)
#   Set larger code cache with -XX:ReservedCodeCacheSize=
#   JVM is running with Unscaled Compressed Oops mode in which the Java heap is
#     placed in the first 4GB address space. The Java Heap base address is the
#     maximum limit for the native heap growth. Please use -XX:HeapBaseMinAddress
#     to set the Java Heap base and to place the Java Heap above 4GB virtual address.
# This output file may be truncated or incomplete.
#
#  Out of Memory Error (arena.cpp:191), pid=20828, tid=1556
#
# JRE version: OpenJDK Runtime Environment Temurin-17.0.10+7 (17.0.10+7) (build 17.0.10+7)
# Java VM: OpenJDK 64-Bit Server VM Temurin-17.0.10+7 (17.0.10+7, mixed mode, sharing, tiered, compressed oops, compressed class ptrs, g1 gc, windows-amd64)
# No core dump will be written. Minidumps are not enabled by default on client versions of Windows
#

---------------  S U M M A R Y ------------

Command Line: -Xmx64m -Xms64m -Dorg.gradle.appname=gradlew org.gradle.wrapper.GradleWrapperMain app:installDebug -PreactNativeDevServerPort=8081

Host: AMD Ryzen 7 3700U with Radeon Vega Mobile Gfx  , 8 cores, 5G,  Windows 10 , 64 bit Build 19041 (10.0.19041.3636)
Time: Thu Jun 20 02:33:24 2024 W. Central Africa Standard Time elapsed time: 1.589928 seconds (0d 0h 0m 1s)

---------------  T H R E A D  ---------------

Current thread (0x00000243ca61c620):  JavaThread "C2 CompilerThread0" daemon [_thread_in_native, id=1556, stack(0x00000095a5200000,0x00000095a5300000)]


Current CompileTask:
C2:   1590 1028   !   4       jdk.internal.loader.URLClassPath$JarLoader::getResource (354 bytes)

Stack: [0x00000095a5200000,0x00000095a5300000]
Native frames: (J=compiled Java code, j=interpreted, Vv=VM code, C=native code)
V  [jvm.dll+0x67d2c9]
V  [jvm.dll+0x834afa]
V  [jvm.dll+0x8365be]
V  [jvm.dll+0x836c23]
V  [jvm.dll+0x2477ff]
V  [jvm.dll+0xac514]
V  [jvm.dll+0xacb5c]
V  [jvm.dll+0x2aed1f]
V  [jvm.dll+0x584b67]
V  [jvm.dll+0x2228a2]
V  [jvm.dll+0x222c8f]
V  [jvm.dll+0x21bdb6]
V  [jvm.dll+0x219201]
V  [jvm.dll+0x1a502d]
V  [jvm.dll+0x2290de]
V  [jvm.dll+0x2272ac]
V  [jvm.dll+0x7e9bb7]
V  [jvm.dll+0x7e3fba]
V  [jvm.dll+0x67c1b5]
C  [ucrtbase.dll+0x21bb2]
C  [KERNEL32.DLL+0x17344]
C  [ntdll.dll+0x526b1]


---------------  P R O C E S S  ---------------

Threads class SMR info:
_java_thread_list=0x0000024410714f80, length=13, elements={
0x00000243b0c1a510, 0x00000243b0cc0780, 0x00000243b0cc1510, 0x00000243ca616980,
0x00000243ca617450, 0x00000243ca619d30, 0x00000243ca61a600, 0x00000243ca61c620,
0x00000243ca620430, 0x00000243ca620d40, 0x00000243ca87d810, 0x00000243ca881980,
0x0000024410318240
}

Java Threads: ( => current thread )
  0x00000243b0c1a510 JavaThread "main" [_thread_in_vm, id=8148, stack(0x00000095a4500000,0x00000095a4600000)]
  0x00000243b0cc0780 JavaThread "Reference Handler" daemon [_thread_blocked, id=7456, stack(0x00000095a4c00000,0x00000095a4d00000)]
  0x00000243b0cc1510 JavaThread "Finalizer" daemon [_thread_blocked, id=7260, stack(0x00000095a4d00000,0x00000095a4e00000)]
  0x00000243ca616980 JavaThread "Signal Dispatcher" daemon [_thread_blocked, id=22880, stack(0x00000095a4e00000,0x00000095a4f00000)]
  0x00000243ca617450 JavaThread "Attach Listener" daemon [_thread_blocked, id=7588, stack(0x00000095a4f00000,0x00000095a5000000)]
  0x00000243ca619d30 JavaThread "Service Thread" daemon [_thread_blocked, id=22860, stack(0x00000095a5000000,0x00000095a5100000)]
  0x00000243ca61a600 JavaThread "Monitor Deflation Thread" daemon [_thread_blocked, id=7772, stack(0x00000095a5100000,0x00000095a5200000)]
=>0x00000243ca61c620 JavaThread "C2 CompilerThread0" daemon [_thread_in_native, id=1556, stack(0x00000095a5200000,0x00000095a5300000)]
  0x00000243ca620430 JavaThread "C1 CompilerThread0" daemon [_thread_blocked, id=2708, stack(0x00000095a5300000,0x00000095a5400000)]
  0x00000243ca620d40 JavaThread "Sweeper thread" daemon [_thread_blocked, id=8084, stack(0x00000095a5400000,0x00000095a5500000)]
  0x00000243ca87d810 JavaThread "Notification Thread" daemon [_thread_blocked, id=23184, stack(0x00000095a5500000,0x00000095a5600000)]
  0x00000243ca881980 JavaThread "Common-Cleaner" daemon [_thread_blocked, id=16556, stack(0x00000095a5700000,0x00000095a5800000)]
  0x0000024410318240 JavaThread "pool-1-thread-1" [_thread_blocked, id=2460, stack(0x00000095a5c00000,0x00000095a5d00000)]

Other Threads:
  0x00000243b0cbdbd0 VMThread "VM Thread" [stack: 0x00000095a4b00000,0x00000095a4c00000] [id=15244]
  0x00000243ca880d10 WatcherThread [stack: 0x00000095a5600000,0x00000095a5700000] [id=12524]
  0x00000243b0c36dc0 GCTaskThread "GC Thread#0" [stack: 0x00000095a4600000,0x00000095a4700000] [id=5188]
  0x00000244101716e0 GCTaskThread "GC Thread#1" [stack: 0x00000095a5800000,0x00000095a5900000] [id=14272]
  0x00000244104e9cc0 GCTaskThread "GC Thread#2" [stack: 0x00000095a5900000,0x00000095a5a00000] [id=6268]
  0x000002441051b520 GCTaskThread "GC Thread#3" [stack: 0x00000095a5a00000,0x00000095a5b00000] [id=10184]
  0x000002441051f7f0 GCTaskThread "GC Thread#4" [stack: 0x00000095a5b00000,0x00000095a5c00000] [id=3748]
  0x00000243b0c39430 ConcurrentGCThread "G1 Main Marker" [stack: 0x00000095a4700000,0x00000095a4800000] [id=8628]
  0x00000243b0c39d60 ConcurrentGCThread "G1 Conc#0" [stack: 0x00000095a4800000,0x00000095a4900000] [id=12204]
  0x00000243b0c9a1c0 ConcurrentGCThread "G1 Refine#0" [stack: 0x00000095a4900000,0x00000095a4a00000] [id=13812]
  0x00000243b0c9ab00 ConcurrentGCThread "G1 Service" [stack: 0x00000095a4a00000,0x00000095a4b00000] [id=19216]

Threads with active compile tasks:
C2 CompilerThread0     1630 1028   !   4       jdk.internal.loader.URLClassPath$JarLoader::getResource (354 bytes)

VM state: not at safepoint (normal execution)

VM Mutex/Monitor currently owned by a thread:  ([mutex/lock_event])
[0x00000243b0c16810] Metaspace_lock - owner thread: 0x00000243b0c1a510

Heap address: 0x00000000fc000000, size: 64 MB, Compressed Oops mode: 32-bit

CDS archive(s) mapped at: [0x00000243cb000000-0x00000243cbbb0000-0x00000243cbbb0000), size 12255232, SharedBaseAddress: 0x00000243cb000000, ArchiveRelocationMode: 1.
Compressed class space mapped at: 0x00000243cc000000-0x000002440c000000, reserved size: 1073741824
Narrow klass base: 0x00000243cb000000, Narrow klass shift: 0, Narrow klass range: 0x100000000

GC Precious Log:
 CPUs: 8 total, 8 available
 Memory: 6020M
 Large Page Support: Disabled
 NUMA Support: Disabled
 Compressed Oops: Enabled (32-bit)
 Heap Region Size: 1M
 Heap Min Capacity: 64M
 Heap Initial Capacity: 64M
 Heap Max Capacity: 64M
 Pre-touch: Disabled
 Parallel Workers: 8
 Concurrent Workers: 2
 Concurrent Refinement Workers: 8
 Periodic GC: Disabled

Heap:
 garbage-first heap   total 65536K, used 19136K [0x00000000fc000000, 0x0000000100000000)
  region size 1024K, 12 young (12288K), 3 survivors (3072K)
 Metaspace       used 5958K, committed 6144K, reserved 1114112K
  class space    used 789K, committed 896K, reserved 1048576K

Heap Regions: E=young(eden), S=young(survivor), O=old, HS=humongous(starts), HC=humongous(continues), CS=collection set, F=free, OA=open archive, CA=closed archive, TAMS=top-at-mark-start (previous, next)
|   0|0x00000000fc000000, 0x00000000fc100000, 0x00000000fc100000|100%|HS|  |TAMS 0x00000000fc000000, 0x00000000fc000000| Complete 
|   1|0x00000000fc100000, 0x00000000fc200000, 0x00000000fc200000|100%|HC|  |TAMS 0x00000000fc100000, 0x00000000fc100000| Complete 
|   2|0x00000000fc200000, 0x00000000fc300000, 0x00000000fc300000|100%|HC|  |TAMS 0x00000000fc200000, 0x00000000fc200000| Complete 
|   3|0x00000000fc300000, 0x00000000fc400000, 0x00000000fc400000|100%|HC|  |TAMS 0x00000000fc300000, 0x00000000fc300000| Complete 
|   4|0x00000000fc400000, 0x00000000fc500000, 0x00000000fc500000|100%| O|  |TAMS 0x00000000fc400000, 0x00000000fc400000| Untracked 
|   5|0x00000000fc500000, 0x00000000fc600000, 0x00000000fc600000|100%| O|  |TAMS 0x00000000fc500000, 0x00000000fc500000| Untracked 
|   6|0x00000000fc600000, 0x00000000fc700000, 0x00000000fc700000|100%| O|  |TAMS 0x00000000fc600000, 0x00000000fc600000| Untracked 
|   7|0x00000000fc700000, 0x00000000fc7b0000, 0x00000000fc800000| 68%| O|  |TAMS 0x00000000fc700000, 0x00000000fc700000| Untracked 
|   8|0x00000000fc800000, 0x00000000fc800000, 0x00000000fc900000|  0%| F|  |TAMS 0x00000000fc800000, 0x00000000fc800000| Untracked 
|   9|0x00000000fc900000, 0x00000000fc900000, 0x00000000fca00000|  0%| F|  |TAMS 0x00000000fc900000, 0x00000000fc900000| Untracked 
|  10|0x00000000fca00000, 0x00000000fca00000, 0x00000000fcb00000|  0%| F|  |TAMS 0x00000000fca00000, 0x00000000fca00000| Untracked 
|  11|0x00000000fcb00000, 0x00000000fcb00000, 0x00000000fcc00000|  0%| F|  |TAMS 0x00000000fcb00000, 0x00000000fcb00000| Untracked 
|  12|0x00000000fcc00000, 0x00000000fcc00000, 0x00000000fcd00000|  0%| F|  |TAMS 0x00000000fcc00000, 0x00000000fcc00000| Untracked 
|  13|0x00000000fcd00000, 0x00000000fcd00000, 0x00000000fce00000|  0%| F|  |TAMS 0x00000000fcd00000, 0x00000000fcd00000| Untracked 
|  14|0x00000000fce00000, 0x00000000fce00000, 0x00000000fcf00000|  0%| F|  |TAMS 0x00000000fce00000, 0x00000000fce00000| Untracked 
|  15|0x00000000fcf00000, 0x00000000fcf00000, 0x00000000fd000000|  0%| F|  |TAMS 0x00000000fcf00000, 0x00000000fcf00000| Untracked 
|  16|0x00000000fd000000, 0x00000000fd000000, 0x00000000fd100000|  0%| F|  |TAMS 0x00000000fd000000, 0x00000000fd000000| Untracked 
|  17|0x00000000fd100000, 0x00000000fd100000, 0x00000000fd200000|  0%| F|  |TAMS 0x00000000fd100000, 0x00000000fd100000| Untracked 
|  18|0x00000000fd200000, 0x00000000fd200000, 0x00000000fd300000|  0%| F|  |TAMS 0x00000000fd200000, 0x00000000fd200000| Untracked 
|  19|0x00000000fd300000, 0x00000000fd300000, 0x00000000fd400000|  0%| F|  |TAMS 0x00000000fd300000, 0x00000000fd300000| Untracked 
|  20|0x00000000fd400000, 0x00000000fd400000, 0x00000000fd500000|  0%| F|  |TAMS 0x00000000fd400000, 0x00000000fd400000| Untracked 
|  21|0x00000000fd500000, 0x00000000fd500000, 0x00000000fd600000|  0%| F|  |TAMS 0x00000000fd500000, 0x00000000fd500000| Untracked 
|  22|0x00000000fd600000, 0x00000000fd600000, 0x00000000fd700000|  0%| F|  |TAMS 0x00000000fd600000, 0x00000000fd600000| Untracked 
|  23|0x00000000fd700000, 0x00000000fd700000, 0x00000000fd800000|  0%| F|  |TAMS 0x00000000fd700000, 0x00000000fd700000| Untracked 
|  24|0x00000000fd800000, 0x00000000fd800000, 0x00000000fd900000|  0%| F|  |TAMS 0x00000000fd800000, 0x00000000fd800000| Untracked 
|  25|0x00000000fd900000, 0x00000000fd900000, 0x00000000fda00000|  0%| F|  |TAMS 0x00000000fd900000, 0x00000000fd900000| Untracked 
|  26|0x00000000fda00000, 0x00000000fda00000, 0x00000000fdb00000|  0%| F|  |TAMS 0x00000000fda00000, 0x00000000fda00000| Untracked 
|  27|0x00000000fdb00000, 0x00000000fdb00000, 0x00000000fdc00000|  0%| F|  |TAMS 0x00000000fdb00000, 0x00000000fdb00000| Untracked 
|  28|0x00000000fdc00000, 0x00000000fdc00000, 0x00000000fdd00000|  0%| F|  |TAMS 0x00000000fdc00000, 0x00000000fdc00000| Untracked 
|  29|0x00000000fdd00000, 0x00000000fdd00000, 0x00000000fde00000|  0%| F|  |TAMS 0x00000000fdd00000, 0x00000000fdd00000| Untracked 
|  30|0x00000000fde00000, 0x00000000fde00000, 0x00000000fdf00000|  0%| F|  |TAMS 0x00000000fde00000, 0x00000000fde00000| Untracked 
|  31|0x00000000fdf00000, 0x00000000fdf00000, 0x00000000fe000000|  0%| F|  |TAMS 0x00000000fdf00000, 0x00000000fdf00000| Untracked 
|  32|0x00000000fe000000, 0x00000000fe000000, 0x00000000fe100000|  0%| F|  |TAMS 0x00000000fe000000, 0x00000000fe000000| Untracked 
|  33|0x00000000fe100000, 0x00000000fe100000, 0x00000000fe200000|  0%| F|  |TAMS 0x00000000fe100000, 0x00000000fe100000| Untracked 
|  34|0x00000000fe200000, 0x00000000fe200000, 0x00000000fe300000|  0%| F|  |TAMS 0x00000000fe200000, 0x00000000fe200000| Untracked 
|  35|0x00000000fe300000, 0x00000000fe300000, 0x00000000fe400000|  0%| F|  |TAMS 0x00000000fe300000, 0x00000000fe300000| Untracked 
|  36|0x00000000fe400000, 0x00000000fe400000, 0x00000000fe500000|  0%| F|  |TAMS 0x00000000fe400000, 0x00000000fe400000| Untracked 
|  37|0x00000000fe500000, 0x00000000fe500000, 0x00000000fe600000|  0%| F|  |TAMS 0x00000000fe500000, 0x00000000fe500000| Untracked 
|  38|0x00000000fe600000, 0x00000000fe700000, 0x00000000fe700000|100%| S|CS|TAMS 0x00000000fe600000, 0x00000000fe600000| Complete 
|  39|0x00000000fe700000, 0x00000000fe800000, 0x00000000fe800000|100%| S|CS|TAMS 0x00000000fe700000, 0x00000000fe700000| Complete 
|  40|0x00000000fe800000, 0x00000000fe900000, 0x00000000fe900000|100%| S|CS|TAMS 0x00000000fe800000, 0x00000000fe800000| Complete 
|  41|0x00000000fe900000, 0x00000000fe900000, 0x00000000fea00000|  0%| F|  |TAMS 0x00000000fe900000, 0x00000000fe900000| Untracked 
|  42|0x00000000fea00000, 0x00000000fea00000, 0x00000000feb00000|  0%| F|  |TAMS 0x00000000fea00000, 0x00000000fea00000| Untracked 
|  43|0x00000000feb00000, 0x00000000feb00000, 0x00000000fec00000|  0%| F|  |TAMS 0x00000000feb00000, 0x00000000feb00000| Untracked 
|  44|0x00000000fec00000, 0x00000000fec00000, 0x00000000fed00000|  0%| F|  |TAMS 0x00000000fec00000, 0x00000000fec00000| Untracked 
|  45|0x00000000fed00000, 0x00000000fed00000, 0x00000000fee00000|  0%| F|  |TAMS 0x00000000fed00000, 0x00000000fed00000| Untracked 
|  46|0x00000000fee00000, 0x00000000fee00000, 0x00000000fef00000|  0%| F|  |TAMS 0x00000000fee00000, 0x00000000fee00000| Untracked 
|  47|0x00000000fef00000, 0x00000000fef00000, 0x00000000ff000000|  0%| F|  |TAMS 0x00000000fef00000, 0x00000000fef00000| Untracked 
|  48|0x00000000ff000000, 0x00000000ff000000, 0x00000000ff100000|  0%| F|  |TAMS 0x00000000ff000000, 0x00000000ff000000| Untracked 
|  49|0x00000000ff100000, 0x00000000ff100000, 0x00000000ff200000|  0%| F|  |TAMS 0x00000000ff100000, 0x00000000ff100000| Untracked 
|  50|0x00000000ff200000, 0x00000000ff200000, 0x00000000ff300000|  0%| F|  |TAMS 0x00000000ff200000, 0x00000000ff200000| Untracked 
|  51|0x00000000ff300000, 0x00000000ff300000, 0x00000000ff400000|  0%| F|  |TAMS 0x00000000ff300000, 0x00000000ff300000| Untracked 
|  52|0x00000000ff400000, 0x00000000ff400000, 0x00000000ff500000|  0%| F|  |TAMS 0x00000000ff400000, 0x00000000ff400000| Untracked 
|  53|0x00000000ff500000, 0x00000000ff500000, 0x00000000ff600000|  0%| F|  |TAMS 0x00000000ff500000, 0x00000000ff500000| Untracked 
|  54|0x00000000ff600000, 0x00000000ff600000, 0x00000000ff700000|  0%| F|  |TAMS 0x00000000ff600000, 0x00000000ff600000| Untracked 
|  55|0x00000000ff700000, 0x00000000ff7e5318, 0x00000000ff800000| 89%| E|  |TAMS 0x00000000ff700000, 0x00000000ff700000| Complete 
|  56|0x00000000ff800000, 0x00000000ff900000, 0x00000000ff900000|100%| E|CS|TAMS 0x00000000ff800000, 0x00000000ff800000| Complete 
|  57|0x00000000ff900000, 0x00000000ffa00000, 0x00000000ffa00000|100%| E|CS|TAMS 0x00000000ff900000, 0x00000000ff900000| Complete 
|  58|0x00000000ffa00000, 0x00000000ffb00000, 0x00000000ffb00000|100%| E|CS|TAMS 0x00000000ffa00000, 0x00000000ffa00000| Complete 
|  59|0x00000000ffb00000, 0x00000000ffc00000, 0x00000000ffc00000|100%| E|CS|TAMS 0x00000000ffb00000, 0x00000000ffb00000| Complete 
|  60|0x00000000ffc00000, 0x00000000ffd00000, 0x00000000ffd00000|100%| E|CS|TAMS 0x00000000ffc00000, 0x00000000ffc00000| Complete 
|  61|0x00000000ffd00000, 0x00000000ffe00000, 0x00000000ffe00000|100%| E|CS|TAMS 0x00000000ffd00000, 0x00000000ffd00000| Complete 
|  62|0x00000000ffe00000, 0x00000000fff00000, 0x00000000fff00000|100%| E|CS|TAMS 0x00000000ffe00000, 0x00000000ffe00000| Complete 
|  63|0x00000000fff00000, 0x0000000100000000, 0x0000000100000000|100%| E|CS|TAMS 0x00000000fff00000, 0x00000000fff00000| Complete 

Card table byte_map: [0x00000243b0b50000,0x00000243b0b70000] _byte_map_base: 0x00000243b0370000

Marking Bits (Prev, Next): (CMBitMap*) 0x00000243b0c38300, (CMBitMap*) 0x00000243b0c38340
 Prev Bits: [0x00000243c7a70000, 0x00000243c7b70000)
 Next Bits: [0x00000243c7b70000, 0x00000243c7c70000)

Polling page: 0x00000243b03d0000

Metaspace:

Usage:
  Non-class:      5.05 MB used.
      Class:    789.73 KB used.
       Both:      5.82 MB used.

Virtual space:
  Non-class space:       64.00 MB reserved,       5.12 MB (  8%) committed,  1 nodes.
      Class space:        1.00 GB reserved,     896.00 KB ( <1%) committed,  1 nodes.
             Both:        1.06 GB reserved,       6.00 MB ( <1%) committed. 

Chunk freelists:
   Non-Class:  9.09 MB
       Class:  15.16 MB
        Both:  24.25 MB

MaxMetaspaceSize: unlimited
CompressedClassSpaceSize: 1.00 GB
Initial GC threshold: 21.00 MB
Current GC threshold: 21.00 MB
CDS: on
MetaspaceReclaimPolicy: balanced
 - commit_granule_bytes: 65536.
 - commit_granule_words: 8192.
 - virtual_space_node_default_size: 8388608.
 - enlarge_chunks_in_place: 1.
 - new_chunks_are_fully_committed: 0.
 - uncommit_free_chunks: 1.
 - use_allocation_guard: 0.
 - handle_deallocations: 1.


Internal statistics:

num_allocs_failed_limit: 0.
num_arena_births: 60.
num_arena_deaths: 0.
num_vsnodes_births: 2.
num_vsnodes_deaths: 0.
num_space_committed: 96.
num_space_uncommitted: 0.
num_chunks_returned_to_freelist: 0.
num_chunks_taken_from_freelist: 223.
num_chunk_merges: 0.
num_chunk_splits: 157.
num_chunks_enlarged: 133.
num_inconsistent_stats: 0.

CodeHeap 'non-profiled nmethods': size=120000Kb used=393Kb max_used=393Kb free=119606Kb
 bounds [0x00000243c0210000, 0x00000243c0480000, 0x00000243c7740000]
CodeHeap 'profiled nmethods': size=120000Kb used=1966Kb max_used=1966Kb free=118033Kb
 bounds [0x00000243b8740000, 0x00000243b89b0000, 0x00000243bfc70000]
CodeHeap 'non-nmethods': size=5760Kb used=1140Kb max_used=1155Kb free=4620Kb
 bounds [0x00000243bfc70000, 0x00000243bfee0000, 0x00000243c0210000]
 total_blobs=1454 nmethods=1026 adapters=341
 compilation: enabled
              stopped_count=0, restarted_count=0
 full_count=0

Compilation events (20 events):
Event: 1.530 Thread 0x00000243ca61c620 1020       4       java.util.HashSet::add (20 bytes)
Event: 1.530 Thread 0x00000243ca620430 nmethod 1019 0x00000243b8928510 code [0x00000243b89286c0, 0x00000243b89289f8]
Event: 1.530 Thread 0x00000243ca620430 1018       3       java.util.regex.Pattern$BmpCharPredicate$$Lambda$20/0x80000002b::is (15 bytes)
Event: 1.531 Thread 0x00000243ca620430 nmethod 1018 0x00000243b8928b10 code [0x00000243b8928ce0, 0x00000243b8929178]
Event: 1.531 Thread 0x00000243ca620430 1021       3       java.util.Collections$UnmodifiableCollection$1::hasNext (10 bytes)
Event: 1.531 Thread 0x00000243ca620430 nmethod 1021 0x00000243b8929310 code [0x00000243b89294c0, 0x00000243b8929688]
Event: 1.531 Thread 0x00000243ca620430 1023       3       java.util.Collections$UnmodifiableCollection$1::next (10 bytes)
Event: 1.531 Thread 0x00000243ca620430 nmethod 1023 0x00000243b8929790 code [0x00000243b8929940, 0x00000243b8929b08]
Event: 1.531 Thread 0x00000243ca620430 1022       3       java.util.Arrays$ArrayItr::hasNext (18 bytes)
Event: 1.531 Thread 0x00000243ca620430 nmethod 1022 0x00000243b8929c10 code [0x00000243b8929da0, 0x00000243b8929f18]
Event: 1.531 Thread 0x00000243ca620430 1024       1       org.gradle.cli.CommandLineOption::getOptions (5 bytes)
Event: 1.531 Thread 0x00000243ca620430 nmethod 1024 0x00000243c0271d90 code [0x00000243c0271f20, 0x00000243c0271ff8]
Event: 1.534 Thread 0x00000243ca61c620 nmethod 1020 0x00000243c0272090 code [0x00000243c0272240, 0x00000243c0272498]
Event: 1.549 Thread 0x00000243ca620430 1025       3       java.util.HashMap::get (19 bytes)
Event: 1.549 Thread 0x00000243ca620430 nmethod 1025 0x00000243b892a010 code [0x00000243b892a1c0, 0x00000243b892a388]
Event: 1.549 Thread 0x00000243ca620430 1026       3       java.util.HashMap::getNode (150 bytes)
Event: 1.550 Thread 0x00000243ca620430 nmethod 1026 0x00000243b892a490 code [0x00000243b892a6c0, 0x00000243b892b2b8]
Event: 1.555 Thread 0x00000243ca620430 1027       3       sun.net.www.ParseUtil::match (50 bytes)
Event: 1.555 Thread 0x00000243ca620430 nmethod 1027 0x00000243b892b590 code [0x00000243b892b740, 0x00000243b892b9d8]
Event: 1.568 Thread 0x00000243ca61c620 1028   !   4       jdk.internal.loader.URLClassPath$JarLoader::getResource (354 bytes)

GC Heap History (2 events):
Event: 1.174 GC heap before
{Heap before GC invocations=0 (full 0):
 garbage-first heap   total 65536K, used 26624K [0x00000000fc000000, 0x0000000100000000)
  region size 1024K, 23 young (23552K), 0 survivors (0K)
 Metaspace       used 3783K, committed 3904K, reserved 1114112K
  class space    used 461K, committed 512K, reserved 1048576K
}
Event: 1.185 GC heap after
{Heap after GC invocations=1 (full 0):
 garbage-first heap   total 65536K, used 10944K [0x00000000fc000000, 0x0000000100000000)
  region size 1024K, 3 young (3072K), 3 survivors (3072K)
 Metaspace       used 3783K, committed 3904K, reserved 1114112K
  class space    used 461K, committed 512K, reserved 1048576K
}

Dll operation events (9 events):
Event: 0.008 Loaded shared library C:\Users\Blaziod\jdk-17\bin\java.dll
Event: 0.027 Loaded shared library C:\Users\Blaziod\jdk-17\bin\jsvml.dll
Event: 0.069 Loaded shared library C:\Users\Blaziod\jdk-17\bin\net.dll
Event: 0.071 Loaded shared library C:\Users\Blaziod\jdk-17\bin\nio.dll
Event: 0.075 Loaded shared library C:\Users\Blaziod\jdk-17\bin\zip.dll
Event: 0.557 Loaded shared library C:\Users\Blaziod\jdk-17\bin\jimage.dll
Event: 0.704 Loaded shared library C:\Users\Blaziod\jdk-17\bin\verify.dll
Event: 1.258 Loaded shared library C:\Users\Blaziod\.gradle\native\68d5fa5c4cc2d200863cafc0d521ce42e7d3e7ee720ec0a83991735586a16f82\windows-amd64\native-platform.dll
Event: 1.305 Loaded shared library C:\Users\Blaziod\.gradle\native\jansi\1.18\windows64\jansi.dll

Deoptimization events (20 events):
Event: 1.472 Thread 0x0000024410318240 DEOPT PACKING pc=0x00000243c026fbac sp=0x00000095a5cfa7f0
Event: 1.472 Thread 0x0000024410318240 DEOPT UNPACKING pc=0x00000243bfcc69a3 sp=0x00000095a5cfa778 mode 2
Event: 1.472 Thread 0x0000024410318240 Uncommon trap: trap_request=0xffffffde fr.pc=0x00000243c026fbac relative=0x000000000000010c
Event: 1.472 Thread 0x0000024410318240 Uncommon trap: reason=class_check action=maybe_recompile pc=0x00000243c026fbac method=jdk.internal.misc.Unsafe.allocateUninitializedArray(Ljava/lang/Class;I)Ljava/lang/Object; @ 51 c2
Event: 1.472 Thread 0x0000024410318240 DEOPT PACKING pc=0x00000243c026fbac sp=0x00000095a5cfa820
Event: 1.472 Thread 0x00000243b0c1a510 Uncommon trap: trap_request=0xffffffde fr.pc=0x00000243c026fbac relative=0x000000000000010c
Event: 1.472 Thread 0x00000243b0c1a510 Uncommon trap: reason=class_check action=maybe_recompile pc=0x00000243c026fbac method=jdk.internal.misc.Unsafe.allocateUninitializedArray(Ljava/lang/Class;I)Ljava/lang/Object; @ 51 c2
Event: 1.472 Thread 0x0000024410318240 DEOPT UNPACKING pc=0x00000243bfcc69a3 sp=0x00000095a5cfa7a8 mode 2
Event: 1.472 Thread 0x00000243b0c1a510 DEOPT PACKING pc=0x00000243c026fbac sp=0x00000095a45fa860
Event: 1.472 Thread 0x00000243b0c1a510 DEOPT UNPACKING pc=0x00000243bfcc69a3 sp=0x00000095a45fa7e8 mode 2
Event: 1.496 Thread 0x00000243b0c1a510 DEOPT PACKING pc=0x00000243b87e76e5 sp=0x00000095a45fa6c0
Event: 1.496 Thread 0x00000243b0c1a510 DEOPT UNPACKING pc=0x00000243bfcc7143 sp=0x00000095a45f9b10 mode 0
Event: 1.548 Thread 0x00000243b0c1a510 Uncommon trap: trap_request=0xffffff45 fr.pc=0x00000243c0265170 relative=0x00000000000005b0
Event: 1.548 Thread 0x00000243b0c1a510 Uncommon trap: reason=unstable_if action=reinterpret pc=0x00000243c0265170 method=java.util.HashMap.hash(Ljava/lang/Object;)I @ 1 c2
Event: 1.549 Thread 0x00000243b0c1a510 DEOPT PACKING pc=0x00000243c0265170 sp=0x00000095a45fc880
Event: 1.549 Thread 0x00000243b0c1a510 DEOPT UNPACKING pc=0x00000243bfcc69a3 sp=0x00000095a45fc728 mode 2
Event: 1.549 Thread 0x00000243b0c1a510 Uncommon trap: trap_request=0xffffff45 fr.pc=0x00000243c024bf84 relative=0x00000000000005c4
Event: 1.549 Thread 0x00000243b0c1a510 Uncommon trap: reason=unstable_if action=reinterpret pc=0x00000243c024bf84 method=java.util.HashMap.hash(Ljava/lang/Object;)I @ 1 c2
Event: 1.549 Thread 0x00000243b0c1a510 DEOPT PACKING pc=0x00000243c024bf84 sp=0x00000095a45fc810
Event: 1.549 Thread 0x00000243b0c1a510 DEOPT UNPACKING pc=0x00000243bfcc69a3 sp=0x00000095a45fc728 mode 2

Classes unloaded (0 events):
No events

Classes redefined (0 events):
No events

Internal exceptions (12 events):
Event: 0.205 Thread 0x00000243b0c1a510 Exception <a 'java/lang/NoSuchMethodError'{0x00000000ffc74a48}: 'int java.lang.invoke.DirectMethodHandle$Holder.invokeStaticInit(java.lang.Object, java.lang.Object)'> (0x00000000ffc74a48) 
thrown [s\src\hotspot\share\interpreter\linkResolver.cpp, line 759]
Event: 1.116 Thread 0x00000243b0c1a510 Exception <a 'java/lang/NoSuchMethodError'{0x00000000fe943908}: 'void java.lang.invoke.DirectMethodHandle$Holder.invokeStatic(java.lang.Object, java.lang.Object)'> (0x00000000fe943908) 
thrown [s\src\hotspot\share\interpreter\linkResolver.cpp, line 759]
Event: 1.160 Thread 0x00000243b0c1a510 Exception <a 'java/lang/NoClassDefFoundError'{0x00000000fe9c8008}: org/slf4j/impl/StaticMarkerBinder> (0x00000000fe9c8008) 
thrown [s\src\hotspot\share\classfile\systemDictionary.cpp, line 245]
Event: 1.208 Thread 0x00000243b0c1a510 Exception <a 'java/lang/NoSuchMethodError'{0x00000000fff696b8}: 'java.lang.Object java.lang.invoke.DirectMethodHandle$Holder.invokeVirtual(java.lang.Object, java.lang.Object, java.lang.Object, java.lang.Object, java.lang.Object, java.lang.Object, java.lang.Object)'> (0x00000000fff696b8) 
thrown [s\src\hotspot\share\interpreter\linkResolver.cpp, line 759]
Event: 1.211 Thread 0x00000243b0c1a510 Exception <a 'java/lang/NoSuchMethodError'{0x00000000fffb3798}: 'java.lang.Object java.lang.invoke.Invokers$Holder.invoker(java.lang.Object, java.lang.Object, java.lang.Object)'> (0x00000000fffb3798) 
thrown [s\src\hotspot\share\interpreter\linkResolver.cpp, line 759]
Event: 1.214 Thread 0x00000243b0c1a510 Exception <a 'java/lang/NoSuchMethodError'{0x00000000fffbc970}: 'java.lang.Object java.lang.invoke.DirectMethodHandle$Holder.invokeStatic(java.lang.Object, java.lang.Object, int)'> (0x00000000fffbc970) 
thrown [s\src\hotspot\share\interpreter\linkResolver.cpp, line 759]
Event: 1.219 Thread 0x00000243b0c1a510 Exception <a 'java/lang/NoSuchMethodError'{0x00000000fffc8660}: 'void java.lang.invoke.DelegatingMethodHandle$Holder.delegate(java.lang.Object, java.lang.Object, int, java.lang.Object)'> (0x00000000fffc8660) 
thrown [s\src\hotspot\share\interpreter\linkResolver.cpp, line 759]
Event: 1.220 Thread 0x00000243b0c1a510 Exception <a 'java/lang/NoSuchMethodError'{0x00000000fffcc828}: 'int java.lang.invoke.DirectMethodHandle$Holder.invokeSpecial(java.lang.Object, java.lang.Object, java.lang.Object)'> (0x00000000fffcc828) 
thrown [s\src\hotspot\share\interpreter\linkResolver.cpp, line 759]
Event: 1.226 Thread 0x00000243b0c1a510 Exception <a 'java/lang/NoSuchMethodError'{0x00000000fffdf970}: 'java.lang.Object java.lang.invoke.Invokers$Holder.invokeExact_MT(java.lang.Object, java.lang.Object, java.lang.Object, java.lang.Object)'> (0x00000000fffdf970) 
thrown [s\src\hotspot\share\interpreter\linkResolver.cpp, line 759]
Event: 1.528 Thread 0x00000243b0c1a510 Exception <a 'java/lang/NoSuchMethodError'{0x00000000ff867f28}: 'void java.lang.invoke.DirectMethodHandle$Holder.invokeSpecial(java.lang.Object, java.lang.Object, java.lang.Object)'> (0x00000000ff867f28) 
thrown [s\src\hotspot\share\interpreter\linkResolver.cpp, line 759]
Event: 1.548 Thread 0x00000243b0c1a510 Implicit null exception at 0x00000243c0264c0c to 0x00000243c0265150
Event: 1.549 Thread 0x00000243b0c1a510 Implicit null exception at 0x00000243c024ba0f to 0x00000243c024bf64

VM Operations (14 events):
Event: 0.076 Executing VM operation: HandshakeAllThreads
Event: 0.076 Executing VM operation: HandshakeAllThreads done
Event: 0.894 Executing VM operation: HandshakeAllThreads
Event: 0.894 Executing VM operation: HandshakeAllThreads done
Event: 1.154 Executing VM operation: HandshakeAllThreads
Event: 1.154 Executing VM operation: HandshakeAllThreads done
Event: 1.154 Executing VM operation: Cleanup
Event: 1.155 Executing VM operation: Cleanup done
Event: 1.174 Executing VM operation: G1CollectForAllocation
Event: 1.185 Executing VM operation: G1CollectForAllocation done
Event: 1.213 Executing VM operation: HandshakeAllThreads
Event: 1.213 Executing VM operation: HandshakeAllThreads done
Event: 1.480 Executing VM operation: HandshakeAllThreads
Event: 1.480 Executing VM operation: HandshakeAllThreads done

Events (20 events):
Event: 1.419 loading class java/util/concurrent/atomic/AtomicBoolean
Event: 1.419 loading class java/util/concurrent/atomic/AtomicBoolean done
Event: 1.455 loading class java/io/FileNotFoundException
Event: 1.456 loading class java/io/FileNotFoundException done
Event: 1.477 loading class java/lang/InheritableThreadLocal
Event: 1.477 loading class java/lang/InheritableThreadLocal done
Event: 1.478 loading class java/util/concurrent/CopyOnWriteArraySet
Event: 1.478 loading class java/util/concurrent/CopyOnWriteArraySet done
Event: 1.495 loading class java/util/concurrent/SynchronousQueue
Event: 1.496 loading class java/util/concurrent/SynchronousQueue done
Event: 1.496 loading class java/util/concurrent/SynchronousQueue$TransferStack
Event: 1.496 loading class java/util/concurrent/SynchronousQueue$Transferer
Event: 1.496 loading class java/util/concurrent/SynchronousQueue$Transferer done
Event: 1.496 loading class java/util/concurrent/SynchronousQueue$TransferStack done
Event: 1.496 loading class java/util/concurrent/SynchronousQueue$TransferStack$SNode
Event: 1.496 loading class java/util/concurrent/SynchronousQueue$TransferStack$SNode done
Event: 1.527 loading class java/nio/file/NoSuchFileException
Event: 1.527 loading class java/nio/file/FileSystemException
Event: 1.527 loading class java/nio/file/FileSystemException done
Event: 1.527 loading class java/nio/file/NoSuchFileException done


Dynamic libraries:
0x00007ff7160f0000 - 0x00007ff7160fe000 	C:\Users\Blaziod\jdk-17\bin\java.exe
0x00007ffc28dd0000 - 0x00007ffc28fc8000 	C:\WINDOWS\SYSTEM32\ntdll.dll
0x00007ffc26e00000 - 0x00007ffc26ebd000 	C:\WINDOWS\System32\KERNEL32.DLL
0x00007ffc26480000 - 0x00007ffc26776000 	C:\WINDOWS\System32\KERNELBASE.dll
0x00007ffc26ad0000 - 0x00007ffc26bd0000 	C:\WINDOWS\System32\ucrtbase.dll
0x00007ffc11bb0000 - 0x00007ffc11bcb000 	C:\Users\Blaziod\jdk-17\bin\VCRUNTIME140.dll
0x00007ffc14d70000 - 0x00007ffc14d87000 	C:\Users\Blaziod\jdk-17\bin\jli.dll
0x00007ffc28ba0000 - 0x00007ffc28d3f000 	C:\WINDOWS\System32\USER32.dll
0x00007ffc26880000 - 0x00007ffc268a2000 	C:\WINDOWS\System32\win32u.dll
0x00007ffc28d40000 - 0x00007ffc28d6b000 	C:\WINDOWS\System32\GDI32.dll
0x00007ffc13e90000 - 0x00007ffc1412a000 	C:\WINDOWS\WinSxS\amd64_microsoft.windows.common-controls_6595b64144ccf1df_6.0.19041.4355_none_60b8b9eb71f62e16\COMCTL32.dll
0x00007ffc26bd0000 - 0x00007ffc26ce7000 	C:\WINDOWS\System32\gdi32full.dll
0x00007ffc287d0000 - 0x00007ffc2886e000 	C:\WINDOWS\System32\msvcrt.dll
0x00007ffc26cf0000 - 0x00007ffc26d8d000 	C:\WINDOWS\System32\msvcp_win.dll
0x00007ffc27db0000 - 0x00007ffc27de2000 	C:\WINDOWS\System32\IMM32.DLL
0x00007ffc18420000 - 0x00007ffc1842c000 	C:\Users\Blaziod\jdk-17\bin\vcruntime140_1.dll
0x00007ffbf16e0000 - 0x00007ffbf176d000 	C:\Users\Blaziod\jdk-17\bin\msvcp140.dll
0x00007ffbc6cb0000 - 0x00007ffbc7912000 	C:\Users\Blaziod\jdk-17\bin\server\jvm.dll
0x00007ffc28990000 - 0x00007ffc28a40000 	C:\WINDOWS\System32\ADVAPI32.dll
0x00007ffc27740000 - 0x00007ffc277e0000 	C:\WINDOWS\System32\sechost.dll
0x00007ffc275b0000 - 0x00007ffc276d3000 	C:\WINDOWS\System32\RPCRT4.dll
0x00007ffc26a10000 - 0x00007ffc26a37000 	C:\WINDOWS\System32\bcrypt.dll
0x00007ffc1bce0000 - 0x00007ffc1bcea000 	C:\WINDOWS\SYSTEM32\VERSION.dll
0x00007ffc26220000 - 0x00007ffc2626b000 	C:\WINDOWS\SYSTEM32\POWRPROF.dll
0x00007ffc1bc90000 - 0x00007ffc1bcb7000 	C:\WINDOWS\SYSTEM32\WINMM.dll
0x00007ffc23980000 - 0x00007ffc23989000 	C:\WINDOWS\SYSTEM32\WSOCK32.dll
0x00007ffc27ce0000 - 0x00007ffc27d4b000 	C:\WINDOWS\System32\WS2_32.dll
0x00007ffc26200000 - 0x00007ffc26212000 	C:\WINDOWS\SYSTEM32\UMPDC.dll
0x00007ffc24300000 - 0x00007ffc24312000 	C:\WINDOWS\SYSTEM32\kernel.appcore.dll
0x00007ffc18250000 - 0x00007ffc1825a000 	C:\Users\Blaziod\jdk-17\bin\jimage.dll
0x00007ffc1c620000 - 0x00007ffc1c804000 	C:\WINDOWS\SYSTEM32\DBGHELP.DLL
0x00007ffc13960000 - 0x00007ffc13994000 	C:\WINDOWS\SYSTEM32\dbgcore.DLL
0x00007ffc26a40000 - 0x00007ffc26ac2000 	C:\WINDOWS\System32\bcryptPrimitives.dll
0x00007ffc04e40000 - 0x00007ffc04e65000 	C:\Users\Blaziod\jdk-17\bin\java.dll
0x00007ffbeba70000 - 0x00007ffbebb47000 	C:\Users\Blaziod\jdk-17\bin\jsvml.dll
0x00007ffc27ed0000 - 0x00007ffc2863b000 	C:\WINDOWS\System32\SHELL32.dll
0x00007ffc24500000 - 0x00007ffc24c9d000 	C:\WINDOWS\SYSTEM32\windows.storage.dll
0x00007ffc27080000 - 0x00007ffc273d3000 	C:\WINDOWS\System32\combase.dll
0x00007ffc25e30000 - 0x00007ffc25e5e000 	C:\WINDOWS\SYSTEM32\Wldp.dll
0x00007ffc27460000 - 0x00007ffc2752d000 	C:\WINDOWS\System32\OLEAUT32.dll
0x00007ffc28af0000 - 0x00007ffc28b9d000 	C:\WINDOWS\System32\SHCORE.dll
0x00007ffc276e0000 - 0x00007ffc27735000 	C:\WINDOWS\System32\shlwapi.dll
0x00007ffc263b0000 - 0x00007ffc263d4000 	C:\WINDOWS\SYSTEM32\profapi.dll
0x00007ffc23470000 - 0x00007ffc23489000 	C:\Users\Blaziod\jdk-17\bin\net.dll
0x00007ffc199d0000 - 0x00007ffc19ada000 	C:\WINDOWS\SYSTEM32\WINHTTP.dll
0x00007ffc25b30000 - 0x00007ffc25b9a000 	C:\WINDOWS\system32\mswsock.dll
0x00007ffc11e00000 - 0x00007ffc11e16000 	C:\Users\Blaziod\jdk-17\bin\nio.dll
0x00007ffc11de0000 - 0x00007ffc11df8000 	C:\Users\Blaziod\jdk-17\bin\zip.dll
0x00007ffc16310000 - 0x00007ffc16320000 	C:\Users\Blaziod\jdk-17\bin\verify.dll
0x00007ffc0f0f0000 - 0x00007ffc0f117000 	C:\Users\Blaziod\.gradle\native\68d5fa5c4cc2d200863cafc0d521ce42e7d3e7ee720ec0a83991735586a16f82\windows-amd64\native-platform.dll
0x00007ffc23b50000 - 0x00007ffc23b5a000 	C:\Users\Blaziod\.gradle\native\jansi\1.18\windows64\jansi.dll

dbghelp: loaded successfully - version: 4.0.5 - missing functions: none
symbol engine: initialized successfully - sym options: 0x614 - pdb path: .;C:\Users\Blaziod\jdk-17\bin;C:\WINDOWS\SYSTEM32;C:\WINDOWS\WinSxS\amd64_microsoft.windows.common-controls_6595b64144ccf1df_6.0.19041.4355_none_60b8b9eb71f62e16;C:\Users\Blaziod\jdk-17\bin\server;C:\Users\Blaziod\.gradle\native\68d5fa5c4cc2d200863cafc0d521ce42e7d3e7ee720ec0a83991735586a16f82\windows-amd64;C:\Users\Blaziod\.gradle\native\jansi\1.18\windows64

VM Arguments:
jvm_args: -Xmx64m -Xms64m -Dorg.gradle.appname=gradlew 
java_command: org.gradle.wrapper.GradleWrapperMain app:installDebug -PreactNativeDevServerPort=8081
java_class_path (initial): C:\Users\Blaziod\Desktop\Trend3\android\\gradle\wrapper\gradle-wrapper.jar
Launcher Type: SUN_STANDARD

[Global flags]
     intx CICompilerCount                          = 4                                         {product} {ergonomic}
     uint ConcGCThreads                            = 2                                         {product} {ergonomic}
     uint G1ConcRefinementThreads                  = 8                                         {product} {ergonomic}
   size_t G1HeapRegionSize                         = 1048576                                   {product} {ergonomic}
    uintx GCDrainStackTargetSize                   = 64                                        {product} {ergonomic}
   size_t InitialHeapSize                          = 67108864                                  {product} {command line}
   size_t MarkStackSize                            = 4194304                                   {product} {ergonomic}
   size_t MaxHeapSize                              = 67108864                                  {product} {command line}
   size_t MaxNewSize                               = 39845888                                  {product} {ergonomic}
   size_t MinHeapDeltaBytes                        = 1048576                                   {product} {ergonomic}
   size_t MinHeapSize                              = 67108864                                  {product} {command line}
    uintx NonNMethodCodeHeapSize                   = 5839372                                {pd product} {ergonomic}
    uintx NonProfiledCodeHeapSize                  = 122909434                              {pd product} {ergonomic}
    uintx ProfiledCodeHeapSize                     = 122909434                              {pd product} {ergonomic}
    uintx ReservedCodeCacheSize                    = 251658240                              {pd product} {ergonomic}
     bool SegmentedCodeCache                       = true                                      {product} {ergonomic}
   size_t SoftMaxHeapSize                          = 67108864                               {manageable} {ergonomic}
     bool UseCompressedClassPointers               = true                           {product lp64_product} {ergonomic}
     bool UseCompressedOops                        = true                           {product lp64_product} {ergonomic}
     bool UseG1GC                                  = true                                      {product} {ergonomic}
     bool UseLargePagesIndividualAllocation        = false                                  {pd product} {ergonomic}

Logging:
Log output configuration:
 #0: stdout all=warning uptime,level,tags
 #1: stderr all=off uptime,level,tags

Environment Variables:
JAVA_HOME=C:\Users\Blaziod/jdk-17
CLASSPATH=C:\Users\Blaziod\Desktop\Trend3\android\\gradle\wrapper\gradle-wrapper.jar
PATH=C:\Users\Blaziod\AppData\Local\Temp\yarn--1718847196507-0.7222880731340877;C:\users\blaziod\desktop\trend3\node_modules\.bin;C:\Users\Blaziod\AppData\Local\Yarn\Data\link\node_modules\.bin;C:\Users\Blaziod\AppData\Local\Yarn\bin;C:\Program Files\libexec\lib\node_modules\npm\bin\node-gyp-bin;C:\Program Files\lib\node_modules\npm\bin\node-gyp-bin;C:\Program Files\nodejs\node_modules\npm\bin\node-gyp-bin;C:\Users\Blaziod\bin;C:\Program Files\Git\mingw64\bin;C:\Program Files\Git\usr\local\bin;C:\Program Files\Git\usr\bin;C:\Program Files\Git\usr\bin;C:\Program Files\Git\mingw64\bin;C:\Program Files\Git\usr\bin;C:\Users\Blaziod\bin;C:\Program Files\Common Files\Oracle\Java\javapath;C:\WINDOWS\system32;C:\WINDOWS;C:\WINDOWS\System32\Wbem;C:\WINDOWS\System32\WindowsPowerShell\v1.0;C:\WINDOWS\System32\OpenSSH;C:\Program Files\nodejs;C:\Program Files\Git\cmd;C:\Program Files (x86)\Windows Kits\10\Windows Performance Toolkit;C:\Users\Blaziod\AppData\Local\Android\Sdk\platform-tools;C:\php;C:\Users\Blaziod\jdk-17\bin;C:\Users\Blaziod\AppData\Local\Android\Sdk\tools;C:\Program Files\Java\jdk-17;C:\Users\Blaziod\AppData\Local\Programs\Python\Python36-32\Scripts;C:\Users\Blaziod\AppData\Local\Programs\Python\Python36-32;C:\Users\Blaziod\AppData\Local\Programs\Python\Python312\Scripts;C:\Users\Blaziod\AppData\Local\Programs\Python\Python312;C:\Users\Blaziod\AppData\Local\Programs\Python\Launcher;C:\Users\Blaziod\AppData\Local\Microsoft\WindowsApps;C:\Users\Blaziod\AppData\Local\Programs\Microsoft VS Code\bin;C:\Users\Blaziod\AppData\Roaming\npm;C:\Users\Blaziod\AppData\Local\Android\Sdk\platform-tools;C:\Program Files\Git\usr\bin\vendor_perl;C:\Program Files\Git\usr\bin\core_perl
USERNAME=Blaziod
SHELL=C:\Program Files\Git\usr\bin\bash.exe
DISPLAY=needs-to-be-defined
LC_CTYPE=en_US.UTF-8
TERM=xterm
TMPDIR=C:\Users\Blaziod\AppData\Local\Temp
OS=Windows_NT
PROCESSOR_IDENTIFIER=AMD64 Family 23 Model 24 Stepping 1, AuthenticAMD
TMP=C:\Users\Blaziod\AppData\Local\Temp
TEMP=C:\Users\Blaziod\AppData\Local\Temp



Periodic native trim disabled


---------------  S Y S T E M  ---------------

OS:
 Windows 10 , 64 bit Build 19041 (10.0.19041.3636)
OS uptime: 6 days 17:47 hours

CPU: total 8 (initial active 8) (8 cores per cpu, 2 threads per core) family 23 model 24 stepping 1 microcode 0x0, cx8, cmov, fxsr, ht, mmx, 3dnowpref, sse, sse2, sse3, ssse3, sse4a, sse4.1, sse4.2, popcnt, lzcnt, tsc, tscinvbit, avx, avx2, aes, clmul, bmi1, bmi2, adx, sha, fma, vzeroupper, clflush, clflushopt
Processor Information for all 8 processors :
  Max Mhz: 2300, Current Mhz: 2300, Mhz Limit: 2300

Memory: 4k page, system-wide physical 6020M (213M free)
TotalPageFile size 24452M (AvailPageFile size 0M)
current process WorkingSet (physical memory assigned to process): 83M, peak: 83M
current process commit charge ("private bytes"): 159M, peak: 159M

vm_info: OpenJDK 64-Bit Server VM (17.0.10+7) for windows-amd64 JRE (17.0.10+7), built on Jan 16 2024 23:25:11 by "admin" with MS VC++ 16.10 / 16.11 (VS2019)

END.
