#
# There is insufficient memory for the Java Runtime Environment to continue.
# Native memory allocation (malloc) failed to allocate 880736 bytes for Chunk::new
# Possible reasons:
#   The system is out of physical RAM or swap space
#   The process is running with CompressedOops enabled, and the Java Heap may be blocking the growth of the native heap
# Possible solutions:
#   Reduce memory load on the system
#   Increase physical memory or swap space
#   Check if swap backing store is full
#   Decrease Java heap size (-Xmx/-Xms)
#   Decrease number of Java threads
#   Decrease Java thread stack sizes (-Xss)
#   Set larger code cache with -XX:ReservedCodeCacheSize=
#   JVM is running with Unscaled Compressed Oops mode in which the Java heap is
#     placed in the first 4GB address space. The Java Heap base address is the
#     maximum limit for the native heap growth. Please use -XX:HeapBaseMinAddress
#     to set the Java Heap base and to place the Java Heap above 4GB virtual address.
# This output file may be truncated or incomplete.
#
#  Out of Memory Error (arena.cpp:191), pid=1216, tid=21628
#
# JRE version: OpenJDK Runtime Environment Temurin-17.0.10+7 (17.0.10+7) (build 17.0.10+7)
# Java VM: OpenJDK 64-Bit Server VM Temurin-17.0.10+7 (17.0.10+7, mixed mode, sharing, tiered, compressed oops, compressed class ptrs, g1 gc, windows-amd64)
# No core dump will be written. Minidumps are not enabled by default on client versions of Windows
#

---------------  S U M M A R Y ------------

Command Line: -XX:MaxMetaspaceSize=512m --add-opens=java.base/java.util=ALL-UNNAMED --add-opens=java.base/java.lang=ALL-UNNAMED --add-opens=java.base/java.lang.invoke=ALL-UNNAMED --add-opens=java.prefs/java.util.prefs=ALL-UNNAMED --add-opens=java.base/java.nio.charset=ALL-UNNAMED --add-opens=java.base/java.net=ALL-UNNAMED --add-opens=java.base/java.util.concurrent.atomic=ALL-UNNAMED -Xmx2048m -Dfile.encoding=windows-1252 -Duser.country=GB -Duser.language=en -Duser.variant -javaagent:C:\Users\Blaziod\.gradle\wrapper\dists\gradle-8.3-all\6en3ugtfdg5xnpx44z4qbwgas\gradle-8.3\lib\agents\gradle-instrumentation-agent-8.3.jar org.gradle.launcher.daemon.bootstrap.GradleDaemon 8.3

Host: AMD Ryzen 7 3700U with Radeon Vega Mobile Gfx  , 8 cores, 5G,  Windows 10 , 64 bit Build 19041 (10.0.19041.3636)
Time: Wed May 29 07:49:28 2024 W. Central Africa Standard Time elapsed time: 331.787508 seconds (0d 0h 5m 31s)

---------------  T H R E A D  ---------------

Current thread (0x0000018aff6dc120):  JavaThread "C2 CompilerThread0" daemon [_thread_in_native, id=21628, stack(0x0000000750d00000,0x0000000750e00000)]


Current CompileTask:
C2: 331787 10573       4       java.beans.Introspector::addMethod (196 bytes)

Stack: [0x0000000750d00000,0x0000000750e00000]
Native frames: (J=compiled Java code, j=interpreted, Vv=VM code, C=native code)
V  [jvm.dll+0x67d2c9]
V  [jvm.dll+0x834afa]
V  [jvm.dll+0x8365be]
V  [jvm.dll+0x836c23]
V  [jvm.dll+0x2477ff]
V  [jvm.dll+0xac514]
V  [jvm.dll+0xacb5c]
V  [jvm.dll+0x2aed1f]
V  [jvm.dll+0x584b67]
V  [jvm.dll+0x2228a2]
V  [jvm.dll+0x21b5cd]
V  [jvm.dll+0x219201]
V  [jvm.dll+0x1a502d]
V  [jvm.dll+0x2290de]
V  [jvm.dll+0x2272ac]
V  [jvm.dll+0x7e9bb7]
V  [jvm.dll+0x7e3fba]
V  [jvm.dll+0x67c1b5]
C  [ucrtbase.dll+0x21bb2]
C  [KERNEL32.DLL+0x17344]
C  [ntdll.dll+0x526b1]


---------------  P R O C E S S  ---------------

Threads class SMR info:
_java_thread_list=0x0000018aa9e3cb30, length=83, elements={
0x0000018ae52988f0, 0x0000018aff6b8940, 0x0000018aff6b96d0, 0x0000018aff6cf4d0,
0x0000018aff6d5dc0, 0x0000018aff6d76a0, 0x0000018aff6d7f70, 0x0000018aff6dc120,
0x0000018aff6deaf0, 0x0000018aff6ee820, 0x0000018aff6a0bd0, 0x0000018aff9c7f80,
0x0000018aa64b9a90, 0x0000018aa649e0a0, 0x0000018aa5d89650, 0x0000018aa63712b0,
0x0000018aa6371790, 0x0000018affa4a1b0, 0x0000018affa48860, 0x0000018affa47e40,
0x0000018affa48d70, 0x0000018affa4a6c0, 0x0000018affa49280, 0x0000018affa49790,
0x0000018aa6b71170, 0x0000018aa6b6fd30, 0x0000018aa6b6b650, 0x0000018aa6b6ca90,
0x0000018aa6b71680, 0x0000018aa6b6f820, 0x0000018aa6b70240, 0x0000018aa6b70c60,
0x0000018aa6b6e8f0, 0x0000018aa6b6c070, 0x0000018aa6b720a0, 0x0000018aa6b6c580,
0x0000018aa6b6d9c0, 0x0000018aa6b6f310, 0x0000018aa6b6e3e0, 0x0000018aa84b44a0,
0x0000018aa84b7c50, 0x0000018aa84b49b0, 0x0000018aa84b6d20, 0x0000018aa84ba4d0,
0x0000018aa84b3a80, 0x0000018aa84b53d0, 0x0000018aa84b58e0, 0x0000018aa84b3060,
0x0000018aa84b8670, 0x0000018aa84b5df0, 0x0000018aa84b8160, 0x0000018aa84b9ab0,
0x0000018aa84b9090, 0x0000018aa84b9fc0, 0x0000018aa84ba9e0, 0x0000018affa4b0e0,
0x0000018aa72aac60, 0x0000018aa72a6fa0, 0x0000018aa72a6070, 0x0000018aa72ab170,
0x0000018aa72a5140, 0x0000018aa72a9820, 0x0000018aa72aa240, 0x0000018aa72aa750,
0x0000018aa72a6580, 0x0000018aa72ab680, 0x0000018aa72a6a90, 0x0000018aa72a79c0,
0x0000018aa72a9d30, 0x0000018aa72a74b0, 0x0000018aa72a4720, 0x0000018aa72a8e00,
0x0000018aa72a4c30, 0x0000018aa72a9310, 0x0000018aa72ac0a0, 0x0000018aa6cd4160,
0x0000018aa6cd7910, 0x0000018aa6cd7e20, 0x0000018aa6cd4b80, 0x0000018aa6cd69e0,
0x0000018aa6cd8330, 0x0000018aa6cd9c80, 0x0000018aa6cda6a0
}

Java Threads: ( => current thread )
  0x0000018ae52988f0 JavaThread "main" [_thread_blocked, id=12400, stack(0x0000000750000000,0x0000000750100000)]
  0x0000018aff6b8940 JavaThread "Reference Handler" daemon [_thread_blocked, id=16600, stack(0x0000000750700000,0x0000000750800000)]
  0x0000018aff6b96d0 JavaThread "Finalizer" daemon [_thread_blocked, id=10568, stack(0x0000000750800000,0x0000000750900000)]
  0x0000018aff6cf4d0 JavaThread "Signal Dispatcher" daemon [_thread_blocked, id=4564, stack(0x0000000750900000,0x0000000750a00000)]
  0x0000018aff6d5dc0 JavaThread "Attach Listener" daemon [_thread_blocked, id=24772, stack(0x0000000750a00000,0x0000000750b00000)]
  0x0000018aff6d76a0 JavaThread "Service Thread" daemon [_thread_blocked, id=21900, stack(0x0000000750b00000,0x0000000750c00000)]
  0x0000018aff6d7f70 JavaThread "Monitor Deflation Thread" daemon [_thread_blocked, id=24988, stack(0x0000000750c00000,0x0000000750d00000)]
=>0x0000018aff6dc120 JavaThread "C2 CompilerThread0" daemon [_thread_in_native, id=21628, stack(0x0000000750d00000,0x0000000750e00000)]
  0x0000018aff6deaf0 JavaThread "C1 CompilerThread0" daemon [_thread_blocked, id=6360, stack(0x0000000750e00000,0x0000000750f00000)]
  0x0000018aff6ee820 JavaThread "Sweeper thread" daemon [_thread_blocked, id=6576, stack(0x0000000750f00000,0x0000000751000000)]
  0x0000018aff6a0bd0 JavaThread "Common-Cleaner" daemon [_thread_blocked, id=18256, stack(0x0000000751000000,0x0000000751100000)]
  0x0000018aff9c7f80 JavaThread "Notification Thread" daemon [_thread_blocked, id=5064, stack(0x0000000751100000,0x0000000751200000)]
  0x0000018aa64b9a90 JavaThread "Daemon health stats" [_thread_blocked, id=5020, stack(0x0000000751700000,0x0000000751800000)]
  0x0000018aa649e0a0 JavaThread "Incoming local TCP Connector on port 54231" [_thread_in_native, id=3500, stack(0x0000000751800000,0x0000000751900000)]
  0x0000018aa5d89650 JavaThread "Daemon periodic checks" [_thread_blocked, id=11040, stack(0x0000000751900000,0x0000000751a00000)]
  0x0000018aa63712b0 JavaThread "Daemon" [_thread_blocked, id=14768, stack(0x0000000751a00000,0x0000000751b00000)]
  0x0000018aa6371790 JavaThread "Handler for socket connection from /127.0.0.1:54231 to /127.0.0.1:54232" [_thread_in_native, id=16788, stack(0x0000000751b00000,0x0000000751c00000)]
  0x0000018affa4a1b0 JavaThread "Cancel handler" [_thread_blocked, id=22312, stack(0x0000000751c00000,0x0000000751d00000)]
  0x0000018affa48860 JavaThread "Daemon worker" [_thread_in_Java, id=17644, stack(0x0000000751d00000,0x0000000751e00000)]
  0x0000018affa47e40 JavaThread "Asynchronous log dispatcher for DefaultDaemonConnection: socket connection from /127.0.0.1:54231 to /127.0.0.1:54232" [_thread_blocked, id=7632, stack(0x0000000751e00000,0x0000000751f00000)]
  0x0000018affa48d70 JavaThread "Stdin handler" [_thread_blocked, id=25456, stack(0x0000000751f00000,0x0000000752000000)]
  0x0000018affa4a6c0 JavaThread "Daemon client event forwarder" [_thread_blocked, id=14688, stack(0x0000000752000000,0x0000000752100000)]
  0x0000018affa49280 JavaThread "Cache worker for journal cache (C:\Users\Blaziod\.gradle\caches\journal-1)" [_thread_blocked, id=24164, stack(0x0000000752400000,0x0000000752500000)]
  0x0000018affa49790 JavaThread "File lock request listener" [_thread_in_native, id=6300, stack(0x0000000752500000,0x0000000752600000)]
  0x0000018aa6b71170 JavaThread "Cache worker for file hash cache (C:\Users\Blaziod\.gradle\caches\8.3\fileHashes)" [_thread_blocked, id=11656, stack(0x0000000752600000,0x0000000752700000)]
  0x0000018aa6b6fd30 JavaThread "File watcher server" daemon [_thread_in_native, id=22976, stack(0x0000000752700000,0x0000000752800000)]
  0x0000018aa6b6b650 JavaThread "File watcher consumer" daemon [_thread_in_Java, id=16152, stack(0x0000000752800000,0x0000000752900000)]
  0x0000018aa6b6ca90 JavaThread "Cache worker for checksums cache (C:\Users\Blaziod\Desktop\Trend3\android\.gradle\8.3\checksums)" [_thread_blocked, id=24684, stack(0x0000000752900000,0x0000000752a00000)]
  0x0000018aa6b71680 JavaThread "Cache worker for file hash cache (C:\Users\Blaziod\Desktop\Trend3\android\.gradle\8.3\fileHashes)" [_thread_blocked, id=23596, stack(0x0000000752a00000,0x0000000752b00000)]
  0x0000018aa6b6f820 JavaThread "Cache worker for cache directory md-supplier (C:\Users\Blaziod\.gradle\caches\8.3\md-supplier)" [_thread_blocked, id=19148, stack(0x0000000752b00000,0x0000000752c00000)]
  0x0000018aa6b70240 JavaThread "Cache worker for file content cache (C:\Users\Blaziod\.gradle\caches\8.3\fileContent)" [_thread_blocked, id=19844, stack(0x0000000752c00000,0x0000000752d00000)]
  0x0000018aa6b70c60 JavaThread "Cache worker for cache directory md-rule (C:\Users\Blaziod\.gradle\caches\8.3\md-rule)" [_thread_blocked, id=14344, stack(0x0000000752e00000,0x0000000752f00000)]
  0x0000018aa6b6e8f0 JavaThread "Cache worker for execution history cache (C:\Users\Blaziod\.gradle\caches\8.3\executionHistory)" [_thread_blocked, id=17704, stack(0x0000000752f00000,0x0000000753000000)]
  0x0000018aa6b6c070 JavaThread "jar transforms" [_thread_blocked, id=17880, stack(0x0000000753000000,0x0000000753100000)]
  0x0000018aa6b720a0 JavaThread "jar transforms Thread 2" [_thread_blocked, id=12540, stack(0x0000000753100000,0x0000000753200000)]
  0x0000018aa6b6c580 JavaThread "jar transforms Thread 3" [_thread_blocked, id=18444, stack(0x0000000753200000,0x0000000753300000)]
  0x0000018aa6b6d9c0 JavaThread "jar transforms Thread 4" [_thread_blocked, id=20920, stack(0x0000000753300000,0x0000000753400000)]
  0x0000018aa6b6f310 JavaThread "Cache worker for kotlin-dsl (C:\Users\Blaziod\.gradle\caches\8.3\kotlin-dsl)" [_thread_blocked, id=14700, stack(0x000000074fd00000,0x000000074fe00000)]
  0x0000018aa6b6e3e0 JavaThread "jar transforms Thread 5" [_thread_blocked, id=17692, stack(0x000000074fe00000,0x000000074ff00000)]
  0x0000018aa84b44a0 JavaThread "jar transforms Thread 6" [_thread_blocked, id=15372, stack(0x000000074ff00000,0x0000000750000000)]
  0x0000018aa84b7c50 JavaThread "Unconstrained build operations" [_thread_blocked, id=25148, stack(0x0000000753700000,0x0000000753800000)]
  0x0000018aa84b49b0 JavaThread "Unconstrained build operations Thread 2" [_thread_blocked, id=1548, stack(0x0000000753800000,0x0000000753900000)]
  0x0000018aa84b6d20 JavaThread "jar transforms Thread 7" [_thread_blocked, id=15900, stack(0x0000000753900000,0x0000000753a00000)]
  0x0000018aa84ba4d0 JavaThread "jar transforms Thread 8" [_thread_blocked, id=14340, stack(0x0000000753a00000,0x0000000753b00000)]
  0x0000018aa84b3a80 JavaThread "Cache worker for dependencies-accessors (C:\Users\Blaziod\Desktop\Trend3\android\.gradle\8.3\dependencies-accessors)" [_thread_blocked, id=6604, stack(0x0000000753b00000,0x0000000753c00000)]
  0x0000018aa84b53d0 JavaThread "Cache worker for Build Output Cleanup Cache (C:\Users\Blaziod\Desktop\Trend3\node_modules\@react-native\gradle-plugin\.gradle\buildOutputCleanup)" [_thread_blocked, id=19392, stack(0x0000000753c00000,0x0000000753d00000)]
  0x0000018aa84b58e0 JavaThread "Unconstrained build operations Thread 3" [_thread_blocked, id=23372, stack(0x0000000753d00000,0x0000000753e00000)]
  0x0000018aa84b3060 JavaThread "Unconstrained build operations Thread 4" [_thread_blocked, id=23796, stack(0x0000000753e00000,0x0000000753f00000)]
  0x0000018aa84b8670 JavaThread "Unconstrained build operations Thread 5" [_thread_blocked, id=6304, stack(0x0000000753f00000,0x0000000754000000)]
  0x0000018aa84b5df0 JavaThread "Unconstrained build operations Thread 6" [_thread_blocked, id=24360, stack(0x0000000754000000,0x0000000754100000)]
  0x0000018aa84b8160 JavaThread "Unconstrained build operations Thread 7" [_thread_blocked, id=6740, stack(0x0000000754100000,0x0000000754200000)]
  0x0000018aa84b9ab0 JavaThread "Unconstrained build operations Thread 8" [_thread_blocked, id=840, stack(0x0000000754200000,0x0000000754300000)]
  0x0000018aa84b9090 JavaThread "Unconstrained build operations Thread 9" [_thread_blocked, id=19380, stack(0x0000000754300000,0x0000000754400000)]
  0x0000018aa84b9fc0 JavaThread "Memory manager" [_thread_blocked, id=1888, stack(0x0000000754400000,0x0000000754500000)]
  0x0000018aa84ba9e0 JavaThread "Cache worker for Build Output Cleanup Cache (C:\Users\Blaziod\Desktop\Trend3\android\.gradle\buildOutputCleanup)" [_thread_blocked, id=4464, stack(0x0000000754500000,0x0000000754600000)]
  0x0000018affa4b0e0 JavaThread "ForkJoinPool.commonPool-worker-2" daemon [_thread_blocked, id=22024, stack(0x0000000754700000,0x0000000754800000)]
  0x0000018aa72aac60 JavaThread "ForkJoinPool.commonPool-worker-4" daemon [_thread_blocked, id=14408, stack(0x0000000754900000,0x0000000754a00000)]
  0x0000018aa72a6fa0 JavaThread "ForkJoinPool.commonPool-worker-5" daemon [_thread_blocked, id=14464, stack(0x0000000754a00000,0x0000000754b00000)]
  0x0000018aa72a6070 JavaThread "ForkJoinPool.commonPool-worker-7" daemon [_thread_blocked, id=9876, stack(0x0000000754c00000,0x0000000754d00000)]
  0x0000018aa72ab170 JavaThread "Execution worker" [_thread_blocked, id=22172, stack(0x0000000755100000,0x0000000755200000)]
  0x0000018aa72a5140 JavaThread "Execution worker Thread 2" [_thread_blocked, id=12748, stack(0x0000000755200000,0x0000000755300000)]
  0x0000018aa72a9820 JavaThread "Execution worker Thread 3" [_thread_blocked, id=23772, stack(0x0000000755300000,0x0000000755400000)]
  0x0000018aa72aa240 JavaThread "Execution worker Thread 4" [_thread_blocked, id=21392, stack(0x0000000755400000,0x0000000755500000)]
  0x0000018aa72aa750 JavaThread "Execution worker Thread 5" [_thread_blocked, id=2080, stack(0x0000000755500000,0x0000000755600000)]
  0x0000018aa72a6580 JavaThread "Execution worker Thread 6" [_thread_blocked, id=13916, stack(0x0000000755600000,0x0000000755700000)]
  0x0000018aa72ab680 JavaThread "Execution worker Thread 7" [_thread_blocked, id=23468, stack(0x0000000755700000,0x0000000755800000)]
  0x0000018aa72a6a90 JavaThread "Cache worker for execution history cache (C:\Users\Blaziod\Desktop\Trend3\node_modules\@react-native\gradle-plugin\.gradle\8.3\executionHistory)" [_thread_blocked, id=7724, stack(0x0000000755800000,0x0000000755900000)]
  0x0000018aa72a79c0 JavaThread "Unconstrained build operations Thread 10" [_thread_blocked, id=24516, stack(0x0000000755900000,0x0000000755a00000)]
  0x0000018aa72a9d30 JavaThread "Unconstrained build operations Thread 11" [_thread_blocked, id=9412, stack(0x0000000755a00000,0x0000000755b00000)]
  0x0000018aa72a74b0 JavaThread "Unconstrained build operations Thread 12" [_thread_blocked, id=4864, stack(0x0000000755b00000,0x0000000755c00000)]
  0x0000018aa72a4720 JavaThread "Unconstrained build operations Thread 13" [_thread_blocked, id=5984, stack(0x0000000755c00000,0x0000000755d00000)]
  0x0000018aa72a8e00 JavaThread "Unconstrained build operations Thread 14" [_thread_blocked, id=23880, stack(0x0000000755d00000,0x0000000755e00000)]
  0x0000018aa72a4c30 JavaThread "Unconstrained build operations Thread 15" [_thread_blocked, id=23728, stack(0x0000000755e00000,0x0000000755f00000)]
  0x0000018aa72a9310 JavaThread "Unconstrained build operations Thread 16" [_thread_blocked, id=12536, stack(0x0000000755f00000,0x0000000756000000)]
  0x0000018aa72ac0a0 JavaThread "Unconstrained build operations Thread 17" [_thread_blocked, id=18152, stack(0x0000000756000000,0x0000000756100000)]
  0x0000018aa6cd4160 JavaThread "Unconstrained build operations Thread 18" [_thread_blocked, id=17596, stack(0x0000000756100000,0x0000000756200000)]
  0x0000018aa6cd7910 JavaThread "Unconstrained build operations Thread 19" [_thread_blocked, id=1400, stack(0x0000000756200000,0x0000000756300000)]
  0x0000018aa6cd7e20 JavaThread "Unconstrained build operations Thread 20" [_thread_blocked, id=25336, stack(0x0000000756300000,0x0000000756400000)]
  0x0000018aa6cd4b80 JavaThread "Unconstrained build operations Thread 21" [_thread_blocked, id=8020, stack(0x0000000756400000,0x0000000756500000)]
  0x0000018aa6cd69e0 JavaThread "Unconstrained build operations Thread 22" [_thread_blocked, id=25372, stack(0x0000000756500000,0x0000000756600000)]
  0x0000018aa6cd8330 JavaThread "Unconstrained build operations Thread 23" [_thread_blocked, id=19568, stack(0x0000000756600000,0x0000000756700000)]
  0x0000018aa6cd9c80 JavaThread "Unconstrained build operations Thread 24" [_thread_blocked, id=6016, stack(0x0000000756700000,0x0000000756800000)]
  0x0000018aa6cda6a0 JavaThread "Unconstrained build operations Thread 25" [_thread_blocked, id=23416, stack(0x0000000756800000,0x0000000756900000)]

Other Threads:
  0x0000018aff6afe10 VMThread "VM Thread" [stack: 0x0000000750600000,0x0000000750700000] [id=14116]
  0x0000018ae52996c0 WatcherThread [stack: 0x0000000751200000,0x0000000751300000] [id=16916]
  0x0000018ae52f5940 GCTaskThread "GC Thread#0" [stack: 0x0000000750100000,0x0000000750200000] [id=18100]
  0x0000018aa55f55f0 GCTaskThread "GC Thread#1" [stack: 0x0000000751300000,0x0000000751400000] [id=16024]
  0x0000018aa53a89c0 GCTaskThread "GC Thread#2" [stack: 0x0000000751400000,0x0000000751500000] [id=15400]
  0x0000018aa545d4c0 GCTaskThread "GC Thread#3" [stack: 0x0000000751500000,0x0000000751600000] [id=4920]
  0x0000018aa55f08a0 GCTaskThread "GC Thread#4" [stack: 0x0000000751600000,0x0000000751700000] [id=12160]
  0x0000018aa6bab9d0 GCTaskThread "GC Thread#5" [stack: 0x0000000752100000,0x0000000752200000] [id=12912]
  0x0000018aa6babc90 GCTaskThread "GC Thread#6" [stack: 0x0000000752200000,0x0000000752300000] [id=4668]
  0x0000018aa654e0f0 GCTaskThread "GC Thread#7" [stack: 0x0000000752300000,0x0000000752400000] [id=2864]
  0x0000018ae53067a0 ConcurrentGCThread "G1 Main Marker" [stack: 0x0000000750200000,0x0000000750300000] [id=19704]
  0x0000018ae5307870 ConcurrentGCThread "G1 Conc#0" [stack: 0x0000000750300000,0x0000000750400000] [id=22360]
  0x0000018aa5746a60 ConcurrentGCThread "G1 Conc#1" [stack: 0x0000000752d00000,0x0000000752e00000] [id=4968]
  0x0000018ae5346300 ConcurrentGCThread "G1 Refine#0" [stack: 0x0000000750400000,0x0000000750500000] [id=9048]
  0x0000018ae5346c40 ConcurrentGCThread "G1 Service" [stack: 0x0000000750500000,0x0000000750600000] [id=9796]

Threads with active compile tasks:
C2 CompilerThread0   331904 10573       4       java.beans.Introspector::addMethod (196 bytes)

VM state: not at safepoint (normal execution)

VM Mutex/Monitor currently owned by a thread: None

Heap address: 0x0000000080000000, size: 2048 MB, Compressed Oops mode: 32-bit

CDS archive(s) mapped at: [0x0000018a86000000-0x0000018a86bb0000-0x0000018a86bb0000), size 12255232, SharedBaseAddress: 0x0000018a86000000, ArchiveRelocationMode: 1.
Compressed class space mapped at: 0x0000018a87000000-0x0000018aa1000000, reserved size: 436207616
Narrow klass base: 0x0000018a86000000, Narrow klass shift: 0, Narrow klass range: 0x100000000

GC Precious Log:
 CPUs: 8 total, 8 available
 Memory: 6020M
 Large Page Support: Disabled
 NUMA Support: Disabled
 Compressed Oops: Enabled (32-bit)
 Heap Region Size: 1M
 Heap Min Capacity: 8M
 Heap Initial Capacity: 96M
 Heap Max Capacity: 2G
 Pre-touch: Disabled
 Parallel Workers: 8
 Concurrent Workers: 2
 Concurrent Refinement Workers: 8
 Periodic GC: Disabled

Heap:
 garbage-first heap   total 256000K, used 122414K [0x0000000080000000, 0x0000000100000000)
  region size 1024K, 35 young (35840K), 11 survivors (11264K)
 Metaspace       used 89630K, committed 90432K, reserved 557056K
  class space    used 12560K, committed 12928K, reserved 425984K

Heap Regions: E=young(eden), S=young(survivor), O=old, HS=humongous(starts), HC=humongous(continues), CS=collection set, F=free, OA=open archive, CA=closed archive, TAMS=top-at-mark-start (previous, next)
|   0|0x0000000080000000, 0x0000000080100000, 0x0000000080100000|100%|HS|  |TAMS 0x0000000080100000, 0x0000000080000000| Complete 
|   1|0x0000000080100000, 0x0000000080200000, 0x0000000080200000|100%|HC|  |TAMS 0x0000000080200000, 0x0000000080100000| Complete 
|   2|0x0000000080200000, 0x0000000080300000, 0x0000000080300000|100%|HC|  |TAMS 0x0000000080300000, 0x0000000080200000| Complete 
|   3|0x0000000080300000, 0x0000000080400000, 0x0000000080400000|100%|HC|  |TAMS 0x0000000080400000, 0x0000000080300000| Complete 
|   4|0x0000000080400000, 0x0000000080500000, 0x0000000080500000|100%| O|  |TAMS 0x0000000080500000, 0x0000000080400000| Untracked 
|   5|0x0000000080500000, 0x0000000080600000, 0x0000000080600000|100%| O|  |TAMS 0x0000000080600000, 0x0000000080500000| Untracked 
|   6|0x0000000080600000, 0x0000000080700000, 0x0000000080700000|100%| O|  |TAMS 0x0000000080700000, 0x0000000080600000| Untracked 
|   7|0x0000000080700000, 0x0000000080800000, 0x0000000080800000|100%| O|  |TAMS 0x0000000080800000, 0x0000000080700000| Untracked 
|   8|0x0000000080800000, 0x0000000080900000, 0x0000000080900000|100%| O|  |TAMS 0x0000000080900000, 0x0000000080800000| Untracked 
|   9|0x0000000080900000, 0x0000000080a00000, 0x0000000080a00000|100%| O|  |TAMS 0x0000000080a00000, 0x0000000080900000| Untracked 
|  10|0x0000000080a00000, 0x0000000080b00000, 0x0000000080b00000|100%| O|  |TAMS 0x0000000080b00000, 0x0000000080a00000| Untracked 
|  11|0x0000000080b00000, 0x0000000080c00000, 0x0000000080c00000|100%| O|  |TAMS 0x0000000080c00000, 0x0000000080b00000| Untracked 
|  12|0x0000000080c00000, 0x0000000080d00000, 0x0000000080d00000|100%| O|  |TAMS 0x0000000080d00000, 0x0000000080c00000| Untracked 
|  13|0x0000000080d00000, 0x0000000080e00000, 0x0000000080e00000|100%| O|  |TAMS 0x0000000080e00000, 0x0000000080d00000| Untracked 
|  14|0x0000000080e00000, 0x0000000080f00000, 0x0000000080f00000|100%| O|  |TAMS 0x0000000080f00000, 0x0000000080e00000| Untracked 
|  15|0x0000000080f00000, 0x0000000081000000, 0x0000000081000000|100%| O|  |TAMS 0x0000000081000000, 0x0000000080f00000| Untracked 
|  16|0x0000000081000000, 0x0000000081100000, 0x0000000081100000|100%| O|  |TAMS 0x0000000081100000, 0x0000000081000000| Untracked 
|  17|0x0000000081100000, 0x0000000081200000, 0x0000000081200000|100%| O|  |TAMS 0x0000000081200000, 0x0000000081100000| Untracked 
|  18|0x0000000081200000, 0x0000000081300000, 0x0000000081300000|100%| O|  |TAMS 0x0000000081300000, 0x0000000081200000| Untracked 
|  19|0x0000000081300000, 0x0000000081300000, 0x0000000081400000|  0%| F|  |TAMS 0x0000000081300000, 0x0000000081300000| Untracked 
|  20|0x0000000081400000, 0x0000000081500000, 0x0000000081500000|100%| O|  |TAMS 0x0000000081500000, 0x0000000081400000| Untracked 
|  21|0x0000000081500000, 0x0000000081600000, 0x0000000081600000|100%| O|  |TAMS 0x0000000081600000, 0x0000000081500000| Untracked 
|  22|0x0000000081600000, 0x0000000081700000, 0x0000000081700000|100%| O|  |TAMS 0x0000000081700000, 0x0000000081600000| Untracked 
|  23|0x0000000081700000, 0x0000000081800000, 0x0000000081800000|100%| O|  |TAMS 0x0000000081800000, 0x0000000081700000| Untracked 
|  24|0x0000000081800000, 0x0000000081900000, 0x0000000081900000|100%| O|  |TAMS 0x0000000081900000, 0x0000000081800000| Untracked 
|  25|0x0000000081900000, 0x0000000081a00000, 0x0000000081a00000|100%| O|  |TAMS 0x0000000081a00000, 0x0000000081900000| Untracked 
|  26|0x0000000081a00000, 0x0000000081b00000, 0x0000000081b00000|100%| O|  |TAMS 0x0000000081b00000, 0x0000000081a00000| Untracked 
|  27|0x0000000081b00000, 0x0000000081c00000, 0x0000000081c00000|100%| O|  |TAMS 0x0000000081c00000, 0x0000000081b00000| Untracked 
|  28|0x0000000081c00000, 0x0000000081d00000, 0x0000000081d00000|100%| O|  |TAMS 0x0000000081d00000, 0x0000000081c00000| Untracked 
|  29|0x0000000081d00000, 0x0000000081e00000, 0x0000000081e00000|100%| O|  |TAMS 0x0000000081e00000, 0x0000000081d00000| Untracked 
|  30|0x0000000081e00000, 0x0000000081f00000, 0x0000000081f00000|100%| O|  |TAMS 0x0000000081f00000, 0x0000000081e00000| Untracked 
|  31|0x0000000081f00000, 0x0000000082000000, 0x0000000082000000|100%| O|  |TAMS 0x0000000082000000, 0x0000000081f00000| Untracked 
|  32|0x0000000082000000, 0x0000000082100000, 0x0000000082100000|100%| O|  |TAMS 0x0000000082100000, 0x0000000082000000| Untracked 
|  33|0x0000000082100000, 0x0000000082200000, 0x0000000082200000|100%| O|  |TAMS 0x0000000082200000, 0x0000000082100000| Untracked 
|  34|0x0000000082200000, 0x0000000082300000, 0x0000000082300000|100%| O|  |TAMS 0x0000000082300000, 0x0000000082200000| Untracked 
|  35|0x0000000082300000, 0x0000000082400000, 0x0000000082400000|100%| O|  |TAMS 0x0000000082400000, 0x0000000082300000| Untracked 
|  36|0x0000000082400000, 0x0000000082500000, 0x0000000082500000|100%| O|  |TAMS 0x0000000082500000, 0x0000000082400000| Untracked 
|  37|0x0000000082500000, 0x0000000082600000, 0x0000000082600000|100%| O|  |TAMS 0x0000000082600000, 0x0000000082500000| Untracked 
|  38|0x0000000082600000, 0x0000000082700000, 0x0000000082700000|100%| O|  |TAMS 0x0000000082700000, 0x0000000082600000| Untracked 
|  39|0x0000000082700000, 0x0000000082800000, 0x0000000082800000|100%| O|  |TAMS 0x0000000082800000, 0x0000000082700000| Untracked 
|  40|0x0000000082800000, 0x0000000082900000, 0x0000000082900000|100%| O|  |TAMS 0x0000000082900000, 0x0000000082800000| Untracked 
|  41|0x0000000082900000, 0x0000000082a00000, 0x0000000082a00000|100%|HS|  |TAMS 0x0000000082a00000, 0x0000000082900000| Complete 
|  42|0x0000000082a00000, 0x0000000082b00000, 0x0000000082b00000|100%|HC|  |TAMS 0x0000000082b00000, 0x0000000082a00000| Complete 
|  43|0x0000000082b00000, 0x0000000082c00000, 0x0000000082c00000|100%| O|  |TAMS 0x0000000082c00000, 0x0000000082b00000| Untracked 
|  44|0x0000000082c00000, 0x0000000082d00000, 0x0000000082d00000|100%| O|  |TAMS 0x0000000082d00000, 0x0000000082c00000| Untracked 
|  45|0x0000000082d00000, 0x0000000082e00000, 0x0000000082e00000|100%|HS|  |TAMS 0x0000000082e00000, 0x0000000082d00000| Complete 
|  46|0x0000000082e00000, 0x0000000082f00000, 0x0000000082f00000|100%|HC|  |TAMS 0x0000000082f00000, 0x0000000082e00000| Complete 
|  47|0x0000000082f00000, 0x0000000083000000, 0x0000000083000000|100%|HS|  |TAMS 0x0000000083000000, 0x0000000082f00000| Complete 
|  48|0x0000000083000000, 0x0000000083100000, 0x0000000083100000|100%|HC|  |TAMS 0x0000000083100000, 0x0000000083000000| Complete 
|  49|0x0000000083100000, 0x0000000083200000, 0x0000000083200000|100%|HC|  |TAMS 0x0000000083200000, 0x0000000083100000| Complete 
|  50|0x0000000083200000, 0x0000000083300000, 0x0000000083300000|100%|HC|  |TAMS 0x0000000083300000, 0x0000000083200000| Complete 
|  51|0x0000000083300000, 0x0000000083400000, 0x0000000083400000|100%| O|  |TAMS 0x0000000083400000, 0x0000000083300000| Untracked 
|  52|0x0000000083400000, 0x0000000083500000, 0x0000000083500000|100%| O|  |TAMS 0x0000000083500000, 0x0000000083400000| Untracked 
|  53|0x0000000083500000, 0x0000000083600000, 0x0000000083600000|100%| O|  |TAMS 0x0000000083600000, 0x0000000083500000| Untracked 
|  54|0x0000000083600000, 0x0000000083700000, 0x0000000083700000|100%| O|  |TAMS 0x0000000083700000, 0x0000000083600000| Untracked 
|  55|0x0000000083700000, 0x0000000083800000, 0x0000000083800000|100%|HS|  |TAMS 0x0000000083800000, 0x0000000083700000| Complete 
|  56|0x0000000083800000, 0x0000000083900000, 0x0000000083900000|100%|HC|  |TAMS 0x0000000083900000, 0x0000000083800000| Complete 
|  57|0x0000000083900000, 0x0000000083a00000, 0x0000000083a00000|100%|HC|  |TAMS 0x0000000083a00000, 0x0000000083900000| Complete 
|  58|0x0000000083a00000, 0x0000000083b00000, 0x0000000083b00000|100%|HC|  |TAMS 0x0000000083b00000, 0x0000000083a00000| Complete 
|  59|0x0000000083b00000, 0x0000000083c00000, 0x0000000083c00000|100%| O|  |TAMS 0x0000000083c00000, 0x0000000083b00000| Untracked 
|  60|0x0000000083c00000, 0x0000000083d00000, 0x0000000083d00000|100%| O|  |TAMS 0x0000000083d00000, 0x0000000083c00000| Untracked 
|  61|0x0000000083d00000, 0x0000000083e00000, 0x0000000083e00000|100%| O|  |TAMS 0x0000000083e00000, 0x0000000083d00000| Untracked 
|  62|0x0000000083e00000, 0x0000000083f00000, 0x0000000083f00000|100%| O|  |TAMS 0x0000000083f00000, 0x0000000083e00000| Untracked 
|  63|0x0000000083f00000, 0x0000000084000000, 0x0000000084000000|100%| O|  |TAMS 0x0000000084000000, 0x0000000083f00000| Untracked 
|  64|0x0000000084000000, 0x0000000084100000, 0x0000000084100000|100%| O|  |TAMS 0x0000000084100000, 0x0000000084000000| Untracked 
|  65|0x0000000084100000, 0x0000000084200000, 0x0000000084200000|100%| O|  |TAMS 0x0000000084200000, 0x0000000084100000| Untracked 
|  66|0x0000000084200000, 0x0000000084300000, 0x0000000084300000|100%| O|  |TAMS 0x0000000084300000, 0x0000000084200000| Untracked 
|  67|0x0000000084300000, 0x0000000084400000, 0x0000000084400000|100%| O|  |TAMS 0x0000000084400000, 0x0000000084300000| Untracked 
|  68|0x0000000084400000, 0x0000000084500000, 0x0000000084500000|100%| O|  |TAMS 0x0000000084500000, 0x0000000084400000| Untracked 
|  69|0x0000000084500000, 0x0000000084600000, 0x0000000084600000|100%| O|  |TAMS 0x0000000084600000, 0x0000000084500000| Untracked 
|  70|0x0000000084600000, 0x0000000084700000, 0x0000000084700000|100%| O|  |TAMS 0x0000000084700000, 0x0000000084600000| Untracked 
|  71|0x0000000084700000, 0x0000000084800000, 0x0000000084800000|100%| O|  |TAMS 0x0000000084800000, 0x0000000084700000| Untracked 
|  72|0x0000000084800000, 0x0000000084900000, 0x0000000084900000|100%|HS|  |TAMS 0x0000000084900000, 0x0000000084800000| Complete 
|  73|0x0000000084900000, 0x0000000084a00000, 0x0000000084a00000|100%|HS|  |TAMS 0x0000000084a00000, 0x0000000084900000| Complete 
|  74|0x0000000084a00000, 0x0000000084b00000, 0x0000000084b00000|100%|HS|  |TAMS 0x0000000084b00000, 0x0000000084a00000| Complete 
|  75|0x0000000084b00000, 0x0000000084c00000, 0x0000000084c00000|100%| O|  |TAMS 0x0000000084b00000, 0x0000000084b00000| Untracked 
|  76|0x0000000084c00000, 0x0000000084d00000, 0x0000000084d00000|100%| O|  |TAMS 0x0000000084d00000, 0x0000000084c00000| Untracked 
|  77|0x0000000084d00000, 0x0000000084e00000, 0x0000000084e00000|100%|HS|  |TAMS 0x0000000084e00000, 0x0000000084d00000| Complete 
|  78|0x0000000084e00000, 0x0000000084f00000, 0x0000000084f00000|100%| O|  |TAMS 0x0000000084f00000, 0x0000000084e00000| Untracked 
|  79|0x0000000084f00000, 0x0000000085000000, 0x0000000085000000|100%| O|  |TAMS 0x0000000085000000, 0x0000000084f00000| Untracked 
|  80|0x0000000085000000, 0x0000000085100000, 0x0000000085100000|100%| O|  |TAMS 0x0000000085100000, 0x0000000085000000| Untracked 
|  81|0x0000000085100000, 0x0000000085200000, 0x0000000085200000|100%| O|  |TAMS 0x0000000085200000, 0x0000000085100000| Untracked 
|  82|0x0000000085200000, 0x0000000085300000, 0x0000000085300000|100%| O|  |TAMS 0x0000000085300000, 0x0000000085200000| Untracked 
|  83|0x0000000085300000, 0x0000000085400000, 0x0000000085400000|100%| O|  |TAMS 0x0000000085400000, 0x0000000085300000| Untracked 
|  84|0x0000000085400000, 0x0000000085500000, 0x0000000085500000|100%| O|  |TAMS 0x0000000085500000, 0x0000000085400000| Untracked 
|  85|0x0000000085500000, 0x0000000085600000, 0x0000000085600000|100%| O|  |TAMS 0x0000000085600000, 0x0000000085500000| Untracked 
|  86|0x0000000085600000, 0x0000000085645e00, 0x0000000085700000| 27%| O|  |TAMS 0x0000000085600000, 0x0000000085600000| Untracked 
|  87|0x0000000085700000, 0x0000000085700000, 0x0000000085800000|  0%| F|  |TAMS 0x0000000085700000, 0x0000000085700000| Untracked 
|  88|0x0000000085800000, 0x0000000085800000, 0x0000000085900000|  0%| F|  |TAMS 0x0000000085800000, 0x0000000085800000| Untracked 
|  89|0x0000000085900000, 0x0000000085900000, 0x0000000085a00000|  0%| F|  |TAMS 0x0000000085900000, 0x0000000085900000| Untracked 
|  90|0x0000000085a00000, 0x0000000085b00000, 0x0000000085b00000|100%| O|  |TAMS 0x0000000085a45e00, 0x0000000085a00000| Untracked 
|  91|0x0000000085b00000, 0x0000000085b00000, 0x0000000085c00000|  0%| F|  |TAMS 0x0000000085b00000, 0x0000000085b00000| Untracked 
|  92|0x0000000085c00000, 0x0000000085c00000, 0x0000000085d00000|  0%| F|  |TAMS 0x0000000085c00000, 0x0000000085c00000| Untracked 
|  93|0x0000000085d00000, 0x0000000085d00000, 0x0000000085e00000|  0%| F|  |TAMS 0x0000000085d00000, 0x0000000085d00000| Untracked 
|  94|0x0000000085e00000, 0x0000000085e00000, 0x0000000085f00000|  0%| F|  |TAMS 0x0000000085e00000, 0x0000000085e00000| Untracked 
|  95|0x0000000085f00000, 0x0000000085f00000, 0x0000000086000000|  0%| F|  |TAMS 0x0000000085f00000, 0x0000000085f00000| Untracked 
|  96|0x0000000086000000, 0x0000000086000000, 0x0000000086100000|  0%| F|  |TAMS 0x0000000086000000, 0x0000000086000000| Untracked 
|  97|0x0000000086100000, 0x0000000086100000, 0x0000000086200000|  0%| F|  |TAMS 0x0000000086100000, 0x0000000086100000| Untracked 
|  98|0x0000000086200000, 0x0000000086200000, 0x0000000086300000|  0%| F|  |TAMS 0x0000000086200000, 0x0000000086200000| Untracked 
|  99|0x0000000086300000, 0x0000000086300000, 0x0000000086400000|  0%| F|  |TAMS 0x0000000086300000, 0x0000000086300000| Untracked 
| 100|0x0000000086400000, 0x0000000086400000, 0x0000000086500000|  0%| F|  |TAMS 0x0000000086400000, 0x0000000086400000| Untracked 
| 101|0x0000000086500000, 0x0000000086500000, 0x0000000086600000|  0%| F|  |TAMS 0x0000000086500000, 0x0000000086500000| Untracked 
| 102|0x0000000086600000, 0x0000000086600000, 0x0000000086700000|  0%| F|  |TAMS 0x0000000086600000, 0x0000000086600000| Untracked 
| 103|0x0000000086700000, 0x0000000086700000, 0x0000000086800000|  0%| F|  |TAMS 0x0000000086700000, 0x0000000086700000| Untracked 
| 104|0x0000000086800000, 0x0000000086800000, 0x0000000086900000|  0%| F|  |TAMS 0x0000000086800000, 0x0000000086800000| Untracked 
| 105|0x0000000086900000, 0x0000000086900000, 0x0000000086a00000|  0%| F|  |TAMS 0x0000000086900000, 0x0000000086900000| Untracked 
| 106|0x0000000086a00000, 0x0000000086a00000, 0x0000000086b00000|  0%| F|  |TAMS 0x0000000086a00000, 0x0000000086a00000| Untracked 
| 107|0x0000000086b00000, 0x0000000086b00000, 0x0000000086c00000|  0%| F|  |TAMS 0x0000000086b00000, 0x0000000086b00000| Untracked 
| 108|0x0000000086c00000, 0x0000000086c00000, 0x0000000086d00000|  0%| F|  |TAMS 0x0000000086c00000, 0x0000000086c00000| Untracked 
| 109|0x0000000086d00000, 0x0000000086d00000, 0x0000000086e00000|  0%| F|  |TAMS 0x0000000086d00000, 0x0000000086d00000| Untracked 
| 110|0x0000000086e00000, 0x0000000086e00000, 0x0000000086f00000|  0%| F|  |TAMS 0x0000000086e00000, 0x0000000086e00000| Untracked 
| 111|0x0000000086f00000, 0x0000000086f00000, 0x0000000087000000|  0%| F|  |TAMS 0x0000000086f00000, 0x0000000086f00000| Untracked 
| 112|0x0000000087000000, 0x0000000087000000, 0x0000000087100000|  0%| F|  |TAMS 0x0000000087000000, 0x0000000087000000| Untracked 
| 113|0x0000000087100000, 0x0000000087100000, 0x0000000087200000|  0%| F|  |TAMS 0x0000000087100000, 0x0000000087100000| Untracked 
| 114|0x0000000087200000, 0x0000000087200000, 0x0000000087300000|  0%| F|  |TAMS 0x0000000087200000, 0x0000000087200000| Untracked 
| 115|0x0000000087300000, 0x0000000087300000, 0x0000000087400000|  0%| F|  |TAMS 0x0000000087300000, 0x0000000087300000| Untracked 
| 116|0x0000000087400000, 0x0000000087400000, 0x0000000087500000|  0%| F|  |TAMS 0x0000000087400000, 0x0000000087400000| Untracked 
| 117|0x0000000087500000, 0x0000000087500000, 0x0000000087600000|  0%| F|  |TAMS 0x0000000087500000, 0x0000000087500000| Untracked 
| 118|0x0000000087600000, 0x0000000087600000, 0x0000000087700000|  0%| F|  |TAMS 0x0000000087600000, 0x0000000087600000| Untracked 
| 119|0x0000000087700000, 0x0000000087700000, 0x0000000087800000|  0%| F|  |TAMS 0x0000000087700000, 0x0000000087700000| Untracked 
| 120|0x0000000087800000, 0x0000000087800000, 0x0000000087900000|  0%| F|  |TAMS 0x0000000087800000, 0x0000000087800000| Untracked 
| 121|0x0000000087900000, 0x0000000087900000, 0x0000000087a00000|  0%| F|  |TAMS 0x0000000087900000, 0x0000000087900000| Untracked 
| 122|0x0000000087a00000, 0x0000000087a00000, 0x0000000087b00000|  0%| F|  |TAMS 0x0000000087a00000, 0x0000000087a00000| Untracked 
| 123|0x0000000087b00000, 0x0000000087b00000, 0x0000000087c00000|  0%| F|  |TAMS 0x0000000087b00000, 0x0000000087b00000| Untracked 
| 124|0x0000000087c00000, 0x0000000087c00000, 0x0000000087d00000|  0%| F|  |TAMS 0x0000000087c00000, 0x0000000087c00000| Untracked 
| 125|0x0000000087d00000, 0x0000000087d00000, 0x0000000087e00000|  0%| F|  |TAMS 0x0000000087d00000, 0x0000000087d00000| Untracked 
| 126|0x0000000087e00000, 0x0000000087e00000, 0x0000000087f00000|  0%| F|  |TAMS 0x0000000087e00000, 0x0000000087e00000| Untracked 
| 127|0x0000000087f00000, 0x0000000087f00000, 0x0000000088000000|  0%| F|  |TAMS 0x0000000087f00000, 0x0000000087f00000| Untracked 
| 128|0x0000000088000000, 0x0000000088000000, 0x0000000088100000|  0%| F|  |TAMS 0x0000000088000000, 0x0000000088000000| Untracked 
| 129|0x0000000088100000, 0x0000000088100000, 0x0000000088200000|  0%| F|  |TAMS 0x0000000088100000, 0x0000000088100000| Untracked 
| 130|0x0000000088200000, 0x0000000088200000, 0x0000000088300000|  0%| F|  |TAMS 0x0000000088200000, 0x0000000088200000| Untracked 
| 131|0x0000000088300000, 0x0000000088300000, 0x0000000088400000|  0%| F|  |TAMS 0x0000000088300000, 0x0000000088300000| Untracked 
| 132|0x0000000088400000, 0x0000000088400000, 0x0000000088500000|  0%| F|  |TAMS 0x0000000088400000, 0x0000000088400000| Untracked 
| 133|0x0000000088500000, 0x0000000088500000, 0x0000000088600000|  0%| F|  |TAMS 0x0000000088500000, 0x0000000088500000| Untracked 
| 134|0x0000000088600000, 0x0000000088600000, 0x0000000088700000|  0%| F|  |TAMS 0x0000000088600000, 0x0000000088600000| Untracked 
| 135|0x0000000088700000, 0x0000000088700000, 0x0000000088800000|  0%| F|  |TAMS 0x0000000088700000, 0x0000000088700000| Untracked 
| 136|0x0000000088800000, 0x0000000088800000, 0x0000000088900000|  0%| F|  |TAMS 0x0000000088800000, 0x0000000088800000| Untracked 
| 137|0x0000000088900000, 0x0000000088900000, 0x0000000088a00000|  0%| F|  |TAMS 0x0000000088900000, 0x0000000088900000| Untracked 
| 138|0x0000000088a00000, 0x0000000088a00000, 0x0000000088b00000|  0%| F|  |TAMS 0x0000000088a00000, 0x0000000088a00000| Untracked 
| 139|0x0000000088b00000, 0x0000000088b45bc0, 0x0000000088c00000| 27%| S|CS|TAMS 0x0000000088b00000, 0x0000000088b00000| Complete 
| 140|0x0000000088c00000, 0x0000000088d00000, 0x0000000088d00000|100%| S|CS|TAMS 0x0000000088c00000, 0x0000000088c00000| Complete 
| 141|0x0000000088d00000, 0x0000000088e00000, 0x0000000088e00000|100%| S|CS|TAMS 0x0000000088d00000, 0x0000000088d00000| Complete 
| 142|0x0000000088e00000, 0x0000000088f00000, 0x0000000088f00000|100%| S|CS|TAMS 0x0000000088e00000, 0x0000000088e00000| Complete 
| 143|0x0000000088f00000, 0x0000000089000000, 0x0000000089000000|100%| S|CS|TAMS 0x0000000088f00000, 0x0000000088f00000| Complete 
| 144|0x0000000089000000, 0x0000000089100000, 0x0000000089100000|100%| S|CS|TAMS 0x0000000089000000, 0x0000000089000000| Complete 
| 145|0x0000000089100000, 0x0000000089200000, 0x0000000089200000|100%| S|CS|TAMS 0x0000000089100000, 0x0000000089100000| Complete 
| 146|0x0000000089200000, 0x0000000089300000, 0x0000000089300000|100%| S|CS|TAMS 0x0000000089200000, 0x0000000089200000| Complete 
| 147|0x0000000089300000, 0x0000000089400000, 0x0000000089400000|100%| S|CS|TAMS 0x0000000089300000, 0x0000000089300000| Complete 
| 148|0x0000000089400000, 0x0000000089500000, 0x0000000089500000|100%| S|CS|TAMS 0x0000000089400000, 0x0000000089400000| Complete 
| 149|0x0000000089500000, 0x0000000089600000, 0x0000000089600000|100%| S|CS|TAMS 0x0000000089500000, 0x0000000089500000| Complete 
| 150|0x0000000089600000, 0x0000000089600000, 0x0000000089700000|  0%| F|  |TAMS 0x0000000089600000, 0x0000000089600000| Untracked 
| 151|0x0000000089700000, 0x0000000089700000, 0x0000000089800000|  0%| F|  |TAMS 0x0000000089700000, 0x0000000089700000| Untracked 
| 152|0x0000000089800000, 0x0000000089800000, 0x0000000089900000|  0%| F|  |TAMS 0x0000000089800000, 0x0000000089800000| Untracked 
| 153|0x0000000089900000, 0x0000000089900000, 0x0000000089a00000|  0%| F|  |TAMS 0x0000000089900000, 0x0000000089900000| Untracked 
| 154|0x0000000089a00000, 0x0000000089a00000, 0x0000000089b00000|  0%| F|  |TAMS 0x0000000089a00000, 0x0000000089a00000| Untracked 
| 155|0x0000000089b00000, 0x0000000089b00000, 0x0000000089c00000|  0%| F|  |TAMS 0x0000000089b00000, 0x0000000089b00000| Untracked 
| 156|0x0000000089c00000, 0x0000000089c00000, 0x0000000089d00000|  0%| F|  |TAMS 0x0000000089c00000, 0x0000000089c00000| Untracked 
| 157|0x0000000089d00000, 0x0000000089d00000, 0x0000000089e00000|  0%| F|  |TAMS 0x0000000089d00000, 0x0000000089d00000| Untracked 
| 158|0x0000000089e00000, 0x0000000089e00000, 0x0000000089f00000|  0%| F|  |TAMS 0x0000000089e00000, 0x0000000089e00000| Untracked 
| 159|0x0000000089f00000, 0x0000000089f00000, 0x000000008a000000|  0%| F|  |TAMS 0x0000000089f00000, 0x0000000089f00000| Untracked 
| 160|0x000000008a000000, 0x000000008a000000, 0x000000008a100000|  0%| F|  |TAMS 0x000000008a000000, 0x000000008a000000| Untracked 
| 161|0x000000008a100000, 0x000000008a100000, 0x000000008a200000|  0%| F|  |TAMS 0x000000008a100000, 0x000000008a100000| Untracked 
| 162|0x000000008a200000, 0x000000008a200000, 0x000000008a300000|  0%| F|  |TAMS 0x000000008a200000, 0x000000008a200000| Untracked 
| 163|0x000000008a300000, 0x000000008a300000, 0x000000008a400000|  0%| F|  |TAMS 0x000000008a300000, 0x000000008a300000| Untracked 
| 164|0x000000008a400000, 0x000000008a400000, 0x000000008a500000|  0%| F|  |TAMS 0x000000008a400000, 0x000000008a400000| Untracked 
| 165|0x000000008a500000, 0x000000008a500000, 0x000000008a600000|  0%| F|  |TAMS 0x000000008a500000, 0x000000008a500000| Untracked 
| 166|0x000000008a600000, 0x000000008a600000, 0x000000008a700000|  0%| F|  |TAMS 0x000000008a600000, 0x000000008a600000| Untracked 
| 167|0x000000008a700000, 0x000000008a700000, 0x000000008a800000|  0%| F|  |TAMS 0x000000008a700000, 0x000000008a700000| Untracked 
| 168|0x000000008a800000, 0x000000008a800000, 0x000000008a900000|  0%| F|  |TAMS 0x000000008a800000, 0x000000008a800000| Untracked 
| 169|0x000000008a900000, 0x000000008a900000, 0x000000008aa00000|  0%| F|  |TAMS 0x000000008a900000, 0x000000008a900000| Untracked 
| 170|0x000000008aa00000, 0x000000008aa00000, 0x000000008ab00000|  0%| F|  |TAMS 0x000000008aa00000, 0x000000008aa00000| Untracked 
| 171|0x000000008ab00000, 0x000000008ab00000, 0x000000008ac00000|  0%| F|  |TAMS 0x000000008ab00000, 0x000000008ab00000| Untracked 
| 172|0x000000008ac00000, 0x000000008ac00000, 0x000000008ad00000|  0%| F|  |TAMS 0x000000008ac00000, 0x000000008ac00000| Untracked 
| 173|0x000000008ad00000, 0x000000008ad00000, 0x000000008ae00000|  0%| F|  |TAMS 0x000000008ad00000, 0x000000008ad00000| Untracked 
| 174|0x000000008ae00000, 0x000000008ae00000, 0x000000008af00000|  0%| F|  |TAMS 0x000000008ae00000, 0x000000008ae00000| Untracked 
| 175|0x000000008af00000, 0x000000008af00000, 0x000000008b000000|  0%| F|  |TAMS 0x000000008af00000, 0x000000008af00000| Untracked 
| 176|0x000000008b000000, 0x000000008b000000, 0x000000008b100000|  0%| F|  |TAMS 0x000000008b000000, 0x000000008b000000| Untracked 
| 177|0x000000008b100000, 0x000000008b100000, 0x000000008b200000|  0%| F|  |TAMS 0x000000008b100000, 0x000000008b100000| Untracked 
| 178|0x000000008b200000, 0x000000008b200000, 0x000000008b300000|  0%| F|  |TAMS 0x000000008b200000, 0x000000008b200000| Untracked 
| 179|0x000000008b300000, 0x000000008b300000, 0x000000008b400000|  0%| F|  |TAMS 0x000000008b300000, 0x000000008b300000| Untracked 
| 180|0x000000008b400000, 0x000000008b400000, 0x000000008b500000|  0%| F|  |TAMS 0x000000008b400000, 0x000000008b400000| Untracked 
| 181|0x000000008b500000, 0x000000008b500000, 0x000000008b600000|  0%| F|  |TAMS 0x000000008b500000, 0x000000008b500000| Untracked 
| 182|0x000000008b600000, 0x000000008b600000, 0x000000008b700000|  0%| F|  |TAMS 0x000000008b600000, 0x000000008b600000| Untracked 
| 183|0x000000008b700000, 0x000000008b700000, 0x000000008b800000|  0%| F|  |TAMS 0x000000008b700000, 0x000000008b700000| Untracked 
| 184|0x000000008b800000, 0x000000008b800000, 0x000000008b900000|  0%| F|  |TAMS 0x000000008b800000, 0x000000008b800000| Untracked 
| 185|0x000000008b900000, 0x000000008b900000, 0x000000008ba00000|  0%| F|  |TAMS 0x000000008b900000, 0x000000008b900000| Untracked 
| 186|0x000000008ba00000, 0x000000008ba00000, 0x000000008bb00000|  0%| F|  |TAMS 0x000000008ba00000, 0x000000008ba00000| Untracked 
| 187|0x000000008bb00000, 0x000000008bb00000, 0x000000008bc00000|  0%| F|  |TAMS 0x000000008bb00000, 0x000000008bb00000| Untracked 
| 188|0x000000008bc00000, 0x000000008bc00000, 0x000000008bd00000|  0%| F|  |TAMS 0x000000008bc00000, 0x000000008bc00000| Untracked 
| 189|0x000000008bd00000, 0x000000008bd00000, 0x000000008be00000|  0%| F|  |TAMS 0x000000008bd00000, 0x000000008bd00000| Untracked 
| 190|0x000000008be00000, 0x000000008be00000, 0x000000008bf00000|  0%| F|  |TAMS 0x000000008be00000, 0x000000008be00000| Untracked 
| 191|0x000000008bf00000, 0x000000008bf00000, 0x000000008c000000|  0%| F|  |TAMS 0x000000008bf00000, 0x000000008bf00000| Untracked 
| 192|0x000000008c000000, 0x000000008c000000, 0x000000008c100000|  0%| F|  |TAMS 0x000000008c000000, 0x000000008c000000| Untracked 
| 193|0x000000008c100000, 0x000000008c100000, 0x000000008c200000|  0%| F|  |TAMS 0x000000008c100000, 0x000000008c100000| Untracked 
| 194|0x000000008c200000, 0x000000008c200000, 0x000000008c300000|  0%| F|  |TAMS 0x000000008c200000, 0x000000008c200000| Untracked 
| 195|0x000000008c300000, 0x000000008c300000, 0x000000008c400000|  0%| F|  |TAMS 0x000000008c300000, 0x000000008c300000| Untracked 
| 196|0x000000008c400000, 0x000000008c400000, 0x000000008c500000|  0%| F|  |TAMS 0x000000008c400000, 0x000000008c400000| Untracked 
| 197|0x000000008c500000, 0x000000008c500000, 0x000000008c600000|  0%| F|  |TAMS 0x000000008c500000, 0x000000008c500000| Untracked 
| 198|0x000000008c600000, 0x000000008c600000, 0x000000008c700000|  0%| F|  |TAMS 0x000000008c600000, 0x000000008c600000| Untracked 
| 199|0x000000008c700000, 0x000000008c700000, 0x000000008c800000|  0%| F|  |TAMS 0x000000008c700000, 0x000000008c700000| Untracked 
| 200|0x000000008c800000, 0x000000008c800000, 0x000000008c900000|  0%| F|  |TAMS 0x000000008c800000, 0x000000008c800000| Untracked 
| 201|0x000000008c900000, 0x000000008c900000, 0x000000008ca00000|  0%| F|  |TAMS 0x000000008c900000, 0x000000008c900000| Untracked 
| 202|0x000000008ca00000, 0x000000008ca00000, 0x000000008cb00000|  0%| F|  |TAMS 0x000000008ca00000, 0x000000008ca00000| Untracked 
| 203|0x000000008cb00000, 0x000000008cb00000, 0x000000008cc00000|  0%| F|  |TAMS 0x000000008cb00000, 0x000000008cb00000| Untracked 
| 204|0x000000008cc00000, 0x000000008cc00000, 0x000000008cd00000|  0%| F|  |TAMS 0x000000008cc00000, 0x000000008cc00000| Untracked 
| 205|0x000000008cd00000, 0x000000008cd00000, 0x000000008ce00000|  0%| F|  |TAMS 0x000000008cd00000, 0x000000008cd00000| Untracked 
| 206|0x000000008ce00000, 0x000000008ce00000, 0x000000008cf00000|  0%| F|  |TAMS 0x000000008ce00000, 0x000000008ce00000| Untracked 
| 207|0x000000008cf00000, 0x000000008cf00000, 0x000000008d000000|  0%| F|  |TAMS 0x000000008cf00000, 0x000000008cf00000| Untracked 
| 208|0x000000008d000000, 0x000000008d000000, 0x000000008d100000|  0%| F|  |TAMS 0x000000008d000000, 0x000000008d000000| Untracked 
| 209|0x000000008d100000, 0x000000008d100000, 0x000000008d200000|  0%| F|  |TAMS 0x000000008d100000, 0x000000008d100000| Untracked 
| 210|0x000000008d200000, 0x000000008d200000, 0x000000008d300000|  0%| F|  |TAMS 0x000000008d200000, 0x000000008d200000| Untracked 
| 211|0x000000008d300000, 0x000000008d300000, 0x000000008d400000|  0%| F|  |TAMS 0x000000008d300000, 0x000000008d300000| Untracked 
| 212|0x000000008d400000, 0x000000008d400000, 0x000000008d500000|  0%| F|  |TAMS 0x000000008d400000, 0x000000008d400000| Untracked 
| 213|0x000000008d500000, 0x000000008d500000, 0x000000008d600000|  0%| F|  |TAMS 0x000000008d500000, 0x000000008d500000| Untracked 
| 214|0x000000008d600000, 0x000000008d600000, 0x000000008d700000|  0%| F|  |TAMS 0x000000008d600000, 0x000000008d600000| Untracked 
| 215|0x000000008d700000, 0x000000008d700000, 0x000000008d800000|  0%| F|  |TAMS 0x000000008d700000, 0x000000008d700000| Untracked 
| 216|0x000000008d800000, 0x000000008d800000, 0x000000008d900000|  0%| F|  |TAMS 0x000000008d800000, 0x000000008d800000| Untracked 
| 217|0x000000008d900000, 0x000000008d900000, 0x000000008da00000|  0%| F|  |TAMS 0x000000008d900000, 0x000000008d900000| Untracked 
| 218|0x000000008da00000, 0x000000008da00000, 0x000000008db00000|  0%| F|  |TAMS 0x000000008da00000, 0x000000008da00000| Untracked 
| 219|0x000000008db00000, 0x000000008db00000, 0x000000008dc00000|  0%| F|  |TAMS 0x000000008db00000, 0x000000008db00000| Untracked 
| 220|0x000000008dc00000, 0x000000008dc00000, 0x000000008dd00000|  0%| F|  |TAMS 0x000000008dc00000, 0x000000008dc00000| Untracked 
| 221|0x000000008dd00000, 0x000000008dd00000, 0x000000008de00000|  0%| F|  |TAMS 0x000000008dd00000, 0x000000008dd00000| Untracked 
| 222|0x000000008de00000, 0x000000008de00000, 0x000000008df00000|  0%| F|  |TAMS 0x000000008de00000, 0x000000008de00000| Untracked 
| 223|0x000000008df00000, 0x000000008df00000, 0x000000008e000000|  0%| F|  |TAMS 0x000000008df00000, 0x000000008df00000| Untracked 
| 224|0x000000008e000000, 0x000000008e000000, 0x000000008e100000|  0%| F|  |TAMS 0x000000008e000000, 0x000000008e000000| Untracked 
| 225|0x000000008e100000, 0x000000008e100000, 0x000000008e200000|  0%| F|  |TAMS 0x000000008e100000, 0x000000008e100000| Untracked 
| 226|0x000000008e200000, 0x000000008e221ad0, 0x000000008e300000| 13%| E|  |TAMS 0x000000008e200000, 0x000000008e200000| Complete 
| 227|0x000000008e300000, 0x000000008e400000, 0x000000008e400000|100%| E|CS|TAMS 0x000000008e300000, 0x000000008e300000| Complete 
| 228|0x000000008e400000, 0x000000008e500000, 0x000000008e500000|100%| E|CS|TAMS 0x000000008e400000, 0x000000008e400000| Complete 
| 229|0x000000008e500000, 0x000000008e600000, 0x000000008e600000|100%| E|CS|TAMS 0x000000008e500000, 0x000000008e500000| Complete 
| 230|0x000000008e600000, 0x000000008e700000, 0x000000008e700000|100%| E|CS|TAMS 0x000000008e600000, 0x000000008e600000| Complete 
| 231|0x000000008e700000, 0x000000008e800000, 0x000000008e800000|100%| E|CS|TAMS 0x000000008e700000, 0x000000008e700000| Complete 
| 232|0x000000008e800000, 0x000000008e900000, 0x000000008e900000|100%| E|CS|TAMS 0x000000008e800000, 0x000000008e800000| Complete 
| 233|0x000000008e900000, 0x000000008ea00000, 0x000000008ea00000|100%| E|CS|TAMS 0x000000008e900000, 0x000000008e900000| Complete 
| 234|0x000000008ea00000, 0x000000008eb00000, 0x000000008eb00000|100%| E|CS|TAMS 0x000000008ea00000, 0x000000008ea00000| Complete 
| 235|0x000000008eb00000, 0x000000008ec00000, 0x000000008ec00000|100%| E|CS|TAMS 0x000000008eb00000, 0x000000008eb00000| Complete 
| 236|0x000000008ec00000, 0x000000008ed00000, 0x000000008ed00000|100%| E|CS|TAMS 0x000000008ec00000, 0x000000008ec00000| Complete 
| 237|0x000000008ed00000, 0x000000008ee00000, 0x000000008ee00000|100%| E|CS|TAMS 0x000000008ed00000, 0x000000008ed00000| Complete 
| 238|0x000000008ee00000, 0x000000008ef00000, 0x000000008ef00000|100%| E|CS|TAMS 0x000000008ee00000, 0x000000008ee00000| Complete 
| 239|0x000000008ef00000, 0x000000008f000000, 0x000000008f000000|100%| E|CS|TAMS 0x000000008ef00000, 0x000000008ef00000| Complete 
| 240|0x000000008f000000, 0x000000008f100000, 0x000000008f100000|100%| E|CS|TAMS 0x000000008f000000, 0x000000008f000000| Complete 
| 241|0x000000008f100000, 0x000000008f200000, 0x000000008f200000|100%| E|CS|TAMS 0x000000008f100000, 0x000000008f100000| Complete 
| 242|0x000000008f200000, 0x000000008f300000, 0x000000008f300000|100%| E|CS|TAMS 0x000000008f200000, 0x000000008f200000| Complete 
| 243|0x000000008f300000, 0x000000008f400000, 0x000000008f400000|100%| E|CS|TAMS 0x000000008f300000, 0x000000008f300000| Complete 
| 244|0x000000008f400000, 0x000000008f500000, 0x000000008f500000|100%| E|CS|TAMS 0x000000008f400000, 0x000000008f400000| Complete 
| 245|0x000000008f500000, 0x000000008f600000, 0x000000008f600000|100%| E|CS|TAMS 0x000000008f500000, 0x000000008f500000| Complete 
| 246|0x000000008f600000, 0x000000008f700000, 0x000000008f700000|100%| E|CS|TAMS 0x000000008f600000, 0x000000008f600000| Complete 
| 247|0x000000008f700000, 0x000000008f800000, 0x000000008f800000|100%| E|CS|TAMS 0x000000008f700000, 0x000000008f700000| Complete 
| 248|0x000000008f800000, 0x000000008f900000, 0x000000008f900000|100%| E|CS|TAMS 0x000000008f800000, 0x000000008f800000| Complete 
| 249|0x000000008f900000, 0x000000008fa00000, 0x000000008fa00000|100%| E|CS|TAMS 0x000000008f900000, 0x000000008f900000| Complete 

Card table byte_map: [0x0000018afe400000,0x0000018afe800000] _byte_map_base: 0x0000018afe000000

Marking Bits (Prev, Next): (CMBitMap*) 0x0000018ae52f5e70, (CMBitMap*) 0x0000018ae52f5eb0
 Prev Bits: [0x0000018a80000000, 0x0000018a82000000)
 Next Bits: [0x0000018a82000000, 0x0000018a84000000)

Polling page: 0x0000018ae5350000

Metaspace:

Usage:
  Non-class:     75.27 MB used.
      Class:     12.27 MB used.
       Both:     87.54 MB used.

Virtual space:
  Non-class space:      128.00 MB reserved,      75.69 MB ( 59%) committed,  2 nodes.
      Class space:      416.00 MB reserved,      12.62 MB (  3%) committed,  1 nodes.
             Both:      544.00 MB reserved,      88.31 MB ( 16%) committed. 

Chunk freelists:
   Non-Class:  4.28 MB
       Class:  3.33 MB
        Both:  7.61 MB

MaxMetaspaceSize: 512.00 MB
CompressedClassSpaceSize: 416.00 MB
Initial GC threshold: 21.00 MB
Current GC threshold: 130.56 MB
CDS: on
MetaspaceReclaimPolicy: balanced
 - commit_granule_bytes: 65536.
 - commit_granule_words: 8192.
 - virtual_space_node_default_size: 8388608.
 - enlarge_chunks_in_place: 1.
 - new_chunks_are_fully_committed: 0.
 - uncommit_free_chunks: 1.
 - use_allocation_guard: 0.
 - handle_deallocations: 1.


Internal statistics:

num_allocs_failed_limit: 6.
num_arena_births: 958.
num_arena_deaths: 0.
num_vsnodes_births: 3.
num_vsnodes_deaths: 0.
num_space_committed: 1413.
num_space_uncommitted: 0.
num_chunks_returned_to_freelist: 6.
num_chunks_taken_from_freelist: 4510.
num_chunk_merges: 6.
num_chunk_splits: 3035.
num_chunks_enlarged: 2056.
num_inconsistent_stats: 0.

CodeHeap 'non-profiled nmethods': size=120000Kb used=5219Kb max_used=5219Kb free=114780Kb
 bounds [0x0000018af6060000, 0x0000018af6580000, 0x0000018afd590000]
CodeHeap 'profiled nmethods': size=120000Kb used=17239Kb max_used=17304Kb free=102760Kb
 bounds [0x0000018aee590000, 0x0000018aef680000, 0x0000018af5ac0000]
CodeHeap 'non-nmethods': size=5760Kb used=2425Kb max_used=2477Kb free=3334Kb
 bounds [0x0000018af5ac0000, 0x0000018af5d30000, 0x0000018af6060000]
 total_blobs=9898 nmethods=8937 adapters=873
 compilation: enabled
              stopped_count=0, restarted_count=0
 full_count=0

Compilation events (20 events):
Event: 331.626 Thread 0x0000018aff6deaf0 10574       3       com.sun.beans.TypeResolver::resolve (37 bytes)
Event: 331.627 Thread 0x0000018aff6deaf0 nmethod 10574 0x0000018aee820790 code [0x0000018aee820960, 0x0000018aee820da8]
Event: 331.630 Thread 0x0000018aff6dc120 nmethod 10571 0x0000018af6577310 code [0x0000018af65774e0, 0x0000018af6577a70]
Event: 331.630 Thread 0x0000018aff6dc120 10573       4       java.beans.Introspector::addMethod (196 bytes)
Event: 331.670 Thread 0x0000018aff6deaf0 10575       3       com.sun.beans.util.Cache$Kind$2::create (27 bytes)
Event: 331.677 Thread 0x0000018aff6deaf0 nmethod 10575 0x0000018aee7fb910 code [0x0000018aee7fbb00, 0x0000018aee7fc068]
Event: 331.677 Thread 0x0000018aff6deaf0 10576   !   3       com.sun.beans.TypeResolver::resolve (261 bytes)
Event: 331.680 Thread 0x0000018aff6deaf0 nmethod 10576 0x0000018aee7f8b10 code [0x0000018aee7f8f20, 0x0000018aee7fb198]
Event: 331.687 Thread 0x0000018aff6deaf0 10577       1       java.beans.Introspector::getTargetDefaultEventIndex (5 bytes)
Event: 331.688 Thread 0x0000018aff6deaf0 nmethod 10577 0x0000018af6577e90 code [0x0000018af6578020, 0x0000018af65780f8]
Event: 331.688 Thread 0x0000018aff6deaf0 10578       1       java.beans.Introspector::getTargetDefaultPropertyIndex (5 bytes)
Event: 331.688 Thread 0x0000018aff6deaf0 nmethod 10578 0x0000018af6578190 code [0x0000018af6578320, 0x0000018af65783f8]
Event: 331.691 Thread 0x0000018aff6deaf0 10579       1       java.beans.GenericBeanInfo::getMethodDescriptors (5 bytes)
Event: 331.691 Thread 0x0000018aff6deaf0 nmethod 10579 0x0000018af6578490 code [0x0000018af6578620, 0x0000018af65786f8]
Event: 331.695 Thread 0x0000018aff6deaf0 10581       1       java.beans.GenericBeanInfo::getDefaultEventIndex (5 bytes)
Event: 331.695 Thread 0x0000018aff6deaf0 nmethod 10581 0x0000018af6578790 code [0x0000018af6578920, 0x0000018af65789f8]
Event: 331.695 Thread 0x0000018aff6deaf0 10582       1       java.beans.GenericBeanInfo::getDefaultPropertyIndex (5 bytes)
Event: 331.696 Thread 0x0000018aff6deaf0 nmethod 10582 0x0000018af6578a90 code [0x0000018af6578c20, 0x0000018af6578cf8]
Event: 331.720 Thread 0x0000018aff6deaf0 10585       3       groovy.lang.MetaClassImpl::establishStaticMetaProperty (262 bytes)
Event: 331.723 Thread 0x0000018aff6deaf0 nmethod 10585 0x0000018aee7f6b10 code [0x0000018aee7f6dc0, 0x0000018aee7f8618]

GC Heap History (20 events):
Event: 133.241 GC heap before
{Heap before GC invocations=41 (full 0):
 garbage-first heap   total 142336K, used 97980K [0x0000000080000000, 0x0000000100000000)
  region size 1024K, 20 young (20480K), 4 survivors (4096K)
 Metaspace       used 72218K, committed 72896K, reserved 491520K
  class space    used 10094K, committed 10432K, reserved 425984K
}
Event: 133.253 GC heap after
{Heap after GC invocations=42 (full 0):
 garbage-first heap   total 142336K, used 83898K [0x0000000080000000, 0x0000000100000000)
  region size 1024K, 3 young (3072K), 3 survivors (3072K)
 Metaspace       used 72218K, committed 72896K, reserved 491520K
  class space    used 10094K, committed 10432K, reserved 425984K
}
Event: 133.352 GC heap before
{Heap before GC invocations=42 (full 0):
 garbage-first heap   total 142336K, used 86970K [0x0000000080000000, 0x0000000100000000)
  region size 1024K, 6 young (6144K), 3 survivors (3072K)
 Metaspace       used 72409K, committed 73152K, reserved 491520K
  class space    used 10126K, committed 10496K, reserved 425984K
}
Event: 133.359 GC heap after
{Heap after GC invocations=43 (full 0):
 garbage-first heap   total 142336K, used 83815K [0x0000000080000000, 0x0000000100000000)
  region size 1024K, 1 young (1024K), 1 survivors (1024K)
 Metaspace       used 72409K, committed 73152K, reserved 491520K
  class space    used 10126K, committed 10496K, reserved 425984K
}
Event: 134.354 GC heap before
{Heap before GC invocations=43 (full 0):
 garbage-first heap   total 142336K, used 104295K [0x0000000080000000, 0x0000000100000000)
  region size 1024K, 22 young (22528K), 1 survivors (1024K)
 Metaspace       used 74313K, committed 75008K, reserved 491520K
  class space    used 10316K, committed 10688K, reserved 425984K
}
Event: 134.357 GC heap after
{Heap after GC invocations=44 (full 0):
 garbage-first heap   total 142336K, used 84385K [0x0000000080000000, 0x0000000100000000)
  region size 1024K, 1 young (1024K), 1 survivors (1024K)
 Metaspace       used 74313K, committed 75008K, reserved 491520K
  class space    used 10316K, committed 10688K, reserved 425984K
}
Event: 135.190 GC heap before
{Heap before GC invocations=45 (full 0):
 garbage-first heap   total 148480K, used 106913K [0x0000000080000000, 0x0000000100000000)
  region size 1024K, 24 young (24576K), 1 survivors (1024K)
 Metaspace       used 76056K, committed 76800K, reserved 557056K
  class space    used 10543K, committed 10880K, reserved 425984K
}
Event: 135.194 GC heap after
{Heap after GC invocations=46 (full 0):
 garbage-first heap   total 148480K, used 85783K [0x0000000080000000, 0x0000000100000000)
  region size 1024K, 3 young (3072K), 3 survivors (3072K)
 Metaspace       used 76056K, committed 76800K, reserved 557056K
  class space    used 10543K, committed 10880K, reserved 425984K
}
Event: 135.258 GC heap before
{Heap before GC invocations=46 (full 0):
 garbage-first heap   total 148480K, used 90903K [0x0000000080000000, 0x0000000100000000)
  region size 1024K, 7 young (7168K), 3 survivors (3072K)
 Metaspace       used 76101K, committed 76864K, reserved 557056K
  class space    used 10547K, committed 10880K, reserved 425984K
}
Event: 135.264 GC heap after
{Heap after GC invocations=47 (full 0):
 garbage-first heap   total 148480K, used 87298K [0x0000000080000000, 0x0000000100000000)
  region size 1024K, 1 young (1024K), 1 survivors (1024K)
 Metaspace       used 76101K, committed 76864K, reserved 557056K
  class space    used 10547K, committed 10880K, reserved 425984K
}
Event: 135.275 GC heap before
{Heap before GC invocations=47 (full 0):
 garbage-first heap   total 148480K, used 88322K [0x0000000080000000, 0x0000000100000000)
  region size 1024K, 3 young (3072K), 1 survivors (1024K)
 Metaspace       used 76101K, committed 76864K, reserved 557056K
  class space    used 10547K, committed 10880K, reserved 425984K
}
Event: 135.278 GC heap after
{Heap after GC invocations=48 (full 0):
 garbage-first heap   total 148480K, used 88211K [0x0000000080000000, 0x0000000100000000)
  region size 1024K, 2 young (2048K), 2 survivors (2048K)
 Metaspace       used 76101K, committed 76864K, reserved 557056K
  class space    used 10547K, committed 10880K, reserved 425984K
}
Event: 135.755 GC heap before
{Heap before GC invocations=49 (full 0):
 garbage-first heap   total 173056K, used 111763K [0x0000000080000000, 0x0000000100000000)
  region size 1024K, 21 young (21504K), 2 survivors (2048K)
 Metaspace       used 76798K, committed 77568K, reserved 557056K
  class space    used 10656K, committed 11008K, reserved 425984K
}
Event: 135.764 GC heap after
{Heap after GC invocations=50 (full 0):
 garbage-first heap   total 173056K, used 88315K [0x0000000080000000, 0x0000000100000000)
  region size 1024K, 2 young (2048K), 2 survivors (2048K)
 Metaspace       used 76798K, committed 77568K, reserved 557056K
  class space    used 10656K, committed 11008K, reserved 425984K
}
Event: 136.744 GC heap before
{Heap before GC invocations=50 (full 0):
 garbage-first heap   total 173056K, used 121083K [0x0000000080000000, 0x0000000100000000)
  region size 1024K, 34 young (34816K), 2 survivors (2048K)
 Metaspace       used 79090K, committed 79808K, reserved 557056K
  class space    used 10946K, committed 11264K, reserved 425984K
}
Event: 136.753 GC heap after
{Heap after GC invocations=51 (full 0):
 garbage-first heap   total 256000K, used 89867K [0x0000000080000000, 0x0000000100000000)
  region size 1024K, 4 young (4096K), 4 survivors (4096K)
 Metaspace       used 79090K, committed 79808K, reserved 557056K
  class space    used 10946K, committed 11264K, reserved 425984K
}
Event: 139.459 GC heap before
{Heap before GC invocations=52 (full 0):
 garbage-first heap   total 256000K, used 166667K [0x0000000080000000, 0x0000000100000000)
  region size 1024K, 80 young (81920K), 4 survivors (4096K)
 Metaspace       used 82453K, committed 83264K, reserved 557056K
  class space    used 11399K, committed 11776K, reserved 425984K
}
Event: 139.476 GC heap after
{Heap after GC invocations=53 (full 0):
 garbage-first heap   total 256000K, used 94233K [0x0000000080000000, 0x0000000100000000)
  region size 1024K, 8 young (8192K), 8 survivors (8192K)
 Metaspace       used 82453K, committed 83264K, reserved 557056K
  class space    used 11399K, committed 11776K, reserved 425984K
}
Event: 328.081 GC heap before
{Heap before GC invocations=53 (full 0):
 garbage-first heap   total 256000K, used 189465K [0x0000000080000000, 0x0000000100000000)
  region size 1024K, 100 young (102400K), 8 survivors (8192K)
 Metaspace       used 88108K, committed 88896K, reserved 557056K
  class space    used 12345K, committed 12672K, reserved 425984K
}
Event: 328.185 GC heap after
{Heap after GC invocations=54 (full 0):
 garbage-first heap   total 256000K, used 98862K [0x0000000080000000, 0x0000000100000000)
  region size 1024K, 11 young (11264K), 11 survivors (11264K)
 Metaspace       used 88108K, committed 88896K, reserved 557056K
  class space    used 12345K, committed 12672K, reserved 425984K
}

Dll operation events (15 events):
Event: 0.013 Loaded shared library C:\Users\Blaziod\jdk-17\bin\java.dll
Event: 0.043 Loaded shared library C:\Users\Blaziod\jdk-17\bin\jsvml.dll
Event: 0.119 Loaded shared library C:\Users\Blaziod\jdk-17\bin\zip.dll
Event: 0.123 Loaded shared library C:\Users\Blaziod\jdk-17\bin\instrument.dll
Event: 0.130 Loaded shared library C:\Users\Blaziod\jdk-17\bin\net.dll
Event: 0.132 Loaded shared library C:\Users\Blaziod\jdk-17\bin\nio.dll
Event: 0.138 Loaded shared library C:\Users\Blaziod\jdk-17\bin\zip.dll
Event: 0.531 Loaded shared library C:\Users\Blaziod\jdk-17\bin\jimage.dll
Event: 0.687 Loaded shared library C:\Users\Blaziod\jdk-17\bin\verify.dll
Event: 1.065 Loaded shared library C:\Users\Blaziod\.gradle\native\68d5fa5c4cc2d200863cafc0d521ce42e7d3e7ee720ec0a83991735586a16f82\windows-amd64\native-platform.dll
Event: 1.086 Loaded shared library C:\Users\Blaziod\.gradle\native\e376f236ea51e6404a007f0833ffe2c6e607c4080706a723a18a27aeea778392\windows-amd64\native-platform-file-events.dll
Event: 3.355 Loaded shared library C:\Users\Blaziod\jdk-17\bin\management.dll
Event: 3.358 Loaded shared library C:\Users\Blaziod\jdk-17\bin\management_ext.dll
Event: 3.703 Loaded shared library C:\Users\Blaziod\jdk-17\bin\extnet.dll
Event: 4.030 Loaded shared library C:\Users\Blaziod\jdk-17\bin\sunmscapi.dll

Deoptimization events (20 events):
Event: 328.876 Thread 0x0000018affa48860 Uncommon trap: trap_request=0xffffff45 fr.pc=0x0000018af62ff824 relative=0x0000000000000444
Event: 328.876 Thread 0x0000018affa48860 Uncommon trap: reason=unstable_if action=reinterpret pc=0x0000018af62ff824 method=java.io.WinNTFileSystem.prefixLength(Ljava/lang/String;)I @ 11 c2
Event: 328.876 Thread 0x0000018affa48860 DEOPT PACKING pc=0x0000018af62ff824 sp=0x0000000751df55a0
Event: 328.876 Thread 0x0000018affa48860 DEOPT UNPACKING pc=0x0000018af5b169a3 sp=0x0000000751df54e0 mode 2
Event: 328.878 Thread 0x0000018affa48860 Uncommon trap: trap_request=0xffffff45 fr.pc=0x0000018af61c6bac relative=0x000000000000026c
Event: 328.878 Thread 0x0000018affa48860 Uncommon trap: reason=unstable_if action=reinterpret pc=0x0000018af61c6bac method=java.io.WinNTFileSystem.prefixLength(Ljava/lang/String;)I @ 11 c2
Event: 328.878 Thread 0x0000018affa48860 DEOPT PACKING pc=0x0000018af61c6bac sp=0x0000000751df5550
Event: 328.878 Thread 0x0000018affa48860 DEOPT UNPACKING pc=0x0000018af5b169a3 sp=0x0000000751df54e0 mode 2
Event: 329.037 Thread 0x0000018affa48860 Uncommon trap: trap_request=0xffffff76 fr.pc=0x0000018af60cab28 relative=0x0000000000000088
Event: 329.038 Thread 0x0000018affa48860 Uncommon trap: reason=predicate action=maybe_recompile pc=0x0000018af60cab28 method=java.util.TimSort.binarySort([Ljava/lang/Object;IIILjava/util/Comparator;)V @ 34 c2
Event: 329.038 Thread 0x0000018affa48860 DEOPT PACKING pc=0x0000018af60cab28 sp=0x0000000751df5210
Event: 329.038 Thread 0x0000018affa48860 DEOPT UNPACKING pc=0x0000018af5b169a3 sp=0x0000000751df51c0 mode 2
Event: 329.090 Thread 0x0000018affa48860 Uncommon trap: trap_request=0xffffffde fr.pc=0x0000018af617588c relative=0x000000000000048c
Event: 329.090 Thread 0x0000018affa48860 Uncommon trap: reason=class_check action=maybe_recompile pc=0x0000018af617588c method=org.gradle.internal.instantiation.generator.AbstractClassGenerator$InjectionAnnotationValidator.validateMethod(Ljava/lang/reflect/Method;Lorg/gradle/internal/reflect/Pro
Event: 329.090 Thread 0x0000018affa48860 DEOPT PACKING pc=0x0000018af617588c sp=0x0000000751df4d40
Event: 329.090 Thread 0x0000018affa48860 DEOPT UNPACKING pc=0x0000018af5b169a3 sp=0x0000000751df4ce8 mode 2
Event: 329.134 Thread 0x0000018affa48860 Uncommon trap: trap_request=0xffffffde fr.pc=0x0000018af617588c relative=0x000000000000048c
Event: 329.134 Thread 0x0000018affa48860 Uncommon trap: reason=class_check action=maybe_recompile pc=0x0000018af617588c method=org.gradle.internal.instantiation.generator.AbstractClassGenerator$InjectionAnnotationValidator.validateMethod(Ljava/lang/reflect/Method;Lorg/gradle/internal/reflect/Pro
Event: 329.134 Thread 0x0000018affa48860 DEOPT PACKING pc=0x0000018af617588c sp=0x0000000751df4cb0
Event: 329.135 Thread 0x0000018affa48860 DEOPT UNPACKING pc=0x0000018af5b169a3 sp=0x0000000751df4c58 mode 2

Classes unloaded (0 events):
No events

Classes redefined (0 events):
No events

Internal exceptions (20 events):
Event: 312.699 Thread 0x0000018affa48860 Exception <a 'java/lang/ClassNotFoundException'{0x000000008eec87c8}: com/android/build/gradle/internal/api/DefaultAndroidSourceSetCustomizer> (0x000000008eec87c8) 
thrown [s\src\hotspot\share\classfile\systemDictionary.cpp, line 256]
Event: 312.726 Thread 0x0000018affa48860 Exception <a 'java/lang/ClassNotFoundException'{0x000000008ed366b8}: com/android/build/gradle/internal/api/DefaultAndroidSourceSet_DecoratedCustomizer> (0x000000008ed366b8) 
thrown [s\src\hotspot\share\classfile\systemDictionary.cpp, line 256]
Event: 312.927 Thread 0x0000018affa48860 Exception <a 'java/lang/ClassNotFoundException'{0x000000008eddf750}: com/android/build/gradle/internal/api/DefaultAndroidSourceDirectorySetBeanInfo> (0x000000008eddf750) 
thrown [s\src\hotspot\share\classfile\systemDictionary.cpp, line 256]
Event: 312.932 Thread 0x0000018affa48860 Exception <a 'java/lang/ClassNotFoundException'{0x000000008edf2f68}: com/android/build/gradle/internal/api/DefaultAndroidSourceDirectorySetCustomizer> (0x000000008edf2f68) 
thrown [s\src\hotspot\share\classfile\systemDictionary.cpp, line 256]
Event: 313.089 Thread 0x0000018affa48860 Exception <a 'java/lang/ClassNotFoundException'{0x000000008eb153c0}: com/google/common/collect/SingletonImmutableSetBeanInfo> (0x000000008eb153c0) 
thrown [s\src\hotspot\share\classfile\systemDictionary.cpp, line 256]
Event: 313.093 Thread 0x0000018affa48860 Exception <a 'java/lang/ClassNotFoundException'{0x000000008eb286d0}: com/google/common/collect/ImmutableSetBeanInfo> (0x000000008eb286d0) 
thrown [s\src\hotspot\share\classfile\systemDictionary.cpp, line 256]
Event: 313.099 Thread 0x0000018affa48860 Exception <a 'java/lang/ClassNotFoundException'{0x000000008eb3bab0}: com/google/common/collect/ImmutableCollectionBeanInfo> (0x000000008eb3bab0) 
thrown [s\src\hotspot\share\classfile\systemDictionary.cpp, line 256]
Event: 313.103 Thread 0x0000018affa48860 Exception <a 'java/lang/ClassNotFoundException'{0x000000008eb4ef00}: com/google/common/collect/ImmutableCollectionCustomizer> (0x000000008eb4ef00) 
thrown [s\src\hotspot\share\classfile\systemDictionary.cpp, line 256]
Event: 313.719 Thread 0x0000018affa48860 Exception <a 'java/lang/ClassNotFoundException'{0x000000008ebaeca8}: com/google/common/collect/ImmutableSetCustomizer> (0x000000008ebaeca8) 
thrown [s\src\hotspot\share\classfile\systemDictionary.cpp, line 256]
Event: 313.729 Thread 0x0000018affa48860 Exception <a 'java/lang/ClassNotFoundException'{0x000000008ebdab78}: com/google/common/collect/SingletonImmutableSetCustomizer> (0x000000008ebdab78) 
thrown [s\src\hotspot\share\classfile\systemDictionary.cpp, line 256]
Event: 314.424 Thread 0x0000018affa48860 Exception <a 'java/lang/ClassNotFoundException'{0x000000008ead1660}: fonts_2mz37r0r4ttxuyt753x61cdbwBeanInfo> (0x000000008ead1660) 
thrown [s\src\hotspot\share\classfile\systemDictionary.cpp, line 256]
Event: 314.426 Thread 0x0000018affa48860 Exception <a 'java/lang/ClassNotFoundException'{0x000000008eadd220}: fonts_2mz37r0r4ttxuyt753x61cdbwCustomizer> (0x000000008eadd220) 
thrown [s\src\hotspot\share\classfile\systemDictionary.cpp, line 256]
Event: 314.511 Thread 0x0000018affa48860 Exception <a 'java/lang/ClassNotFoundException'{0x000000008e93e5f8}: org/gradle/configuration/internal/DefaultListenerBuildOperationDecorator$BuildOperationEmittingClosureBeanInfo> (0x000000008e93e5f8) 
thrown [s\src\hotspot\share\classfile\systemDictionary.cpp, line 256]
Event: 314.519 Thread 0x0000018affa48860 Exception <a 'java/lang/ClassNotFoundException'{0x000000008e9580e0}: org/gradle/configuration/internal/DefaultListenerBuildOperationDecorator$BuildOperationEmittingClosureCustomizer> (0x000000008e9580e0) 
thrown [s\src\hotspot\share\classfile\systemDictionary.cpp, line 256]
Event: 331.608 Thread 0x0000018affa48860 Exception <a 'java/lang/ClassNotFoundException'{0x000000008e430c30}: com/android/build/gradle/internal/api/ApkVariantOutputImpl_DecoratedBeanInfo> (0x000000008e430c30) 
thrown [s\src\hotspot\share\classfile\systemDictionary.cpp, line 256]
Event: 331.613 Thread 0x0000018affa48860 Exception <a 'java/lang/ClassNotFoundException'{0x000000008e43f860}: com/android/build/gradle/internal/api/ApkVariantOutputImplBeanInfo> (0x000000008e43f860) 
thrown [s\src\hotspot\share\classfile\systemDictionary.cpp, line 256]
Event: 331.617 Thread 0x0000018affa48860 Exception <a 'java/lang/ClassNotFoundException'{0x000000008e44e498}: com/android/build/gradle/internal/api/BaseVariantOutputImplBeanInfo> (0x000000008e44e498) 
thrown [s\src\hotspot\share\classfile\systemDictionary.cpp, line 256]
Event: 331.620 Thread 0x0000018affa48860 Exception <a 'java/lang/ClassNotFoundException'{0x000000008e45d0a8}: com/android/build/gradle/internal/api/BaseVariantOutputImplCustomizer> (0x000000008e45d0a8) 
thrown [s\src\hotspot\share\classfile\systemDictionary.cpp, line 256]
Event: 331.669 Thread 0x0000018affa48860 Exception <a 'java/lang/ClassNotFoundException'{0x000000008e47ebb8}: com/android/build/gradle/internal/api/ApkVariantOutputImplCustomizer> (0x000000008e47ebb8) 
thrown [s\src\hotspot\share\classfile\systemDictionary.cpp, line 256]
Event: 331.690 Thread 0x0000018affa48860 Exception <a 'java/lang/ClassNotFoundException'{0x000000008e49b960}: com/android/build/gradle/internal/api/ApkVariantOutputImpl_DecoratedCustomizer> (0x000000008e49b960) 
thrown [s\src\hotspot\share\classfile\systemDictionary.cpp, line 256]

VM Operations (20 events):
Event: 321.079 Executing VM operation: Cleanup
Event: 321.079 Executing VM operation: Cleanup done
Event: 323.090 Executing VM operation: Cleanup
Event: 323.092 Executing VM operation: Cleanup done
Event: 324.097 Executing VM operation: Cleanup
Event: 324.146 Executing VM operation: Cleanup done
Event: 325.151 Executing VM operation: Cleanup
Event: 325.167 Executing VM operation: Cleanup done
Event: 326.168 Executing VM operation: Cleanup
Event: 326.185 Executing VM operation: Cleanup done
Event: 327.190 Executing VM operation: Cleanup
Event: 327.193 Executing VM operation: Cleanup done
Event: 328.079 Executing VM operation: G1CollectForAllocation
Event: 328.186 Executing VM operation: G1CollectForAllocation done
Event: 329.194 Executing VM operation: Cleanup
Event: 329.196 Executing VM operation: Cleanup done
Event: 330.203 Executing VM operation: Cleanup
Event: 330.218 Executing VM operation: Cleanup done
Event: 331.233 Executing VM operation: Cleanup
Event: 331.264 Executing VM operation: Cleanup done

Events (20 events):
Event: 312.430 loading class java/util/regex/MatcherBeanInfo
Event: 312.434 loading class java/util/regex/MatcherBeanInfo done
Event: 312.437 loading class java/util/regex/MatcherBeanInfo
Event: 312.437 loading class java/util/regex/MatcherBeanInfo done
Event: 312.438 loading class java/util/regex/MatcherCustomizer
Event: 312.439 loading class java/util/regex/MatcherCustomizer done
Event: 312.440 loading class java/util/regex/MatcherCustomizer
Event: 312.441 loading class java/util/regex/MatcherCustomizer done
Event: 315.128 loading class java/util/concurrent/atomic/AtomicIntegerArray
Event: 315.133 loading class java/util/concurrent/atomic/AtomicIntegerArray done
Event: 315.150 loading class java/util/Currency
Event: 315.165 loading class java/util/Currency done
Event: 315.206 loading class java/util/concurrent/atomic/AtomicLongArray
Event: 315.208 loading class java/util/concurrent/atomic/AtomicLongArray done
Event: 317.482 loading class jdk/internal/vm/annotation/ForceInline
Event: 317.485 loading class jdk/internal/vm/annotation/ForceInline done
Event: 323.868 loading class sun/reflect/generics/repository/FieldRepository
Event: 323.870 loading class sun/reflect/generics/repository/FieldRepository done
Event: 324.870 loading class java/util/regex/Pattern$Caret
Event: 324.870 loading class java/util/regex/Pattern$Caret done


Dynamic libraries:
0x00007ff6fe6a0000 - 0x00007ff6fe6ae000 	C:\Users\Blaziod\jdk-17\bin\java.exe
0x00007ffb108d0000 - 0x00007ffb10ac8000 	C:\WINDOWS\SYSTEM32\ntdll.dll
0x00007ffb0f360000 - 0x00007ffb0f41d000 	C:\WINDOWS\System32\KERNEL32.DLL
0x00007ffb0e060000 - 0x00007ffb0e356000 	C:\WINDOWS\System32\KERNELBASE.dll
0x00007ffb0e5e0000 - 0x00007ffb0e6e0000 	C:\WINDOWS\System32\ucrtbase.dll
0x00007ffb01130000 - 0x00007ffb0114b000 	C:\Users\Blaziod\jdk-17\bin\VCRUNTIME140.dll
0x00007ffb01110000 - 0x00007ffb01127000 	C:\Users\Blaziod\jdk-17\bin\jli.dll
0x00007ffb0e9a0000 - 0x00007ffb0eb3f000 	C:\WINDOWS\System32\USER32.dll
0x00007ffb0e8d0000 - 0x00007ffb0e8f2000 	C:\WINDOWS\System32\win32u.dll
0x00007ffafa9a0000 - 0x00007ffafac3a000 	C:\WINDOWS\WinSxS\amd64_microsoft.windows.common-controls_6595b64144ccf1df_6.0.19041.3636_none_60b6a03d71f818d5\COMCTL32.dll
0x00007ffb0f180000 - 0x00007ffb0f1ab000 	C:\WINDOWS\System32\GDI32.dll
0x00007ffb0e900000 - 0x00007ffb0e99e000 	C:\WINDOWS\System32\msvcrt.dll
0x00007ffb0e4c0000 - 0x00007ffb0e5d7000 	C:\WINDOWS\System32\gdi32full.dll
0x00007ffb0e3d0000 - 0x00007ffb0e46d000 	C:\WINDOWS\System32\msvcp_win.dll
0x00007ffb0eb40000 - 0x00007ffb0eb72000 	C:\WINDOWS\System32\IMM32.DLL
0x00007ffaf31a0000 - 0x00007ffaf31ac000 	C:\Users\Blaziod\jdk-17\bin\vcruntime140_1.dll
0x00007ffaf3110000 - 0x00007ffaf319d000 	C:\Users\Blaziod\jdk-17\bin\msvcp140.dll
0x00007ffa963b0000 - 0x00007ffa97012000 	C:\Users\Blaziod\jdk-17\bin\server\jvm.dll
0x00007ffb0f890000 - 0x00007ffb0f940000 	C:\WINDOWS\System32\ADVAPI32.dll
0x00007ffb0f080000 - 0x00007ffb0f120000 	C:\WINDOWS\System32\sechost.dll
0x00007ffb0ef40000 - 0x00007ffb0f063000 	C:\WINDOWS\System32\RPCRT4.dll
0x00007ffb0e030000 - 0x00007ffb0e057000 	C:\WINDOWS\System32\bcrypt.dll
0x00007ffb09a50000 - 0x00007ffb09a59000 	C:\WINDOWS\SYSTEM32\WSOCK32.dll
0x00007ffb03670000 - 0x00007ffb03697000 	C:\WINDOWS\SYSTEM32\WINMM.dll
0x00007ffb0dde0000 - 0x00007ffb0de2b000 	C:\WINDOWS\SYSTEM32\POWRPROF.dll
0x00007ffb073e0000 - 0x00007ffb073ea000 	C:\WINDOWS\SYSTEM32\VERSION.dll
0x00007ffb0f940000 - 0x00007ffb0f9ab000 	C:\WINDOWS\System32\WS2_32.dll
0x00007ffb0ddc0000 - 0x00007ffb0ddd2000 	C:\WINDOWS\SYSTEM32\UMPDC.dll
0x00007ffb0be10000 - 0x00007ffb0be22000 	C:\WINDOWS\SYSTEM32\kernel.appcore.dll
0x00007ffaf3100000 - 0x00007ffaf310a000 	C:\Users\Blaziod\jdk-17\bin\jimage.dll
0x00007ffb04210000 - 0x00007ffb043f4000 	C:\WINDOWS\SYSTEM32\DBGHELP.DLL
0x00007ffafb8b0000 - 0x00007ffafb8e4000 	C:\WINDOWS\SYSTEM32\dbgcore.DLL
0x00007ffb0e840000 - 0x00007ffb0e8c2000 	C:\WINDOWS\System32\bcryptPrimitives.dll
0x00007ffaf19e0000 - 0x00007ffaf19ee000 	C:\Users\Blaziod\jdk-17\bin\instrument.dll
0x00007ffaf1ca0000 - 0x00007ffaf1cc5000 	C:\Users\Blaziod\jdk-17\bin\java.dll
0x00007ffad8350000 - 0x00007ffad8427000 	C:\Users\Blaziod\jdk-17\bin\jsvml.dll
0x00007ffb10120000 - 0x00007ffb1088b000 	C:\WINDOWS\System32\SHELL32.dll
0x00007ffb0c010000 - 0x00007ffb0c7ae000 	C:\WINDOWS\SYSTEM32\windows.storage.dll
0x00007ffb0eb80000 - 0x00007ffb0eed3000 	C:\WINDOWS\System32\combase.dll
0x00007ffb0d8e0000 - 0x00007ffb0d90e000 	C:\WINDOWS\SYSTEM32\Wldp.dll
0x00007ffb0f690000 - 0x00007ffb0f75d000 	C:\WINDOWS\System32\OLEAUT32.dll
0x00007ffb0ff30000 - 0x00007ffb0ffdd000 	C:\WINDOWS\System32\SHCORE.dll
0x00007ffb0f9b0000 - 0x00007ffb0fa05000 	C:\WINDOWS\System32\shlwapi.dll
0x00007ffb0deb0000 - 0x00007ffb0ded3000 	C:\WINDOWS\SYSTEM32\profapi.dll
0x00007ffaf1ce0000 - 0x00007ffaf1cf8000 	C:\Users\Blaziod\jdk-17\bin\zip.dll
0x00007ffaf2000000 - 0x00007ffaf2019000 	C:\Users\Blaziod\jdk-17\bin\net.dll
0x00007ffb03460000 - 0x00007ffb0356a000 	C:\WINDOWS\SYSTEM32\WINHTTP.dll
0x00007ffb0d640000 - 0x00007ffb0d6aa000 	C:\WINDOWS\system32\mswsock.dll
0x00007ffaf1d00000 - 0x00007ffaf1d16000 	C:\Users\Blaziod\jdk-17\bin\nio.dll
0x00007ffaf2c30000 - 0x00007ffaf2c40000 	C:\Users\Blaziod\jdk-17\bin\verify.dll
0x00007ffaf1be0000 - 0x00007ffaf1c07000 	C:\Users\Blaziod\.gradle\native\68d5fa5c4cc2d200863cafc0d521ce42e7d3e7ee720ec0a83991735586a16f82\windows-amd64\native-platform.dll
0x00007ffad5720000 - 0x00007ffad5864000 	C:\Users\Blaziod\.gradle\native\e376f236ea51e6404a007f0833ffe2c6e607c4080706a723a18a27aeea778392\windows-amd64\native-platform-file-events.dll
0x00007ffaf1b40000 - 0x00007ffaf1b49000 	C:\Users\Blaziod\jdk-17\bin\management.dll
0x00007ffaf1b30000 - 0x00007ffaf1b3b000 	C:\Users\Blaziod\jdk-17\bin\management_ext.dll
0x00007ffb10060000 - 0x00007ffb10068000 	C:\WINDOWS\System32\PSAPI.DLL
0x00007ffb0d830000 - 0x00007ffb0d848000 	C:\WINDOWS\SYSTEM32\CRYPTSP.dll
0x00007ffb0cf60000 - 0x00007ffb0cf94000 	C:\WINDOWS\system32\rsaenh.dll
0x00007ffb0de70000 - 0x00007ffb0de9e000 	C:\WINDOWS\SYSTEM32\USERENV.dll
0x00007ffb0d850000 - 0x00007ffb0d85c000 	C:\WINDOWS\SYSTEM32\CRYPTBASE.dll
0x00007ffb0d320000 - 0x00007ffb0d35b000 	C:\WINDOWS\SYSTEM32\IPHLPAPI.DLL
0x00007ffb0f070000 - 0x00007ffb0f078000 	C:\WINDOWS\System32\NSI.dll
0x00007ffb038e0000 - 0x00007ffb038f7000 	C:\WINDOWS\SYSTEM32\dhcpcsvc6.DLL
0x00007ffb07160000 - 0x00007ffb0717d000 	C:\WINDOWS\SYSTEM32\dhcpcsvc.DLL
0x00007ffb0d360000 - 0x00007ffb0d42b000 	C:\WINDOWS\SYSTEM32\DNSAPI.dll
0x00007ffaf19f0000 - 0x00007ffaf19f9000 	C:\Users\Blaziod\jdk-17\bin\extnet.dll
0x00007ffaf19d0000 - 0x00007ffaf19de000 	C:\Users\Blaziod\jdk-17\bin\sunmscapi.dll
0x00007ffb0e6e0000 - 0x00007ffb0e83e000 	C:\WINDOWS\System32\CRYPT32.dll
0x00007ffb0d9b0000 - 0x00007ffb0d9d8000 	C:\WINDOWS\SYSTEM32\ncrypt.dll
0x00007ffb0d970000 - 0x00007ffb0d9ab000 	C:\WINDOWS\SYSTEM32\NTASN1.dll
0x00007ffaf19c0000 - 0x00007ffaf19c7000 	C:\WINDOWS\system32\wshunix.dll
0x00007ffafd7a0000 - 0x00007ffafd7aa000 	C:\Windows\System32\rasadhlp.dll
0x00007ffafd7e0000 - 0x00007ffafd860000 	C:\WINDOWS\System32\fwpuclnt.dll
0x00007ffa9ac50000 - 0x00007ffa9ac67000 	C:\WINDOWS\system32\napinsp.dll
0x00007ffa9a400000 - 0x00007ffa9a41b000 	C:\WINDOWS\system32\pnrpnsp.dll
0x00007ffb087b0000 - 0x00007ffb087c5000 	C:\WINDOWS\system32\wshbth.dll
0x00007ffb098a0000 - 0x00007ffb098bd000 	C:\WINDOWS\system32\NLAapi.dll
0x00007ffa9a2c0000 - 0x00007ffa9a2d2000 	C:\WINDOWS\System32\winrnr.dll

dbghelp: loaded successfully - version: 4.0.5 - missing functions: none
symbol engine: initialized successfully - sym options: 0x614 - pdb path: .;C:\Users\Blaziod\jdk-17\bin;C:\WINDOWS\SYSTEM32;C:\WINDOWS\WinSxS\amd64_microsoft.windows.common-controls_6595b64144ccf1df_6.0.19041.3636_none_60b6a03d71f818d5;C:\Users\Blaziod\jdk-17\bin\server;C:\Users\Blaziod\.gradle\native\68d5fa5c4cc2d200863cafc0d521ce42e7d3e7ee720ec0a83991735586a16f82\windows-amd64;C:\Users\Blaziod\.gradle\native\e376f236ea51e6404a007f0833ffe2c6e607c4080706a723a18a27aeea778392\windows-amd64

VM Arguments:
jvm_args: -XX:MaxMetaspaceSize=512m --add-opens=java.base/java.util=ALL-UNNAMED --add-opens=java.base/java.lang=ALL-UNNAMED --add-opens=java.base/java.lang.invoke=ALL-UNNAMED --add-opens=java.prefs/java.util.prefs=ALL-UNNAMED --add-opens=java.base/java.nio.charset=ALL-UNNAMED --add-opens=java.base/java.net=ALL-UNNAMED --add-opens=java.base/java.util.concurrent.atomic=ALL-UNNAMED -Xmx2048m -Dfile.encoding=windows-1252 -Duser.country=GB -Duser.language=en -Duser.variant -javaagent:C:\Users\Blaziod\.gradle\wrapper\dists\gradle-8.3-all\6en3ugtfdg5xnpx44z4qbwgas\gradle-8.3\lib\agents\gradle-instrumentation-agent-8.3.jar 
java_command: org.gradle.launcher.daemon.bootstrap.GradleDaemon 8.3
java_class_path (initial): C:\Users\Blaziod\.gradle\wrapper\dists\gradle-8.3-all\6en3ugtfdg5xnpx44z4qbwgas\gradle-8.3\lib\gradle-launcher-8.3.jar
Launcher Type: SUN_STANDARD

[Global flags]
     intx CICompilerCount                          = 4                                         {product} {ergonomic}
   size_t CompressedClassSpaceSize                 = 436207616                                 {product} {ergonomic}
     uint ConcGCThreads                            = 2                                         {product} {ergonomic}
     uint G1ConcRefinementThreads                  = 8                                         {product} {ergonomic}
   size_t G1HeapRegionSize                         = 1048576                                   {product} {ergonomic}
    uintx GCDrainStackTargetSize                   = 64                                        {product} {ergonomic}
   size_t InitialHeapSize                          = 100663296                                 {product} {ergonomic}
   size_t MarkStackSize                            = 4194304                                   {product} {ergonomic}
   size_t MaxHeapSize                              = 2147483648                                {product} {command line}
   size_t MaxMetaspaceSize                         = 536870912                                 {product} {command line}
   size_t MaxNewSize                               = 1287651328                                {product} {ergonomic}
   size_t MinHeapDeltaBytes                        = 1048576                                   {product} {ergonomic}
   size_t MinHeapSize                              = 8388608                                   {product} {ergonomic}
    uintx NonNMethodCodeHeapSize                   = 5839372                                {pd product} {ergonomic}
    uintx NonProfiledCodeHeapSize                  = 122909434                              {pd product} {ergonomic}
    uintx ProfiledCodeHeapSize                     = 122909434                              {pd product} {ergonomic}
    uintx ReservedCodeCacheSize                    = 251658240                              {pd product} {ergonomic}
     bool SegmentedCodeCache                       = true                                      {product} {ergonomic}
   size_t SoftMaxHeapSize                          = 2147483648                             {manageable} {ergonomic}
     bool UseCompressedClassPointers               = true                           {product lp64_product} {ergonomic}
     bool UseCompressedOops                        = true                           {product lp64_product} {ergonomic}
     bool UseG1GC                                  = true                                      {product} {ergonomic}
     bool UseLargePagesIndividualAllocation        = false                                  {pd product} {ergonomic}

Logging:
Log output configuration:
 #0: stdout all=warning uptime,level,tags
 #1: stderr all=off uptime,level,tags

Environment Variables:
JAVA_HOME=C:\Users\Blaziod/jdk-17
CLASSPATH=C:\Users\Blaziod\Desktop\Trend3\android\\gradle\wrapper\gradle-wrapper.jar
PATH=C:\Users\Blaziod\AppData\Local\Temp\yarn--1716964993152-0.4992776985201015;C:\Users\Blaziod\desktop\trend3\node_modules\.bin;C:\Users\Blaziod\AppData\Local\Yarn\Data\link\node_modules\.bin;C:\Users\Blaziod\AppData\Local\Yarn\bin;C:\Program Files\libexec\lib\node_modules\npm\bin\node-gyp-bin;C:\Program Files\lib\node_modules\npm\bin\node-gyp-bin;C:\Program Files\nodejs\node_modules\npm\bin\node-gyp-bin;C:\Users\Blaziod\bin;C:\Program Files\Git\mingw64\bin;C:\Program Files\Git\usr\local\bin;C:\Program Files\Git\usr\bin;C:\Program Files\Git\usr\bin;C:\Program Files\Git\mingw64\bin;C:\Program Files\Git\usr\bin;C:\Users\Blaziod\bin;C:\Program Files\Common Files\Oracle\Java\javapath;C:\WINDOWS\system32;C:\WINDOWS;C:\WINDOWS\System32\Wbem;C:\WINDOWS\System32\WindowsPowerShell\v1.0;C:\WINDOWS\System32\OpenSSH;C:\Program Files\nodejs;C:\Program Files\Git\cmd;C:\Program Files (x86)\Windows Kits\10\Windows Performance Toolkit;C:\Users\Blaziod\AppData\Local\Android\Sdk\platform-tools;C:\php;C:\Users\Blaziod\jdk-17\bin;C:\Users\Blaziod\AppData\Local\Android\Sdk\tools;C:\Program Files\Java\jdk-17;C:\Users\Blaziod\AppData\Local\Programs\Python\Python36-32\Scripts;C:\Users\Blaziod\AppData\Local\Programs\Python\Python36-32;C:\Users\Blaziod\AppData\Local\Programs\Python\Python312\Scripts;C:\Users\Blaziod\AppData\Local\Programs\Python\Python312;C:\Users\Blaziod\AppData\Local\Programs\Python\Launcher;C:\Users\Blaziod\AppData\Local\Microsoft\WindowsApps;C:\Users\Blaziod\AppData\Local\Programs\Microsoft VS Code\bin;C:\Users\Blaziod\AppData\Roaming\npm;C:\Users\Blaziod\AppData\Local\Android\Sdk\platform-tools;C:\Program Files\Git\usr\bin\vendor_perl;C:\Program Files\Git\usr\bin\core_perl
USERNAME=Blaziod
SHELL=C:\Program Files\Git\usr\bin\bash.exe
DISPLAY=needs-to-be-defined
LC_CTYPE=en_US.UTF-8
TERM=xterm
TMPDIR=C:\Users\Blaziod\AppData\Local\Temp
OS=Windows_NT
PROCESSOR_IDENTIFIER=AMD64 Family 23 Model 24 Stepping 1, AuthenticAMD
TMP=C:\Users\Blaziod\AppData\Local\Temp
TEMP=C:\Users\Blaziod\AppData\Local\Temp



Periodic native trim disabled


---------------  S Y S T E M  ---------------

OS:
 Windows 10 , 64 bit Build 19041 (10.0.19041.3636)
OS uptime: 1 days 20:47 hours

CPU: total 8 (initial active 8) (8 cores per cpu, 2 threads per core) family 23 model 24 stepping 1 microcode 0x0, cx8, cmov, fxsr, ht, mmx, 3dnowpref, sse, sse2, sse3, ssse3, sse4a, sse4.1, sse4.2, popcnt, lzcnt, tsc, tscinvbit, avx, avx2, aes, clmul, bmi1, bmi2, adx, sha, fma, vzeroupper, clflush, clflushopt
Processor Information for all 8 processors :
  Max Mhz: 2300, Current Mhz: 2300, Mhz Limit: 2300

Memory: 4k page, system-wide physical 6020M (117M free)
TotalPageFile size 24452M (AvailPageFile size 45M)
current process WorkingSet (physical memory assigned to process): 233M, peak: 306M
current process commit charge ("private bytes"): 527M, peak: 531M

vm_info: OpenJDK 64-Bit Server VM (17.0.10+7) for windows-amd64 JRE (17.0.10+7), built on Jan 16 2024 23:25:11 by "admin" with MS VC++ 16.10 / 16.11 (VS2019)

END.
