#
# There is insufficient memory for the Java Runtime Environment to continue.
# Native memory allocation (malloc) failed to allocate 662896 bytes for Chunk::new
# Possible reasons:
#   The system is out of physical RAM or swap space
#   The process is running with CompressedOops enabled, and the Java Heap may be blocking the growth of the native heap
# Possible solutions:
#   Reduce memory load on the system
#   Increase physical memory or swap space
#   Check if swap backing store is full
#   Decrease Java heap size (-Xmx/-Xms)
#   Decrease number of Java threads
#   Decrease Java thread stack sizes (-Xss)
#   Set larger code cache with -XX:ReservedCodeCacheSize=
#   JVM is running with Unscaled Compressed Oops mode in which the Java heap is
#     placed in the first 4GB address space. The Java Heap base address is the
#     maximum limit for the native heap growth. Please use -XX:HeapBaseMinAddress
#     to set the Java Heap base and to place the Java Heap above 4GB virtual address.
# This output file may be truncated or incomplete.
#
#  Out of Memory Error (arena.cpp:191), pid=17140, tid=13404
#
# JRE version: OpenJDK Runtime Environment Temurin-17.0.10+7 (17.0.10+7) (build 17.0.10+7)
# Java VM: OpenJDK 64-Bit Server VM Temurin-17.0.10+7 (17.0.10+7, mixed mode, sharing, tiered, compressed oops, compressed class ptrs, g1 gc, windows-amd64)
# No core dump will be written. Minidumps are not enabled by default on client versions of Windows
#

---------------  S U M M A R Y ------------

Command Line: -Xmx64m -Xms64m -Dorg.gradle.appname=gradlew org.gradle.wrapper.GradleWrapperMain build

Host: AMD Ryzen 7 3700U with Radeon Vega Mobile Gfx  , 8 cores, 5G,  Windows 10 , 64 bit Build 19041 (10.0.19041.3636)
Time: Mon Apr 22 06:02:12 2024 W. Central Africa Standard Time elapsed time: 141.771289 seconds (0d 0h 2m 21s)

---------------  T H R E A D  ---------------

Current thread (0x000001e1278342a0):  JavaThread "C2 CompilerThread0" daemon [_thread_in_native, id=13404, stack(0x0000001d5e100000,0x0000001d5e200000)]


Current CompileTask:
C2: 141771 1872       4       org.gradle.internal.logging.console.BuildStatusRenderer::onOutput (350 bytes)

Stack: [0x0000001d5e100000,0x0000001d5e200000]
Native frames: (J=compiled Java code, j=interpreted, Vv=VM code, C=native code)
V  [jvm.dll+0x67d2c9]
V  [jvm.dll+0x834afa]
V  [jvm.dll+0x8365be]
V  [jvm.dll+0x836c23]
V  [jvm.dll+0x2477ff]
V  [jvm.dll+0xac514]
V  [jvm.dll+0xacb5c]
V  [jvm.dll+0x366782]
V  [jvm.dll+0x330bfa]
V  [jvm.dll+0x33009a]
V  [jvm.dll+0x219ef1]
V  [jvm.dll+0x219311]
V  [jvm.dll+0x1a502d]
V  [jvm.dll+0x2290de]
V  [jvm.dll+0x2272ac]
V  [jvm.dll+0x7e9bb7]
V  [jvm.dll+0x7e3fba]
V  [jvm.dll+0x67c1b5]
C  [ucrtbase.dll+0x21bb2]
C  [KERNEL32.DLL+0x17344]
C  [ntdll.dll+0x526b1]


---------------  P R O C E S S  ---------------

Threads class SMR info:
_java_thread_list=0x000001e16d8207b0, length=15, elements={
0x000001e10bdae000, 0x000001e10debab40, 0x000001e10debb9c0, 0x000001e127822f40,
0x000001e127825910, 0x000001e1278276e0, 0x000001e1278280a0, 0x000001e1278342a0,
0x000001e127834d50, 0x000001e127837760, 0x000001e127a5cce0, 0x000001e127a84af0,
0x000001e16d339bf0, 0x000001e16d7d8610, 0x000001e16d7d8af0
}

Java Threads: ( => current thread )
  0x000001e10bdae000 JavaThread "main" [_thread_in_native, id=16572, stack(0x0000001d5d400000,0x0000001d5d500000)]
  0x000001e10debab40 JavaThread "Reference Handler" daemon [_thread_blocked, id=16704, stack(0x0000001d5db00000,0x0000001d5dc00000)]
  0x000001e10debb9c0 JavaThread "Finalizer" daemon [_thread_blocked, id=5984, stack(0x0000001d5dc00000,0x0000001d5dd00000)]
  0x000001e127822f40 JavaThread "Signal Dispatcher" daemon [_thread_blocked, id=18868, stack(0x0000001d5dd00000,0x0000001d5de00000)]
  0x000001e127825910 JavaThread "Attach Listener" daemon [_thread_blocked, id=21324, stack(0x0000001d5de00000,0x0000001d5df00000)]
  0x000001e1278276e0 JavaThread "Service Thread" daemon [_thread_blocked, id=19224, stack(0x0000001d5df00000,0x0000001d5e000000)]
  0x000001e1278280a0 JavaThread "Monitor Deflation Thread" daemon [_thread_blocked, id=22740, stack(0x0000001d5e000000,0x0000001d5e100000)]
=>0x000001e1278342a0 JavaThread "C2 CompilerThread0" daemon [_thread_in_native, id=13404, stack(0x0000001d5e100000,0x0000001d5e200000)]
  0x000001e127834d50 JavaThread "C1 CompilerThread0" daemon [_thread_blocked, id=16840, stack(0x0000001d5e200000,0x0000001d5e300000)]
  0x000001e127837760 JavaThread "Sweeper thread" daemon [_thread_blocked, id=23044, stack(0x0000001d5e300000,0x0000001d5e400000)]
  0x000001e127a5cce0 JavaThread "Notification Thread" daemon [_thread_blocked, id=9376, stack(0x0000001d5e400000,0x0000001d5e500000)]
  0x000001e127a84af0 JavaThread "Common-Cleaner" daemon [_thread_blocked, id=17620, stack(0x0000001d5e600000,0x0000001d5e700000)]
  0x000001e16d339bf0 JavaThread "pool-1-thread-1" [_thread_in_vm, id=21120, stack(0x0000001d5eb00000,0x0000001d5ec00000)]
  0x000001e16d7d8610 JavaThread "DisconnectableInputStream source reader" daemon [_thread_in_native, id=14412, stack(0x0000001d5ed00000,0x0000001d5ee00000)]
  0x000001e16d7d8af0 JavaThread "Forward input" [_thread_blocked, id=8432, stack(0x0000001d5ee00000,0x0000001d5ef00000)]

Other Threads:
  0x000001e10bcc6700 VMThread "VM Thread" [stack: 0x0000001d5da00000,0x0000001d5db00000] [id=13884]
  0x000001e127a7fc00 WatcherThread [stack: 0x0000001d5e500000,0x0000001d5e600000] [id=8112]
  0x000001e10de32330 GCTaskThread "GC Thread#0" [stack: 0x0000001d5d500000,0x0000001d5d600000] [id=9432]
  0x000001e16d2e6c80 GCTaskThread "GC Thread#1" [stack: 0x0000001d5e700000,0x0000001d5e800000] [id=7508]
  0x000001e16d63f890 GCTaskThread "GC Thread#2" [stack: 0x0000001d5e800000,0x0000001d5e900000] [id=7524]
  0x000001e16d6184f0 GCTaskThread "GC Thread#3" [stack: 0x0000001d5e900000,0x0000001d5ea00000] [id=10748]
  0x000001e16d6187b0 GCTaskThread "GC Thread#4" [stack: 0x0000001d5ea00000,0x0000001d5eb00000] [id=16124]
  0x000001e10de34290 ConcurrentGCThread "G1 Main Marker" [stack: 0x0000001d5d600000,0x0000001d5d700000] [id=11372]
  0x000001e10de35450 ConcurrentGCThread "G1 Conc#0" [stack: 0x0000001d5d700000,0x0000001d5d800000] [id=6480]
  0x000001e10de94e90 ConcurrentGCThread "G1 Refine#0" [stack: 0x0000001d5d800000,0x0000001d5d900000] [id=18604]
  0x000001e10de958c0 ConcurrentGCThread "G1 Service" [stack: 0x0000001d5d900000,0x0000001d5da00000] [id=19364]

Threads with active compile tasks:
C2 CompilerThread0   141862 1872       4       org.gradle.internal.logging.console.BuildStatusRenderer::onOutput (350 bytes)

VM state: not at safepoint (normal execution)

VM Mutex/Monitor currently owned by a thread: None

Heap address: 0x00000000fc000000, size: 64 MB, Compressed Oops mode: 32-bit

CDS archive(s) mapped at: [0x000001e128000000-0x000001e128bb0000-0x000001e128bb0000), size 12255232, SharedBaseAddress: 0x000001e128000000, ArchiveRelocationMode: 1.
Compressed class space mapped at: 0x000001e129000000-0x000001e169000000, reserved size: 1073741824
Narrow klass base: 0x000001e128000000, Narrow klass shift: 0, Narrow klass range: 0x100000000

GC Precious Log:
 CPUs: 8 total, 8 available
 Memory: 6020M
 Large Page Support: Disabled
 NUMA Support: Disabled
 Compressed Oops: Enabled (32-bit)
 Heap Region Size: 1M
 Heap Min Capacity: 64M
 Heap Initial Capacity: 64M
 Heap Max Capacity: 64M
 Pre-touch: Disabled
 Parallel Workers: 8
 Concurrent Workers: 2
 Concurrent Refinement Workers: 8
 Periodic GC: Disabled

Heap:
 garbage-first heap   total 65536K, used 32072K [0x00000000fc000000, 0x0000000100000000)
  region size 1024K, 25 young (25600K), 3 survivors (3072K)
 Metaspace       used 9213K, committed 9408K, reserved 1114112K
  class space    used 1196K, committed 1280K, reserved 1048576K

Heap Regions: E=young(eden), S=young(survivor), O=old, HS=humongous(starts), HC=humongous(continues), CS=collection set, F=free, OA=open archive, CA=closed archive, TAMS=top-at-mark-start (previous, next)
|   0|0x00000000fc000000, 0x00000000fc100000, 0x00000000fc100000|100%|HS|  |TAMS 0x00000000fc000000, 0x00000000fc000000| Complete 
|   1|0x00000000fc100000, 0x00000000fc200000, 0x00000000fc200000|100%|HC|  |TAMS 0x00000000fc100000, 0x00000000fc100000| Complete 
|   2|0x00000000fc200000, 0x00000000fc300000, 0x00000000fc300000|100%|HC|  |TAMS 0x00000000fc200000, 0x00000000fc200000| Complete 
|   3|0x00000000fc300000, 0x00000000fc400000, 0x00000000fc400000|100%|HC|  |TAMS 0x00000000fc300000, 0x00000000fc300000| Complete 
|   4|0x00000000fc400000, 0x00000000fc500000, 0x00000000fc500000|100%| O|  |TAMS 0x00000000fc400000, 0x00000000fc400000| Untracked 
|   5|0x00000000fc500000, 0x00000000fc600000, 0x00000000fc600000|100%| O|  |TAMS 0x00000000fc500000, 0x00000000fc500000| Untracked 
|   6|0x00000000fc600000, 0x00000000fc700000, 0x00000000fc700000|100%| O|  |TAMS 0x00000000fc600000, 0x00000000fc600000| Untracked 
|   7|0x00000000fc700000, 0x00000000fc752200, 0x00000000fc800000| 32%| O|  |TAMS 0x00000000fc700000, 0x00000000fc700000| Untracked 
|   8|0x00000000fc800000, 0x00000000fc800000, 0x00000000fc900000|  0%| F|  |TAMS 0x00000000fc800000, 0x00000000fc800000| Untracked 
|   9|0x00000000fc900000, 0x00000000fc900000, 0x00000000fca00000|  0%| F|  |TAMS 0x00000000fc900000, 0x00000000fc900000| Untracked 
|  10|0x00000000fca00000, 0x00000000fca00000, 0x00000000fcb00000|  0%| F|  |TAMS 0x00000000fca00000, 0x00000000fca00000| Untracked 
|  11|0x00000000fcb00000, 0x00000000fcb00000, 0x00000000fcc00000|  0%| F|  |TAMS 0x00000000fcb00000, 0x00000000fcb00000| Untracked 
|  12|0x00000000fcc00000, 0x00000000fcc00000, 0x00000000fcd00000|  0%| F|  |TAMS 0x00000000fcc00000, 0x00000000fcc00000| Untracked 
|  13|0x00000000fcd00000, 0x00000000fcd00000, 0x00000000fce00000|  0%| F|  |TAMS 0x00000000fcd00000, 0x00000000fcd00000| Untracked 
|  14|0x00000000fce00000, 0x00000000fce00000, 0x00000000fcf00000|  0%| F|  |TAMS 0x00000000fce00000, 0x00000000fce00000| Untracked 
|  15|0x00000000fcf00000, 0x00000000fcf00000, 0x00000000fd000000|  0%| F|  |TAMS 0x00000000fcf00000, 0x00000000fcf00000| Untracked 
|  16|0x00000000fd000000, 0x00000000fd000000, 0x00000000fd100000|  0%| F|  |TAMS 0x00000000fd000000, 0x00000000fd000000| Untracked 
|  17|0x00000000fd100000, 0x00000000fd100000, 0x00000000fd200000|  0%| F|  |TAMS 0x00000000fd100000, 0x00000000fd100000| Untracked 
|  18|0x00000000fd200000, 0x00000000fd200000, 0x00000000fd300000|  0%| F|  |TAMS 0x00000000fd200000, 0x00000000fd200000| Untracked 
|  19|0x00000000fd300000, 0x00000000fd300000, 0x00000000fd400000|  0%| F|  |TAMS 0x00000000fd300000, 0x00000000fd300000| Untracked 
|  20|0x00000000fd400000, 0x00000000fd400000, 0x00000000fd500000|  0%| F|  |TAMS 0x00000000fd400000, 0x00000000fd400000| Untracked 
|  21|0x00000000fd500000, 0x00000000fd500000, 0x00000000fd600000|  0%| F|  |TAMS 0x00000000fd500000, 0x00000000fd500000| Untracked 
|  22|0x00000000fd600000, 0x00000000fd600000, 0x00000000fd700000|  0%| F|  |TAMS 0x00000000fd600000, 0x00000000fd600000| Untracked 
|  23|0x00000000fd700000, 0x00000000fd700000, 0x00000000fd800000|  0%| F|  |TAMS 0x00000000fd700000, 0x00000000fd700000| Untracked 
|  24|0x00000000fd800000, 0x00000000fd800000, 0x00000000fd900000|  0%| F|  |TAMS 0x00000000fd800000, 0x00000000fd800000| Untracked 
|  25|0x00000000fd900000, 0x00000000fd900000, 0x00000000fda00000|  0%| F|  |TAMS 0x00000000fd900000, 0x00000000fd900000| Untracked 
|  26|0x00000000fda00000, 0x00000000fda00000, 0x00000000fdb00000|  0%| F|  |TAMS 0x00000000fda00000, 0x00000000fda00000| Untracked 
|  27|0x00000000fdb00000, 0x00000000fdb00000, 0x00000000fdc00000|  0%| F|  |TAMS 0x00000000fdb00000, 0x00000000fdb00000| Untracked 
|  28|0x00000000fdc00000, 0x00000000fdc00000, 0x00000000fdd00000|  0%| F|  |TAMS 0x00000000fdc00000, 0x00000000fdc00000| Untracked 
|  29|0x00000000fdd00000, 0x00000000fdd00000, 0x00000000fde00000|  0%| F|  |TAMS 0x00000000fdd00000, 0x00000000fdd00000| Untracked 
|  30|0x00000000fde00000, 0x00000000fde00000, 0x00000000fdf00000|  0%| F|  |TAMS 0x00000000fde00000, 0x00000000fde00000| Untracked 
|  31|0x00000000fdf00000, 0x00000000fdf00000, 0x00000000fe000000|  0%| F|  |TAMS 0x00000000fdf00000, 0x00000000fdf00000| Untracked 
|  32|0x00000000fe000000, 0x00000000fe000000, 0x00000000fe100000|  0%| F|  |TAMS 0x00000000fe000000, 0x00000000fe000000| Untracked 
|  33|0x00000000fe100000, 0x00000000fe100000, 0x00000000fe200000|  0%| F|  |TAMS 0x00000000fe100000, 0x00000000fe100000| Untracked 
|  34|0x00000000fe200000, 0x00000000fe200000, 0x00000000fe300000|  0%| F|  |TAMS 0x00000000fe200000, 0x00000000fe200000| Untracked 
|  35|0x00000000fe300000, 0x00000000fe300000, 0x00000000fe400000|  0%| F|  |TAMS 0x00000000fe300000, 0x00000000fe300000| Untracked 
|  36|0x00000000fe400000, 0x00000000fe400000, 0x00000000fe500000|  0%| F|  |TAMS 0x00000000fe400000, 0x00000000fe400000| Untracked 
|  37|0x00000000fe500000, 0x00000000fe500000, 0x00000000fe600000|  0%| F|  |TAMS 0x00000000fe500000, 0x00000000fe500000| Untracked 
|  38|0x00000000fe600000, 0x00000000fe700000, 0x00000000fe700000|100%| S|CS|TAMS 0x00000000fe600000, 0x00000000fe600000| Complete 
|  39|0x00000000fe700000, 0x00000000fe800000, 0x00000000fe800000|100%| S|CS|TAMS 0x00000000fe700000, 0x00000000fe700000| Complete 
|  40|0x00000000fe800000, 0x00000000fe900000, 0x00000000fe900000|100%| S|CS|TAMS 0x00000000fe800000, 0x00000000fe800000| Complete 
|  41|0x00000000fe900000, 0x00000000fe900000, 0x00000000fea00000|  0%| F|  |TAMS 0x00000000fe900000, 0x00000000fe900000| Untracked 
|  42|0x00000000fea00000, 0x00000000fea712a8, 0x00000000feb00000| 44%| E|  |TAMS 0x00000000fea00000, 0x00000000fea00000| Complete 
|  43|0x00000000feb00000, 0x00000000fec00000, 0x00000000fec00000|100%| E|CS|TAMS 0x00000000feb00000, 0x00000000feb00000| Complete 
|  44|0x00000000fec00000, 0x00000000fed00000, 0x00000000fed00000|100%| E|CS|TAMS 0x00000000fec00000, 0x00000000fec00000| Complete 
|  45|0x00000000fed00000, 0x00000000fee00000, 0x00000000fee00000|100%| E|CS|TAMS 0x00000000fed00000, 0x00000000fed00000| Complete 
|  46|0x00000000fee00000, 0x00000000fef00000, 0x00000000fef00000|100%| E|CS|TAMS 0x00000000fee00000, 0x00000000fee00000| Complete 
|  47|0x00000000fef00000, 0x00000000ff000000, 0x00000000ff000000|100%| E|CS|TAMS 0x00000000fef00000, 0x00000000fef00000| Complete 
|  48|0x00000000ff000000, 0x00000000ff100000, 0x00000000ff100000|100%| E|CS|TAMS 0x00000000ff000000, 0x00000000ff000000| Complete 
|  49|0x00000000ff100000, 0x00000000ff200000, 0x00000000ff200000|100%| E|CS|TAMS 0x00000000ff100000, 0x00000000ff100000| Complete 
|  50|0x00000000ff200000, 0x00000000ff300000, 0x00000000ff300000|100%| E|CS|TAMS 0x00000000ff200000, 0x00000000ff200000| Complete 
|  51|0x00000000ff300000, 0x00000000ff400000, 0x00000000ff400000|100%| E|CS|TAMS 0x00000000ff300000, 0x00000000ff300000| Complete 
|  52|0x00000000ff400000, 0x00000000ff500000, 0x00000000ff500000|100%| E|CS|TAMS 0x00000000ff400000, 0x00000000ff400000| Complete 
|  53|0x00000000ff500000, 0x00000000ff600000, 0x00000000ff600000|100%| E|CS|TAMS 0x00000000ff500000, 0x00000000ff500000| Complete 
|  54|0x00000000ff600000, 0x00000000ff700000, 0x00000000ff700000|100%| E|CS|TAMS 0x00000000ff600000, 0x00000000ff600000| Complete 
|  55|0x00000000ff700000, 0x00000000ff800000, 0x00000000ff800000|100%| E|CS|TAMS 0x00000000ff700000, 0x00000000ff700000| Complete 
|  56|0x00000000ff800000, 0x00000000ff900000, 0x00000000ff900000|100%| E|CS|TAMS 0x00000000ff800000, 0x00000000ff800000| Complete 
|  57|0x00000000ff900000, 0x00000000ffa00000, 0x00000000ffa00000|100%| E|CS|TAMS 0x00000000ff900000, 0x00000000ff900000| Complete 
|  58|0x00000000ffa00000, 0x00000000ffb00000, 0x00000000ffb00000|100%| E|CS|TAMS 0x00000000ffa00000, 0x00000000ffa00000| Complete 
|  59|0x00000000ffb00000, 0x00000000ffc00000, 0x00000000ffc00000|100%| E|CS|TAMS 0x00000000ffb00000, 0x00000000ffb00000| Complete 
|  60|0x00000000ffc00000, 0x00000000ffd00000, 0x00000000ffd00000|100%| E|CS|TAMS 0x00000000ffc00000, 0x00000000ffc00000| Complete 
|  61|0x00000000ffd00000, 0x00000000ffe00000, 0x00000000ffe00000|100%| E|CS|TAMS 0x00000000ffd00000, 0x00000000ffd00000| Complete 
|  62|0x00000000ffe00000, 0x00000000fff00000, 0x00000000fff00000|100%| E|CS|TAMS 0x00000000ffe00000, 0x00000000ffe00000| Complete 
|  63|0x00000000fff00000, 0x0000000100000000, 0x0000000100000000|100%| E|CS|TAMS 0x00000000fff00000, 0x00000000fff00000| Complete 

Card table byte_map: [0x000001e10dd40000,0x000001e10dd60000] _byte_map_base: 0x000001e10d560000

Marking Bits (Prev, Next): (CMBitMap*) 0x000001e10de32950, (CMBitMap*) 0x000001e10de32990
 Prev Bits: [0x000001e124c70000, 0x000001e124d70000)
 Next Bits: [0x000001e124d70000, 0x000001e124e70000)

Polling page: 0x000001e10d5c0000

Metaspace:

Usage:
  Non-class:      7.83 MB used.
      Class:      1.17 MB used.
       Both:      9.00 MB used.

Virtual space:
  Non-class space:       64.00 MB reserved,       7.94 MB ( 12%) committed,  1 nodes.
      Class space:        1.00 GB reserved,       1.25 MB ( <1%) committed,  1 nodes.
             Both:        1.06 GB reserved,       9.19 MB ( <1%) committed. 

Chunk freelists:
   Non-Class:  7.73 MB
       Class:  14.61 MB
        Both:  22.34 MB

MaxMetaspaceSize: unlimited
CompressedClassSpaceSize: 1.00 GB
Initial GC threshold: 21.00 MB
Current GC threshold: 21.00 MB
CDS: on
MetaspaceReclaimPolicy: balanced
 - commit_granule_bytes: 65536.
 - commit_granule_words: 8192.
 - virtual_space_node_default_size: 8388608.
 - enlarge_chunks_in_place: 1.
 - new_chunks_are_fully_committed: 0.
 - uncommit_free_chunks: 1.
 - use_allocation_guard: 0.
 - handle_deallocations: 1.


Internal statistics:

num_allocs_failed_limit: 0.
num_arena_births: 76.
num_arena_deaths: 0.
num_vsnodes_births: 2.
num_vsnodes_deaths: 0.
num_space_committed: 147.
num_space_uncommitted: 0.
num_chunks_returned_to_freelist: 0.
num_chunks_taken_from_freelist: 318.
num_chunk_merges: 0.
num_chunk_splits: 225.
num_chunks_enlarged: 188.
num_inconsistent_stats: 0.

CodeHeap 'non-profiled nmethods': size=120000Kb used=717Kb max_used=717Kb free=119282Kb
 bounds [0x000001e11d400000, 0x000001e11d670000, 0x000001e124930000]
CodeHeap 'profiled nmethods': size=120000Kb used=3523Kb max_used=3523Kb free=116476Kb
 bounds [0x000001e115930000, 0x000001e115cb0000, 0x000001e11ce60000]
CodeHeap 'non-nmethods': size=5760Kb used=1167Kb max_used=1212Kb free=4593Kb
 bounds [0x000001e11ce60000, 0x000001e11d0d0000, 0x000001e11d400000]
 total_blobs=2330 nmethods=1867 adapters=376
 compilation: enabled
              stopped_count=0, restarted_count=0
 full_count=0

Compilation events (20 events):
Event: 129.332 Thread 0x000001e127834d50 nmethod 1862 0x000001e115c9e490 code [0x000001e115c9e640, 0x000001e115c9e868]
Event: 129.402 Thread 0x000001e127834d50 1863       3       org.gradle.internal.logging.console.StyledTextOutputBackedRenderer$OutputEventTextOutputImpl::doLineText (17 bytes)
Event: 129.402 Thread 0x000001e127834d50 nmethod 1863 0x000001e115c9e990 code [0x000001e115c9eb60, 0x000001e115c9ef98]
Event: 129.704 Thread 0x000001e1278342a0 1864       4       jdk.internal.misc.Unsafe::putIntOpaque (9 bytes)
Event: 129.705 Thread 0x000001e1278342a0 nmethod 1864 0x000001e11d4b1b90 code [0x000001e11d4b1d00, 0x000001e11d4b1d98]
Event: 133.891 Thread 0x000001e1278342a0 1865       4       java.util.AbstractList::<init> (10 bytes)
Event: 133.893 Thread 0x000001e1278342a0 nmethod 1865 0x000001e11d4b1e90 code [0x000001e11d4b2000, 0x000001e11d4b2078]
Event: 133.996 Thread 0x000001e1278342a0 1866       4       java.lang.String::substring (10 bytes)
Event: 134.005 Thread 0x000001e1278342a0 nmethod 1866 0x000001e11d4b2190 code [0x000001e11d4b2320, 0x000001e11d4b27f8]
Event: 135.020 Thread 0x000001e127834d50 1867       3       com.google.common.base.Preconditions::checkPositionIndex (8 bytes)
Event: 135.021 Thread 0x000001e127834d50 nmethod 1867 0x000001e115c9f110 code [0x000001e115c9f2a0, 0x000001e115c9f3c8]
Event: 135.021 Thread 0x000001e127834d50 1868       3       com.google.common.base.Preconditions::checkPositionIndex (25 bytes)
Event: 135.023 Thread 0x000001e127834d50 nmethod 1868 0x000001e115c9f490 code [0x000001e115c9f640, 0x000001e115c9f8b8]
Event: 137.861 Thread 0x000001e127834d50 1869       3       org.gradle.internal.logging.console.DefaultTextArea$2$1::execute (145 bytes)
Event: 137.869 Thread 0x000001e127834d50 nmethod 1869 0x000001e115c9fa10 code [0x000001e115c9fcc0, 0x000001e115ca08e8]
Event: 138.827 Thread 0x000001e1278342a0 1870       4       java.util.HashMap$HashIterator::hasNext (13 bytes)
Event: 138.829 Thread 0x000001e1278342a0 nmethod 1870 0x000001e11d4b2a90 code [0x000001e11d4b2c00, 0x000001e11d4b2c98]
Event: 141.433 Thread 0x000001e1278342a0 1871       4       java.util.HashMap$HashIterator::nextNode (100 bytes)
Event: 141.447 Thread 0x000001e1278342a0 nmethod 1871 0x000001e11d4b2d90 code [0x000001e11d4b2f20, 0x000001e11d4b32f8]
Event: 141.603 Thread 0x000001e1278342a0 1872       4       org.gradle.internal.logging.console.BuildStatusRenderer::onOutput (350 bytes)

GC Heap History (2 events):
Event: 0.990 GC heap before
{Heap before GC invocations=0 (full 0):
 garbage-first heap   total 65536K, used 26624K [0x00000000fc000000, 0x0000000100000000)
  region size 1024K, 23 young (23552K), 0 survivors (0K)
 Metaspace       used 3780K, committed 3904K, reserved 1114112K
  class space    used 462K, committed 512K, reserved 1048576K
}
Event: 0.998 GC heap after
{Heap after GC invocations=1 (full 0):
 garbage-first heap   total 65536K, used 10568K [0x00000000fc000000, 0x0000000100000000)
  region size 1024K, 3 young (3072K), 3 survivors (3072K)
 Metaspace       used 3780K, committed 3904K, reserved 1114112K
  class space    used 462K, committed 512K, reserved 1048576K
}

Dll operation events (13 events):
Event: 0.015 Loaded shared library C:\Users\Blaziod\jdk-17\bin\java.dll
Event: 0.060 Loaded shared library C:\Users\Blaziod\jdk-17\bin\jsvml.dll
Event: 0.117 Loaded shared library C:\Users\Blaziod\jdk-17\bin\net.dll
Event: 0.121 Loaded shared library C:\Users\Blaziod\jdk-17\bin\nio.dll
Event: 0.126 Loaded shared library C:\Users\Blaziod\jdk-17\bin\zip.dll
Event: 0.544 Loaded shared library C:\Users\Blaziod\jdk-17\bin\jimage.dll
Event: 0.657 Loaded shared library C:\Users\Blaziod\jdk-17\bin\verify.dll
Event: 1.036 Loaded shared library C:\Users\Blaziod\.gradle\native\68d5fa5c4cc2d200863cafc0d521ce42e7d3e7ee720ec0a83991735586a16f82\windows-amd64\native-platform.dll
Event: 1.065 Loaded shared library C:\Users\Blaziod\.gradle\native\jansi\1.18\windows64\jansi.dll
Event: 1.228 Loaded shared library C:\Users\Blaziod\jdk-17\bin\management.dll
Event: 1.234 Loaded shared library C:\Users\Blaziod\jdk-17\bin\management_ext.dll
Event: 1.534 Loaded shared library C:\Users\Blaziod\jdk-17\bin\extnet.dll
Event: 1.611 Loaded shared library C:\Users\Blaziod\jdk-17\bin\sunmscapi.dll

Deoptimization events (20 events):
Event: 1.559 Thread 0x000001e10bdae000 DEOPT PACKING pc=0x000001e11d43c6e8 sp=0x0000001d5d4fc1f0
Event: 1.559 Thread 0x000001e10bdae000 DEOPT UNPACKING pc=0x000001e11ceb69a3 sp=0x0000001d5d4fc1d8 mode 2
Event: 1.657 Thread 0x000001e10bdae000 Uncommon trap: trap_request=0xffffff45 fr.pc=0x000001e11d44a6f0 relative=0x0000000000000410
Event: 1.657 Thread 0x000001e10bdae000 Uncommon trap: reason=unstable_if action=reinterpret pc=0x000001e11d44a6f0 method=java.util.regex.Matcher.match(II)Z @ 76 c2
Event: 1.657 Thread 0x000001e10bdae000 DEOPT PACKING pc=0x000001e11d44a6f0 sp=0x0000001d5d4fb4c0
Event: 1.657 Thread 0x000001e10bdae000 DEOPT UNPACKING pc=0x000001e11ceb69a3 sp=0x0000001d5d4fb478 mode 2
Event: 31.790 Thread 0x000001e10bdae000 Uncommon trap: trap_request=0xffffffc6 fr.pc=0x000001e11d45e638 relative=0x0000000000000558
Event: 31.790 Thread 0x000001e10bdae000 Uncommon trap: reason=bimorphic_or_optimized_type_check action=maybe_recompile pc=0x000001e11d45e638 method=java.util.concurrent.ConcurrentHashMap.get(Ljava/lang/Object;)Ljava/lang/Object; @ 149 c2
Event: 31.791 Thread 0x000001e10bdae000 DEOPT PACKING pc=0x000001e11d45e638 sp=0x0000001d5d4fc520
Event: 31.791 Thread 0x000001e10bdae000 DEOPT UNPACKING pc=0x000001e11ceb69a3 sp=0x0000001d5d4fc4c0 mode 2
Event: 31.791 Thread 0x000001e10bdae000 Uncommon trap: trap_request=0xffffffc6 fr.pc=0x000001e11d45e638 relative=0x0000000000000558
Event: 31.791 Thread 0x000001e10bdae000 Uncommon trap: reason=bimorphic_or_optimized_type_check action=maybe_recompile pc=0x000001e11d45e638 method=java.util.concurrent.ConcurrentHashMap.get(Ljava/lang/Object;)Ljava/lang/Object; @ 149 c2
Event: 31.791 Thread 0x000001e10bdae000 DEOPT PACKING pc=0x000001e11d45e638 sp=0x0000001d5d4fc520
Event: 31.791 Thread 0x000001e10bdae000 DEOPT UNPACKING pc=0x000001e11ceb69a3 sp=0x0000001d5d4fc4c0 mode 2
Event: 41.486 Thread 0x000001e10bdae000 DEOPT PACKING pc=0x000001e115bce74d sp=0x0000001d5d4fbf10
Event: 41.486 Thread 0x000001e10bdae000 DEOPT UNPACKING pc=0x000001e11ceb7143 sp=0x0000001d5d4fb3a8 mode 0
Event: 54.795 Thread 0x000001e16d339bf0 Uncommon trap: trap_request=0xffffff45 fr.pc=0x000001e11d48aa04 relative=0x0000000000000084
Event: 54.795 Thread 0x000001e16d339bf0 Uncommon trap: reason=unstable_if action=reinterpret pc=0x000001e11d48aa04 method=org.gradle.internal.operations.OperationIdentifier.equals(Ljava/lang/Object;)Z @ 2 c2
Event: 54.795 Thread 0x000001e16d339bf0 DEOPT PACKING pc=0x000001e11d48aa04 sp=0x0000001d5ebfe8f0
Event: 54.796 Thread 0x000001e16d339bf0 DEOPT UNPACKING pc=0x000001e11ceb69a3 sp=0x0000001d5ebfe880 mode 2

Classes unloaded (0 events):
No events

Classes redefined (0 events):
No events

Internal exceptions (18 events):
Event: 0.277 Thread 0x000001e10bdae000 Exception <a 'java/lang/NoSuchMethodError'{0x00000000ffc6ddd0}: 'int java.lang.invoke.DirectMethodHandle$Holder.invokeStaticInit(java.lang.Object, java.lang.Object)'> (0x00000000ffc6ddd0) 
thrown [s\src\hotspot\share\interpreter\linkResolver.cpp, line 759]
Event: 0.951 Thread 0x000001e10bdae000 Exception <a 'java/lang/NoSuchMethodError'{0x00000000fe937e30}: 'void java.lang.invoke.DirectMethodHandle$Holder.invokeStatic(java.lang.Object, java.lang.Object)'> (0x00000000fe937e30) 
thrown [s\src\hotspot\share\interpreter\linkResolver.cpp, line 759]
Event: 0.980 Thread 0x000001e10bdae000 Exception <a 'java/lang/NoClassDefFoundError'{0x00000000fe9bf920}: org/slf4j/impl/StaticMarkerBinder> (0x00000000fe9bf920) 
thrown [s\src\hotspot\share\classfile\systemDictionary.cpp, line 245]
Event: 1.010 Thread 0x000001e10bdae000 Exception <a 'java/lang/NoSuchMethodError'{0x00000000fff62770}: 'java.lang.Object java.lang.invoke.DirectMethodHandle$Holder.invokeVirtual(java.lang.Object, java.lang.Object, java.lang.Object, java.lang.Object, java.lang.Object, java.lang.Object, java.lang.Object)'> (0x00000000fff62770) 
thrown [s\src\hotspot\share\interpreter\linkResolver.cpp, line 759]
Event: 1.012 Thread 0x000001e10bdae000 Exception <a 'java/lang/NoSuchMethodError'{0x00000000fffac4e0}: 'java.lang.Object java.lang.invoke.Invokers$Holder.invoker(java.lang.Object, java.lang.Object, java.lang.Object)'> (0x00000000fffac4e0) 
thrown [s\src\hotspot\share\interpreter\linkResolver.cpp, line 759]
Event: 1.014 Thread 0x000001e10bdae000 Exception <a 'java/lang/NoSuchMethodError'{0x00000000fffb5720}: 'java.lang.Object java.lang.invoke.DirectMethodHandle$Holder.invokeStatic(java.lang.Object, java.lang.Object, int)'> (0x00000000fffb5720) 
thrown [s\src\hotspot\share\interpreter\linkResolver.cpp, line 759]
Event: 1.016 Thread 0x000001e10bdae000 Exception <a 'java/lang/NoSuchMethodError'{0x00000000fffc1410}: 'void java.lang.invoke.DelegatingMethodHandle$Holder.delegate(java.lang.Object, java.lang.Object, int, java.lang.Object)'> (0x00000000fffc1410) 
thrown [s\src\hotspot\share\interpreter\linkResolver.cpp, line 759]
Event: 1.017 Thread 0x000001e10bdae000 Exception <a 'java/lang/NoSuchMethodError'{0x00000000fffc55d8}: 'int java.lang.invoke.DirectMethodHandle$Holder.invokeSpecial(java.lang.Object, java.lang.Object, java.lang.Object)'> (0x00000000fffc55d8) 
thrown [s\src\hotspot\share\interpreter\linkResolver.cpp, line 759]
Event: 1.020 Thread 0x000001e10bdae000 Exception <a 'java/lang/NoSuchMethodError'{0x00000000fffd8720}: 'java.lang.Object java.lang.invoke.Invokers$Holder.invokeExact_MT(java.lang.Object, java.lang.Object, java.lang.Object, java.lang.Object)'> (0x00000000fffd8720) 
thrown [s\src\hotspot\share\interpreter\linkResolver.cpp, line 759]
Event: 1.191 Thread 0x000001e10bdae000 Exception <a 'java/lang/NoSuchMethodError'{0x00000000ff9ecdf8}: 'void java.lang.invoke.DirectMethodHandle$Holder.invokeSpecial(java.lang.Object, java.lang.Object, java.lang.Object)'> (0x00000000ff9ecdf8) 
thrown [s\src\hotspot\share\interpreter\linkResolver.cpp, line 759]
Event: 1.202 Thread 0x000001e10bdae000 Implicit null exception at 0x000001e11d45570a to 0x000001e11d455c4c
Event: 1.202 Thread 0x000001e10bdae000 Implicit null exception at 0x000001e11d44b10f to 0x000001e11d44b654
Event: 1.225 Thread 0x000001e10bdae000 Exception <a 'java/lang/NoSuchMethodError'{0x00000000ff772d00}: 'java.lang.Object java.lang.invoke.DirectMethodHandle$Holder.invokeStaticInit(java.lang.Object)'> (0x00000000ff772d00) 
thrown [s\src\hotspot\share\interpreter\linkResolver.cpp, line 759]
Event: 1.326 Thread 0x000001e10bdae000 Exception <a 'java/lang/NoSuchMethodError'{0x00000000ff32b4c0}: 'java.lang.Object java.lang.invoke.DirectMethodHandle$Holder.invokeStaticInit(java.lang.Object, int, int, int, int)'> (0x00000000ff32b4c0) 
thrown [s\src\hotspot\share\interpreter\linkResolver.cpp, line 759]
Event: 1.438 Thread 0x000001e10bdae000 Exception <a 'java/lang/NoSuchMethodError'{0x00000000ff3b7648}: 'java.lang.Object java.lang.invoke.DirectMethodHandle$Holder.invokeStaticInit(java.lang.Object, java.lang.Object, int, int, int, int)'> (0x00000000ff3b7648) 
thrown [s\src\hotspot\share\interpreter\linkResolver.cpp, line 759]
Event: 1.537 Thread 0x000001e10bdae000 Exception <a 'java/lang/NoSuchMethodError'{0x00000000ff3e51f0}: 'void java.lang.invoke.DirectMethodHandle$Holder.invokeStatic(java.lang.Object, java.lang.Object, java.lang.Object)'> (0x00000000ff3e51f0) 
thrown [s\src\hotspot\share\interpreter\linkResolver.cpp, line 759]
Event: 1.558 Thread 0x000001e10bdae000 Implicit null exception at 0x000001e11d436572 to 0x000001e11d436b40
Event: 1.559 Thread 0x000001e10bdae000 Implicit null exception at 0x000001e11d43c0f2 to 0x000001e11d43c6d0

VM Operations (20 events):
Event: 108.519 Executing VM operation: Cleanup
Event: 108.519 Executing VM operation: Cleanup done
Event: 112.552 Executing VM operation: Cleanup
Event: 112.552 Executing VM operation: Cleanup done
Event: 115.589 Executing VM operation: Cleanup
Event: 115.589 Executing VM operation: Cleanup done
Event: 121.664 Executing VM operation: Cleanup
Event: 121.664 Executing VM operation: Cleanup done
Event: 122.670 Executing VM operation: Cleanup
Event: 122.670 Executing VM operation: Cleanup done
Event: 125.701 Executing VM operation: Cleanup
Event: 125.701 Executing VM operation: Cleanup done
Event: 126.711 Executing VM operation: Cleanup
Event: 126.711 Executing VM operation: Cleanup done
Event: 128.739 Executing VM operation: Cleanup
Event: 128.739 Executing VM operation: Cleanup done
Event: 133.790 Executing VM operation: Cleanup
Event: 133.790 Executing VM operation: Cleanup done
Event: 139.848 Executing VM operation: Cleanup
Event: 139.848 Executing VM operation: Cleanup done

Events (20 events):
Event: 14.200 loading class jdk/internal/reflect/ClassFileAssembler
Event: 14.200 loading class jdk/internal/reflect/ClassFileAssembler done
Event: 14.200 loading class jdk/internal/reflect/UTF8
Event: 14.201 loading class jdk/internal/reflect/UTF8 done
Event: 14.203 loading class jdk/internal/reflect/Label
Event: 14.203 loading class jdk/internal/reflect/Label done
Event: 14.203 loading class jdk/internal/reflect/Label$PatchInfo
Event: 14.204 loading class jdk/internal/reflect/Label$PatchInfo done
Event: 14.204 loading class jdk/internal/reflect/MethodAccessorGenerator$1
Event: 14.205 loading class jdk/internal/reflect/MethodAccessorGenerator$1 done
Event: 14.205 loading class jdk/internal/reflect/ClassDefiner
Event: 14.205 loading class jdk/internal/reflect/ClassDefiner done
Event: 14.205 loading class jdk/internal/reflect/ClassDefiner$1
Event: 14.205 loading class jdk/internal/reflect/ClassDefiner$1 done
Event: 24.916 loading class java/util/ArrayList$ListItr
Event: 24.917 loading class java/util/ArrayList$ListItr done
Event: 31.676 loading class jdk/internal/misc/ScopedMemoryAccess$Scope
Event: 31.677 loading class jdk/internal/misc/ScopedMemoryAccess$Scope done
Event: 105.812 Thread 0x000001e16d6f3830 Thread added: 0x000001e16d6f3830
Event: 106.986 Thread 0x000001e16d6f3830 Thread exited: 0x000001e16d6f3830


Dynamic libraries:
0x00007ff778c80000 - 0x00007ff778c8e000 	C:\Users\Blaziod\jdk-17\bin\java.exe
0x00007fffa4c70000 - 0x00007fffa4e68000 	C:\WINDOWS\SYSTEM32\ntdll.dll
0x00007fffa4b70000 - 0x00007fffa4c2d000 	C:\WINDOWS\System32\KERNEL32.DLL
0x00007fffa2590000 - 0x00007fffa2886000 	C:\WINDOWS\System32\KERNELBASE.dll
0x00007fff9fb20000 - 0x00007fff9fbb0000 	C:\WINDOWS\SYSTEM32\apphelp.dll
0x00007fffa2460000 - 0x00007fffa2560000 	C:\WINDOWS\System32\ucrtbase.dll
0x00007fff87370000 - 0x00007fff8738b000 	C:\Users\Blaziod\jdk-17\bin\VCRUNTIME140.dll
0x00007fff861e0000 - 0x00007fff861f7000 	C:\Users\Blaziod\jdk-17\bin\jli.dll
0x00007fffa3ad0000 - 0x00007fffa3c6e000 	C:\WINDOWS\System32\USER32.dll
0x00007fffa2330000 - 0x00007fffa2352000 	C:\WINDOWS\System32\win32u.dll
0x00007fffa3250000 - 0x00007fffa327b000 	C:\WINDOWS\System32\GDI32.dll
0x00007fff8c520000 - 0x00007fff8c7ba000 	C:\WINDOWS\WinSxS\amd64_microsoft.windows.common-controls_6595b64144ccf1df_6.0.19041.3636_none_60b6a03d71f818d5\COMCTL32.dll
0x00007fffa2890000 - 0x00007fffa29a7000 	C:\WINDOWS\System32\gdi32full.dll
0x00007fffa3120000 - 0x00007fffa31be000 	C:\WINDOWS\System32\msvcrt.dll
0x00007fffa2a40000 - 0x00007fffa2add000 	C:\WINDOWS\System32\msvcp_win.dll
0x00007fffa37d0000 - 0x00007fffa3802000 	C:\WINDOWS\System32\IMM32.DLL
0x00007fff89bf0000 - 0x00007fff89bfc000 	C:\Users\Blaziod\jdk-17\bin\vcruntime140_1.dll
0x00007fff79c50000 - 0x00007fff79cdd000 	C:\Users\Blaziod\jdk-17\bin\msvcp140.dll
0x00007fff2bcd0000 - 0x00007fff2c932000 	C:\Users\Blaziod\jdk-17\bin\server\jvm.dll
0x00007fffa3040000 - 0x00007fffa30f3000 	C:\WINDOWS\System32\ADVAPI32.dll
0x00007fffa3c70000 - 0x00007fffa3d0f000 	C:\WINDOWS\System32\sechost.dll
0x00007fffa4680000 - 0x00007fffa47a6000 	C:\WINDOWS\System32\RPCRT4.dll
0x00007fffa2560000 - 0x00007fffa2587000 	C:\WINDOWS\System32\bcrypt.dll
0x00007fffa2190000 - 0x00007fffa21db000 	C:\WINDOWS\SYSTEM32\POWRPROF.dll
0x00007fff9dc70000 - 0x00007fff9dc79000 	C:\WINDOWS\SYSTEM32\WSOCK32.dll
0x00007fff98de0000 - 0x00007fff98dea000 	C:\WINDOWS\SYSTEM32\VERSION.dll
0x00007fffa3a60000 - 0x00007fffa3acb000 	C:\WINDOWS\System32\WS2_32.dll
0x00007fff98db0000 - 0x00007fff98dd7000 	C:\WINDOWS\SYSTEM32\WINMM.dll
0x00007fffa2170000 - 0x00007fffa2182000 	C:\WINDOWS\SYSTEM32\UMPDC.dll
0x00007fffa01e0000 - 0x00007fffa01f2000 	C:\WINDOWS\SYSTEM32\kernel.appcore.dll
0x00007fff88760000 - 0x00007fff8876a000 	C:\Users\Blaziod\jdk-17\bin\jimage.dll
0x00007fff963d0000 - 0x00007fff965b4000 	C:\WINDOWS\SYSTEM32\DBGHELP.DLL
0x00007fff91e20000 - 0x00007fff91e54000 	C:\WINDOWS\SYSTEM32\dbgcore.DLL
0x00007fffa29b0000 - 0x00007fffa2a32000 	C:\WINDOWS\System32\bcryptPrimitives.dll
0x00007fff82b60000 - 0x00007fff82b85000 	C:\Users\Blaziod\jdk-17\bin\java.dll
0x00007fff776a0000 - 0x00007fff77777000 	C:\Users\Blaziod\jdk-17\bin\jsvml.dll
0x00007fffa3e50000 - 0x00007fffa4595000 	C:\WINDOWS\System32\SHELL32.dll
0x00007fffa03e0000 - 0x00007fffa0b7c000 	C:\WINDOWS\SYSTEM32\windows.storage.dll
0x00007fffa47b0000 - 0x00007fffa4b04000 	C:\WINDOWS\System32\combase.dll
0x00007fffa1c90000 - 0x00007fffa1cbe000 	C:\WINDOWS\SYSTEM32\Wldp.dll
0x00007fffa45a0000 - 0x00007fffa466d000 	C:\WINDOWS\System32\OLEAUT32.dll
0x00007fffa2e60000 - 0x00007fffa2f0d000 	C:\WINDOWS\System32\SHCORE.dll
0x00007fffa3df0000 - 0x00007fffa3e45000 	C:\WINDOWS\System32\shlwapi.dll
0x00007fffa2260000 - 0x00007fffa2285000 	C:\WINDOWS\SYSTEM32\profapi.dll
0x00007fff86170000 - 0x00007fff86189000 	C:\Users\Blaziod\jdk-17\bin\net.dll
0x00007fff982b0000 - 0x00007fff983ba000 	C:\WINDOWS\SYSTEM32\WINHTTP.dll
0x00007fffa19f0000 - 0x00007fffa1a5a000 	C:\WINDOWS\system32\mswsock.dll
0x00007fff83d20000 - 0x00007fff83d36000 	C:\Users\Blaziod\jdk-17\bin\nio.dll
0x00007fff83870000 - 0x00007fff83888000 	C:\Users\Blaziod\jdk-17\bin\zip.dll
0x00007fff86df0000 - 0x00007fff86e00000 	C:\Users\Blaziod\jdk-17\bin\verify.dll
0x00007fff7fbf0000 - 0x00007fff7fc17000 	C:\Users\Blaziod\.gradle\native\68d5fa5c4cc2d200863cafc0d521ce42e7d3e7ee720ec0a83991735586a16f82\windows-amd64\native-platform.dll
0x00007fff93800000 - 0x00007fff9380a000 	C:\Users\Blaziod\.gradle\native\jansi\1.18\windows64\jansi.dll
0x00007fff861d0000 - 0x00007fff861d9000 	C:\Users\Blaziod\jdk-17\bin\management.dll
0x00007fff86130000 - 0x00007fff8613b000 	C:\Users\Blaziod\jdk-17\bin\management_ext.dll
0x00007fffa4670000 - 0x00007fffa4678000 	C:\WINDOWS\System32\PSAPI.DLL
0x00007fffa1be0000 - 0x00007fffa1bf8000 	C:\WINDOWS\SYSTEM32\CRYPTSP.dll
0x00007fffa1320000 - 0x00007fffa1354000 	C:\WINDOWS\system32\rsaenh.dll
0x00007fffa2220000 - 0x00007fffa224e000 	C:\WINDOWS\SYSTEM32\USERENV.dll
0x00007fffa1c00000 - 0x00007fffa1c0c000 	C:\WINDOWS\SYSTEM32\CRYPTBASE.dll
0x00007fffa16e0000 - 0x00007fffa171b000 	C:\WINDOWS\SYSTEM32\IPHLPAPI.DLL
0x00007fffa32e0000 - 0x00007fffa32e8000 	C:\WINDOWS\System32\NSI.dll
0x00007fff98c50000 - 0x00007fff98c67000 	C:\WINDOWS\SYSTEM32\dhcpcsvc6.DLL
0x00007fff95c40000 - 0x00007fff95c5d000 	C:\WINDOWS\SYSTEM32\dhcpcsvc.DLL
0x00007fffa1720000 - 0x00007fffa17eb000 	C:\WINDOWS\SYSTEM32\DNSAPI.dll
0x00007fff84120000 - 0x00007fff84129000 	C:\Users\Blaziod\jdk-17\bin\extnet.dll
0x00007fff97950000 - 0x00007fff9795e000 	C:\Users\Blaziod\jdk-17\bin\sunmscapi.dll
0x00007fffa2b50000 - 0x00007fffa2cad000 	C:\WINDOWS\System32\CRYPT32.dll
0x00007fffa1d00000 - 0x00007fffa1d28000 	C:\WINDOWS\SYSTEM32\ncrypt.dll
0x00007fffa1cc0000 - 0x00007fffa1cfb000 	C:\WINDOWS\SYSTEM32\NTASN1.dll
0x00007fff97940000 - 0x00007fff97947000 	C:\WINDOWS\system32\wshunix.dll

dbghelp: loaded successfully - version: 4.0.5 - missing functions: none
symbol engine: initialized successfully - sym options: 0x614 - pdb path: .;C:\Users\Blaziod\jdk-17\bin;C:\WINDOWS\SYSTEM32;C:\WINDOWS\WinSxS\amd64_microsoft.windows.common-controls_6595b64144ccf1df_6.0.19041.3636_none_60b6a03d71f818d5;C:\Users\Blaziod\jdk-17\bin\server;C:\Users\Blaziod\.gradle\native\68d5fa5c4cc2d200863cafc0d521ce42e7d3e7ee720ec0a83991735586a16f82\windows-amd64;C:\Users\Blaziod\.gradle\native\jansi\1.18\windows64

VM Arguments:
jvm_args: -Xmx64m -Xms64m -Dorg.gradle.appname=gradlew 
java_command: org.gradle.wrapper.GradleWrapperMain build
java_class_path (initial): C:/Users/Blaziod/desktop/trend3/android/gradle/wrapper/gradle-wrapper.jar
Launcher Type: SUN_STANDARD

[Global flags]
     intx CICompilerCount                          = 4                                         {product} {ergonomic}
     uint ConcGCThreads                            = 2                                         {product} {ergonomic}
     uint G1ConcRefinementThreads                  = 8                                         {product} {ergonomic}
   size_t G1HeapRegionSize                         = 1048576                                   {product} {ergonomic}
    uintx GCDrainStackTargetSize                   = 64                                        {product} {ergonomic}
   size_t InitialHeapSize                          = 67108864                                  {product} {command line}
   size_t MarkStackSize                            = 4194304                                   {product} {ergonomic}
   size_t MaxHeapSize                              = 67108864                                  {product} {command line}
   size_t MaxNewSize                               = 39845888                                  {product} {ergonomic}
   size_t MinHeapDeltaBytes                        = 1048576                                   {product} {ergonomic}
   size_t MinHeapSize                              = 67108864                                  {product} {command line}
    uintx NonNMethodCodeHeapSize                   = 5839372                                {pd product} {ergonomic}
    uintx NonProfiledCodeHeapSize                  = 122909434                              {pd product} {ergonomic}
    uintx ProfiledCodeHeapSize                     = 122909434                              {pd product} {ergonomic}
    uintx ReservedCodeCacheSize                    = 251658240                              {pd product} {ergonomic}
     bool SegmentedCodeCache                       = true                                      {product} {ergonomic}
   size_t SoftMaxHeapSize                          = 67108864                               {manageable} {ergonomic}
     bool UseCompressedClassPointers               = true                           {product lp64_product} {ergonomic}
     bool UseCompressedOops                        = true                           {product lp64_product} {ergonomic}
     bool UseG1GC                                  = true                                      {product} {ergonomic}
     bool UseLargePagesIndividualAllocation        = false                                  {pd product} {ergonomic}

Logging:
Log output configuration:
 #0: stdout all=warning uptime,level,tags
 #1: stderr all=off uptime,level,tags

Environment Variables:
JAVA_HOME=C:\Users\Blaziod/jdk-17
PATH=C:\Users\Blaziod\bin;C:\Program Files\Git\mingw64\bin;C:\Program Files\Git\usr\local\bin;C:\Program Files\Git\usr\bin;C:\Program Files\Git\usr\bin;C:\Program Files\Git\mingw64\bin;C:\Program Files\Git\usr\bin;C:\Users\Blaziod\bin;C:\Program Files\Common Files\Oracle\Java\javapath;C:\WINDOWS\system32;C:\WINDOWS;C:\WINDOWS\System32\Wbem;C:\WINDOWS\System32\WindowsPowerShell\v1.0;C:\WINDOWS\System32\OpenSSH;C:\Program Files\nodejs;C:\Program Files\Git\cmd;C:\Program Files (x86)\Windows Kits\10\Windows Performance Toolkit;C:\Users\Blaziod\AppData\Local\Android\Sdk\platform-tools;C:\php;C:\Users\Blaziod\jdk-17\bin;C:\Users\Blaziod\AppData\Local\Android\Sdk\tools;C:\Program Files\Java\jdk-17;C:\Users\Blaziod\AppData\Local\Programs\Python\Python36-32\Scripts;C:\Users\Blaziod\AppData\Local\Programs\Python\Python36-32;C:\Users\Blaziod\AppData\Local\Programs\Python\Python312\Scripts;C:\Users\Blaziod\AppData\Local\Programs\Python\Python312;C:\Users\Blaziod\AppData\Local\Programs\Python\Launcher;C:\Users\Blaziod\AppData\Local\Microsoft\WindowsApps;C:\Users\Blaziod\AppData\Local\Programs\Microsoft VS Code\bin;C:\Users\Blaziod\AppData\Roaming\npm;C:\Program Files\Git\usr\bin\vendor_perl;C:\Program Files\Git\usr\bin\core_perl
USERNAME=Blaziod
SHELL=C:\Program Files\Git\usr\bin\bash.exe
DISPLAY=needs-to-be-defined
LC_CTYPE=en_US.UTF-8
TERM=xterm
TMPDIR=C:\Users\Blaziod\AppData\Local\Temp
OS=Windows_NT
PROCESSOR_IDENTIFIER=AMD64 Family 23 Model 24 Stepping 1, AuthenticAMD
TMP=C:\Users\Blaziod\AppData\Local\Temp
TEMP=C:\Users\Blaziod\AppData\Local\Temp



Periodic native trim disabled


---------------  S Y S T E M  ---------------

OS:
 Windows 10 , 64 bit Build 19041 (10.0.19041.3636)
OS uptime: 1 days 15:17 hours

CPU: total 8 (initial active 8) (8 cores per cpu, 2 threads per core) family 23 model 24 stepping 1 microcode 0x0, cx8, cmov, fxsr, ht, mmx, 3dnowpref, sse, sse2, sse3, ssse3, sse4a, sse4.1, sse4.2, popcnt, lzcnt, tsc, tscinvbit, avx, avx2, aes, clmul, bmi1, bmi2, adx, sha, fma, vzeroupper, clflush, clflushopt
Processor Information for all 8 processors :
  Max Mhz: 2300, Current Mhz: 2300, Mhz Limit: 2300

Memory: 4k page, system-wide physical 6020M (117M free)
TotalPageFile size 24452M (AvailPageFile size 0M)
current process WorkingSet (physical memory assigned to process): 22M, peak: 90M
current process commit charge ("private bytes"): 168M, peak: 175M

vm_info: OpenJDK 64-Bit Server VM (17.0.10+7) for windows-amd64 JRE (17.0.10+7), built on Jan 16 2024 23:25:11 by "admin" with MS VC++ 16.10 / 16.11 (VS2019)

END.
