#
# There is insufficient memory for the Java Runtime Environment to continue.
# Native memory allocation (malloc) failed to allocate 1275840 bytes for Chunk::new
# Possible reasons:
#   The system is out of physical RAM or swap space
#   The process is running with CompressedOops enabled, and the Java Heap may be blocking the growth of the native heap
# Possible solutions:
#   Reduce memory load on the system
#   Increase physical memory or swap space
#   Check if swap backing store is full
#   Decrease Java heap size (-Xmx/-Xms)
#   Decrease number of Java threads
#   Decrease Java thread stack sizes (-Xss)
#   Set larger code cache with -XX:ReservedCodeCacheSize=
#   JVM is running with Unscaled Compressed Oops mode in which the Java heap is
#     placed in the first 4GB address space. The Java Heap base address is the
#     maximum limit for the native heap growth. Please use -XX:HeapBaseMinAddress
#     to set the Java Heap base and to place the Java Heap above 4GB virtual address.
# This output file may be truncated or incomplete.
#
#  Out of Memory Error (arena.cpp:191), pid=15884, tid=20556
#
# JRE version: OpenJDK Runtime Environment Temurin-17.0.10+7 (17.0.10+7) (build 17.0.10+7)
# Java VM: OpenJDK 64-Bit Server VM Temurin-17.0.10+7 (17.0.10+7, mixed mode, sharing, tiered, compressed oops, compressed class ptrs, g1 gc, windows-amd64)
# No core dump will be written. Minidumps are not enabled by default on client versions of Windows
#

---------------  S U M M A R Y ------------

Command Line: -Xmx64m -Xms64m -Dorg.gradle.appname=gradlew org.gradle.wrapper.GradleWrapperMain assembleRelease

Host: AMD Ryzen 7 3700U with Radeon Vega Mobile Gfx  , 8 cores, 5G,  Windows 10 , 64 bit Build 19041 (10.0.19041.3636)
Time: Wed May 22 00:20:50 2024 W. Central Africa Standard Time elapsed time: 306.827150 seconds (0d 0h 5m 6s)

---------------  T H R E A D  ---------------

Current thread (0x000002aed02d0340):  JavaThread "C2 CompilerThread0" daemon [_thread_in_native, id=20556, stack(0x000000e6df400000,0x000000e6df500000)]


Current CompileTask:
C2: 306827 1840       4       org.gradle.internal.logging.console.BuildLogLevelFilterRenderer::onOutput (53 bytes)

Stack: [0x000000e6df400000,0x000000e6df500000]
Native frames: (J=compiled Java code, j=interpreted, Vv=VM code, C=native code)
V  [jvm.dll+0x67d2c9]
V  [jvm.dll+0x834afa]
V  [jvm.dll+0x8365be]
V  [jvm.dll+0x836c23]
V  [jvm.dll+0x2477ff]
V  [jvm.dll+0xac514]
V  [jvm.dll+0xacb5c]
V  [jvm.dll+0x3667d7]
V  [jvm.dll+0x1bcf72]
V  [jvm.dll+0x21a049]
V  [jvm.dll+0x219311]
V  [jvm.dll+0x1a502d]
V  [jvm.dll+0x2290de]
V  [jvm.dll+0x2272ac]
V  [jvm.dll+0x7e9bb7]
V  [jvm.dll+0x7e3fba]
V  [jvm.dll+0x67c1b5]
C  [ucrtbase.dll+0x21bb2]
C  [KERNEL32.DLL+0x17344]
C  [ntdll.dll+0x526b1]


---------------  P R O C E S S  ---------------

Threads class SMR info:
_java_thread_list=0x000002af1681f700, length=15, elements={
0x000002aeb68b0270, 0x000002aeb6954720, 0x000002aeb69555a0, 0x000002aed02bdf50,
0x000002aed02beb10, 0x000002aed02c6c10, 0x000002aed02c9fb0, 0x000002aed02d0340,
0x000002aed02d1200, 0x000002aed02d4020, 0x000002aed02ca4c0, 0x000002aed02c8b70,
0x000002aed02cb3f0, 0x000002aed02c9080, 0x000002aed02ca9d0
}

Java Threads: ( => current thread )
  0x000002aeb68b0270 JavaThread "main" [_thread_in_native, id=8716, stack(0x000000e6de700000,0x000000e6de800000)]
  0x000002aeb6954720 JavaThread "Reference Handler" daemon [_thread_blocked, id=12760, stack(0x000000e6dee00000,0x000000e6def00000)]
  0x000002aeb69555a0 JavaThread "Finalizer" daemon [_thread_blocked, id=12336, stack(0x000000e6def00000,0x000000e6df000000)]
  0x000002aed02bdf50 JavaThread "Signal Dispatcher" daemon [_thread_blocked, id=20116, stack(0x000000e6df000000,0x000000e6df100000)]
  0x000002aed02beb10 JavaThread "Attach Listener" daemon [_thread_blocked, id=3668, stack(0x000000e6df100000,0x000000e6df200000)]
  0x000002aed02c6c10 JavaThread "Service Thread" daemon [_thread_blocked, id=7420, stack(0x000000e6df200000,0x000000e6df300000)]
  0x000002aed02c9fb0 JavaThread "Monitor Deflation Thread" daemon [_thread_blocked, id=144, stack(0x000000e6df300000,0x000000e6df400000)]
=>0x000002aed02d0340 JavaThread "C2 CompilerThread0" daemon [_thread_in_native, id=20556, stack(0x000000e6df400000,0x000000e6df500000)]
  0x000002aed02d1200 JavaThread "C1 CompilerThread0" daemon [_thread_blocked, id=10512, stack(0x000000e6df500000,0x000000e6df600000)]
  0x000002aed02d4020 JavaThread "Sweeper thread" daemon [_thread_blocked, id=13316, stack(0x000000e6df600000,0x000000e6df700000)]
  0x000002aed02ca4c0 JavaThread "Notification Thread" daemon [_thread_blocked, id=11792, stack(0x000000e6df700000,0x000000e6df800000)]
  0x000002aed02c8b70 JavaThread "Common-Cleaner" daemon [_thread_blocked, id=15336, stack(0x000000e6df900000,0x000000e6dfa00000)]
  0x000002aed02cb3f0 JavaThread "pool-1-thread-1" [_thread_blocked, id=6752, stack(0x000000e6dfe00000,0x000000e6dff00000)]
  0x000002aed02c9080 JavaThread "DisconnectableInputStream source reader" daemon [_thread_in_native, id=12400, stack(0x000000e6e0000000,0x000000e6e0100000)]
  0x000002aed02ca9d0 JavaThread "Forward input" [_thread_blocked, id=8024, stack(0x000000e6e0100000,0x000000e6e0200000)]

Other Threads:
  0x000002aeb694fab0 VMThread "VM Thread" [stack: 0x000000e6ded00000,0x000000e6dee00000] [id=17028]
  0x000002aed053e270 WatcherThread [stack: 0x000000e6df800000,0x000000e6df900000] [id=9644]
  0x000002aeb68d1550 GCTaskThread "GC Thread#0" [stack: 0x000000e6de800000,0x000000e6de900000] [id=15240]
  0x000002af16439320 GCTaskThread "GC Thread#1" [stack: 0x000000e6dfa00000,0x000000e6dfb00000] [id=22380]
  0x000002af16554270 GCTaskThread "GC Thread#2" [stack: 0x000000e6dfb00000,0x000000e6dfc00000] [id=17848]
  0x000002af16645850 GCTaskThread "GC Thread#3" [stack: 0x000000e6dfc00000,0x000000e6dfd00000] [id=19792]
  0x000002af16645b10 GCTaskThread "GC Thread#4" [stack: 0x000000e6dfd00000,0x000000e6dfe00000] [id=14204]
  0x000002aed080b640 GCTaskThread "GC Thread#5" [stack: 0x000000e6de400000,0x000000e6de500000] [id=1652]
  0x000002af1667aee0 GCTaskThread "GC Thread#6" [stack: 0x000000e6de500000,0x000000e6de600000] [id=12824]
  0x000002af1667b1a0 GCTaskThread "GC Thread#7" [stack: 0x000000e6de600000,0x000000e6de700000] [id=1536]
  0x000002aeb68d34b0 ConcurrentGCThread "G1 Main Marker" [stack: 0x000000e6de900000,0x000000e6dea00000] [id=5724]
  0x000002aeb68d4670 ConcurrentGCThread "G1 Conc#0" [stack: 0x000000e6dea00000,0x000000e6deb00000] [id=14616]
  0x000002aeb6934880 ConcurrentGCThread "G1 Refine#0" [stack: 0x000000e6deb00000,0x000000e6dec00000] [id=936]
  0x000002aeb69352b0 ConcurrentGCThread "G1 Service" [stack: 0x000000e6dec00000,0x000000e6ded00000] [id=12284]

Threads with active compile tasks:
C2 CompilerThread0   306922 1840       4       org.gradle.internal.logging.console.BuildLogLevelFilterRenderer::onOutput (53 bytes)

VM state: not at safepoint (normal execution)

VM Mutex/Monitor currently owned by a thread: None

Heap address: 0x00000000fc000000, size: 64 MB, Compressed Oops mode: 32-bit

CDS archive(s) mapped at: [0x000002aed1000000-0x000002aed1bb0000-0x000002aed1bb0000), size 12255232, SharedBaseAddress: 0x000002aed1000000, ArchiveRelocationMode: 1.
Compressed class space mapped at: 0x000002aed2000000-0x000002af12000000, reserved size: 1073741824
Narrow klass base: 0x000002aed1000000, Narrow klass shift: 0, Narrow klass range: 0x100000000

GC Precious Log:
 CPUs: 8 total, 8 available
 Memory: 6020M
 Large Page Support: Disabled
 NUMA Support: Disabled
 Compressed Oops: Enabled (32-bit)
 Heap Region Size: 1M
 Heap Min Capacity: 64M
 Heap Initial Capacity: 64M
 Heap Max Capacity: 64M
 Pre-touch: Disabled
 Parallel Workers: 8
 Concurrent Workers: 2
 Concurrent Refinement Workers: 8
 Periodic GC: Disabled

Heap:
 garbage-first heap   total 65536K, used 13546K [0x00000000fc000000, 0x0000000100000000)
  region size 1024K, 4 young (4096K), 2 survivors (2048K)
 Metaspace       used 9221K, committed 9408K, reserved 1114112K
  class space    used 1199K, committed 1280K, reserved 1048576K

Heap Regions: E=young(eden), S=young(survivor), O=old, HS=humongous(starts), HC=humongous(continues), CS=collection set, F=free, OA=open archive, CA=closed archive, TAMS=top-at-mark-start (previous, next)
|   0|0x00000000fc000000, 0x00000000fc100000, 0x00000000fc100000|100%|HS|  |TAMS 0x00000000fc000000, 0x00000000fc000000| Complete 
|   1|0x00000000fc100000, 0x00000000fc200000, 0x00000000fc200000|100%|HC|  |TAMS 0x00000000fc100000, 0x00000000fc100000| Complete 
|   2|0x00000000fc200000, 0x00000000fc300000, 0x00000000fc300000|100%|HC|  |TAMS 0x00000000fc200000, 0x00000000fc200000| Complete 
|   3|0x00000000fc300000, 0x00000000fc400000, 0x00000000fc400000|100%|HC|  |TAMS 0x00000000fc300000, 0x00000000fc300000| Complete 
|   4|0x00000000fc400000, 0x00000000fc500000, 0x00000000fc500000|100%| O|  |TAMS 0x00000000fc400000, 0x00000000fc400000| Untracked 
|   5|0x00000000fc500000, 0x00000000fc600000, 0x00000000fc600000|100%| O|  |TAMS 0x00000000fc500000, 0x00000000fc500000| Untracked 
|   6|0x00000000fc600000, 0x00000000fc700000, 0x00000000fc700000|100%| O|  |TAMS 0x00000000fc600000, 0x00000000fc600000| Untracked 
|   7|0x00000000fc700000, 0x00000000fc800000, 0x00000000fc800000|100%| O|  |TAMS 0x00000000fc700000, 0x00000000fc700000| Untracked 
|   8|0x00000000fc800000, 0x00000000fc900000, 0x00000000fc900000|100%| O|  |TAMS 0x00000000fc800000, 0x00000000fc800000| Untracked 
|   9|0x00000000fc900000, 0x00000000fca00000, 0x00000000fca00000|100%| O|  |TAMS 0x00000000fc900000, 0x00000000fc900000| Untracked 
|  10|0x00000000fca00000, 0x00000000fcab5a00, 0x00000000fcb00000| 70%| O|  |TAMS 0x00000000fca00000, 0x00000000fca00000| Untracked 
|  11|0x00000000fcb00000, 0x00000000fcb00000, 0x00000000fcc00000|  0%| F|  |TAMS 0x00000000fcb00000, 0x00000000fcb00000| Untracked 
|  12|0x00000000fcc00000, 0x00000000fcc00000, 0x00000000fcd00000|  0%| F|  |TAMS 0x00000000fcc00000, 0x00000000fcc00000| Untracked 
|  13|0x00000000fcd00000, 0x00000000fcd00000, 0x00000000fce00000|  0%| F|  |TAMS 0x00000000fcd00000, 0x00000000fcd00000| Untracked 
|  14|0x00000000fce00000, 0x00000000fce00000, 0x00000000fcf00000|  0%| F|  |TAMS 0x00000000fce00000, 0x00000000fce00000| Untracked 
|  15|0x00000000fcf00000, 0x00000000fcf00000, 0x00000000fd000000|  0%| F|  |TAMS 0x00000000fcf00000, 0x00000000fcf00000| Untracked 
|  16|0x00000000fd000000, 0x00000000fd000000, 0x00000000fd100000|  0%| F|  |TAMS 0x00000000fd000000, 0x00000000fd000000| Untracked 
|  17|0x00000000fd100000, 0x00000000fd100000, 0x00000000fd200000|  0%| F|  |TAMS 0x00000000fd100000, 0x00000000fd100000| Untracked 
|  18|0x00000000fd200000, 0x00000000fd200000, 0x00000000fd300000|  0%| F|  |TAMS 0x00000000fd200000, 0x00000000fd200000| Untracked 
|  19|0x00000000fd300000, 0x00000000fd300000, 0x00000000fd400000|  0%| F|  |TAMS 0x00000000fd300000, 0x00000000fd300000| Untracked 
|  20|0x00000000fd400000, 0x00000000fd400000, 0x00000000fd500000|  0%| F|  |TAMS 0x00000000fd400000, 0x00000000fd400000| Untracked 
|  21|0x00000000fd500000, 0x00000000fd500000, 0x00000000fd600000|  0%| F|  |TAMS 0x00000000fd500000, 0x00000000fd500000| Untracked 
|  22|0x00000000fd600000, 0x00000000fd600000, 0x00000000fd700000|  0%| F|  |TAMS 0x00000000fd600000, 0x00000000fd600000| Untracked 
|  23|0x00000000fd700000, 0x00000000fd700000, 0x00000000fd800000|  0%| F|  |TAMS 0x00000000fd700000, 0x00000000fd700000| Untracked 
|  24|0x00000000fd800000, 0x00000000fd800000, 0x00000000fd900000|  0%| F|  |TAMS 0x00000000fd800000, 0x00000000fd800000| Untracked 
|  25|0x00000000fd900000, 0x00000000fd900000, 0x00000000fda00000|  0%| F|  |TAMS 0x00000000fd900000, 0x00000000fd900000| Untracked 
|  26|0x00000000fda00000, 0x00000000fda00000, 0x00000000fdb00000|  0%| F|  |TAMS 0x00000000fda00000, 0x00000000fda00000| Untracked 
|  27|0x00000000fdb00000, 0x00000000fdb00000, 0x00000000fdc00000|  0%| F|  |TAMS 0x00000000fdb00000, 0x00000000fdb00000| Untracked 
|  28|0x00000000fdc00000, 0x00000000fdc00000, 0x00000000fdd00000|  0%| F|  |TAMS 0x00000000fdc00000, 0x00000000fdc00000| Untracked 
|  29|0x00000000fdd00000, 0x00000000fdd00000, 0x00000000fde00000|  0%| F|  |TAMS 0x00000000fdd00000, 0x00000000fdd00000| Untracked 
|  30|0x00000000fde00000, 0x00000000fde00000, 0x00000000fdf00000|  0%| F|  |TAMS 0x00000000fde00000, 0x00000000fde00000| Untracked 
|  31|0x00000000fdf00000, 0x00000000fdf00000, 0x00000000fe000000|  0%| F|  |TAMS 0x00000000fdf00000, 0x00000000fdf00000| Untracked 
|  32|0x00000000fe000000, 0x00000000fe000000, 0x00000000fe100000|  0%| F|  |TAMS 0x00000000fe000000, 0x00000000fe000000| Untracked 
|  33|0x00000000fe100000, 0x00000000fe100000, 0x00000000fe200000|  0%| F|  |TAMS 0x00000000fe100000, 0x00000000fe100000| Untracked 
|  34|0x00000000fe200000, 0x00000000fe200000, 0x00000000fe300000|  0%| F|  |TAMS 0x00000000fe200000, 0x00000000fe200000| Untracked 
|  35|0x00000000fe300000, 0x00000000fe300000, 0x00000000fe400000|  0%| F|  |TAMS 0x00000000fe300000, 0x00000000fe300000| Untracked 
|  36|0x00000000fe400000, 0x00000000fe400000, 0x00000000fe500000|  0%| F|  |TAMS 0x00000000fe400000, 0x00000000fe400000| Untracked 
|  37|0x00000000fe500000, 0x00000000fe584fd0, 0x00000000fe600000| 51%| S|CS|TAMS 0x00000000fe500000, 0x00000000fe500000| Complete 
|  38|0x00000000fe600000, 0x00000000fe600000, 0x00000000fe700000|  0%| F|  |TAMS 0x00000000fe600000, 0x00000000fe600000| Untracked 
|  39|0x00000000fe700000, 0x00000000fe700000, 0x00000000fe800000|  0%| F|  |TAMS 0x00000000fe700000, 0x00000000fe700000| Untracked 
|  40|0x00000000fe800000, 0x00000000fe800000, 0x00000000fe900000|  0%| F|  |TAMS 0x00000000fe800000, 0x00000000fe800000| Untracked 
|  41|0x00000000fe900000, 0x00000000fea00000, 0x00000000fea00000|100%| S|CS|TAMS 0x00000000fe900000, 0x00000000fe900000| Complete 
|  42|0x00000000fea00000, 0x00000000fea00000, 0x00000000feb00000|  0%| F|  |TAMS 0x00000000fea00000, 0x00000000fea00000| Untracked 
|  43|0x00000000feb00000, 0x00000000feb00000, 0x00000000fec00000|  0%| F|  |TAMS 0x00000000feb00000, 0x00000000feb00000| Untracked 
|  44|0x00000000fec00000, 0x00000000fec00000, 0x00000000fed00000|  0%| F|  |TAMS 0x00000000fec00000, 0x00000000fec00000| Untracked 
|  45|0x00000000fed00000, 0x00000000fed00000, 0x00000000fee00000|  0%| F|  |TAMS 0x00000000fed00000, 0x00000000fed00000| Untracked 
|  46|0x00000000fee00000, 0x00000000fee00000, 0x00000000fef00000|  0%| F|  |TAMS 0x00000000fee00000, 0x00000000fee00000| Untracked 
|  47|0x00000000fef00000, 0x00000000fef00000, 0x00000000ff000000|  0%| F|  |TAMS 0x00000000fef00000, 0x00000000fef00000| Untracked 
|  48|0x00000000ff000000, 0x00000000ff000000, 0x00000000ff100000|  0%| F|  |TAMS 0x00000000ff000000, 0x00000000ff000000| Untracked 
|  49|0x00000000ff100000, 0x00000000ff100000, 0x00000000ff200000|  0%| F|  |TAMS 0x00000000ff100000, 0x00000000ff100000| Untracked 
|  50|0x00000000ff200000, 0x00000000ff200000, 0x00000000ff300000|  0%| F|  |TAMS 0x00000000ff200000, 0x00000000ff200000| Untracked 
|  51|0x00000000ff300000, 0x00000000ff300000, 0x00000000ff400000|  0%| F|  |TAMS 0x00000000ff300000, 0x00000000ff300000| Untracked 
|  52|0x00000000ff400000, 0x00000000ff400000, 0x00000000ff500000|  0%| F|  |TAMS 0x00000000ff400000, 0x00000000ff400000| Untracked 
|  53|0x00000000ff500000, 0x00000000ff500000, 0x00000000ff600000|  0%| F|  |TAMS 0x00000000ff500000, 0x00000000ff500000| Untracked 
|  54|0x00000000ff600000, 0x00000000ff600000, 0x00000000ff700000|  0%| F|  |TAMS 0x00000000ff600000, 0x00000000ff600000| Untracked 
|  55|0x00000000ff700000, 0x00000000ff700000, 0x00000000ff800000|  0%| F|  |TAMS 0x00000000ff700000, 0x00000000ff700000| Untracked 
|  56|0x00000000ff800000, 0x00000000ff800000, 0x00000000ff900000|  0%| F|  |TAMS 0x00000000ff800000, 0x00000000ff800000| Untracked 
|  57|0x00000000ff900000, 0x00000000ff900000, 0x00000000ffa00000|  0%| F|  |TAMS 0x00000000ff900000, 0x00000000ff900000| Untracked 
|  58|0x00000000ffa00000, 0x00000000ffa00000, 0x00000000ffb00000|  0%| F|  |TAMS 0x00000000ffa00000, 0x00000000ffa00000| Untracked 
|  59|0x00000000ffb00000, 0x00000000ffb00000, 0x00000000ffc00000|  0%| F|  |TAMS 0x00000000ffb00000, 0x00000000ffb00000| Untracked 
|  60|0x00000000ffc00000, 0x00000000ffc00000, 0x00000000ffd00000|  0%| F|  |TAMS 0x00000000ffc00000, 0x00000000ffc00000| Untracked 
|  61|0x00000000ffd00000, 0x00000000ffd00000, 0x00000000ffe00000|  0%| F|  |TAMS 0x00000000ffd00000, 0x00000000ffd00000| Untracked 
|  62|0x00000000ffe00000, 0x00000000ffe2c768, 0x00000000fff00000| 17%| E|  |TAMS 0x00000000ffe00000, 0x00000000ffe00000| Complete 
|  63|0x00000000fff00000, 0x0000000100000000, 0x0000000100000000|100%| E|CS|TAMS 0x00000000fff00000, 0x00000000fff00000| Complete 

Card table byte_map: [0x000002aeb67f0000,0x000002aeb6810000] _byte_map_base: 0x000002aeb6010000

Marking Bits (Prev, Next): (CMBitMap*) 0x000002aeb68d1b70, (CMBitMap*) 0x000002aeb68d1bb0
 Prev Bits: [0x000002aecd710000, 0x000002aecd810000)
 Next Bits: [0x000002aecd810000, 0x000002aecd910000)

Polling page: 0x000002aeb6070000

Metaspace:

Usage:
  Non-class:      7.83 MB used.
      Class:      1.17 MB used.
       Both:      9.01 MB used.

Virtual space:
  Non-class space:       64.00 MB reserved,       7.94 MB ( 12%) committed,  1 nodes.
      Class space:        1.00 GB reserved,       1.25 MB ( <1%) committed,  1 nodes.
             Both:        1.06 GB reserved,       9.19 MB ( <1%) committed. 

Chunk freelists:
   Non-Class:  7.72 MB
       Class:  14.61 MB
        Both:  22.33 MB

MaxMetaspaceSize: unlimited
CompressedClassSpaceSize: 1.00 GB
Initial GC threshold: 21.00 MB
Current GC threshold: 21.00 MB
CDS: on
MetaspaceReclaimPolicy: balanced
 - commit_granule_bytes: 65536.
 - commit_granule_words: 8192.
 - virtual_space_node_default_size: 8388608.
 - enlarge_chunks_in_place: 1.
 - new_chunks_are_fully_committed: 0.
 - uncommit_free_chunks: 1.
 - use_allocation_guard: 0.
 - handle_deallocations: 1.


Internal statistics:

num_allocs_failed_limit: 0.
num_arena_births: 76.
num_arena_deaths: 0.
num_vsnodes_births: 2.
num_vsnodes_deaths: 0.
num_space_committed: 147.
num_space_uncommitted: 0.
num_chunks_returned_to_freelist: 0.
num_chunks_taken_from_freelist: 318.
num_chunk_merges: 0.
num_chunk_splits: 226.
num_chunks_enlarged: 189.
num_inconsistent_stats: 0.

CodeHeap 'non-profiled nmethods': size=120000Kb used=691Kb max_used=691Kb free=119308Kb
 bounds [0x000002aec5eb0000, 0x000002aec6120000, 0x000002aecd3e0000]
CodeHeap 'profiled nmethods': size=120000Kb used=3487Kb max_used=3487Kb free=116513Kb
 bounds [0x000002aebe3e0000, 0x000002aebe750000, 0x000002aec5910000]
CodeHeap 'non-nmethods': size=5760Kb used=1165Kb max_used=1206Kb free=4594Kb
 bounds [0x000002aec5910000, 0x000002aec5b80000, 0x000002aec5eb0000]
 total_blobs=2301 nmethods=1838 adapters=376
 compilation: enabled
              stopped_count=0, restarted_count=0
 full_count=0

Compilation events (20 events):
Event: 298.010 Thread 0x000002aed02d1200 nmethod 1830 0x000002aebe743b10 code [0x000002aebe743cc0, 0x000002aebe743ed8]
Event: 298.010 Thread 0x000002aed02d1200 1831       3       org.gradle.internal.logging.console.AnsiConsole$Listener::beforeNewLineWritten (49 bytes)
Event: 298.011 Thread 0x000002aed02d1200 nmethod 1831 0x000002aebe744010 code [0x000002aebe744220, 0x000002aebe744728]
Event: 298.012 Thread 0x000002aed02d1200 1836       3       org.gradle.internal.logging.console.MultiLineBuildProgressArea::isOverlappingWith (44 bytes)
Event: 298.013 Thread 0x000002aed02d1200 nmethod 1836 0x000002aebe744a90 code [0x000002aebe744c80, 0x000002aebe745308]
Event: 298.013 Thread 0x000002aed02d1200 1832       3       org.fusesource.jansi.Ansi::newline (19 bytes)
Event: 298.013 Thread 0x000002aed02d1200 nmethod 1832 0x000002aebe745510 code [0x000002aebe745720, 0x000002aebe745c88]
Event: 298.013 Thread 0x000002aed02d1200 1833       3       org.gradle.internal.logging.console.DefaultAnsiExecutor::access$400 (6 bytes)
Event: 298.014 Thread 0x000002aed02d1200 nmethod 1833 0x000002aebe745e90 code [0x000002aebe746020, 0x000002aebe746148]
Event: 298.014 Thread 0x000002aed02d1200 1834       3       org.gradle.internal.logging.console.DefaultAnsiExecutor::newLineWritten (51 bytes)
Event: 298.015 Thread 0x000002aed02d1200 nmethod 1834 0x000002aebe746210 code [0x000002aebe7463c0, 0x000002aebe7465f8]
Event: 298.015 Thread 0x000002aed02d1200 1835       3       org.gradle.internal.logging.console.DefaultAnsiExecutor$AnsiContextImpl::newLine (82 bytes)
Event: 298.017 Thread 0x000002aed02d1200 nmethod 1835 0x000002aebe746710 code [0x000002aebe7469c0, 0x000002aebe747648]
Event: 304.317 Thread 0x000002aed02d0340 1837       4       java.lang.AbstractStringBuilder::append (60 bytes)
Event: 304.415 Thread 0x000002aed02d0340 nmethod 1837 0x000002aec5f51e10 code [0x000002aec5f51fc0, 0x000002aec5f528c8]
Event: 304.415 Thread 0x000002aed02d0340 1838       4       java.lang.Long::stringSize (55 bytes)
Event: 304.418 Thread 0x000002aed02d0340 nmethod 1838 0x000002aec5f52d10 code [0x000002aec5f52e80, 0x000002aec5f53058]
Event: 305.999 Thread 0x000002aed02d0340 1839       4       org.gradle.internal.logging.console.WorkInProgressRenderer::onOutput (53 bytes)
Event: 306.463 Thread 0x000002aed02d0340 nmethod 1839 0x000002aec5f53110 code [0x000002aec5f536c0, 0x000002aec5f5a3a8]
Event: 306.464 Thread 0x000002aed02d0340 1840       4       org.gradle.internal.logging.console.BuildLogLevelFilterRenderer::onOutput (53 bytes)

GC Heap History (4 events):
Event: 1.656 GC heap before
{Heap before GC invocations=0 (full 0):
 garbage-first heap   total 65536K, used 26624K [0x00000000fc000000, 0x0000000100000000)
  region size 1024K, 23 young (23552K), 0 survivors (0K)
 Metaspace       used 3781K, committed 3904K, reserved 1114112K
  class space    used 462K, committed 512K, reserved 1048576K
}
Event: 1.669 GC heap after
{Heap after GC invocations=1 (full 0):
 garbage-first heap   total 65536K, used 10784K [0x00000000fc000000, 0x0000000100000000)
  region size 1024K, 3 young (3072K), 3 survivors (3072K)
 Metaspace       used 3781K, committed 3904K, reserved 1114112K
  class space    used 462K, committed 512K, reserved 1048576K
}
Event: 283.397 GC heap before
{Heap before GC invocations=1 (full 0):
 garbage-first heap   total 65536K, used 33312K [0x00000000fc000000, 0x0000000100000000)
  region size 1024K, 25 young (25600K), 3 survivors (3072K)
 Metaspace       used 9217K, committed 9408K, reserved 1114112K
  class space    used 1199K, committed 1280K, reserved 1048576K
}
Event: 283.467 GC heap after
{Heap after GC invocations=2 (full 0):
 garbage-first heap   total 65536K, used 12522K [0x00000000fc000000, 0x0000000100000000)
  region size 1024K, 2 young (2048K), 2 survivors (2048K)
 Metaspace       used 9217K, committed 9408K, reserved 1114112K
  class space    used 1199K, committed 1280K, reserved 1048576K
}

Dll operation events (13 events):
Event: 0.017 Loaded shared library C:\Users\Blaziod\jdk-17\bin\java.dll
Event: 0.082 Loaded shared library C:\Users\Blaziod\jdk-17\bin\jsvml.dll
Event: 0.146 Loaded shared library C:\Users\Blaziod\jdk-17\bin\net.dll
Event: 0.150 Loaded shared library C:\Users\Blaziod\jdk-17\bin\nio.dll
Event: 0.156 Loaded shared library C:\Users\Blaziod\jdk-17\bin\zip.dll
Event: 0.966 Loaded shared library C:\Users\Blaziod\jdk-17\bin\jimage.dll
Event: 1.154 Loaded shared library C:\Users\Blaziod\jdk-17\bin\verify.dll
Event: 1.769 Loaded shared library C:\Users\Blaziod\.gradle\native\68d5fa5c4cc2d200863cafc0d521ce42e7d3e7ee720ec0a83991735586a16f82\windows-amd64\native-platform.dll
Event: 1.827 Loaded shared library C:\Users\Blaziod\.gradle\native\jansi\1.18\windows64\jansi.dll
Event: 2.106 Loaded shared library C:\Users\Blaziod\jdk-17\bin\management.dll
Event: 2.112 Loaded shared library C:\Users\Blaziod\jdk-17\bin\management_ext.dll
Event: 2.467 Loaded shared library C:\Users\Blaziod\jdk-17\bin\extnet.dll
Event: 2.534 Loaded shared library C:\Users\Blaziod\jdk-17\bin\sunmscapi.dll

Deoptimization events (20 events):
Event: 2.206 Thread 0x000002aeb68b0270 Uncommon trap: trap_request=0xffffffc6 fr.pc=0x000002aec5f0e7d4 relative=0x0000000000000574
Event: 2.206 Thread 0x000002aeb68b0270 Uncommon trap: reason=bimorphic_or_optimized_type_check action=maybe_recompile pc=0x000002aec5f0e7d4 method=java.util.concurrent.ConcurrentHashMap.get(Ljava/lang/Object;)Ljava/lang/Object; @ 149 c2
Event: 2.206 Thread 0x000002aeb68b0270 DEOPT PACKING pc=0x000002aec5f0e7d4 sp=0x000000e6de7fab50
Event: 2.206 Thread 0x000002aeb68b0270 DEOPT UNPACKING pc=0x000002aec59669a3 sp=0x000000e6de7faaf0 mode 2
Event: 2.244 Thread 0x000002aeb68b0270 Uncommon trap: trap_request=0xffffffc6 fr.pc=0x000002aec5f0e7d4 relative=0x0000000000000574
Event: 2.244 Thread 0x000002aeb68b0270 Uncommon trap: reason=bimorphic_or_optimized_type_check action=maybe_recompile pc=0x000002aec5f0e7d4 method=java.util.concurrent.ConcurrentHashMap.get(Ljava/lang/Object;)Ljava/lang/Object; @ 149 c2
Event: 2.244 Thread 0x000002aeb68b0270 DEOPT PACKING pc=0x000002aec5f0e7d4 sp=0x000000e6de7fbb90
Event: 2.244 Thread 0x000002aeb68b0270 DEOPT UNPACKING pc=0x000002aec59669a3 sp=0x000000e6de7fbb30 mode 2
Event: 2.499 Thread 0x000002aeb68b0270 Uncommon trap: trap_request=0xffffff45 fr.pc=0x000002aec5ee5b58 relative=0x0000000000000618
Event: 2.499 Thread 0x000002aeb68b0270 Uncommon trap: reason=unstable_if action=reinterpret pc=0x000002aec5ee5b58 method=java.lang.AbstractStringBuilder.append(Ljava/lang/String;)Ljava/lang/AbstractStringBuilder; @ 1 c2
Event: 2.499 Thread 0x000002aeb68b0270 DEOPT PACKING pc=0x000002aec5ee5b58 sp=0x000000e6de7fc930
Event: 2.499 Thread 0x000002aeb68b0270 DEOPT UNPACKING pc=0x000002aec59669a3 sp=0x000000e6de7fc8b0 mode 2
Event: 2.500 Thread 0x000002aeb68b0270 Uncommon trap: trap_request=0xffffff45 fr.pc=0x000002aec5eeaee8 relative=0x0000000000000628
Event: 2.500 Thread 0x000002aeb68b0270 Uncommon trap: reason=unstable_if action=reinterpret pc=0x000002aec5eeaee8 method=java.lang.AbstractStringBuilder.append(Ljava/lang/String;)Ljava/lang/AbstractStringBuilder; @ 1 c2
Event: 2.500 Thread 0x000002aeb68b0270 DEOPT PACKING pc=0x000002aec5eeaee8 sp=0x000000e6de7fc8d0
Event: 2.500 Thread 0x000002aeb68b0270 DEOPT UNPACKING pc=0x000002aec59669a3 sp=0x000000e6de7fc8b8 mode 2
Event: 135.179 Thread 0x000002aed02cb3f0 Uncommon trap: trap_request=0xffffff45 fr.pc=0x000002aec5f39784 relative=0x0000000000000084
Event: 135.180 Thread 0x000002aed02cb3f0 Uncommon trap: reason=unstable_if action=reinterpret pc=0x000002aec5f39784 method=org.gradle.internal.operations.OperationIdentifier.equals(Ljava/lang/Object;)Z @ 2 c2
Event: 135.180 Thread 0x000002aed02cb3f0 DEOPT PACKING pc=0x000002aec5f39784 sp=0x000000e6dfefed50
Event: 135.181 Thread 0x000002aed02cb3f0 DEOPT UNPACKING pc=0x000002aec59669a3 sp=0x000000e6dfefece0 mode 2

Classes unloaded (0 events):
No events

Classes redefined (0 events):
No events

Internal exceptions (18 events):
Event: 0.296 Thread 0x000002aeb68b0270 Exception <a 'java/lang/NoSuchMethodError'{0x00000000ffc6ddd0}: 'int java.lang.invoke.DirectMethodHandle$Holder.invokeStaticInit(java.lang.Object, java.lang.Object)'> (0x00000000ffc6ddd0) 
thrown [s\src\hotspot\share\interpreter\linkResolver.cpp, line 759]
Event: 1.575 Thread 0x000002aeb68b0270 Exception <a 'java/lang/NoSuchMethodError'{0x00000000fe936ab0}: 'void java.lang.invoke.DirectMethodHandle$Holder.invokeStatic(java.lang.Object, java.lang.Object)'> (0x00000000fe936ab0) 
thrown [s\src\hotspot\share\interpreter\linkResolver.cpp, line 759]
Event: 1.634 Thread 0x000002aeb68b0270 Exception <a 'java/lang/NoClassDefFoundError'{0x00000000fe9bab88}: org/slf4j/impl/StaticMarkerBinder> (0x00000000fe9bab88) 
thrown [s\src\hotspot\share\classfile\systemDictionary.cpp, line 245]
Event: 1.702 Thread 0x000002aeb68b0270 Exception <a 'java/lang/NoSuchMethodError'{0x00000000fff5b628}: 'java.lang.Object java.lang.invoke.DirectMethodHandle$Holder.invokeVirtual(java.lang.Object, java.lang.Object, java.lang.Object, java.lang.Object, java.lang.Object, java.lang.Object, java.lang.Object)'> (0x00000000fff5b628) 
thrown [s\src\hotspot\share\interpreter\linkResolver.cpp, line 759]
Event: 1.707 Thread 0x000002aeb68b0270 Exception <a 'java/lang/NoSuchMethodError'{0x00000000fff6d1a8}: 'java.lang.Object java.lang.invoke.Invokers$Holder.invoker(java.lang.Object, java.lang.Object, java.lang.Object)'> (0x00000000fff6d1a8) 
thrown [s\src\hotspot\share\interpreter\linkResolver.cpp, line 759]
Event: 1.710 Thread 0x000002aeb68b0270 Exception <a 'java/lang/NoSuchMethodError'{0x00000000fffaee70}: 'java.lang.Object java.lang.invoke.DirectMethodHandle$Holder.invokeStatic(java.lang.Object, java.lang.Object, int)'> (0x00000000fffaee70) 
thrown [s\src\hotspot\share\interpreter\linkResolver.cpp, line 759]
Event: 1.715 Thread 0x000002aeb68b0270 Exception <a 'java/lang/NoSuchMethodError'{0x00000000fffbab60}: 'void java.lang.invoke.DelegatingMethodHandle$Holder.delegate(java.lang.Object, java.lang.Object, int, java.lang.Object)'> (0x00000000fffbab60) 
thrown [s\src\hotspot\share\interpreter\linkResolver.cpp, line 759]
Event: 1.716 Thread 0x000002aeb68b0270 Exception <a 'java/lang/NoSuchMethodError'{0x00000000fffbed28}: 'int java.lang.invoke.DirectMethodHandle$Holder.invokeSpecial(java.lang.Object, java.lang.Object, java.lang.Object)'> (0x00000000fffbed28) 
thrown [s\src\hotspot\share\interpreter\linkResolver.cpp, line 759]
Event: 1.725 Thread 0x000002aeb68b0270 Exception <a 'java/lang/NoSuchMethodError'{0x00000000fffd1e70}: 'java.lang.Object java.lang.invoke.Invokers$Holder.invokeExact_MT(java.lang.Object, java.lang.Object, java.lang.Object, java.lang.Object)'> (0x00000000fffd1e70) 
thrown [s\src\hotspot\share\interpreter\linkResolver.cpp, line 759]
Event: 2.060 Thread 0x000002aeb68b0270 Exception <a 'java/lang/NoSuchMethodError'{0x00000000ff849e40}: 'void java.lang.invoke.DirectMethodHandle$Holder.invokeSpecial(java.lang.Object, java.lang.Object, java.lang.Object)'> (0x00000000ff849e40) 
thrown [s\src\hotspot\share\interpreter\linkResolver.cpp, line 759]
Event: 2.072 Thread 0x000002aeb68b0270 Implicit null exception at 0x000002aec5f04d0a to 0x000002aec5f0524c
Event: 2.072 Thread 0x000002aeb68b0270 Implicit null exception at 0x000002aec5ef9e8f to 0x000002aec5efa3d4
Event: 2.102 Thread 0x000002aeb68b0270 Exception <a 'java/lang/NoSuchMethodError'{0x00000000ff7926d0}: 'java.lang.Object java.lang.invoke.DirectMethodHandle$Holder.invokeStaticInit(java.lang.Object)'> (0x00000000ff7926d0) 
thrown [s\src\hotspot\share\interpreter\linkResolver.cpp, line 759]
Event: 2.234 Thread 0x000002aeb68b0270 Exception <a 'java/lang/NoSuchMethodError'{0x00000000ff349088}: 'java.lang.Object java.lang.invoke.DirectMethodHandle$Holder.invokeStaticInit(java.lang.Object, int, int, int, int)'> (0x00000000ff349088) 
thrown [s\src\hotspot\share\interpreter\linkResolver.cpp, line 759]
Event: 2.404 Thread 0x000002aeb68b0270 Exception <a 'java/lang/NoSuchMethodError'{0x00000000ff21dab0}: 'java.lang.Object java.lang.invoke.DirectMethodHandle$Holder.invokeStaticInit(java.lang.Object, java.lang.Object, int, int, int, int)'> (0x00000000ff21dab0) 
thrown [s\src\hotspot\share\interpreter\linkResolver.cpp, line 759]
Event: 2.471 Thread 0x000002aeb68b0270 Exception <a 'java/lang/NoSuchMethodError'{0x00000000ff249fe8}: 'void java.lang.invoke.DirectMethodHandle$Holder.invokeStatic(java.lang.Object, java.lang.Object, java.lang.Object)'> (0x00000000ff249fe8) 
thrown [s\src\hotspot\share\interpreter\linkResolver.cpp, line 759]
Event: 2.499 Thread 0x000002aeb68b0270 Implicit null exception at 0x000002aec5ee5572 to 0x000002aec5ee5b40
Event: 2.500 Thread 0x000002aeb68b0270 Implicit null exception at 0x000002aec5eea8f2 to 0x000002aec5eeaed0

VM Operations (20 events):
Event: 272.543 Executing VM operation: Cleanup
Event: 272.543 Executing VM operation: Cleanup done
Event: 273.558 Executing VM operation: Cleanup
Event: 273.558 Executing VM operation: Cleanup done
Event: 274.560 Executing VM operation: Cleanup
Event: 274.560 Executing VM operation: Cleanup done
Event: 275.570 Executing VM operation: Cleanup
Event: 275.571 Executing VM operation: Cleanup done
Event: 283.395 Executing VM operation: G1CollectForAllocation
Event: 283.467 Executing VM operation: G1CollectForAllocation done
Event: 287.493 Executing VM operation: Cleanup
Event: 287.493 Executing VM operation: Cleanup done
Event: 288.505 Executing VM operation: Cleanup
Event: 288.505 Executing VM operation: Cleanup done
Event: 296.588 Executing VM operation: Cleanup
Event: 296.588 Executing VM operation: Cleanup done
Event: 298.618 Executing VM operation: Cleanup
Event: 298.618 Executing VM operation: Cleanup done
Event: 306.688 Executing VM operation: Cleanup
Event: 306.688 Executing VM operation: Cleanup done

Events (20 events):
Event: 66.320 loading class jdk/internal/reflect/ByteVector done
Event: 66.320 loading class jdk/internal/reflect/ByteVectorImpl done
Event: 66.321 loading class jdk/internal/reflect/ClassFileAssembler
Event: 66.322 loading class jdk/internal/reflect/ClassFileAssembler done
Event: 66.322 loading class jdk/internal/reflect/UTF8
Event: 66.323 loading class jdk/internal/reflect/UTF8 done
Event: 66.328 loading class jdk/internal/reflect/Label
Event: 66.328 loading class jdk/internal/reflect/Label done
Event: 66.328 loading class jdk/internal/reflect/Label$PatchInfo
Event: 66.329 loading class jdk/internal/reflect/Label$PatchInfo done
Event: 66.329 loading class jdk/internal/reflect/MethodAccessorGenerator$1
Event: 66.329 loading class jdk/internal/reflect/MethodAccessorGenerator$1 done
Event: 66.330 loading class jdk/internal/reflect/ClassDefiner
Event: 66.332 loading class jdk/internal/reflect/ClassDefiner done
Event: 66.332 loading class jdk/internal/reflect/ClassDefiner$1
Event: 66.333 loading class jdk/internal/reflect/ClassDefiner$1 done
Event: 108.525 loading class java/util/ArrayList$ListItr
Event: 108.527 loading class java/util/ArrayList$ListItr done
Event: 119.157 loading class jdk/internal/misc/ScopedMemoryAccess$Scope
Event: 119.159 loading class jdk/internal/misc/ScopedMemoryAccess$Scope done


Dynamic libraries:
0x00007ff77cb10000 - 0x00007ff77cb1e000 	C:\Users\Blaziod\jdk-17\bin\java.exe
0x00007ffef2bf0000 - 0x00007ffef2de8000 	C:\WINDOWS\SYSTEM32\ntdll.dll
0x00007ffef14b0000 - 0x00007ffef156d000 	C:\WINDOWS\System32\KERNEL32.DLL
0x00007ffef02a0000 - 0x00007ffef0596000 	C:\WINDOWS\System32\KERNELBASE.dll
0x00007ffef09c0000 - 0x00007ffef0ac0000 	C:\WINDOWS\System32\ucrtbase.dll
0x00007ffed2360000 - 0x00007ffed2377000 	C:\Users\Blaziod\jdk-17\bin\jli.dll
0x00007ffed1e80000 - 0x00007ffed1e9b000 	C:\Users\Blaziod\jdk-17\bin\VCRUNTIME140.dll
0x00007ffef19e0000 - 0x00007ffef1b7f000 	C:\WINDOWS\System32\USER32.dll
0x00007ffef06d0000 - 0x00007ffef06f2000 	C:\WINDOWS\System32\win32u.dll
0x00007ffef1d10000 - 0x00007ffef1d3b000 	C:\WINDOWS\System32\GDI32.dll
0x00007ffef07f0000 - 0x00007ffef0907000 	C:\WINDOWS\System32\gdi32full.dll
0x00007ffedcf80000 - 0x00007ffedd21a000 	C:\WINDOWS\WinSxS\amd64_microsoft.windows.common-controls_6595b64144ccf1df_6.0.19041.3636_none_60b6a03d71f818d5\COMCTL32.dll
0x00007ffef0630000 - 0x00007ffef06cd000 	C:\WINDOWS\System32\msvcp_win.dll
0x00007ffef18d0000 - 0x00007ffef196e000 	C:\WINDOWS\System32\msvcrt.dll
0x00007ffef1650000 - 0x00007ffef1682000 	C:\WINDOWS\System32\IMM32.DLL
0x00007ffed1b30000 - 0x00007ffed1b3c000 	C:\Users\Blaziod\jdk-17\bin\vcruntime140_1.dll
0x00007ffec4140000 - 0x00007ffec41cd000 	C:\Users\Blaziod\jdk-17\bin\msvcp140.dll
0x00007ffe450d0000 - 0x00007ffe45d32000 	C:\Users\Blaziod\jdk-17\bin\server\jvm.dll
0x00007ffef2020000 - 0x00007ffef20d0000 	C:\WINDOWS\System32\ADVAPI32.dll
0x00007ffef1b90000 - 0x00007ffef1c30000 	C:\WINDOWS\System32\sechost.dll
0x00007ffef16b0000 - 0x00007ffef17d3000 	C:\WINDOWS\System32\RPCRT4.dll
0x00007ffef07c0000 - 0x00007ffef07e7000 	C:\WINDOWS\System32\bcrypt.dll
0x00007ffef0100000 - 0x00007ffef014b000 	C:\WINDOWS\SYSTEM32\POWRPROF.dll
0x00007ffee5710000 - 0x00007ffee571a000 	C:\WINDOWS\SYSTEM32\VERSION.dll
0x00007ffee5720000 - 0x00007ffee5747000 	C:\WINDOWS\SYSTEM32\WINMM.dll
0x00007ffeddad0000 - 0x00007ffeddad9000 	C:\WINDOWS\SYSTEM32\WSOCK32.dll
0x00007ffef1970000 - 0x00007ffef19db000 	C:\WINDOWS\System32\WS2_32.dll
0x00007ffef0030000 - 0x00007ffef0042000 	C:\WINDOWS\SYSTEM32\UMPDC.dll
0x00007ffeee050000 - 0x00007ffeee062000 	C:\WINDOWS\SYSTEM32\kernel.appcore.dll
0x00007ffed1900000 - 0x00007ffed190a000 	C:\Users\Blaziod\jdk-17\bin\jimage.dll
0x00007ffee6cc0000 - 0x00007ffee6ea4000 	C:\WINDOWS\SYSTEM32\DBGHELP.DLL
0x00007ffeddcd0000 - 0x00007ffeddd04000 	C:\WINDOWS\SYSTEM32\dbgcore.DLL
0x00007ffef05a0000 - 0x00007ffef0622000 	C:\WINDOWS\System32\bcryptPrimitives.dll
0x00007ffecc320000 - 0x00007ffecc345000 	C:\Users\Blaziod\jdk-17\bin\java.dll
0x00007ffebed90000 - 0x00007ffebee67000 	C:\Users\Blaziod\jdk-17\bin\jsvml.dll
0x00007ffef20d0000 - 0x00007ffef283b000 	C:\WINDOWS\System32\SHELL32.dll
0x00007ffeee330000 - 0x00007ffeeeace000 	C:\WINDOWS\SYSTEM32\windows.storage.dll
0x00007ffef2840000 - 0x00007ffef2b93000 	C:\WINDOWS\System32\combase.dll
0x00007ffeefc60000 - 0x00007ffeefc8e000 	C:\WINDOWS\SYSTEM32\Wldp.dll
0x00007ffef1c40000 - 0x00007ffef1d0d000 	C:\WINDOWS\System32\OLEAUT32.dll
0x00007ffef1da0000 - 0x00007ffef1e4d000 	C:\WINDOWS\System32\SHCORE.dll
0x00007ffef1450000 - 0x00007ffef14a5000 	C:\WINDOWS\System32\shlwapi.dll
0x00007ffef01d0000 - 0x00007ffef01f3000 	C:\WINDOWS\SYSTEM32\profapi.dll
0x00007ffececb0000 - 0x00007ffececc9000 	C:\Users\Blaziod\jdk-17\bin\net.dll
0x00007ffee6370000 - 0x00007ffee647a000 	C:\WINDOWS\SYSTEM32\WINHTTP.dll
0x00007ffeef960000 - 0x00007ffeef9ca000 	C:\WINDOWS\system32\mswsock.dll
0x00007ffece860000 - 0x00007ffece876000 	C:\Users\Blaziod\jdk-17\bin\nio.dll
0x00007ffecc300000 - 0x00007ffecc318000 	C:\Users\Blaziod\jdk-17\bin\zip.dll
0x00007ffece820000 - 0x00007ffece830000 	C:\Users\Blaziod\jdk-17\bin\verify.dll
0x00007ffecc2d0000 - 0x00007ffecc2f7000 	C:\Users\Blaziod\.gradle\native\68d5fa5c4cc2d200863cafc0d521ce42e7d3e7ee720ec0a83991735586a16f82\windows-amd64\native-platform.dll
0x00007ffee8d20000 - 0x00007ffee8d2a000 	C:\Users\Blaziod\.gradle\native\jansi\1.18\windows64\jansi.dll
0x00007ffece4e0000 - 0x00007ffece4e9000 	C:\Users\Blaziod\jdk-17\bin\management.dll
0x00007ffecc8f0000 - 0x00007ffecc8fb000 	C:\Users\Blaziod\jdk-17\bin\management_ext.dll
0x00007ffef1c30000 - 0x00007ffef1c38000 	C:\WINDOWS\System32\PSAPI.DLL
0x00007ffeefb60000 - 0x00007ffeefb78000 	C:\WINDOWS\SYSTEM32\CRYPTSP.dll
0x00007ffeef280000 - 0x00007ffeef2b4000 	C:\WINDOWS\system32\rsaenh.dll
0x00007ffef0190000 - 0x00007ffef01be000 	C:\WINDOWS\SYSTEM32\USERENV.dll
0x00007ffeefb50000 - 0x00007ffeefb5c000 	C:\WINDOWS\SYSTEM32\CRYPTBASE.dll
0x00007ffeef640000 - 0x00007ffeef67b000 	C:\WINDOWS\SYSTEM32\IPHLPAPI.DLL
0x00007ffef2ba0000 - 0x00007ffef2ba8000 	C:\WINDOWS\System32\NSI.dll
0x00007ffee5b60000 - 0x00007ffee5b77000 	C:\WINDOWS\SYSTEM32\dhcpcsvc6.DLL
0x00007ffee6270000 - 0x00007ffee628d000 	C:\WINDOWS\SYSTEM32\dhcpcsvc.DLL
0x00007ffeef680000 - 0x00007ffeef74b000 	C:\WINDOWS\SYSTEM32\DNSAPI.dll
0x00007ffecc130000 - 0x00007ffecc139000 	C:\Users\Blaziod\jdk-17\bin\extnet.dll
0x00007ffecbb70000 - 0x00007ffecbb7e000 	C:\Users\Blaziod\jdk-17\bin\sunmscapi.dll
0x00007ffef0ac0000 - 0x00007ffef0c1e000 	C:\WINDOWS\System32\CRYPT32.dll
0x00007ffeefcd0000 - 0x00007ffeefcf8000 	C:\WINDOWS\SYSTEM32\ncrypt.dll
0x00007ffeefc90000 - 0x00007ffeefccb000 	C:\WINDOWS\SYSTEM32\NTASN1.dll
0x00007ffecbb60000 - 0x00007ffecbb67000 	C:\WINDOWS\system32\wshunix.dll

dbghelp: loaded successfully - version: 4.0.5 - missing functions: none
symbol engine: initialized successfully - sym options: 0x614 - pdb path: .;C:\Users\Blaziod\jdk-17\bin;C:\WINDOWS\SYSTEM32;C:\WINDOWS\WinSxS\amd64_microsoft.windows.common-controls_6595b64144ccf1df_6.0.19041.3636_none_60b6a03d71f818d5;C:\Users\Blaziod\jdk-17\bin\server;C:\Users\Blaziod\.gradle\native\68d5fa5c4cc2d200863cafc0d521ce42e7d3e7ee720ec0a83991735586a16f82\windows-amd64;C:\Users\Blaziod\.gradle\native\jansi\1.18\windows64

VM Arguments:
jvm_args: -Xmx64m -Xms64m -Dorg.gradle.appname=gradlew 
java_command: org.gradle.wrapper.GradleWrapperMain assembleRelease
java_class_path (initial): C:/Users/Blaziod/desktop/trend3/android/gradle/wrapper/gradle-wrapper.jar
Launcher Type: SUN_STANDARD

[Global flags]
     intx CICompilerCount                          = 4                                         {product} {ergonomic}
     uint ConcGCThreads                            = 2                                         {product} {ergonomic}
     uint G1ConcRefinementThreads                  = 8                                         {product} {ergonomic}
   size_t G1HeapRegionSize                         = 1048576                                   {product} {ergonomic}
    uintx GCDrainStackTargetSize                   = 64                                        {product} {ergonomic}
   size_t InitialHeapSize                          = 67108864                                  {product} {command line}
   size_t MarkStackSize                            = 4194304                                   {product} {ergonomic}
   size_t MaxHeapSize                              = 67108864                                  {product} {command line}
   size_t MaxNewSize                               = 39845888                                  {product} {ergonomic}
   size_t MinHeapDeltaBytes                        = 1048576                                   {product} {ergonomic}
   size_t MinHeapSize                              = 67108864                                  {product} {command line}
    uintx NonNMethodCodeHeapSize                   = 5839372                                {pd product} {ergonomic}
    uintx NonProfiledCodeHeapSize                  = 122909434                              {pd product} {ergonomic}
    uintx ProfiledCodeHeapSize                     = 122909434                              {pd product} {ergonomic}
    uintx ReservedCodeCacheSize                    = 251658240                              {pd product} {ergonomic}
     bool SegmentedCodeCache                       = true                                      {product} {ergonomic}
   size_t SoftMaxHeapSize                          = 67108864                               {manageable} {ergonomic}
     bool UseCompressedClassPointers               = true                           {product lp64_product} {ergonomic}
     bool UseCompressedOops                        = true                           {product lp64_product} {ergonomic}
     bool UseG1GC                                  = true                                      {product} {ergonomic}
     bool UseLargePagesIndividualAllocation        = false                                  {pd product} {ergonomic}

Logging:
Log output configuration:
 #0: stdout all=warning uptime,level,tags
 #1: stderr all=off uptime,level,tags

Environment Variables:
JAVA_HOME=C:\Users\Blaziod/jdk-17
PATH=C:\Users\Blaziod\bin;C:\Program Files\Git\mingw64\bin;C:\Program Files\Git\usr\local\bin;C:\Program Files\Git\usr\bin;C:\Program Files\Git\usr\bin;C:\Program Files\Git\mingw64\bin;C:\Program Files\Git\usr\bin;C:\Users\Blaziod\bin;C:\Program Files\Common Files\Oracle\Java\javapath;C:\WINDOWS\system32;C:\WINDOWS;C:\WINDOWS\System32\Wbem;C:\WINDOWS\System32\WindowsPowerShell\v1.0;C:\WINDOWS\System32\OpenSSH;C:\Program Files\nodejs;C:\Program Files\Git\cmd;C:\Program Files (x86)\Windows Kits\10\Windows Performance Toolkit;C:\Users\Blaziod\AppData\Local\Android\Sdk\platform-tools;C:\php;C:\Users\Blaziod\jdk-17\bin;C:\Users\Blaziod\AppData\Local\Android\Sdk\tools;C:\Program Files\Java\jdk-17;C:\Users\Blaziod\AppData\Local\Programs\Python\Python36-32\Scripts;C:\Users\Blaziod\AppData\Local\Programs\Python\Python36-32;C:\Users\Blaziod\AppData\Local\Programs\Python\Python312\Scripts;C:\Users\Blaziod\AppData\Local\Programs\Python\Python312;C:\Users\Blaziod\AppData\Local\Programs\Python\Launcher;C:\Users\Blaziod\AppData\Local\Microsoft\WindowsApps;C:\Users\Blaziod\AppData\Local\Programs\Microsoft VS Code\bin;C:\Users\Blaziod\AppData\Roaming\npm;C:\Users\Blaziod\AppData\Local\Android\Sdk\platform-tools;C:\Program Files\Git\usr\bin\vendor_perl;C:\Program Files\Git\usr\bin\core_perl
USERNAME=Blaziod
SHELL=C:\Program Files\Git\usr\bin\bash.exe
DISPLAY=needs-to-be-defined
LC_CTYPE=en_US.UTF-8
TERM=xterm
TMPDIR=C:\Users\Blaziod\AppData\Local\Temp
OS=Windows_NT
PROCESSOR_IDENTIFIER=AMD64 Family 23 Model 24 Stepping 1, AuthenticAMD
TMP=C:\Users\Blaziod\AppData\Local\Temp
TEMP=C:\Users\Blaziod\AppData\Local\Temp



Periodic native trim disabled


---------------  S Y S T E M  ---------------

OS:
 Windows 10 , 64 bit Build 19041 (10.0.19041.3636)
OS uptime: 1 days 10:23 hours

CPU: total 8 (initial active 8) (8 cores per cpu, 2 threads per core) family 23 model 24 stepping 1 microcode 0x0, cx8, cmov, fxsr, ht, mmx, 3dnowpref, sse, sse2, sse3, ssse3, sse4a, sse4.1, sse4.2, popcnt, lzcnt, tsc, tscinvbit, avx, avx2, aes, clmul, bmi1, bmi2, adx, sha, fma, vzeroupper, clflush, clflushopt
Processor Information for all 8 processors :
  Max Mhz: 2300, Current Mhz: 2300, Mhz Limit: 2300

Memory: 4k page, system-wide physical 6020M (111M free)
TotalPageFile size 24452M (AvailPageFile size 6M)
current process WorkingSet (physical memory assigned to process): 40M, peak: 89M
current process commit charge ("private bytes"): 183M, peak: 184M

vm_info: OpenJDK 64-Bit Server VM (17.0.10+7) for windows-amd64 JRE (17.0.10+7), built on Jan 16 2024 23:25:11 by "admin" with MS VC++ 16.10 / 16.11 (VS2019)

END.
