#
# There is insufficient memory for the Java Runtime Environment to continue.
# Native memory allocation (malloc) failed to allocate 1105648 bytes for Chunk::new
# Possible reasons:
#   The system is out of physical RAM or swap space
#   The process is running with CompressedOops enabled, and the Java Heap may be blocking the growth of the native heap
# Possible solutions:
#   Reduce memory load on the system
#   Increase physical memory or swap space
#   Check if swap backing store is full
#   Decrease Java heap size (-Xmx/-Xms)
#   Decrease number of Java threads
#   Decrease Java thread stack sizes (-Xss)
#   Set larger code cache with -XX:ReservedCodeCacheSize=
#   JVM is running with Unscaled Compressed Oops mode in which the Java heap is
#     placed in the first 4GB address space. The Java Heap base address is the
#     maximum limit for the native heap growth. Please use -XX:HeapBaseMinAddress
#     to set the Java Heap base and to place the Java Heap above 4GB virtual address.
# This output file may be truncated or incomplete.
#
#  Out of Memory Error (arena.cpp:191), pid=1260, tid=2704
#
# JRE version: OpenJDK Runtime Environment Temurin-17.0.10+7 (17.0.10+7) (build 17.0.10+7)
# Java VM: OpenJDK 64-Bit Server VM Temurin-17.0.10+7 (17.0.10+7, mixed mode, sharing, tiered, compressed oops, compressed class ptrs, g1 gc, windows-amd64)
# No core dump will be written. Minidumps are not enabled by default on client versions of Windows
#

---------------  S U M M A R Y ------------

Command Line: org.jetbrains.kotlin.cli.jvm.K2JVMCompiler @C:\Users\Blaziod\Desktop\Trend3\node_modules\react-native-gesture-handler\android\build\20240417_17129451063653514786.compiler.options

Host: AMD Ryzen 7 3700U with Radeon Vega Mobile Gfx  , 8 cores, 5G,  Windows 10 , 64 bit Build 19041 (10.0.19041.3636)
Time: Wed Apr 17 11:20:27 2024 W. Central Africa Standard Time elapsed time: 40.545834 seconds (0d 0h 0m 40s)

---------------  T H R E A D  ---------------

Current thread (0x000001bc542978b0):  JavaThread "C2 CompilerThread0" daemon [_thread_in_native, id=2704, stack(0x0000000127d00000,0x0000000127e00000)]


Current CompileTask:
C2:  40545 11666       4       org.jetbrains.org.objectweb.asm.ClassReader::readMethod (1061 bytes)

Stack: [0x0000000127d00000,0x0000000127e00000]
Native frames: (J=compiled Java code, j=interpreted, Vv=VM code, C=native code)
V  [jvm.dll+0x67d2c9]
V  [jvm.dll+0x834afa]
V  [jvm.dll+0x8365be]
V  [jvm.dll+0x836c23]
V  [jvm.dll+0x2477ff]
V  [jvm.dll+0xac514]
V  [jvm.dll+0xacb5c]
V  [jvm.dll+0x3667d7]
V  [jvm.dll+0x330bfa]
V  [jvm.dll+0x33009a]
V  [jvm.dll+0x219ef1]
V  [jvm.dll+0x219311]
V  [jvm.dll+0x1a502d]
V  [jvm.dll+0x2290de]
V  [jvm.dll+0x2272ac]
V  [jvm.dll+0x7e9bb7]
V  [jvm.dll+0x7e3fba]
V  [jvm.dll+0x67c1b5]
C  [ucrtbase.dll+0x21bb2]
C  [KERNEL32.DLL+0x17344]
C  [ntdll.dll+0x526b1]


---------------  P R O C E S S  ---------------

Threads class SMR info:
_java_thread_list=0x000001bc544b8a70, length=12, elements={
0x000001bc35283990, 0x000001bc542781d0, 0x000001bc5427c810, 0x000001bc54292b70,
0x000001bc54293730, 0x000001bc54296200, 0x000001bc54296bc0, 0x000001bc542978b0,
0x000001bc54298360, 0x000001bc5429ad70, 0x000001bc544e0500, 0x000001bc544e70c0
}

Java Threads: ( => current thread )
  0x000001bc35283990 JavaThread "main" [_thread_in_Java, id=15972, stack(0x0000000127000000,0x0000000127100000)]
  0x000001bc542781d0 JavaThread "Reference Handler" daemon [_thread_blocked, id=13400, stack(0x0000000127700000,0x0000000127800000)]
  0x000001bc5427c810 JavaThread "Finalizer" daemon [_thread_blocked, id=12932, stack(0x0000000127800000,0x0000000127900000)]
  0x000001bc54292b70 JavaThread "Signal Dispatcher" daemon [_thread_blocked, id=1500, stack(0x0000000127900000,0x0000000127a00000)]
  0x000001bc54293730 JavaThread "Attach Listener" daemon [_thread_blocked, id=19308, stack(0x0000000127a00000,0x0000000127b00000)]
  0x000001bc54296200 JavaThread "Service Thread" daemon [_thread_blocked, id=17580, stack(0x0000000127b00000,0x0000000127c00000)]
  0x000001bc54296bc0 JavaThread "Monitor Deflation Thread" daemon [_thread_blocked, id=18224, stack(0x0000000127c00000,0x0000000127d00000)]
=>0x000001bc542978b0 JavaThread "C2 CompilerThread0" daemon [_thread_in_native, id=2704, stack(0x0000000127d00000,0x0000000127e00000)]
  0x000001bc54298360 JavaThread "C1 CompilerThread0" daemon [_thread_blocked, id=8104, stack(0x0000000127e00000,0x0000000127f00000)]
  0x000001bc5429ad70 JavaThread "Sweeper thread" daemon [_thread_blocked, id=19144, stack(0x0000000127f00000,0x0000000128000000)]
  0x000001bc544e0500 JavaThread "Notification Thread" daemon [_thread_blocked, id=9404, stack(0x0000000128000000,0x0000000128100000)]
  0x000001bc544e70c0 JavaThread "Common-Cleaner" daemon [_thread_blocked, id=17280, stack(0x0000000128200000,0x0000000128300000)]

Other Threads:
  0x000001bc54274140 VMThread "VM Thread" [stack: 0x0000000127600000,0x0000000127700000] [id=14968]
  0x000001bc544e4e00 WatcherThread [stack: 0x0000000128100000,0x0000000128200000] [id=12696]
  0x000001bc352cf040 GCTaskThread "GC Thread#0" [stack: 0x0000000127100000,0x0000000127200000] [id=19040]
  0x000001bc9a0e9020 GCTaskThread "GC Thread#1" [stack: 0x0000000128300000,0x0000000128400000] [id=15432]
  0x000001bc9a1ee440 GCTaskThread "GC Thread#2" [stack: 0x0000000128400000,0x0000000128500000] [id=18404]
  0x000001bc9a1ee700 GCTaskThread "GC Thread#3" [stack: 0x0000000128500000,0x0000000128600000] [id=796]
  0x000001bc9a1ee9c0 GCTaskThread "GC Thread#4" [stack: 0x0000000128600000,0x0000000128700000] [id=20224]
  0x000001bc9a1eec80 GCTaskThread "GC Thread#5" [stack: 0x0000000128700000,0x0000000128800000] [id=5188]
  0x000001bc54447d40 GCTaskThread "GC Thread#6" [stack: 0x0000000128800000,0x0000000128900000] [id=2500]
  0x000001bc9a7ab850 GCTaskThread "GC Thread#7" [stack: 0x0000000128900000,0x0000000128a00000] [id=13588]
  0x000001bc352dcbe0 ConcurrentGCThread "G1 Main Marker" [stack: 0x0000000127200000,0x0000000127300000] [id=16048]
  0x000001bc352dd600 ConcurrentGCThread "G1 Conc#0" [stack: 0x0000000127300000,0x0000000127400000] [id=16624]
  0x000001bc9a9e2ce0 ConcurrentGCThread "G1 Conc#1" [stack: 0x0000000128a00000,0x0000000128b00000] [id=15628]
  0x000001bc3533da20 ConcurrentGCThread "G1 Refine#0" [stack: 0x0000000127400000,0x0000000127500000] [id=15784]
  0x000001bc9ae0dd40 ConcurrentGCThread "G1 Refine#1" [stack: 0x0000000128b00000,0x0000000128c00000] [id=3392]
  0x000001bc3533e450 ConcurrentGCThread "G1 Service" [stack: 0x0000000127500000,0x0000000127600000] [id=14240]

Threads with active compile tasks:
C2 CompilerThread0    40568 11666       4       org.jetbrains.org.objectweb.asm.ClassReader::readMethod (1061 bytes)
C1 CompilerThread0    40569 11710       3       kotlin.collections.CollectionsKt___CollectionsKt::toMutableSet (48 bytes)

VM state: not at safepoint (normal execution)

VM Mutex/Monitor currently owned by a thread:  ([mutex/lock_event])
[0x000001bc3507f0b0] CodeCache_lock - owner thread: 0x0000000000000000

Heap address: 0x00000000a1e00000, size: 1506 MB, Compressed Oops mode: 32-bit

CDS archive(s) mapped at: [0x000001bc55000000-0x000001bc55bb0000-0x000001bc55bb0000), size 12255232, SharedBaseAddress: 0x000001bc55000000, ArchiveRelocationMode: 1.
Compressed class space mapped at: 0x000001bc56000000-0x000001bc96000000, reserved size: 1073741824
Narrow klass base: 0x000001bc55000000, Narrow klass shift: 0, Narrow klass range: 0x100000000

GC Precious Log:
 CPUs: 8 total, 8 available
 Memory: 6020M
 Large Page Support: Disabled
 NUMA Support: Disabled
 Compressed Oops: Enabled (32-bit)
 Heap Region Size: 1M
 Heap Min Capacity: 8M
 Heap Initial Capacity: 96M
 Heap Max Capacity: 1506M
 Pre-touch: Disabled
 Parallel Workers: 8
 Concurrent Workers: 2
 Concurrent Refinement Workers: 8
 Periodic GC: Disabled

Heap:
 garbage-first heap   total 134144K, used 70308K [0x00000000a1e00000, 0x0000000100000000)
  region size 1024K, 6 young (6144K), 5 survivors (5120K)
 Metaspace       used 58779K, committed 59072K, reserved 1114112K
  class space    used 6766K, committed 6912K, reserved 1048576K

Heap Regions: E=young(eden), S=young(survivor), O=old, HS=humongous(starts), HC=humongous(continues), CS=collection set, F=free, OA=open archive, CA=closed archive, TAMS=top-at-mark-start (previous, next)
|   0|0x00000000a1e00000, 0x00000000a1f00000, 0x00000000a1f00000|100%|HS|  |TAMS 0x00000000a1f00000, 0x00000000a1f00000| Complete 
|   1|0x00000000a1f00000, 0x00000000a2000000, 0x00000000a2000000|100%|HC|  |TAMS 0x00000000a2000000, 0x00000000a2000000| Complete 
|   2|0x00000000a2000000, 0x00000000a2100000, 0x00000000a2100000|100%|HC|  |TAMS 0x00000000a2100000, 0x00000000a2100000| Complete 
|   3|0x00000000a2100000, 0x00000000a2200000, 0x00000000a2200000|100%|HC|  |TAMS 0x00000000a2200000, 0x00000000a2200000| Complete 
|   4|0x00000000a2200000, 0x00000000a2300000, 0x00000000a2300000|100%| O|  |TAMS 0x00000000a2300000, 0x00000000a2300000| Untracked 
|   5|0x00000000a2300000, 0x00000000a2400000, 0x00000000a2400000|100%| O|  |TAMS 0x00000000a2400000, 0x00000000a2400000| Untracked 
|   6|0x00000000a2400000, 0x00000000a2500000, 0x00000000a2500000|100%| O|  |TAMS 0x00000000a2500000, 0x00000000a2500000| Untracked 
|   7|0x00000000a2500000, 0x00000000a2600000, 0x00000000a2600000|100%|HS|  |TAMS 0x00000000a2600000, 0x00000000a2600000| Complete 
|   8|0x00000000a2600000, 0x00000000a2700000, 0x00000000a2700000|100%|HC|  |TAMS 0x00000000a2700000, 0x00000000a2700000| Complete 
|   9|0x00000000a2700000, 0x00000000a2800000, 0x00000000a2800000|100%|HC|  |TAMS 0x00000000a2800000, 0x00000000a2800000| Complete 
|  10|0x00000000a2800000, 0x00000000a2900000, 0x00000000a2900000|100%|HC|  |TAMS 0x00000000a2900000, 0x00000000a2900000| Complete 
|  11|0x00000000a2900000, 0x00000000a2a00000, 0x00000000a2a00000|100%| O|  |TAMS 0x00000000a2a00000, 0x00000000a2a00000| Untracked 
|  12|0x00000000a2a00000, 0x00000000a2b00000, 0x00000000a2b00000|100%| O|  |TAMS 0x00000000a2b00000, 0x00000000a2b00000| Untracked 
|  13|0x00000000a2b00000, 0x00000000a2c00000, 0x00000000a2c00000|100%| O|  |TAMS 0x00000000a2c00000, 0x00000000a2c00000| Untracked 
|  14|0x00000000a2c00000, 0x00000000a2d00000, 0x00000000a2d00000|100%| O|  |TAMS 0x00000000a2d00000, 0x00000000a2d00000| Untracked 
|  15|0x00000000a2d00000, 0x00000000a2e00000, 0x00000000a2e00000|100%| O|  |TAMS 0x00000000a2e00000, 0x00000000a2e00000| Untracked 
|  16|0x00000000a2e00000, 0x00000000a2f00000, 0x00000000a2f00000|100%| O|  |TAMS 0x00000000a2f00000, 0x00000000a2f00000| Untracked 
|  17|0x00000000a2f00000, 0x00000000a3000000, 0x00000000a3000000|100%| O|  |TAMS 0x00000000a3000000, 0x00000000a3000000| Untracked 
|  18|0x00000000a3000000, 0x00000000a3100000, 0x00000000a3100000|100%| O|  |TAMS 0x00000000a3100000, 0x00000000a3100000| Untracked 
|  19|0x00000000a3100000, 0x00000000a3200000, 0x00000000a3200000|100%| O|  |TAMS 0x00000000a3200000, 0x00000000a3200000| Untracked 
|  20|0x00000000a3200000, 0x00000000a3300000, 0x00000000a3300000|100%| O|  |TAMS 0x00000000a3300000, 0x00000000a3300000| Untracked 
|  21|0x00000000a3300000, 0x00000000a3400000, 0x00000000a3400000|100%| O|  |TAMS 0x00000000a3400000, 0x00000000a3400000| Untracked 
|  22|0x00000000a3400000, 0x00000000a3500000, 0x00000000a3500000|100%| O|  |TAMS 0x00000000a3500000, 0x00000000a3500000| Untracked 
|  23|0x00000000a3500000, 0x00000000a3600000, 0x00000000a3600000|100%| O|  |TAMS 0x00000000a3600000, 0x00000000a3600000| Untracked 
|  24|0x00000000a3600000, 0x00000000a3700000, 0x00000000a3700000|100%| O|  |TAMS 0x00000000a3700000, 0x00000000a3700000| Untracked 
|  25|0x00000000a3700000, 0x00000000a3800000, 0x00000000a3800000|100%| O|  |TAMS 0x00000000a3800000, 0x00000000a3800000| Untracked 
|  26|0x00000000a3800000, 0x00000000a3900000, 0x00000000a3900000|100%| O|  |TAMS 0x00000000a3900000, 0x00000000a3900000| Untracked 
|  27|0x00000000a3900000, 0x00000000a3a00000, 0x00000000a3a00000|100%| O|  |TAMS 0x00000000a3a00000, 0x00000000a3a00000| Untracked 
|  28|0x00000000a3a00000, 0x00000000a3b00000, 0x00000000a3b00000|100%| O|  |TAMS 0x00000000a3b00000, 0x00000000a3b00000| Untracked 
|  29|0x00000000a3b00000, 0x00000000a3c00000, 0x00000000a3c00000|100%| O|  |TAMS 0x00000000a3c00000, 0x00000000a3c00000| Untracked 
|  30|0x00000000a3c00000, 0x00000000a3d00000, 0x00000000a3d00000|100%|HS|  |TAMS 0x00000000a3d00000, 0x00000000a3d00000| Complete 
|  31|0x00000000a3d00000, 0x00000000a3e00000, 0x00000000a3e00000|100%|HC|  |TAMS 0x00000000a3e00000, 0x00000000a3e00000| Complete 
|  32|0x00000000a3e00000, 0x00000000a3f00000, 0x00000000a3f00000|100%| O|  |TAMS 0x00000000a3f00000, 0x00000000a3f00000| Untracked 
|  33|0x00000000a3f00000, 0x00000000a4000000, 0x00000000a4000000|100%| O|  |TAMS 0x00000000a4000000, 0x00000000a4000000| Untracked 
|  34|0x00000000a4000000, 0x00000000a4100000, 0x00000000a4100000|100%| O|  |TAMS 0x00000000a4100000, 0x00000000a4100000| Untracked 
|  35|0x00000000a4100000, 0x00000000a4200000, 0x00000000a4200000|100%| O|  |TAMS 0x00000000a4200000, 0x00000000a4200000| Untracked 
|  36|0x00000000a4200000, 0x00000000a4300000, 0x00000000a4300000|100%| O|  |TAMS 0x00000000a4300000, 0x00000000a4300000| Untracked 
|  37|0x00000000a4300000, 0x00000000a4400000, 0x00000000a4400000|100%| O|  |TAMS 0x00000000a4400000, 0x00000000a4400000| Untracked 
|  38|0x00000000a4400000, 0x00000000a4500000, 0x00000000a4500000|100%| O|  |TAMS 0x00000000a4500000, 0x00000000a4500000| Untracked 
|  39|0x00000000a4500000, 0x00000000a4600000, 0x00000000a4600000|100%| O|  |TAMS 0x00000000a4600000, 0x00000000a4600000| Untracked 
|  40|0x00000000a4600000, 0x00000000a4700000, 0x00000000a4700000|100%| O|  |TAMS 0x00000000a4700000, 0x00000000a4700000| Untracked 
|  41|0x00000000a4700000, 0x00000000a4800000, 0x00000000a4800000|100%| O|  |TAMS 0x00000000a4800000, 0x00000000a4800000| Untracked 
|  42|0x00000000a4800000, 0x00000000a4900000, 0x00000000a4900000|100%| O|  |TAMS 0x00000000a4900000, 0x00000000a4900000| Untracked 
|  43|0x00000000a4900000, 0x00000000a4a00000, 0x00000000a4a00000|100%| O|  |TAMS 0x00000000a4a00000, 0x00000000a4a00000| Untracked 
|  44|0x00000000a4a00000, 0x00000000a4b00000, 0x00000000a4b00000|100%| O|  |TAMS 0x00000000a4b00000, 0x00000000a4b00000| Untracked 
|  45|0x00000000a4b00000, 0x00000000a4c00000, 0x00000000a4c00000|100%| O|  |TAMS 0x00000000a4c00000, 0x00000000a4c00000| Untracked 
|  46|0x00000000a4c00000, 0x00000000a4d00000, 0x00000000a4d00000|100%| O|  |TAMS 0x00000000a4d00000, 0x00000000a4d00000| Untracked 
|  47|0x00000000a4d00000, 0x00000000a4e00000, 0x00000000a4e00000|100%| O|  |TAMS 0x00000000a4e00000, 0x00000000a4e00000| Untracked 
|  48|0x00000000a4e00000, 0x00000000a4f00000, 0x00000000a4f00000|100%| O|  |TAMS 0x00000000a4f00000, 0x00000000a4f00000| Untracked 
|  49|0x00000000a4f00000, 0x00000000a5000000, 0x00000000a5000000|100%| O|  |TAMS 0x00000000a5000000, 0x00000000a5000000| Untracked 
|  50|0x00000000a5000000, 0x00000000a5100000, 0x00000000a5100000|100%| O|  |TAMS 0x00000000a5100000, 0x00000000a5100000| Untracked 
|  51|0x00000000a5100000, 0x00000000a5200000, 0x00000000a5200000|100%| O|  |TAMS 0x00000000a5200000, 0x00000000a5200000| Untracked 
|  52|0x00000000a5200000, 0x00000000a5300000, 0x00000000a5300000|100%| O|  |TAMS 0x00000000a5300000, 0x00000000a5300000| Untracked 
|  53|0x00000000a5300000, 0x00000000a5400000, 0x00000000a5400000|100%| O|  |TAMS 0x00000000a5400000, 0x00000000a5400000| Untracked 
|  54|0x00000000a5400000, 0x00000000a5500000, 0x00000000a5500000|100%| O|  |TAMS 0x00000000a5480000, 0x00000000a5500000| Untracked 
|  55|0x00000000a5500000, 0x00000000a5600000, 0x00000000a5600000|100%| O|  |TAMS 0x00000000a5500000, 0x00000000a5600000| Untracked 
|  56|0x00000000a5600000, 0x00000000a5700000, 0x00000000a5700000|100%| O|  |TAMS 0x00000000a5600000, 0x00000000a5700000| Untracked 
|  57|0x00000000a5700000, 0x00000000a5800000, 0x00000000a5800000|100%| O|  |TAMS 0x00000000a5700000, 0x00000000a5800000| Untracked 
|  58|0x00000000a5800000, 0x00000000a5900000, 0x00000000a5900000|100%| O|  |TAMS 0x00000000a5800000, 0x00000000a5900000| Untracked 
|  59|0x00000000a5900000, 0x00000000a5a00000, 0x00000000a5a00000|100%| O|  |TAMS 0x00000000a5900000, 0x00000000a5a00000| Untracked 
|  60|0x00000000a5a00000, 0x00000000a5b00000, 0x00000000a5b00000|100%| O|  |TAMS 0x00000000a5a00000, 0x00000000a5b00000| Untracked 
|  61|0x00000000a5b00000, 0x00000000a5bede00, 0x00000000a5c00000| 92%| O|  |TAMS 0x00000000a5b00000, 0x00000000a5bede00| Untracked 
|  62|0x00000000a5c00000, 0x00000000a5d00000, 0x00000000a5d00000|100%|HS|  |TAMS 0x00000000a5c00000, 0x00000000a5c00000| Complete 
|  63|0x00000000a5d00000, 0x00000000a5e00000, 0x00000000a5e00000|100%|HC|  |TAMS 0x00000000a5d00000, 0x00000000a5d00000| Complete 
|  64|0x00000000a5e00000, 0x00000000a5e00000, 0x00000000a5f00000|  0%| F|  |TAMS 0x00000000a5e00000, 0x00000000a5e00000| Untracked 
|  65|0x00000000a5f00000, 0x00000000a5f00000, 0x00000000a6000000|  0%| F|  |TAMS 0x00000000a5f00000, 0x00000000a5f00000| Untracked 
|  66|0x00000000a6000000, 0x00000000a6000000, 0x00000000a6100000|  0%| F|  |TAMS 0x00000000a6000000, 0x00000000a6000000| Untracked 
|  67|0x00000000a6100000, 0x00000000a6100000, 0x00000000a6200000|  0%| F|  |TAMS 0x00000000a6100000, 0x00000000a6100000| Untracked 
|  68|0x00000000a6200000, 0x00000000a6200000, 0x00000000a6300000|  0%| F|  |TAMS 0x00000000a6200000, 0x00000000a6200000| Untracked 
|  69|0x00000000a6300000, 0x00000000a6300000, 0x00000000a6400000|  0%| F|  |TAMS 0x00000000a6300000, 0x00000000a6300000| Untracked 
|  70|0x00000000a6400000, 0x00000000a6400000, 0x00000000a6500000|  0%| F|  |TAMS 0x00000000a6400000, 0x00000000a6400000| Untracked 
|  71|0x00000000a6500000, 0x00000000a6500000, 0x00000000a6600000|  0%| F|  |TAMS 0x00000000a6500000, 0x00000000a6500000| Untracked 
|  72|0x00000000a6600000, 0x00000000a6600000, 0x00000000a6700000|  0%| F|  |TAMS 0x00000000a6600000, 0x00000000a6600000| Untracked 
|  73|0x00000000a6700000, 0x00000000a6700000, 0x00000000a6800000|  0%| F|  |TAMS 0x00000000a6700000, 0x00000000a6700000| Untracked 
|  74|0x00000000a6800000, 0x00000000a6800000, 0x00000000a6900000|  0%| F|  |TAMS 0x00000000a6800000, 0x00000000a6800000| Untracked 
|  75|0x00000000a6900000, 0x00000000a6900000, 0x00000000a6a00000|  0%| F|  |TAMS 0x00000000a6900000, 0x00000000a6900000| Untracked 
|  76|0x00000000a6a00000, 0x00000000a6a00000, 0x00000000a6b00000|  0%| F|  |TAMS 0x00000000a6a00000, 0x00000000a6a00000| Untracked 
|  77|0x00000000a6b00000, 0x00000000a6b00000, 0x00000000a6c00000|  0%| F|  |TAMS 0x00000000a6b00000, 0x00000000a6b00000| Untracked 
|  78|0x00000000a6c00000, 0x00000000a6c00000, 0x00000000a6d00000|  0%| F|  |TAMS 0x00000000a6c00000, 0x00000000a6c00000| Untracked 
|  79|0x00000000a6d00000, 0x00000000a6d00000, 0x00000000a6e00000|  0%| F|  |TAMS 0x00000000a6d00000, 0x00000000a6d00000| Untracked 
|  80|0x00000000a6e00000, 0x00000000a6e00000, 0x00000000a6f00000|  0%| F|  |TAMS 0x00000000a6e00000, 0x00000000a6e00000| Untracked 
|  81|0x00000000a6f00000, 0x00000000a6f00000, 0x00000000a7000000|  0%| F|  |TAMS 0x00000000a6f00000, 0x00000000a6f00000| Untracked 
|  82|0x00000000a7000000, 0x00000000a7000000, 0x00000000a7100000|  0%| F|  |TAMS 0x00000000a7000000, 0x00000000a7000000| Untracked 
|  83|0x00000000a7100000, 0x00000000a7100000, 0x00000000a7200000|  0%| F|  |TAMS 0x00000000a7100000, 0x00000000a7100000| Untracked 
|  84|0x00000000a7200000, 0x00000000a7200000, 0x00000000a7300000|  0%| F|  |TAMS 0x00000000a7200000, 0x00000000a7200000| Untracked 
|  85|0x00000000a7300000, 0x00000000a7300000, 0x00000000a7400000|  0%| F|  |TAMS 0x00000000a7300000, 0x00000000a7300000| Untracked 
|  86|0x00000000a7400000, 0x00000000a7400000, 0x00000000a7500000|  0%| F|  |TAMS 0x00000000a7400000, 0x00000000a7400000| Untracked 
|  87|0x00000000a7500000, 0x00000000a7500000, 0x00000000a7600000|  0%| F|  |TAMS 0x00000000a7500000, 0x00000000a7500000| Untracked 
|  88|0x00000000a7600000, 0x00000000a7600000, 0x00000000a7700000|  0%| F|  |TAMS 0x00000000a7600000, 0x00000000a7600000| Untracked 
|  89|0x00000000a7700000, 0x00000000a7700000, 0x00000000a7800000|  0%| F|  |TAMS 0x00000000a7700000, 0x00000000a7700000| Untracked 
|  90|0x00000000a7800000, 0x00000000a7800000, 0x00000000a7900000|  0%| F|  |TAMS 0x00000000a7800000, 0x00000000a7800000| Untracked 
|  91|0x00000000a7900000, 0x00000000a7900000, 0x00000000a7a00000|  0%| F|  |TAMS 0x00000000a7900000, 0x00000000a7900000| Untracked 
|  92|0x00000000a7a00000, 0x00000000a7a00000, 0x00000000a7b00000|  0%| F|  |TAMS 0x00000000a7a00000, 0x00000000a7a00000| Untracked 
|  93|0x00000000a7b00000, 0x00000000a7b00000, 0x00000000a7c00000|  0%| F|  |TAMS 0x00000000a7b00000, 0x00000000a7b00000| Untracked 
|  94|0x00000000a7c00000, 0x00000000a7c00000, 0x00000000a7d00000|  0%| F|  |TAMS 0x00000000a7c00000, 0x00000000a7c00000| Untracked 
|  95|0x00000000a7d00000, 0x00000000a7d00000, 0x00000000a7e00000|  0%| F|  |TAMS 0x00000000a7d00000, 0x00000000a7d00000| Untracked 
|  96|0x00000000a7e00000, 0x00000000a7e00000, 0x00000000a7f00000|  0%| F|  |TAMS 0x00000000a7e00000, 0x00000000a7e00000| Untracked 
|  97|0x00000000a7f00000, 0x00000000a7f00000, 0x00000000a8000000|  0%| F|  |TAMS 0x00000000a7f00000, 0x00000000a7f00000| Untracked 
|  98|0x00000000a8000000, 0x00000000a8000000, 0x00000000a8100000|  0%| F|  |TAMS 0x00000000a8000000, 0x00000000a8000000| Untracked 
|  99|0x00000000a8100000, 0x00000000a8100000, 0x00000000a8200000|  0%| F|  |TAMS 0x00000000a8100000, 0x00000000a8100000| Untracked 
| 100|0x00000000a8200000, 0x00000000a8200000, 0x00000000a8300000|  0%| F|  |TAMS 0x00000000a8200000, 0x00000000a8200000| Untracked 
| 101|0x00000000a8300000, 0x00000000a8300000, 0x00000000a8400000|  0%| F|  |TAMS 0x00000000a8300000, 0x00000000a8300000| Untracked 
| 102|0x00000000a8400000, 0x00000000a8400000, 0x00000000a8500000|  0%| F|  |TAMS 0x00000000a8400000, 0x00000000a8400000| Untracked 
| 103|0x00000000a8500000, 0x00000000a8500000, 0x00000000a8600000|  0%| F|  |TAMS 0x00000000a8500000, 0x00000000a8500000| Untracked 
| 104|0x00000000a8600000, 0x00000000a8600000, 0x00000000a8700000|  0%| F|  |TAMS 0x00000000a8600000, 0x00000000a8600000| Untracked 
| 105|0x00000000a8700000, 0x00000000a87bb558, 0x00000000a8800000| 73%| S|CS|TAMS 0x00000000a8700000, 0x00000000a8700000| Complete 
| 106|0x00000000a8800000, 0x00000000a8900000, 0x00000000a8900000|100%| S|CS|TAMS 0x00000000a8800000, 0x00000000a8800000| Complete 
| 107|0x00000000a8900000, 0x00000000a8a00000, 0x00000000a8a00000|100%| S|CS|TAMS 0x00000000a8900000, 0x00000000a8900000| Complete 
| 108|0x00000000a8a00000, 0x00000000a8b00000, 0x00000000a8b00000|100%| S|CS|TAMS 0x00000000a8a00000, 0x00000000a8a00000| Complete 
| 109|0x00000000a8b00000, 0x00000000a8c00000, 0x00000000a8c00000|100%| S|CS|TAMS 0x00000000a8b00000, 0x00000000a8b00000| Complete 
| 110|0x00000000a8c00000, 0x00000000a8c00000, 0x00000000a8d00000|  0%| F|  |TAMS 0x00000000a8c00000, 0x00000000a8c00000| Untracked 
| 111|0x00000000a8d00000, 0x00000000a8d00000, 0x00000000a8e00000|  0%| F|  |TAMS 0x00000000a8d00000, 0x00000000a8d00000| Untracked 
| 112|0x00000000a8e00000, 0x00000000a8e00000, 0x00000000a8f00000|  0%| F|  |TAMS 0x00000000a8e00000, 0x00000000a8e00000| Untracked 
| 113|0x00000000a8f00000, 0x00000000a8f00000, 0x00000000a9000000|  0%| F|  |TAMS 0x00000000a8f00000, 0x00000000a8f00000| Untracked 
| 114|0x00000000a9000000, 0x00000000a9000000, 0x00000000a9100000|  0%| F|  |TAMS 0x00000000a9000000, 0x00000000a9000000| Untracked 
| 115|0x00000000a9100000, 0x00000000a9100000, 0x00000000a9200000|  0%| F|  |TAMS 0x00000000a9100000, 0x00000000a9100000| Untracked 
| 116|0x00000000a9200000, 0x00000000a9200000, 0x00000000a9300000|  0%| F|  |TAMS 0x00000000a9200000, 0x00000000a9200000| Untracked 
| 117|0x00000000a9300000, 0x00000000a9300000, 0x00000000a9400000|  0%| F|  |TAMS 0x00000000a9300000, 0x00000000a9300000| Untracked 
| 118|0x00000000a9400000, 0x00000000a9400000, 0x00000000a9500000|  0%| F|  |TAMS 0x00000000a9400000, 0x00000000a9400000| Untracked 
| 119|0x00000000a9500000, 0x00000000a9500000, 0x00000000a9600000|  0%| F|  |TAMS 0x00000000a9500000, 0x00000000a9500000| Untracked 
| 120|0x00000000a9600000, 0x00000000a9600000, 0x00000000a9700000|  0%| F|  |TAMS 0x00000000a9600000, 0x00000000a9600000| Untracked 
| 121|0x00000000a9700000, 0x00000000a9700000, 0x00000000a9800000|  0%| F|  |TAMS 0x00000000a9700000, 0x00000000a9700000| Untracked 
| 122|0x00000000a9800000, 0x00000000a9800000, 0x00000000a9900000|  0%| F|  |TAMS 0x00000000a9800000, 0x00000000a9800000| Untracked 
| 123|0x00000000a9900000, 0x00000000a9900000, 0x00000000a9a00000|  0%| F|  |TAMS 0x00000000a9900000, 0x00000000a9900000| Untracked 
| 124|0x00000000a9a00000, 0x00000000a9a00000, 0x00000000a9b00000|  0%| F|  |TAMS 0x00000000a9a00000, 0x00000000a9a00000| Untracked 
| 125|0x00000000a9b00000, 0x00000000a9b00000, 0x00000000a9c00000|  0%| F|  |TAMS 0x00000000a9b00000, 0x00000000a9b00000| Untracked 
| 126|0x00000000a9c00000, 0x00000000a9c00000, 0x00000000a9d00000|  0%| F|  |TAMS 0x00000000a9c00000, 0x00000000a9c00000| Untracked 
| 127|0x00000000a9d00000, 0x00000000a9d00000, 0x00000000a9e00000|  0%| F|  |TAMS 0x00000000a9d00000, 0x00000000a9d00000| Untracked 
| 128|0x00000000a9e00000, 0x00000000a9e00000, 0x00000000a9f00000|  0%| F|  |TAMS 0x00000000a9e00000, 0x00000000a9e00000| Untracked 
| 129|0x00000000a9f00000, 0x00000000a9f00000, 0x00000000aa000000|  0%| F|  |TAMS 0x00000000a9f00000, 0x00000000a9f00000| Untracked 
| 130|0x00000000aa000000, 0x00000000aa080000, 0x00000000aa100000| 50%| E|  |TAMS 0x00000000aa000000, 0x00000000aa000000| Complete 

Card table byte_map: [0x000001bc4e2f0000,0x000001bc4e5f0000] _byte_map_base: 0x000001bc4dde1000

Marking Bits (Prev, Next): (CMBitMap*) 0x000001bc352d0670, (CMBitMap*) 0x000001bc352d06b0
 Prev Bits: [0x000001bc4e8f0000, 0x000001bc50078000)
 Next Bits: [0x000001bc50080000, 0x000001bc51808000)

Polling page: 0x000001bc35340000

Metaspace:

Usage:
  Non-class:     50.79 MB used.
      Class:      6.61 MB used.
       Both:     57.40 MB used.

Virtual space:
  Non-class space:       64.00 MB reserved,      50.94 MB ( 80%) committed,  1 nodes.
      Class space:        1.00 GB reserved,       6.75 MB ( <1%) committed,  1 nodes.
             Both:        1.06 GB reserved,      57.69 MB (  5%) committed. 

Chunk freelists:
   Non-Class:  12.89 MB
       Class:  9.25 MB
        Both:  22.14 MB

MaxMetaspaceSize: unlimited
CompressedClassSpaceSize: 1.00 GB
Initial GC threshold: 21.00 MB
Current GC threshold: 91.19 MB
CDS: on
MetaspaceReclaimPolicy: balanced
 - commit_granule_bytes: 65536.
 - commit_granule_words: 8192.
 - virtual_space_node_default_size: 8388608.
 - enlarge_chunks_in_place: 1.
 - new_chunks_are_fully_committed: 0.
 - uncommit_free_chunks: 1.
 - use_allocation_guard: 0.
 - handle_deallocations: 1.


Internal statistics:

num_allocs_failed_limit: 6.
num_arena_births: 354.
num_arena_deaths: 0.
num_vsnodes_births: 2.
num_vsnodes_deaths: 0.
num_space_committed: 921.
num_space_uncommitted: 0.
num_chunks_returned_to_freelist: 6.
num_chunks_taken_from_freelist: 2490.
num_chunk_merges: 6.
num_chunk_splits: 1947.
num_chunks_enlarged: 1676.
num_inconsistent_stats: 0.

CodeHeap 'non-profiled nmethods': size=120000Kb used=3849Kb max_used=3849Kb free=116150Kb
 bounds [0x000001bc46060000, 0x000001bc46430000, 0x000001bc4d590000]
CodeHeap 'profiled nmethods': size=120000Kb used=24065Kb max_used=24065Kb free=95934Kb
 bounds [0x000001bc3e590000, 0x000001bc3fd20000, 0x000001bc45ac0000]
CodeHeap 'non-nmethods': size=5760Kb used=1314Kb max_used=1362Kb free=4445Kb
 bounds [0x000001bc45ac0000, 0x000001bc45d30000, 0x000001bc46060000]
 total_blobs=10222 nmethods=9594 adapters=538
 compilation: enabled
              stopped_count=0, restarted_count=0
 full_count=0

Compilation events (20 events):
Event: 40.461 Thread 0x000001bc54298360 nmethod 11684 0x000001bc3fce7c90 code [0x000001bc3fce7e40, 0x000001bc3fce8028]
Event: 40.461 Thread 0x000001bc54298360 11685       3       org.jetbrains.kotlin.util.EmptyArrayMap::iterator (11 bytes)
Event: 40.461 Thread 0x000001bc54298360 nmethod 11685 0x000001bc3fce8110 code [0x000001bc3fce82c0, 0x000001bc3fce84d8]
Event: 40.470 Thread 0x000001bc54298360 11686       3       org.jetbrains.kotlin.serialization.deserialization.descriptors.DeserializedAnnotations::iterator (10 bytes)
Event: 40.471 Thread 0x000001bc54298360 nmethod 11686 0x000001bc3fce8610 code [0x000001bc3fce88e0, 0x000001bc3fce96b8]
Event: 40.473 Thread 0x000001bc54298360 11687       3       org.jetbrains.kotlin.resolve.calls.inference.model.InitialConstraint::<init> (51 bytes)
Event: 40.475 Thread 0x000001bc54298360 nmethod 11687 0x000001bc3fce9b90 code [0x000001bc3fce9f20, 0x000001bc3fceb4b8]
Event: 40.475 Thread 0x000001bc54298360 11690       3       org.jetbrains.kotlin.resolve.calls.inference.components.ConstraintInjector::processConstraintsIgnoringForksData (303 bytes)
Event: 40.478 Thread 0x000001bc54298360 nmethod 11690 0x000001bc3fcebb90 code [0x000001bc3fcec020, 0x000001bc3fcee728]
Event: 40.478 Thread 0x000001bc54298360 11688       3       org.jetbrains.kotlin.resolve.calls.inference.components.ConstraintInjector$TypeCheckerStateForConstraintInjector::<init> (30 bytes)
Event: 40.478 Thread 0x000001bc54298360 nmethod 11688 0x000001bc3fcef310 code [0x000001bc3fcef5c0, 0x000001bc3fcf0218]
Event: 40.479 Thread 0x000001bc54298360 11694       3       org.jetbrains.kotlin.resolve.lazy.descriptors.AbstractLazyMemberScope::getContributedFunctions (34 bytes)
Event: 40.479 Thread 0x000001bc54298360 nmethod 11694 0x000001bc3fcf0710 code [0x000001bc3fcf09c0, 0x000001bc3fcf1718]
Event: 40.479 Thread 0x000001bc54298360 11689       3       org.jetbrains.kotlin.resolve.calls.inference.components.ConstraintInjector$TypeCheckerStateForConstraintInjector::<init> (102 bytes)
Event: 40.481 Thread 0x000001bc54298360 nmethod 11689 0x000001bc3fcf1b90 code [0x000001bc3fcf1ee0, 0x000001bc3fcf3338]
Event: 40.481 Thread 0x000001bc54298360 11692       3       org.jetbrains.kotlin.resolve.calls.model.ResolvedCallImpl::getCall (14 bytes)
Event: 40.481 Thread 0x000001bc54298360 nmethod 11692 0x000001bc3fcf3a10 code [0x000001bc3fcf3bc0, 0x000001bc3fcf3d48]
Event: 40.481 Thread 0x000001bc54298360 11695       1       org.jetbrains.kotlin.resolve.calls.components.candidate.SimpleErrorResolutionCandidate::getResolutionSequence (5 bytes)
Event: 40.481 Thread 0x000001bc54298360 nmethod 11695 0x000001bc46422090 code [0x000001bc46422220, 0x000001bc464222f8]
Event: 40.509 Thread 0x000001bc54298360 11696       3       org.jetbrains.kotlin.resolve.calls.tower.NewAbstractResolvedCall::getValueArgumentsByIndex (232 bytes)

GC Heap History (20 events):
Event: 17.660 GC heap before
{Heap before GC invocations=10 (full 0):
 garbage-first heap   total 61440K, used 42387K [0x00000000a1e00000, 0x0000000100000000)
  region size 1024K, 16 young (16384K), 2 survivors (2048K)
 Metaspace       used 38825K, committed 38976K, reserved 1114112K
  class space    used 4794K, committed 4864K, reserved 1048576K
}
Event: 17.672 GC heap after
{Heap after GC invocations=11 (full 0):
 garbage-first heap   total 61440K, used 30634K [0x00000000a1e00000, 0x0000000100000000)
  region size 1024K, 2 young (2048K), 2 survivors (2048K)
 Metaspace       used 38825K, committed 38976K, reserved 1114112K
  class space    used 4794K, committed 4864K, reserved 1048576K
}
Event: 18.512 GC heap before
{Heap before GC invocations=12 (full 0):
 garbage-first heap   total 61440K, used 50090K [0x00000000a1e00000, 0x0000000100000000)
  region size 1024K, 19 young (19456K), 2 survivors (2048K)
 Metaspace       used 41845K, committed 42048K, reserved 1114112K
  class space    used 5097K, committed 5184K, reserved 1048576K
}
Event: 18.526 GC heap after
{Heap after GC invocations=13 (full 0):
 garbage-first heap   total 61440K, used 35776K [0x00000000a1e00000, 0x0000000100000000)
  region size 1024K, 3 young (3072K), 3 survivors (3072K)
 Metaspace       used 41845K, committed 42048K, reserved 1114112K
  class space    used 5097K, committed 5184K, reserved 1048576K
}
Event: 18.738 GC heap before
{Heap before GC invocations=13 (full 0):
 garbage-first heap   total 61440K, used 39872K [0x00000000a1e00000, 0x0000000100000000)
  region size 1024K, 8 young (8192K), 3 survivors (3072K)
 Metaspace       used 42789K, committed 43072K, reserved 1114112K
  class space    used 5203K, committed 5312K, reserved 1048576K
}
Event: 18.750 GC heap after
{Heap after GC invocations=14 (full 0):
 garbage-first heap   total 110592K, used 36558K [0x00000000a1e00000, 0x0000000100000000)
  region size 1024K, 1 young (1024K), 1 survivors (1024K)
 Metaspace       used 42789K, committed 43072K, reserved 1114112K
  class space    used 5203K, committed 5312K, reserved 1048576K
}
Event: 20.875 GC heap before
{Heap before GC invocations=14 (full 0):
 garbage-first heap   total 110592K, used 84686K [0x00000000a1e00000, 0x0000000100000000)
  region size 1024K, 47 young (48128K), 1 survivors (1024K)
 Metaspace       used 47962K, committed 48256K, reserved 1114112K
  class space    used 5816K, committed 5952K, reserved 1048576K
}
Event: 20.892 GC heap after
{Heap after GC invocations=15 (full 0):
 garbage-first heap   total 110592K, used 40931K [0x00000000a1e00000, 0x0000000100000000)
  region size 1024K, 5 young (5120K), 5 survivors (5120K)
 Metaspace       used 47962K, committed 48256K, reserved 1114112K
  class space    used 5816K, committed 5952K, reserved 1048576K
}
Event: 24.712 GC heap before
{Heap before GC invocations=15 (full 0):
 garbage-first heap   total 110592K, used 85987K [0x00000000a1e00000, 0x0000000100000000)
  region size 1024K, 49 young (50176K), 5 survivors (5120K)
 Metaspace       used 52803K, committed 53120K, reserved 1114112K
  class space    used 6359K, committed 6528K, reserved 1048576K
}
Event: 24.754 GC heap after
{Heap after GC invocations=16 (full 0):
 garbage-first heap   total 110592K, used 48128K [0x00000000a1e00000, 0x0000000100000000)
  region size 1024K, 7 young (7168K), 7 survivors (7168K)
 Metaspace       used 52803K, committed 53120K, reserved 1114112K
  class space    used 6359K, committed 6528K, reserved 1048576K
}
Event: 27.296 GC heap before
{Heap before GC invocations=16 (full 0):
 garbage-first heap   total 110592K, used 84992K [0x00000000a1e00000, 0x0000000100000000)
  region size 1024K, 43 young (44032K), 7 survivors (7168K)
 Metaspace       used 54044K, committed 54336K, reserved 1114112K
  class space    used 6435K, committed 6592K, reserved 1048576K
}
Event: 27.340 GC heap after
{Heap after GC invocations=17 (full 0):
 garbage-first heap   total 110592K, used 55017K [0x00000000a1e00000, 0x0000000100000000)
  region size 1024K, 6 young (6144K), 6 survivors (6144K)
 Metaspace       used 54044K, committed 54336K, reserved 1114112K
  class space    used 6435K, committed 6592K, reserved 1048576K
}
Event: 29.563 GC heap before
{Heap before GC invocations=17 (full 0):
 garbage-first heap   total 110592K, used 85737K [0x00000000a1e00000, 0x0000000100000000)
  region size 1024K, 36 young (36864K), 6 survivors (6144K)
 Metaspace       used 54864K, committed 55232K, reserved 1114112K
  class space    used 6512K, committed 6720K, reserved 1048576K
}
Event: 29.596 GC heap after
{Heap after GC invocations=18 (full 0):
 garbage-first heap   total 110592K, used 60928K [0x00000000a1e00000, 0x0000000100000000)
  region size 1024K, 5 young (5120K), 5 survivors (5120K)
 Metaspace       used 54864K, committed 55232K, reserved 1114112K
  class space    used 6512K, committed 6720K, reserved 1048576K
}
Event: 31.199 GC heap before
{Heap before GC invocations=18 (full 0):
 garbage-first heap   total 110592K, used 87552K [0x00000000a1e00000, 0x0000000100000000)
  region size 1024K, 31 young (31744K), 5 survivors (5120K)
 Metaspace       used 55630K, committed 56000K, reserved 1114112K
  class space    used 6549K, committed 6720K, reserved 1048576K
}
Event: 31.221 GC heap after
{Heap after GC invocations=19 (full 0):
 garbage-first heap   total 110592K, used 63453K [0x00000000a1e00000, 0x0000000100000000)
  region size 1024K, 3 young (3072K), 3 survivors (3072K)
 Metaspace       used 55630K, committed 56000K, reserved 1114112K
  class space    used 6549K, committed 6720K, reserved 1048576K
}
Event: 36.275 GC heap before
{Heap before GC invocations=20 (full 0):
 garbage-first heap   total 111616K, used 87005K [0x00000000a1e00000, 0x0000000100000000)
  region size 1024K, 27 young (27648K), 3 survivors (3072K)
 Metaspace       used 57763K, committed 58112K, reserved 1114112K
  class space    used 6737K, committed 6912K, reserved 1048576K
}
Event: 36.312 GC heap after
{Heap after GC invocations=21 (full 0):
 garbage-first heap   total 134144K, used 65736K [0x00000000a1e00000, 0x0000000100000000)
  region size 1024K, 3 young (3072K), 3 survivors (3072K)
 Metaspace       used 57763K, committed 58112K, reserved 1114112K
  class space    used 6737K, committed 6912K, reserved 1048576K
}
Event: 40.510 GC heap before
{Heap before GC invocations=21 (full 0):
 garbage-first heap   total 134144K, used 86216K [0x00000000a1e00000, 0x0000000100000000)
  region size 1024K, 24 young (24576K), 3 survivors (3072K)
 Metaspace       used 58768K, committed 59072K, reserved 1114112K
  class space    used 6766K, committed 6912K, reserved 1048576K
}
Event: 40.524 GC heap after
{Heap after GC invocations=22 (full 0):
 garbage-first heap   total 134144K, used 68260K [0x00000000a1e00000, 0x0000000100000000)
  region size 1024K, 5 young (5120K), 5 survivors (5120K)
 Metaspace       used 58768K, committed 59072K, reserved 1114112K
  class space    used 6766K, committed 6912K, reserved 1048576K
}

Dll operation events (7 events):
Event: 0.011 Loaded shared library C:\Users\Blaziod\jdk-17\bin\java.dll
Event: 0.053 Loaded shared library C:\Users\Blaziod\jdk-17\bin\jsvml.dll
Event: 0.172 Loaded shared library C:\Users\Blaziod\jdk-17\bin\net.dll
Event: 0.175 Loaded shared library C:\Users\Blaziod\jdk-17\bin\nio.dll
Event: 0.238 Loaded shared library C:\Users\Blaziod\jdk-17\bin\zip.dll
Event: 0.285 Loaded shared library C:\Users\Blaziod\jdk-17\bin\jimage.dll
Event: 6.210 Loaded shared library C:\Users\Blaziod\jdk-17\bin\verify.dll

Deoptimization events (20 events):
Event: 37.797 Thread 0x000001bc35283990 DEOPT PACKING pc=0x000001bc3e9ed247 sp=0x00000001270fa220
Event: 37.797 Thread 0x000001bc35283990 DEOPT UNPACKING pc=0x000001bc45b17143 sp=0x00000001270f96e8 mode 0
Event: 37.896 Thread 0x000001bc35283990 DEOPT PACKING pc=0x000001bc3f6bb4e2 sp=0x00000001270f5b10
Event: 37.896 Thread 0x000001bc35283990 DEOPT UNPACKING pc=0x000001bc45b17143 sp=0x00000001270f5030 mode 0
Event: 38.603 Thread 0x000001bc35283990 Uncommon trap: trap_request=0xffffff45 fr.pc=0x000001bc463575b4 relative=0x0000000000002ef4
Event: 38.603 Thread 0x000001bc35283990 Uncommon trap: reason=unstable_if action=reinterpret pc=0x000001bc463575b4 method=org.jetbrains.kotlin.types.TypeUtils.contains(Lorg/jetbrains/kotlin/types/KotlinType;Lkotlin/jvm/functions/Function1;Lorg/jetbrains/kotlin/utils/SmartSet;)Z @ 119 c2
Event: 38.603 Thread 0x000001bc35283990 DEOPT PACKING pc=0x000001bc463575b4 sp=0x00000001270fc5e0
Event: 38.603 Thread 0x000001bc35283990 DEOPT UNPACKING pc=0x000001bc45b169a3 sp=0x00000001270fc5a8 mode 2
Event: 38.613 Thread 0x000001bc35283990 Uncommon trap: trap_request=0xffffff45 fr.pc=0x000001bc4607c7cc relative=0x000000000000012c
Event: 38.613 Thread 0x000001bc35283990 Uncommon trap: reason=unstable_if action=reinterpret pc=0x000001bc4607c7cc method=java.lang.AbstractStringBuilder.putStringAt(ILjava/lang/String;II)V @ 8 c2
Event: 38.613 Thread 0x000001bc35283990 DEOPT PACKING pc=0x000001bc4607c7cc sp=0x00000001270fd170
Event: 38.613 Thread 0x000001bc35283990 DEOPT UNPACKING pc=0x000001bc45b169a3 sp=0x00000001270fd0a0 mode 2
Event: 38.613 Thread 0x000001bc35283990 Uncommon trap: trap_request=0xffffff45 fr.pc=0x000001bc4609beec relative=0x00000000000003cc
Event: 38.613 Thread 0x000001bc35283990 Uncommon trap: reason=unstable_if action=reinterpret pc=0x000001bc4609beec method=java.lang.AbstractStringBuilder.isLatin1()Z @ 10 c2
Event: 38.613 Thread 0x000001bc35283990 DEOPT PACKING pc=0x000001bc4609beec sp=0x00000001270fd230
Event: 38.613 Thread 0x000001bc35283990 DEOPT UNPACKING pc=0x000001bc45b169a3 sp=0x00000001270fd1b0 mode 2
Event: 38.667 Thread 0x000001bc35283990 Uncommon trap: trap_request=0xfffffff4 fr.pc=0x000001bc46406b80 relative=0x00000000000000e0
Event: 38.667 Thread 0x000001bc35283990 Uncommon trap: reason=null_check action=make_not_entrant pc=0x000001bc46406b80 method=org.jetbrains.kotlin.psi.KtPsiUtil.deparenthesizeOnce(Lorg/jetbrains/kotlin/psi/KtExpression;Z)Lorg/jetbrains/kotlin/psi/KtExpression; @ 1 c2
Event: 38.667 Thread 0x000001bc35283990 DEOPT PACKING pc=0x000001bc46406b80 sp=0x00000001270fbf40
Event: 38.667 Thread 0x000001bc35283990 DEOPT UNPACKING pc=0x000001bc45b169a3 sp=0x00000001270fbed0 mode 2

Classes unloaded (0 events):
No events

Classes redefined (0 events):
No events

Internal exceptions (20 events):
Event: 21.102 Thread 0x000001bc35283990 Exception <a 'java/lang/NoSuchMethodError'{0x00000000a87ad330}: 'java.lang.Object java.lang.invoke.DirectMethodHandle$Holder.invokeStatic(java.lang.Object, java.lang.Object, java.lang.Object, java.lang.Object, int)'> (0x00000000a87ad330) 
thrown [s\src\hotspot\share\interpreter\linkResolver.cpp, line 759]
Event: 21.103 Thread 0x000001bc35283990 Exception <a 'java/lang/NoSuchMethodError'{0x00000000a87b6ac8}: 'java.lang.Object java.lang.invoke.DirectMethodHandle$Holder.newInvokeSpecial(java.lang.Object, java.lang.Object, java.lang.Object, java.lang.Object, int)'> (0x00000000a87b6ac8) 
thrown [s\src\hotspot\share\interpreter\linkResolver.cpp, line 759]
Event: 21.104 Thread 0x000001bc35283990 Exception <a 'java/lang/NoSuchMethodError'{0x00000000a87bb0a8}: 'java.lang.Object java.lang.invoke.DirectMethodHandle$Holder.invokeSpecial(java.lang.Object, java.lang.Object, java.lang.Object, java.lang.Object, java.lang.Object, int)'> (0x00000000a87bb0a8) 
thrown [s\src\hotspot\share\interpreter\linkResolver.cpp, line 759]
Event: 21.105 Thread 0x000001bc35283990 Exception <a 'java/lang/NoSuchMethodError'{0x00000000a87bf038}: 'java.lang.Object java.lang.invoke.Invokers$Holder.linkToTargetMethod(java.lang.Object, java.lang.Object, java.lang.Object, int, java.lang.Object)'> (0x00000000a87bf038) 
thrown [s\src\hotspot\share\interpreter\linkResolver.cpp, line 759]
Event: 21.161 Thread 0x000001bc35283990 Exception <a 'java/lang/NoSuchMethodError'{0x00000000a8504710}: 'void java.lang.invoke.DirectMethodHandle$Holder.invokeInterface(java.lang.Object, java.lang.Object)'> (0x00000000a8504710) 
thrown [s\src\hotspot\share\interpreter\linkResolver.cpp, line 759]
Event: 21.747 Thread 0x000001bc35283990 Exception <a 'java/lang/NoSuchMethodError'{0x00000000a7734ac8}: 'java.lang.Object java.lang.invoke.DirectMethodHandle$Holder.invokeStaticInit(java.lang.Object, java.lang.Object, java.lang.Object)'> (0x00000000a7734ac8) 
thrown [s\src\hotspot\share\interpreter\linkResolver.cpp, line 759]
Event: 22.484 Thread 0x000001bc35283990 Exception <a 'java/lang/IncompatibleClassChangeError'{0x00000000a71e8640}: Found class java.lang.Object, but interface was expected> (0x00000000a71e8640) 
thrown [s\src\hotspot\share\interpreter\linkResolver.cpp, line 826]
Event: 24.075 Thread 0x000001bc35283990 Exception <a 'java/lang/NoSuchMethodError'{0x00000000a66fa770}: 'java.lang.Object java.lang.invoke.DirectMethodHandle$Holder.invokeSpecial(java.lang.Object, java.lang.Object, int, java.lang.Object, java.lang.Object)'> (0x00000000a66fa770) 
thrown [s\src\hotspot\share\interpreter\linkResolver.cpp, line 759]
Event: 24.158 Thread 0x000001bc35283990 Exception <a 'java/lang/NoSuchMethodError'{0x00000000a6420df0}: 'int java.lang.invoke.DirectMethodHandle$Holder.invokeStaticInit(java.lang.Object, int)'> (0x00000000a6420df0) 
thrown [s\src\hotspot\share\interpreter\linkResolver.cpp, line 759]
Event: 24.706 Thread 0x000001bc35283990 Exception <a 'java/lang/NoSuchMethodError'{0x00000000a5ef1048}: 'java.lang.Object java.lang.invoke.DirectMethodHandle$Holder.invokeStatic(java.lang.Object, int, java.lang.Object)'> (0x00000000a5ef1048) 
thrown [s\src\hotspot\share\interpreter\linkResolver.cpp, line 759]
Event: 25.087 Thread 0x000001bc35283990 Exception <a 'java/lang/NoSuchMethodError'{0x00000000a861a848}: 'int java.lang.invoke.DirectMethodHandle$Holder.invokeInterface(java.lang.Object, java.lang.Object)'> (0x00000000a861a848) 
thrown [s\src\hotspot\share\interpreter\linkResolver.cpp, line 759]
Event: 25.637 Thread 0x000001bc35283990 Exception <a 'java/lang/NoSuchMethodError'{0x00000000a82d0a00}: 'java.lang.Object java.lang.invoke.DirectMethodHandle$Holder.invokeStatic(java.lang.Object, int, java.lang.Object, java.lang.Object)'> (0x00000000a82d0a00) 
thrown [s\src\hotspot\share\interpreter\linkResolver.cpp, line 759]
Event: 25.638 Thread 0x000001bc35283990 Exception <a 'java/lang/NoSuchMethodError'{0x00000000a82d8be8}: 'java.lang.Object java.lang.invoke.DirectMethodHandle$Holder.newInvokeSpecial(java.lang.Object, int, java.lang.Object)'> (0x00000000a82d8be8) 
thrown [s\src\hotspot\share\interpreter\linkResolver.cpp, line 759]
Event: 29.499 Thread 0x000001bc35283990 Exception <a 'java/lang/NoSuchMethodError'{0x00000000a6def2c0}: 'java.lang.Object java.lang.invoke.DirectMethodHandle$Holder.invokeInterface(java.lang.Object, java.lang.Object, java.lang.Object)'> (0x00000000a6def2c0) 
thrown [s\src\hotspot\share\interpreter\linkResolver.cpp, line 759]
Event: 29.500 Thread 0x000001bc35283990 Exception <a 'java/lang/IncompatibleClassChangeError'{0x00000000a6df2c30}: Found class java.lang.Object, but interface was expected> (0x00000000a6df2c30) 
thrown [s\src\hotspot\share\interpreter\linkResolver.cpp, line 826]
Event: 29.748 Thread 0x000001bc35283990 Exception <a 'java/lang/NoSuchMethodError'{0x00000000a80d67f8}: 'java.lang.Object java.lang.invoke.DirectMethodHandle$Holder.newInvokeSpecial(java.lang.Object, java.lang.Object, java.lang.Object, java.lang.Object, java.lang.Object, java.lang.Object, java.lang.Object)'> (0x00000000a80d67f8) 
thrown [s\src\hotspot\share\interpreter\linkResolver.cpp, line 759]
Event: 29.749 Thread 0x000001bc35283990 Exception <a 'java/lang/NoSuchMethodError'{0x00000000a80db3b0}: 'java.lang.Object java.lang.invoke.Invokers$Holder.linkToTargetMethod(java.lang.Object, java.lang.Object, java.lang.Object, java.lang.Object, java.lang.Object, java.lang.Object, java.lang.Object)'> (0x00000000a80db3b0) 
thrown [s\src\hotspot\share\interpreter\linkResolver.cpp, line 759]
Event: 32.542 Thread 0x000001bc35283990 Implicit null exception at 0x000001bc4607ba72 to 0x000001bc4607c040
Event: 33.104 Thread 0x000001bc35283990 Implicit null exception at 0x000001bc4607d472 to 0x000001bc4607da50
Event: 38.667 Thread 0x000001bc35283990 Implicit null exception at 0x000001bc46406aac to 0x000001bc46406b70

VM Operations (20 events):
Event: 36.358 Executing VM operation: G1CollectForAllocation done
Event: 36.494 Executing VM operation: HandshakeAllThreads
Event: 36.494 Executing VM operation: HandshakeAllThreads done
Event: 36.823 Executing VM operation: ICBufferFull
Event: 36.823 Executing VM operation: ICBufferFull done
Event: 37.252 Executing VM operation: ICBufferFull
Event: 37.252 Executing VM operation: ICBufferFull done
Event: 37.711 Executing VM operation: ICBufferFull
Event: 37.712 Executing VM operation: ICBufferFull done
Event: 37.945 Executing VM operation: ICBufferFull
Event: 37.946 Executing VM operation: ICBufferFull done
Event: 38.589 Executing VM operation: ICBufferFull
Event: 38.590 Executing VM operation: ICBufferFull done
Event: 38.672 Executing VM operation: HandshakeAllThreads
Event: 38.678 Executing VM operation: HandshakeAllThreads done
Event: 38.700 Executing VM operation: ICBufferFull
Event: 38.789 Executing VM operation: ICBufferFull done
Event: 39.804 Executing VM operation: Cleanup
Event: 40.304 Executing VM operation: Cleanup done
Event: 40.510 Executing VM operation: G1TryInitiateConcMark

Events (20 events):
Event: 34.363 Thread 0x000001bc5429ad70 flushing nmethod 0x000001bc3f746110
Event: 34.363 Thread 0x000001bc5429ad70 flushing nmethod 0x000001bc3f746f10
Event: 34.363 Thread 0x000001bc5429ad70 flushing nmethod 0x000001bc3f761010
Event: 34.363 Thread 0x000001bc5429ad70 flushing nmethod 0x000001bc3f793710
Event: 34.363 Thread 0x000001bc5429ad70 flushing nmethod 0x000001bc3f7b0110
Event: 34.363 Thread 0x000001bc5429ad70 flushing nmethod 0x000001bc3f7cbd10
Event: 34.364 Thread 0x000001bc5429ad70 flushing nmethod 0x000001bc3f843e90
Event: 34.364 Thread 0x000001bc5429ad70 flushing nmethod 0x000001bc3f84bc90
Event: 34.364 Thread 0x000001bc5429ad70 flushing nmethod 0x000001bc3f87ad10
Event: 34.364 Thread 0x000001bc5429ad70 flushing nmethod 0x000001bc3f87bc10
Event: 34.364 Thread 0x000001bc5429ad70 flushing nmethod 0x000001bc3f87e410
Event: 34.364 Thread 0x000001bc5429ad70 flushing nmethod 0x000001bc3f895710
Event: 34.365 Thread 0x000001bc5429ad70 flushing nmethod 0x000001bc3f940710
Event: 34.365 Thread 0x000001bc5429ad70 flushing nmethod 0x000001bc3f9f8210
Event: 36.589 loading class jdk/internal/math/FloatingDecimal$ASCIIToBinaryBuffer
Event: 36.589 loading class jdk/internal/math/FloatingDecimal$ASCIIToBinaryBuffer done
Event: 38.680 Thread 0x000001bc5429ad70 flushing nmethod 0x000001bc4637dd90
Event: 38.683 Thread 0x000001bc5429ad70 flushing nmethod 0x000001bc3e803210
Event: 40.338 loading class java/util/concurrent/locks/AbstractQueuedSynchronizer$Node
Event: 40.340 loading class java/util/concurrent/locks/AbstractQueuedSynchronizer$Node done


Dynamic libraries:
0x00007ff71bf20000 - 0x00007ff71bf2e000 	C:\Users\Blaziod\jdk-17\bin\java.exe
0x00007ffe59330000 - 0x00007ffe59528000 	C:\WINDOWS\SYSTEM32\ntdll.dll
0x00007ffe57370000 - 0x00007ffe5742d000 	C:\WINDOWS\System32\KERNEL32.DLL
0x00007ffe56e20000 - 0x00007ffe57116000 	C:\WINDOWS\System32\KERNELBASE.dll
0x00007ffe571d0000 - 0x00007ffe572d0000 	C:\WINDOWS\System32\ucrtbase.dll
0x00007ffe51740000 - 0x00007ffe51757000 	C:\Users\Blaziod\jdk-17\bin\jli.dll
0x00007ffe58320000 - 0x00007ffe584be000 	C:\WINDOWS\System32\USER32.dll
0x00007ffe572d0000 - 0x00007ffe572f2000 	C:\WINDOWS\System32\win32u.dll
0x00007ffe580e0000 - 0x00007ffe5810b000 	C:\WINDOWS\System32\GDI32.dll
0x00007ffe56a20000 - 0x00007ffe56b37000 	C:\WINDOWS\System32\gdi32full.dll
0x00007ffe56c20000 - 0x00007ffe56cbd000 	C:\WINDOWS\System32\msvcp_win.dll
0x00007ffe51680000 - 0x00007ffe5169b000 	C:\Users\Blaziod\jdk-17\bin\VCRUNTIME140.dll
0x00007ffe55d60000 - 0x00007ffe55ffa000 	C:\WINDOWS\WinSxS\amd64_microsoft.windows.common-controls_6595b64144ccf1df_6.0.19041.3636_none_60b6a03d71f818d5\COMCTL32.dll
0x00007ffe59250000 - 0x00007ffe592ee000 	C:\WINDOWS\System32\msvcrt.dll
0x00007ffe580a0000 - 0x00007ffe580d2000 	C:\WINDOWS\System32\IMM32.DLL
0x00007ffe51730000 - 0x00007ffe5173c000 	C:\Users\Blaziod\jdk-17\bin\vcruntime140_1.dll
0x00007ffe11a10000 - 0x00007ffe11a9d000 	C:\Users\Blaziod\jdk-17\bin\msvcp140.dll
0x00007ffe10240000 - 0x00007ffe10ea2000 	C:\Users\Blaziod\jdk-17\bin\server\jvm.dll
0x00007ffe58260000 - 0x00007ffe58313000 	C:\WINDOWS\System32\ADVAPI32.dll
0x00007ffe57ce0000 - 0x00007ffe57d7f000 	C:\WINDOWS\System32\sechost.dll
0x00007ffe57ea0000 - 0x00007ffe57fc6000 	C:\WINDOWS\System32\RPCRT4.dll
0x00007ffe569f0000 - 0x00007ffe56a17000 	C:\WINDOWS\System32\bcrypt.dll
0x00007ffe4b4a0000 - 0x00007ffe4b4a9000 	C:\WINDOWS\SYSTEM32\WSOCK32.dll
0x00007ffe56850000 - 0x00007ffe5689b000 	C:\WINDOWS\SYSTEM32\POWRPROF.dll
0x00007ffe4bb80000 - 0x00007ffe4bba7000 	C:\WINDOWS\SYSTEM32\WINMM.dll
0x00007ffe59110000 - 0x00007ffe5917b000 	C:\WINDOWS\System32\WS2_32.dll
0x00007ffe4bbb0000 - 0x00007ffe4bbba000 	C:\WINDOWS\SYSTEM32\VERSION.dll
0x00007ffe56830000 - 0x00007ffe56842000 	C:\WINDOWS\SYSTEM32\UMPDC.dll
0x00007ffe53aa0000 - 0x00007ffe53ab2000 	C:\WINDOWS\SYSTEM32\kernel.appcore.dll
0x00007ffe4b6f0000 - 0x00007ffe4b6fa000 	C:\Users\Blaziod\jdk-17\bin\jimage.dll
0x00007ffe56360000 - 0x00007ffe56544000 	C:\WINDOWS\SYSTEM32\DBGHELP.DLL
0x00007ffe56170000 - 0x00007ffe561a4000 	C:\WINDOWS\SYSTEM32\dbgcore.DLL
0x00007ffe56b90000 - 0x00007ffe56c12000 	C:\WINDOWS\System32\bcryptPrimitives.dll
0x00007ffe3bf00000 - 0x00007ffe3bf25000 	C:\Users\Blaziod\jdk-17\bin\java.dll
0x00007ffe114e0000 - 0x00007ffe115b7000 	C:\Users\Blaziod\jdk-17\bin\jsvml.dll
0x00007ffe584c0000 - 0x00007ffe58c05000 	C:\WINDOWS\System32\SHELL32.dll
0x00007ffe53da0000 - 0x00007ffe5453c000 	C:\WINDOWS\SYSTEM32\windows.storage.dll
0x00007ffe58db0000 - 0x00007ffe59104000 	C:\WINDOWS\System32\combase.dll
0x00007ffe55cc0000 - 0x00007ffe55cee000 	C:\WINDOWS\SYSTEM32\Wldp.dll
0x00007ffe57fd0000 - 0x00007ffe5809d000 	C:\WINDOWS\System32\OLEAUT32.dll
0x00007ffe591a0000 - 0x00007ffe5924d000 	C:\WINDOWS\System32\SHCORE.dll
0x00007ffe58200000 - 0x00007ffe58255000 	C:\WINDOWS\System32\shlwapi.dll
0x00007ffe56920000 - 0x00007ffe56945000 	C:\WINDOWS\SYSTEM32\profapi.dll
0x00007ffe49b50000 - 0x00007ffe49b69000 	C:\Users\Blaziod\jdk-17\bin\net.dll
0x00007ffe4be50000 - 0x00007ffe4bf5a000 	C:\WINDOWS\SYSTEM32\WINHTTP.dll
0x00007ffe559a0000 - 0x00007ffe55a0a000 	C:\WINDOWS\system32\mswsock.dll
0x00007ffe3bee0000 - 0x00007ffe3bef6000 	C:\Users\Blaziod\jdk-17\bin\nio.dll
0x00007ffe37b10000 - 0x00007ffe37b28000 	C:\Users\Blaziod\jdk-17\bin\zip.dll
0x00007ffe3d130000 - 0x00007ffe3d140000 	C:\Users\Blaziod\jdk-17\bin\verify.dll

dbghelp: loaded successfully - version: 4.0.5 - missing functions: none
symbol engine: initialized successfully - sym options: 0x614 - pdb path: .;C:\Users\Blaziod\jdk-17\bin;C:\WINDOWS\SYSTEM32;C:\WINDOWS\WinSxS\amd64_microsoft.windows.common-controls_6595b64144ccf1df_6.0.19041.3636_none_60b6a03d71f818d5;C:\Users\Blaziod\jdk-17\bin\server

VM Arguments:
java_command: org.jetbrains.kotlin.cli.jvm.K2JVMCompiler @C:\Users\Blaziod\Desktop\Trend3\node_modules\react-native-gesture-handler\android\build\20240417_17129451063653514786.compiler.options
java_class_path (initial): C:\Users\Blaziod\.gradle\caches\modules-2\files-2.1\org.jetbrains.kotlin\kotlin-compiler-embeddable\1.8.0\eb9118d4bcceaa2a94b2ae2a33a4ddba7c9a947f\kotlin-compiler-embeddable-1.8.0.jar;C:\Users\Blaziod\.gradle\caches\modules-2\files-2.1\org.jetbrains.kotlin\kotlin-stdlib\1.8.0\1796921c7a3e2e2665a83e6c8d33399336cd39bc\kotlin-stdlib-1.8.0.jar;C:\Users\Blaziod\.gradle\caches\modules-2\files-2.1\org.jetbrains.kotlin\kotlin-script-runtime\1.8.0\b2f7e760d283cb339974851c222a4c1d48f2d3d\kotlin-script-runtime-1.8.0.jar;C:\Users\Blaziod\.gradle\caches\modules-2\files-2.1\org.jetbrains.kotlin\kotlin-reflect\1.6.10\1cbe9c92c12a94eea200d23c2bbaedaf3daf5132\kotlin-reflect-1.6.10.jar;C:\Users\Blaziod\.gradle\caches\modules-2\files-2.1\org.jetbrains.kotlin\kotlin-daemon-embeddable\1.8.0\d255216c551685dc3a7e852b53617f5f01aaaa5c\kotlin-daemon-embeddable-1.8.0.jar;C:\Users\Blaziod\.gradle\caches\modules-2\files-2.1\org.jetbrains.intellij.deps\trove4j\1.0.20200330\3afb14d5f9ceb459d724e907a21145e8ff394f02\trove4j-1.0.20200330.jar;C:\Users\Blaziod\.gradle\caches\modules-2\files-2.1\net.java.dev.jna\jna\5.6.0\330f2244e9030119ab3030fc3fededc86713d9cc\jna-5.6.0.jar;C:\Users\Blaziod\.gradle\caches\modules-2\files-2.1\org.jetbrains.kotlin\kotlin-stdlib-common\1.8.0\f7197e7cc76453ac59f8b0f8d5137cc600becd36\kotlin-stdlib-common-1.8.0.jar;C:\Users\Blaziod\.gradle\caches\modules-2\files-2.1\org.jetbrains\annotations\13.0\919f0dfe192fb4e063e7dacadee7f8bb9a2672a9\annotations-13.0.jar
Launcher Type: SUN_STANDARD

[Global flags]
     intx CICompilerCount                          = 4                                         {product} {ergonomic}
     uint ConcGCThreads                            = 2                                         {product} {ergonomic}
     uint G1ConcRefinementThreads                  = 8                                         {product} {ergonomic}
   size_t G1HeapRegionSize                         = 1048576                                   {product} {ergonomic}
    uintx GCDrainStackTargetSize                   = 64                                        {product} {ergonomic}
   size_t InitialHeapSize                          = 100663296                                 {product} {ergonomic}
   size_t MarkStackSize                            = 4194304                                   {product} {ergonomic}
   size_t MaxHeapSize                              = 1579155456                                {product} {ergonomic}
   size_t MaxNewSize                               = 946864128                                 {product} {ergonomic}
   size_t MinHeapDeltaBytes                        = 1048576                                   {product} {ergonomic}
   size_t MinHeapSize                              = 8388608                                   {product} {ergonomic}
    uintx NonNMethodCodeHeapSize                   = 5839372                                {pd product} {ergonomic}
    uintx NonProfiledCodeHeapSize                  = 122909434                              {pd product} {ergonomic}
    uintx ProfiledCodeHeapSize                     = 122909434                              {pd product} {ergonomic}
    uintx ReservedCodeCacheSize                    = 251658240                              {pd product} {ergonomic}
     bool SegmentedCodeCache                       = true                                      {product} {ergonomic}
   size_t SoftMaxHeapSize                          = 1579155456                             {manageable} {ergonomic}
     bool UseCompressedClassPointers               = true                           {product lp64_product} {ergonomic}
     bool UseCompressedOops                        = true                           {product lp64_product} {ergonomic}
     bool UseG1GC                                  = true                                      {product} {ergonomic}
     bool UseLargePagesIndividualAllocation        = false                                  {pd product} {ergonomic}

Logging:
Log output configuration:
 #0: stdout all=warning uptime,level,tags
 #1: stderr all=off uptime,level,tags

Environment Variables:
JAVA_HOME=C:\Users\Blaziod/jdk-17
CLASSPATH=C:\Users\Blaziod\Desktop\Trend3\android\\gradle\wrapper\gradle-wrapper.jar
PATH=C:\Users\Blaziod\AppData\Local\Temp\yarn--1713349070662-0.0208626323043144;C:\Users\Blaziod\Desktop\Trend3\node_modules\.bin;C:\Users\Blaziod\AppData\Local\Yarn\Data\link\node_modules\.bin;C:\Users\Blaziod\AppData\Local\Yarn\bin;C:\Program Files\libexec\lib\node_modules\npm\bin\node-gyp-bin;C:\Program Files\lib\node_modules\npm\bin\node-gyp-bin;C:\Program Files\nodejs\node_modules\npm\bin\node-gyp-bin;C:\Users\Blaziod\AppData\Local\cloud-code\installer\google-cloud-sdk\bin;C:\Program Files\Common Files\Oracle\Java\javapath;C:\WINDOWS\system32;C:\WINDOWS;C:\WINDOWS\System32\Wbem;C:\WINDOWS\System32\WindowsPowerShell\v1.0\;C:\WINDOWS\System32\OpenSSH\;C:\Program Files\nodejs\;C:\Program Files\Git\cmd;C:\Program Files (x86)\Windows Kits\10\Windows Performance Toolkit\;C:\Users\Blaziod\AppData\Local\Android\Sdk\platform-tools;C:\php;C:\Users\Blaziod\jdk-17\bin;C:\Users\Blaziod\AppData\Local\Android\Sdk\tools;C:\Program Files\Java\jdk-17\;C:\Users\Blaziod\AppData\Local\Programs\Python\Python36-32\Scripts\;C:\Users\Blaziod\AppData\Local\Programs\Python\Python36-32\;C:\Users\Blaziod\AppData\Local\Programs\Python\Python312\Scripts\;C:\Users\Blaziod\AppData\Local\Programs\Python\Python312\;C:\Users\Blaziod\AppData\Local\Programs\Python\Launcher\;C:\Users\Blaziod\AppData\Local\Microsoft\WindowsApps;C:\Users\Blaziod\AppData\Local\Programs\Microsoft VS Code\bin;C:\Users\Blaziod\AppData\Roaming\npm;C:\Users\Blaziod\AppData\Local\Android\Sdk\platform-tools;
USERNAME=Blaziod
LANG=en_US.UTF-8
OS=Windows_NT
PROCESSOR_IDENTIFIER=AMD64 Family 23 Model 24 Stepping 1, AuthenticAMD
TMP=C:\Users\Blaziod\AppData\Local\Temp
TEMP=C:\Users\Blaziod\AppData\Local\Temp



Periodic native trim disabled


---------------  S Y S T E M  ---------------

OS:
 Windows 10 , 64 bit Build 19041 (10.0.19041.3636)
OS uptime: 5 days 0:19 hours

CPU: total 8 (initial active 8) (8 cores per cpu, 2 threads per core) family 23 model 24 stepping 1 microcode 0x0, cx8, cmov, fxsr, ht, mmx, 3dnowpref, sse, sse2, sse3, ssse3, sse4a, sse4.1, sse4.2, popcnt, lzcnt, tsc, tscinvbit, avx, avx2, aes, clmul, bmi1, bmi2, adx, sha, fma, vzeroupper, clflush, clflushopt
Processor Information for all 8 processors :
  Max Mhz: 2300, Current Mhz: 2300, Mhz Limit: 2300

Memory: 4k page, system-wide physical 6020M (170M free)
TotalPageFile size 24452M (AvailPageFile size 242M)
current process WorkingSet (physical memory assigned to process): 231M, peak: 244M
current process commit charge ("private bytes"): 348M, peak: 349M

vm_info: OpenJDK 64-Bit Server VM (17.0.10+7) for windows-amd64 JRE (17.0.10+7), built on Jan 16 2024 23:25:11 by "admin" with MS VC++ 16.10 / 16.11 (VS2019)

END.
