#
# There is insufficient memory for the Java Runtime Environment to continue.
# Native memory allocation (mmap) failed to map 114294784 bytes for G1 virtual space
# Possible reasons:
#   The system is out of physical RAM or swap space
#   The process is running with CompressedOops enabled, and the Java Heap may be blocking the growth of the native heap
# Possible solutions:
#   Reduce memory load on the system
#   Increase physical memory or swap space
#   Check if swap backing store is full
#   Decrease Java heap size (-Xmx/-Xms)
#   Decrease number of Java threads
#   Decrease Java thread stack sizes (-Xss)
#   Set larger code cache with -XX:ReservedCodeCacheSize=
#   JVM is running with Unscaled Compressed Oops mode in which the Java heap is
#     placed in the first 4GB address space. The Java Heap base address is the
#     maximum limit for the native heap growth. Please use -XX:HeapBaseMinAddress
#     to set the Java Heap base and to place the Java Heap above 4GB virtual address.
# This output file may be truncated or incomplete.
#
#  Out of Memory Error (os_windows.cpp:3613), pid=20208, tid=2420
#
# JRE version: OpenJDK Runtime Environment Temurin-17.0.10+7 (17.0.10+7) (build 17.0.10+7)
# Java VM: OpenJDK 64-Bit Server VM Temurin-17.0.10+7 (17.0.10+7, mixed mode, sharing, tiered, compressed oops, compressed class ptrs, g1 gc, windows-amd64)
# No core dump will be written. Minidumps are not enabled by default on client versions of Windows
#

---------------  S U M M A R Y ------------

Command Line: org.jetbrains.kotlin.cli.jvm.K2JVMCompiler @C:\Users\Blaziod\Desktop\Trend3\node_modules\react-native-safe-area-context\android\build\20240417_8144337364469959213.compiler.options

Host: AMD Ryzen 7 3700U with Radeon Vega Mobile Gfx  , 8 cores, 5G,  Windows 10 , 64 bit Build 19041 (10.0.19041.3636)
Time: Wed Apr 17 11:20:27 2024 W. Central Africa Standard Time elapsed time: 44.319653 seconds (0d 0h 0m 44s)

---------------  T H R E A D  ---------------

Current thread (0x000001ac7fb15f50):  VMThread "VM Thread" [stack: 0x0000000f1ba00000,0x0000000f1bb00000] [id=2420]

Stack: [0x0000000f1ba00000,0x0000000f1bb00000]
Native frames: (J=compiled Java code, j=interpreted, Vv=VM code, C=native code)
V  [jvm.dll+0x67d2c9]
V  [jvm.dll+0x834afa]
V  [jvm.dll+0x8365be]
V  [jvm.dll+0x836c23]
V  [jvm.dll+0x2477ff]
V  [jvm.dll+0x67a109]
V  [jvm.dll+0x66eb7a]
V  [jvm.dll+0x30764b]
V  [jvm.dll+0x30eaf6]
V  [jvm.dll+0x35e83e]
V  [jvm.dll+0x35ea6f]
V  [jvm.dll+0x2de248]
V  [jvm.dll+0x2dc424]
V  [jvm.dll+0x2dba2c]
V  [jvm.dll+0x31faeb]
V  [jvm.dll+0x83b11b]
V  [jvm.dll+0x83be61]
V  [jvm.dll+0x83c37d]
V  [jvm.dll+0x83c754]
V  [jvm.dll+0x83c820]
V  [jvm.dll+0x7e3fba]
V  [jvm.dll+0x67c1b5]
C  [ucrtbase.dll+0x21bb2]
C  [KERNEL32.DLL+0x17344]
C  [ntdll.dll+0x526b1]

VM_Operation (0x0000000f1b4fa880): G1CollectForAllocation, mode: safepoint, requested by thread 0x000001ac7cca4e50


---------------  P R O C E S S  ---------------

Threads class SMR info:
_java_thread_list=0x000001ac1a3b7a70, length=12, elements={
0x000001ac7cca4e50, 0x000001ac7fb19bb0, 0x000001ac7fb1da50, 0x000001ac7fb33fe0,
0x000001ac7fb34ba0, 0x000001ac7fb37e10, 0x000001ac7fb38f70, 0x000001ac7fb3d900,
0x000001ac7fb5eb60, 0x000001ac7fb61d10, 0x000001ac1a3e7550, 0x000001ac1a3ea500
}

Java Threads: ( => current thread )
  0x000001ac7cca4e50 JavaThread "main" [_thread_blocked, id=16236, stack(0x0000000f1b400000,0x0000000f1b500000)]
  0x000001ac7fb19bb0 JavaThread "Reference Handler" daemon [_thread_blocked, id=2960, stack(0x0000000f1bb00000,0x0000000f1bc00000)]
  0x000001ac7fb1da50 JavaThread "Finalizer" daemon [_thread_blocked, id=11992, stack(0x0000000f1bc00000,0x0000000f1bd00000)]
  0x000001ac7fb33fe0 JavaThread "Signal Dispatcher" daemon [_thread_blocked, id=20044, stack(0x0000000f1bd00000,0x0000000f1be00000)]
  0x000001ac7fb34ba0 JavaThread "Attach Listener" daemon [_thread_blocked, id=5944, stack(0x0000000f1be00000,0x0000000f1bf00000)]
  0x000001ac7fb37e10 JavaThread "Service Thread" daemon [_thread_blocked, id=15824, stack(0x0000000f1bf00000,0x0000000f1c000000)]
  0x000001ac7fb38f70 JavaThread "Monitor Deflation Thread" daemon [_thread_blocked, id=4028, stack(0x0000000f1c000000,0x0000000f1c100000)]
  0x000001ac7fb3d900 JavaThread "C2 CompilerThread0" daemon [_thread_blocked, id=7484, stack(0x0000000f1c100000,0x0000000f1c200000)]
  0x000001ac7fb5eb60 JavaThread "C1 CompilerThread0" daemon [_thread_blocked, id=15640, stack(0x0000000f1c200000,0x0000000f1c300000)]
  0x000001ac7fb61d10 JavaThread "Sweeper thread" daemon [_thread_blocked, id=1488, stack(0x0000000f1c300000,0x0000000f1c400000)]
  0x000001ac1a3e7550 JavaThread "Notification Thread" daemon [_thread_blocked, id=12420, stack(0x0000000f1c400000,0x0000000f1c500000)]
  0x000001ac1a3ea500 JavaThread "Common-Cleaner" daemon [_thread_blocked, id=10184, stack(0x0000000f1c600000,0x0000000f1c700000)]

Other Threads:
=>0x000001ac7fb15f50 VMThread "VM Thread" [stack: 0x0000000f1ba00000,0x0000000f1bb00000] [id=2420]
  0x000001ac1a3e9e50 WatcherThread [stack: 0x0000000f1c500000,0x0000000f1c600000] [id=9108]
  0x000001ac7ccefc20 GCTaskThread "GC Thread#0" [stack: 0x0000000f1b500000,0x0000000f1b600000] [id=14916]
  0x000001ac1a8c4010 GCTaskThread "GC Thread#1" [stack: 0x0000000f1c700000,0x0000000f1c800000] [id=5724]
  0x000001ac1a8f62c0 GCTaskThread "GC Thread#2" [stack: 0x0000000f1c800000,0x0000000f1c900000] [id=19296]
  0x000001ac1a8f6990 GCTaskThread "GC Thread#3" [stack: 0x0000000f1c900000,0x0000000f1ca00000] [id=10160]
  0x000001ac1a8f6c50 GCTaskThread "GC Thread#4" [stack: 0x0000000f1ca00000,0x0000000f1cb00000] [id=2108]
  0x000001ac1ac39060 GCTaskThread "GC Thread#5" [stack: 0x0000000f1cb00000,0x0000000f1cc00000] [id=16196]
  0x000001ac1ac727d0 GCTaskThread "GC Thread#6" [stack: 0x0000000f1cc00000,0x0000000f1cd00000] [id=11852]
  0x000001ac1ac20570 GCTaskThread "GC Thread#7" [stack: 0x0000000f1cd00000,0x0000000f1ce00000] [id=1856]
  0x000001ac7ccfd7c0 ConcurrentGCThread "G1 Main Marker" [stack: 0x0000000f1b600000,0x0000000f1b700000] [id=7996]
  0x000001ac7ccfe1e0 ConcurrentGCThread "G1 Conc#0" [stack: 0x0000000f1b700000,0x0000000f1b800000] [id=4908]
  0x000001ac1abff320 ConcurrentGCThread "G1 Conc#1" [stack: 0x0000000f1ce00000,0x0000000f1cf00000] [id=14536]
  0x000001ac7cd5ea00 ConcurrentGCThread "G1 Refine#0" [stack: 0x0000000f1b800000,0x0000000f1b900000] [id=14992]
  0x000001ac7f9d05e0 ConcurrentGCThread "G1 Service" [stack: 0x0000000f1b900000,0x0000000f1ba00000] [id=8892]

Threads with active compile tasks:
C2 CompilerThread0    44381 12748       4       org.jetbrains.kotlin.ir.util.TypeTranslator::enterScope (37 bytes)
C1 CompilerThread0    44381 12802       3       org.jetbrains.kotlin.backend.common.ClassLoweringVisitor::visitBranch (6 bytes)

VM state: at safepoint (normal execution)

VM Mutex/Monitor currently owned by a thread:  ([mutex/lock_event])
[0x000001ac7cca0dc0] Threads_lock - owner thread: 0x000001ac7fb15f50
[0x000001ac7cca0790] Heap_lock - owner thread: 0x000001ac7cca4e50

Heap address: 0x00000000a1e00000, size: 1506 MB, Compressed Oops mode: 32-bit

CDS archive(s) mapped at: [0x000001ac1b000000-0x000001ac1bbb0000-0x000001ac1bbb0000), size 12255232, SharedBaseAddress: 0x000001ac1b000000, ArchiveRelocationMode: 1.
Compressed class space mapped at: 0x000001ac1c000000-0x000001ac5c000000, reserved size: 1073741824
Narrow klass base: 0x000001ac1b000000, Narrow klass shift: 0, Narrow klass range: 0x100000000

GC Precious Log:
 CPUs: 8 total, 8 available
 Memory: 6020M
 Large Page Support: Disabled
 NUMA Support: Disabled
 Compressed Oops: Enabled (32-bit)
 Heap Region Size: 1M
 Heap Min Capacity: 8M
 Heap Initial Capacity: 96M
 Heap Max Capacity: 1506M
 Pre-touch: Disabled
 Parallel Workers: 8
 Concurrent Workers: 2
 Concurrent Refinement Workers: 8
 Periodic GC: Disabled

Heap:
 garbage-first heap   total 111616K, used 68391K [0x00000000a1e00000, 0x0000000100000000)
  region size 1024K, 2 young (2048K), 2 survivors (2048K)
 Metaspace       used 72585K, committed 72960K, reserved 1114112K
  class space    used 8306K, committed 8512K, reserved 1048576K

Heap Regions: E=young(eden), S=young(survivor), O=old, HS=humongous(starts), HC=humongous(continues), CS=collection set, F=free, OA=open archive, CA=closed archive, TAMS=top-at-mark-start (previous, next)
|   0|0x00000000a1e00000, 0x00000000a1f00000, 0x00000000a1f00000|100%|HS|  |TAMS 0x00000000a1f00000, 0x00000000a1f00000| Complete 
|   1|0x00000000a1f00000, 0x00000000a2000000, 0x00000000a2000000|100%|HC|  |TAMS 0x00000000a2000000, 0x00000000a2000000| Complete 
|   2|0x00000000a2000000, 0x00000000a2100000, 0x00000000a2100000|100%|HC|  |TAMS 0x00000000a2100000, 0x00000000a2100000| Complete 
|   3|0x00000000a2100000, 0x00000000a2200000, 0x00000000a2200000|100%|HC|  |TAMS 0x00000000a2200000, 0x00000000a2200000| Complete 
|   4|0x00000000a2200000, 0x00000000a2300000, 0x00000000a2300000|100%| O|  |TAMS 0x00000000a2300000, 0x00000000a2300000| Untracked 
|   5|0x00000000a2300000, 0x00000000a2400000, 0x00000000a2400000|100%| O|  |TAMS 0x00000000a2400000, 0x00000000a2400000| Untracked 
|   6|0x00000000a2400000, 0x00000000a2500000, 0x00000000a2500000|100%| O|  |TAMS 0x00000000a2500000, 0x00000000a2500000| Untracked 
|   7|0x00000000a2500000, 0x00000000a2600000, 0x00000000a2600000|100%|HS|  |TAMS 0x00000000a2600000, 0x00000000a2600000| Complete 
|   8|0x00000000a2600000, 0x00000000a2700000, 0x00000000a2700000|100%|HC|  |TAMS 0x00000000a2700000, 0x00000000a2700000| Complete 
|   9|0x00000000a2700000, 0x00000000a2800000, 0x00000000a2800000|100%|HC|  |TAMS 0x00000000a2800000, 0x00000000a2800000| Complete 
|  10|0x00000000a2800000, 0x00000000a2900000, 0x00000000a2900000|100%|HC|  |TAMS 0x00000000a2900000, 0x00000000a2900000| Complete 
|  11|0x00000000a2900000, 0x00000000a2a00000, 0x00000000a2a00000|100%| O|  |TAMS 0x00000000a2a00000, 0x00000000a2a00000| Untracked 
|  12|0x00000000a2a00000, 0x00000000a2b00000, 0x00000000a2b00000|100%| O|  |TAMS 0x00000000a2b00000, 0x00000000a2b00000| Untracked 
|  13|0x00000000a2b00000, 0x00000000a2c00000, 0x00000000a2c00000|100%| O|  |TAMS 0x00000000a2c00000, 0x00000000a2c00000| Untracked 
|  14|0x00000000a2c00000, 0x00000000a2d00000, 0x00000000a2d00000|100%| O|  |TAMS 0x00000000a2d00000, 0x00000000a2d00000| Untracked 
|  15|0x00000000a2d00000, 0x00000000a2e00000, 0x00000000a2e00000|100%| O|  |TAMS 0x00000000a2e00000, 0x00000000a2e00000| Untracked 
|  16|0x00000000a2e00000, 0x00000000a2f00000, 0x00000000a2f00000|100%| O|  |TAMS 0x00000000a2f00000, 0x00000000a2f00000| Untracked 
|  17|0x00000000a2f00000, 0x00000000a3000000, 0x00000000a3000000|100%| O|  |TAMS 0x00000000a3000000, 0x00000000a3000000| Untracked 
|  18|0x00000000a3000000, 0x00000000a3100000, 0x00000000a3100000|100%| O|  |TAMS 0x00000000a3100000, 0x00000000a3100000| Untracked 
|  19|0x00000000a3100000, 0x00000000a3200000, 0x00000000a3200000|100%| O|  |TAMS 0x00000000a3200000, 0x00000000a3200000| Untracked 
|  20|0x00000000a3200000, 0x00000000a3300000, 0x00000000a3300000|100%| O|  |TAMS 0x00000000a3300000, 0x00000000a3300000| Untracked 
|  21|0x00000000a3300000, 0x00000000a3400000, 0x00000000a3400000|100%|HS|  |TAMS 0x00000000a3400000, 0x00000000a3400000| Complete 
|  22|0x00000000a3400000, 0x00000000a3500000, 0x00000000a3500000|100%|HC|  |TAMS 0x00000000a3500000, 0x00000000a3500000| Complete 
|  23|0x00000000a3500000, 0x00000000a3600000, 0x00000000a3600000|100%| O|  |TAMS 0x00000000a3600000, 0x00000000a3600000| Untracked 
|  24|0x00000000a3600000, 0x00000000a3700000, 0x00000000a3700000|100%| O|  |TAMS 0x00000000a3700000, 0x00000000a3700000| Untracked 
|  25|0x00000000a3700000, 0x00000000a3800000, 0x00000000a3800000|100%| O|  |TAMS 0x00000000a3800000, 0x00000000a3800000| Untracked 
|  26|0x00000000a3800000, 0x00000000a3900000, 0x00000000a3900000|100%| O|  |TAMS 0x00000000a3900000, 0x00000000a3900000| Untracked 
|  27|0x00000000a3900000, 0x00000000a3a00000, 0x00000000a3a00000|100%| O|  |TAMS 0x00000000a3a00000, 0x00000000a3a00000| Untracked 
|  28|0x00000000a3a00000, 0x00000000a3b00000, 0x00000000a3b00000|100%| O|  |TAMS 0x00000000a3b00000, 0x00000000a3b00000| Untracked 
|  29|0x00000000a3b00000, 0x00000000a3c00000, 0x00000000a3c00000|100%| O|  |TAMS 0x00000000a3b00000, 0x00000000a3c00000| Untracked 
|  30|0x00000000a3c00000, 0x00000000a3d00000, 0x00000000a3d00000|100%| O|  |TAMS 0x00000000a3d00000, 0x00000000a3d00000| Untracked 
|  31|0x00000000a3d00000, 0x00000000a3e00000, 0x00000000a3e00000|100%| O|  |TAMS 0x00000000a3e00000, 0x00000000a3e00000| Untracked 
|  32|0x00000000a3e00000, 0x00000000a3f00000, 0x00000000a3f00000|100%| O|  |TAMS 0x00000000a3f00000, 0x00000000a3f00000| Untracked 
|  33|0x00000000a3f00000, 0x00000000a4000000, 0x00000000a4000000|100%| O|  |TAMS 0x00000000a4000000, 0x00000000a4000000| Untracked 
|  34|0x00000000a4000000, 0x00000000a4100000, 0x00000000a4100000|100%| O|  |TAMS 0x00000000a4100000, 0x00000000a4100000| Untracked 
|  35|0x00000000a4100000, 0x00000000a4200000, 0x00000000a4200000|100%| O|  |TAMS 0x00000000a4200000, 0x00000000a4200000| Untracked 
|  36|0x00000000a4200000, 0x00000000a4300000, 0x00000000a4300000|100%| O|  |TAMS 0x00000000a4300000, 0x00000000a4300000| Untracked 
|  37|0x00000000a4300000, 0x00000000a4400000, 0x00000000a4400000|100%| O|  |TAMS 0x00000000a4400000, 0x00000000a4400000| Untracked 
|  38|0x00000000a4400000, 0x00000000a4500000, 0x00000000a4500000|100%| O|  |TAMS 0x00000000a4500000, 0x00000000a4500000| Untracked 
|  39|0x00000000a4500000, 0x00000000a4600000, 0x00000000a4600000|100%| O|  |TAMS 0x00000000a4600000, 0x00000000a4600000| Untracked 
|  40|0x00000000a4600000, 0x00000000a4700000, 0x00000000a4700000|100%| O|  |TAMS 0x00000000a4700000, 0x00000000a4700000| Untracked 
|  41|0x00000000a4700000, 0x00000000a4800000, 0x00000000a4800000|100%| O|  |TAMS 0x00000000a4800000, 0x00000000a4800000| Untracked 
|  42|0x00000000a4800000, 0x00000000a4800000, 0x00000000a4900000|  0%| F|  |TAMS 0x00000000a4800000, 0x00000000a4800000| Untracked 
|  43|0x00000000a4900000, 0x00000000a4a00000, 0x00000000a4a00000|100%| O|  |TAMS 0x00000000a4a00000, 0x00000000a4a00000| Untracked 
|  44|0x00000000a4a00000, 0x00000000a4b00000, 0x00000000a4b00000|100%| O|  |TAMS 0x00000000a4b00000, 0x00000000a4b00000| Untracked 
|  45|0x00000000a4b00000, 0x00000000a4c00000, 0x00000000a4c00000|100%| O|  |TAMS 0x00000000a4c00000, 0x00000000a4c00000| Untracked 
|  46|0x00000000a4c00000, 0x00000000a4d00000, 0x00000000a4d00000|100%| O|  |TAMS 0x00000000a4d00000, 0x00000000a4d00000| Untracked 
|  47|0x00000000a4d00000, 0x00000000a4e00000, 0x00000000a4e00000|100%| O|  |TAMS 0x00000000a4e00000, 0x00000000a4e00000| Untracked 
|  48|0x00000000a4e00000, 0x00000000a4f00000, 0x00000000a4f00000|100%| O|  |TAMS 0x00000000a4f00000, 0x00000000a4f00000| Untracked 
|  49|0x00000000a4f00000, 0x00000000a5000000, 0x00000000a5000000|100%| O|  |TAMS 0x00000000a5000000, 0x00000000a5000000| Untracked 
|  50|0x00000000a5000000, 0x00000000a5100000, 0x00000000a5100000|100%| O|  |TAMS 0x00000000a5100000, 0x00000000a5100000| Untracked 
|  51|0x00000000a5100000, 0x00000000a5200000, 0x00000000a5200000|100%| O|  |TAMS 0x00000000a5200000, 0x00000000a5200000| Untracked 
|  52|0x00000000a5200000, 0x00000000a5300000, 0x00000000a5300000|100%| O|  |TAMS 0x00000000a5300000, 0x00000000a5300000| Untracked 
|  53|0x00000000a5300000, 0x00000000a5400000, 0x00000000a5400000|100%| O|  |TAMS 0x00000000a5400000, 0x00000000a5400000| Untracked 
|  54|0x00000000a5400000, 0x00000000a5500000, 0x00000000a5500000|100%| O|  |TAMS 0x00000000a5500000, 0x00000000a5500000| Untracked 
|  55|0x00000000a5500000, 0x00000000a5600000, 0x00000000a5600000|100%| O|  |TAMS 0x00000000a5600000, 0x00000000a5600000| Untracked 
|  56|0x00000000a5600000, 0x00000000a5700000, 0x00000000a5700000|100%| O|  |TAMS 0x00000000a5700000, 0x00000000a5700000| Untracked 
|  57|0x00000000a5700000, 0x00000000a5800000, 0x00000000a5800000|100%| O|  |TAMS 0x00000000a5800000, 0x00000000a5800000| Untracked 
|  58|0x00000000a5800000, 0x00000000a5900000, 0x00000000a5900000|100%| O|  |TAMS 0x00000000a5900000, 0x00000000a5900000| Untracked 
|  59|0x00000000a5900000, 0x00000000a5a00000, 0x00000000a5a00000|100%| O|  |TAMS 0x00000000a598f000, 0x00000000a5a00000| Untracked 
|  60|0x00000000a5a00000, 0x00000000a5b00000, 0x00000000a5b00000|100%| O|  |TAMS 0x00000000a5a00000, 0x00000000a5b00000| Untracked 
|  61|0x00000000a5b00000, 0x00000000a5c00000, 0x00000000a5c00000|100%| O|  |TAMS 0x00000000a5b00000, 0x00000000a5c00000| Untracked 
|  62|0x00000000a5c00000, 0x00000000a5d00000, 0x00000000a5d00000|100%| O|  |TAMS 0x00000000a5c00000, 0x00000000a5d00000| Untracked 
|  63|0x00000000a5d00000, 0x00000000a5e00000, 0x00000000a5e00000|100%| O|  |TAMS 0x00000000a5d00000, 0x00000000a5e00000| Untracked 
|  64|0x00000000a5e00000, 0x00000000a5f00000, 0x00000000a5f00000|100%| O|  |TAMS 0x00000000a5e00000, 0x00000000a5f00000| Untracked 
|  65|0x00000000a5f00000, 0x00000000a6000000, 0x00000000a6000000|100%| O|  |TAMS 0x00000000a5f00000, 0x00000000a6000000| Untracked 
|  66|0x00000000a6000000, 0x00000000a6037400, 0x00000000a6100000| 21%| O|  |TAMS 0x00000000a6000000, 0x00000000a6037400| Untracked 
|  67|0x00000000a6100000, 0x00000000a6100000, 0x00000000a6200000|  0%| F|  |TAMS 0x00000000a6100000, 0x00000000a6100000| Untracked 
|  68|0x00000000a6200000, 0x00000000a6200000, 0x00000000a6300000|  0%| F|  |TAMS 0x00000000a6200000, 0x00000000a6200000| Untracked 
|  69|0x00000000a6300000, 0x00000000a6300000, 0x00000000a6400000|  0%| F|  |TAMS 0x00000000a6300000, 0x00000000a6300000| Untracked 
|  70|0x00000000a6400000, 0x00000000a6400000, 0x00000000a6500000|  0%| F|  |TAMS 0x00000000a6400000, 0x00000000a6400000| Untracked 
|  71|0x00000000a6500000, 0x00000000a6500000, 0x00000000a6600000|  0%| F|  |TAMS 0x00000000a6500000, 0x00000000a6500000| Untracked 
|  72|0x00000000a6600000, 0x00000000a6600000, 0x00000000a6700000|  0%| F|  |TAMS 0x00000000a6600000, 0x00000000a6600000| Untracked 
|  73|0x00000000a6700000, 0x00000000a6700000, 0x00000000a6800000|  0%| F|  |TAMS 0x00000000a6700000, 0x00000000a6700000| Untracked 
|  74|0x00000000a6800000, 0x00000000a6800000, 0x00000000a6900000|  0%| F|  |TAMS 0x00000000a6800000, 0x00000000a6800000| Untracked 
|  75|0x00000000a6900000, 0x00000000a6900000, 0x00000000a6a00000|  0%| F|  |TAMS 0x00000000a6900000, 0x00000000a6900000| Untracked 
|  76|0x00000000a6a00000, 0x00000000a6a00000, 0x00000000a6b00000|  0%| F|  |TAMS 0x00000000a6a00000, 0x00000000a6a00000| Untracked 
|  77|0x00000000a6b00000, 0x00000000a6b00000, 0x00000000a6c00000|  0%| F|  |TAMS 0x00000000a6b00000, 0x00000000a6b00000| Untracked 
|  78|0x00000000a6c00000, 0x00000000a6c00000, 0x00000000a6d00000|  0%| F|  |TAMS 0x00000000a6c00000, 0x00000000a6c00000| Untracked 
|  79|0x00000000a6d00000, 0x00000000a6d00000, 0x00000000a6e00000|  0%| F|  |TAMS 0x00000000a6d00000, 0x00000000a6d00000| Untracked 
|  80|0x00000000a6e00000, 0x00000000a6e00000, 0x00000000a6f00000|  0%| F|  |TAMS 0x00000000a6e00000, 0x00000000a6e00000| Untracked 
|  81|0x00000000a6f00000, 0x00000000a6f00000, 0x00000000a7000000|  0%| F|  |TAMS 0x00000000a6f00000, 0x00000000a6f00000| Untracked 
|  82|0x00000000a7000000, 0x00000000a7000000, 0x00000000a7100000|  0%| F|  |TAMS 0x00000000a7000000, 0x00000000a7000000| Untracked 
|  83|0x00000000a7100000, 0x00000000a7100000, 0x00000000a7200000|  0%| F|  |TAMS 0x00000000a7100000, 0x00000000a7100000| Untracked 
|  84|0x00000000a7200000, 0x00000000a7292858, 0x00000000a7300000| 57%| S|CS|TAMS 0x00000000a7200000, 0x00000000a7200000| Complete 
|  85|0x00000000a7300000, 0x00000000a7400000, 0x00000000a7400000|100%| S|CS|TAMS 0x00000000a7300000, 0x00000000a7300000| Complete 
|  86|0x00000000a7400000, 0x00000000a7400000, 0x00000000a7500000|  0%| F|  |TAMS 0x00000000a7400000, 0x00000000a7400000| Untracked 
|  87|0x00000000a7500000, 0x00000000a7500000, 0x00000000a7600000|  0%| F|  |TAMS 0x00000000a7500000, 0x00000000a7500000| Untracked 
|  88|0x00000000a7600000, 0x00000000a7600000, 0x00000000a7700000|  0%| F|  |TAMS 0x00000000a7600000, 0x00000000a7600000| Untracked 
|  89|0x00000000a7700000, 0x00000000a7700000, 0x00000000a7800000|  0%| F|  |TAMS 0x00000000a7700000, 0x00000000a7700000| Untracked 
|  90|0x00000000a7800000, 0x00000000a7800000, 0x00000000a7900000|  0%| F|  |TAMS 0x00000000a7800000, 0x00000000a7800000| Untracked 
|  91|0x00000000a7900000, 0x00000000a7900000, 0x00000000a7a00000|  0%| F|  |TAMS 0x00000000a7900000, 0x00000000a7900000| Untracked 
|  92|0x00000000a7a00000, 0x00000000a7a00000, 0x00000000a7b00000|  0%| F|  |TAMS 0x00000000a7a00000, 0x00000000a7a00000| Untracked 
|  93|0x00000000a7b00000, 0x00000000a7b00000, 0x00000000a7c00000|  0%| F|  |TAMS 0x00000000a7b00000, 0x00000000a7b00000| Untracked 
|  94|0x00000000a7c00000, 0x00000000a7c00000, 0x00000000a7d00000|  0%| F|  |TAMS 0x00000000a7c00000, 0x00000000a7c00000| Untracked 
|  95|0x00000000a7d00000, 0x00000000a7d00000, 0x00000000a7e00000|  0%| F|  |TAMS 0x00000000a7d00000, 0x00000000a7d00000| Untracked 
|  96|0x00000000a7e00000, 0x00000000a7e00000, 0x00000000a7f00000|  0%| F|  |TAMS 0x00000000a7e00000, 0x00000000a7e00000| Untracked 
|  97|0x00000000a7f00000, 0x00000000a7f00000, 0x00000000a8000000|  0%| F|  |TAMS 0x00000000a7f00000, 0x00000000a7f00000| Untracked 
|  98|0x00000000a8000000, 0x00000000a8000000, 0x00000000a8100000|  0%| F|  |TAMS 0x00000000a8000000, 0x00000000a8000000| Untracked 
|  99|0x00000000a8100000, 0x00000000a8100000, 0x00000000a8200000|  0%| F|  |TAMS 0x00000000a8100000, 0x00000000a8100000| Untracked 
| 100|0x00000000a8200000, 0x00000000a8200000, 0x00000000a8300000|  0%| F|  |TAMS 0x00000000a8200000, 0x00000000a8200000| Untracked 
| 101|0x00000000a8300000, 0x00000000a8300000, 0x00000000a8400000|  0%| F|  |TAMS 0x00000000a8300000, 0x00000000a8300000| Untracked 
| 102|0x00000000a8400000, 0x00000000a8400000, 0x00000000a8500000|  0%| F|  |TAMS 0x00000000a8400000, 0x00000000a8400000| Untracked 
| 103|0x00000000a8500000, 0x00000000a8500000, 0x00000000a8600000|  0%| F|  |TAMS 0x00000000a8500000, 0x00000000a8500000| Untracked 
| 104|0x00000000a8600000, 0x00000000a8600000, 0x00000000a8700000|  0%| F|  |TAMS 0x00000000a8600000, 0x00000000a8600000| Untracked 
| 105|0x00000000a8700000, 0x00000000a8700000, 0x00000000a8800000|  0%| F|  |TAMS 0x00000000a8700000, 0x00000000a8700000| Untracked 
| 106|0x00000000a8800000, 0x00000000a8800000, 0x00000000a8900000|  0%| F|  |TAMS 0x00000000a8800000, 0x00000000a8800000| Untracked 
| 107|0x00000000a8900000, 0x00000000a8900000, 0x00000000a8a00000|  0%| F|  |TAMS 0x00000000a8900000, 0x00000000a8900000| Untracked 
| 108|0x00000000a8a00000, 0x00000000a8a00000, 0x00000000a8b00000|  0%| F|  |TAMS 0x00000000a8a00000, 0x00000000a8a00000| Untracked 

Card table byte_map: [0x000001ac7d390000,0x000001ac7d690000] _byte_map_base: 0x000001ac7ce81000

Marking Bits (Prev, Next): (CMBitMap*) 0x000001ac7ccf1290, (CMBitMap*) 0x000001ac7ccf1250
 Prev Bits: [0x000001ac16a70000, 0x000001ac181f8000)
 Next Bits: [0x000001ac7d990000, 0x000001ac7f118000)

Polling page: 0x000001ac7ac00000

Metaspace:

Usage:
  Non-class:     62.77 MB used.
      Class:      8.11 MB used.
       Both:     70.88 MB used.

Virtual space:
  Non-class space:       64.00 MB reserved,      62.94 MB ( 98%) committed,  1 nodes.
      Class space:        1.00 GB reserved,       8.31 MB ( <1%) committed,  1 nodes.
             Both:        1.06 GB reserved,      71.25 MB (  7%) committed. 

Chunk freelists:
   Non-Class:  1008.00 KB
       Class:  7.55 MB
        Both:  8.53 MB

MaxMetaspaceSize: unlimited
CompressedClassSpaceSize: 1.00 GB
Initial GC threshold: 21.00 MB
Current GC threshold: 105.25 MB
CDS: on
MetaspaceReclaimPolicy: balanced
 - commit_granule_bytes: 65536.
 - commit_granule_words: 8192.
 - virtual_space_node_default_size: 8388608.
 - enlarge_chunks_in_place: 1.
 - new_chunks_are_fully_committed: 0.
 - uncommit_free_chunks: 1.
 - use_allocation_guard: 0.
 - handle_deallocations: 1.


Internal statistics:

num_allocs_failed_limit: 6.
num_arena_births: 380.
num_arena_deaths: 0.
num_vsnodes_births: 2.
num_vsnodes_deaths: 0.
num_space_committed: 1138.
num_space_uncommitted: 0.
num_chunks_returned_to_freelist: 6.
num_chunks_taken_from_freelist: 2938.
num_chunk_merges: 6.
num_chunk_splits: 2393.
num_chunks_enlarged: 2113.
num_inconsistent_stats: 0.

CodeHeap 'non-profiled nmethods': size=120000Kb used=4252Kb max_used=4252Kb free=115748Kb
 bounds [0x000001ac0f540000, 0x000001ac0f970000, 0x000001ac16a70000]
CodeHeap 'profiled nmethods': size=120000Kb used=28061Kb max_used=28061Kb free=91938Kb
 bounds [0x000001ac07a70000, 0x000001ac095e0000, 0x000001ac0efa0000]
CodeHeap 'non-nmethods': size=5760Kb used=1401Kb max_used=1431Kb free=4358Kb
 bounds [0x000001ac0efa0000, 0x000001ac0f210000, 0x000001ac0f540000]
 total_blobs=11157 nmethods=10424 adapters=640
 compilation: enabled
              stopped_count=0, restarted_count=0
 full_count=0

Compilation events (20 events):
Event: 44.266 Thread 0x000001ac7fb5eb60 nmethod 12790 0x000001ac095d0590 code [0x000001ac095d07a0, 0x000001ac095d0db8]
Event: 44.272 Thread 0x000001ac7fb5eb60 12792       3       org.jetbrains.kotlin.ir.visitors.IrElementTransformer$DefaultImpls::visitDeclaration (17 bytes)
Event: 44.272 Thread 0x000001ac7fb5eb60 nmethod 12792 0x000001ac095d1010 code [0x000001ac095d1220, 0x000001ac095d18a8]
Event: 44.272 Thread 0x000001ac7fb5eb60 12793       3       org.jetbrains.kotlin.backend.common.lower.SpecialBridgeMethods$SpecialMethodDescription::hashCode (47 bytes)
Event: 44.273 Thread 0x000001ac7fb5eb60 nmethod 12793 0x000001ac095d1b10 code [0x000001ac095d1ce0, 0x000001ac095d20f8]
Event: 44.273 Thread 0x000001ac7fb5eb60 12794       3       org.jetbrains.kotlin.ir.declarations.IrClass::transformChildren (51 bytes)
Event: 44.275 Thread 0x000001ac7fb5eb60 nmethod 12794 0x000001ac095d2310 code [0x000001ac095d2720, 0x000001ac095d4428]
Event: 44.277 Thread 0x000001ac7fb5eb60 12795       3       org.jetbrains.kotlin.ir.declarations.lazy.IrLazyConstructor::getValueParameters (19 bytes)
Event: 44.278 Thread 0x000001ac7fb5eb60 nmethod 12795 0x000001ac095d4c90 code [0x000001ac095d4e40, 0x000001ac095d5148]
Event: 44.278 Thread 0x000001ac7fb5eb60 12796       3       org.jetbrains.kotlin.backend.jvm.ir.IrInlineReferenceLocator::visitFunctionAccess (13 bytes)
Event: 44.278 Thread 0x000001ac7fb5eb60 nmethod 12796 0x000001ac095d5290 code [0x000001ac095d5440, 0x000001ac095d5728]
Event: 44.278 Thread 0x000001ac7fb5eb60 12797       3       org.jetbrains.kotlin.backend.jvm.ir.IrInlineReferenceLocator::visitFunctionAccess (117 bytes)
Event: 44.280 Thread 0x000001ac7fb5eb60 nmethod 12797 0x000001ac095d5810 code [0x000001ac095d5c00, 0x000001ac095d7708]
Event: 44.280 Thread 0x000001ac7fb5eb60 12798       3       org.jetbrains.kotlin.backend.jvm.ir.IrInlineReferenceLocator::visitMemberAccess (13 bytes)
Event: 44.281 Thread 0x000001ac7fb5eb60 nmethod 12798 0x000001ac095d7f90 code [0x000001ac095d81c0, 0x000001ac095d8ac8]
Event: 44.281 Thread 0x000001ac7fb5eb60 12799       3       org.jetbrains.kotlin.backend.jvm.ir.IrInlineReferenceLocator::visitMemberAccess (8 bytes)
Event: 44.282 Thread 0x000001ac7fb5eb60 nmethod 12799 0x000001ac095d8d90 code [0x000001ac095d8fc0, 0x000001ac095d96c8]
Event: 44.282 Thread 0x000001ac7fb5eb60 12803       3       org.jetbrains.kotlin.backend.jvm.lower.RecordEnclosingMethodsLowering$lower$1::visitElement (38 bytes)
Event: 44.282 Thread 0x000001ac7fb5eb60 nmethod 12803 0x000001ac095d9990 code [0x000001ac095d9bc0, 0x000001ac095da508]
Event: 44.282 Thread 0x000001ac7fb5eb60 12802       3       org.jetbrains.kotlin.backend.common.ClassLoweringVisitor::visitBranch (6 bytes)

GC Heap History (20 events):
Event: 26.213 GC heap after
{Heap after GC invocations=27 (full 0):
 garbage-first heap   total 92160K, used 51327K [0x00000000a1e00000, 0x0000000100000000)
  region size 1024K, 4 young (4096K), 4 survivors (4096K)
 Metaspace       used 52401K, committed 52672K, reserved 1114112K
  class space    used 6377K, committed 6528K, reserved 1048576K
}
Event: 27.374 GC heap before
{Heap before GC invocations=27 (full 0):
 garbage-first heap   total 92160K, used 71807K [0x00000000a1e00000, 0x0000000100000000)
  region size 1024K, 24 young (24576K), 4 survivors (4096K)
 Metaspace       used 53594K, committed 53888K, reserved 1114112K
  class space    used 6494K, committed 6656K, reserved 1048576K
}
Event: 27.392 GC heap after
{Heap after GC invocations=28 (full 0):
 garbage-first heap   total 92160K, used 53785K [0x00000000a1e00000, 0x0000000100000000)
  region size 1024K, 3 young (3072K), 3 survivors (3072K)
 Metaspace       used 53594K, committed 53888K, reserved 1114112K
  class space    used 6494K, committed 6656K, reserved 1048576K
}
Event: 29.622 GC heap before
{Heap before GC invocations=29 (full 0):
 garbage-first heap   total 92160K, used 73241K [0x00000000a1e00000, 0x0000000100000000)
  region size 1024K, 22 young (22528K), 3 survivors (3072K)
 Metaspace       used 55765K, committed 56064K, reserved 1114112K
  class space    used 6674K, committed 6848K, reserved 1048576K
}
Event: 29.640 GC heap after
{Heap after GC invocations=30 (full 0):
 garbage-first heap   total 92160K, used 55763K [0x00000000a1e00000, 0x0000000100000000)
  region size 1024K, 3 young (3072K), 3 survivors (3072K)
 Metaspace       used 55765K, committed 56064K, reserved 1114112K
  class space    used 6674K, committed 6848K, reserved 1048576K
}
Event: 31.712 GC heap before
{Heap before GC invocations=30 (full 0):
 garbage-first heap   total 92160K, used 74195K [0x00000000a1e00000, 0x0000000100000000)
  region size 1024K, 21 young (21504K), 3 survivors (3072K)
 Metaspace       used 57140K, committed 57472K, reserved 1114112K
  class space    used 6735K, committed 6912K, reserved 1048576K
}
Event: 31.729 GC heap after
{Heap after GC invocations=31 (full 0):
 garbage-first heap   total 92160K, used 57806K [0x00000000a1e00000, 0x0000000100000000)
  region size 1024K, 2 young (2048K), 2 survivors (2048K)
 Metaspace       used 57140K, committed 57472K, reserved 1114112K
  class space    used 6735K, committed 6912K, reserved 1048576K
}
Event: 33.033 GC heap before
{Heap before GC invocations=32 (full 0):
 garbage-first heap   total 99328K, used 65998K [0x00000000a1e00000, 0x0000000100000000)
  region size 1024K, 11 young (11264K), 2 survivors (2048K)
 Metaspace       used 57387K, committed 57728K, reserved 1114112K
  class space    used 6737K, committed 6912K, reserved 1048576K
}
Event: 33.044 GC heap after
{Heap after GC invocations=33 (full 0):
 garbage-first heap   total 99328K, used 58783K [0x00000000a1e00000, 0x0000000100000000)
  region size 1024K, 1 young (1024K), 1 survivors (1024K)
 Metaspace       used 57387K, committed 57728K, reserved 1114112K
  class space    used 6737K, committed 6912K, reserved 1048576K
}
Event: 35.358 GC heap before
{Heap before GC invocations=34 (full 0):
 garbage-first heap   total 111616K, used 82335K [0x00000000a1e00000, 0x0000000100000000)
  region size 1024K, 23 young (23552K), 1 survivors (1024K)
 Metaspace       used 58629K, committed 59008K, reserved 1114112K
  class space    used 6841K, committed 7040K, reserved 1048576K
}
Event: 35.368 GC heap after
{Heap after GC invocations=35 (full 0):
 garbage-first heap   total 111616K, used 60623K [0x00000000a1e00000, 0x0000000100000000)
  region size 1024K, 3 young (3072K), 3 survivors (3072K)
 Metaspace       used 58629K, committed 59008K, reserved 1114112K
  class space    used 6841K, committed 7040K, reserved 1048576K
}
Event: 35.502 GC heap before
{Heap before GC invocations=35 (full 0):
 garbage-first heap   total 111616K, used 62671K [0x00000000a1e00000, 0x0000000100000000)
  region size 1024K, 5 young (5120K), 3 survivors (3072K)
 Metaspace       used 58685K, committed 59072K, reserved 1114112K
  class space    used 6843K, committed 7040K, reserved 1048576K
}
Event: 35.514 GC heap after
{Heap after GC invocations=36 (full 0):
 garbage-first heap   total 111616K, used 60438K [0x00000000a1e00000, 0x0000000100000000)
  region size 1024K, 1 young (1024K), 1 survivors (1024K)
 Metaspace       used 58685K, committed 59072K, reserved 1114112K
  class space    used 6843K, committed 7040K, reserved 1048576K
}
Event: 40.063 GC heap before
{Heap before GC invocations=36 (full 0):
 garbage-first heap   total 111616K, used 90134K [0x00000000a1e00000, 0x0000000100000000)
  region size 1024K, 30 young (30720K), 1 survivors (1024K)
 Metaspace       used 64268K, committed 64576K, reserved 1114112K
  class space    used 7403K, committed 7552K, reserved 1048576K
}
Event: 40.182 GC heap after
{Heap after GC invocations=37 (full 0):
 garbage-first heap   total 111616K, used 62470K [0x00000000a1e00000, 0x0000000100000000)
  region size 1024K, 3 young (3072K), 3 survivors (3072K)
 Metaspace       used 64268K, committed 64576K, reserved 1114112K
  class space    used 7403K, committed 7552K, reserved 1048576K
}
Event: 42.442 GC heap before
{Heap before GC invocations=38 (full 0):
 garbage-first heap   total 111616K, used 91142K [0x00000000a1e00000, 0x0000000100000000)
  region size 1024K, 31 young (31744K), 3 survivors (3072K)
 Metaspace       used 67553K, committed 67904K, reserved 1114112K
  class space    used 7745K, committed 7936K, reserved 1048576K
}
Event: 42.466 GC heap after
{Heap after GC invocations=39 (full 0):
 garbage-first heap   total 111616K, used 66910K [0x00000000a1e00000, 0x0000000100000000)
  region size 1024K, 4 young (4096K), 4 survivors (4096K)
 Metaspace       used 67553K, committed 67904K, reserved 1114112K
  class space    used 7745K, committed 7936K, reserved 1048576K
}
Event: 42.515 GC heap before
{Heap before GC invocations=39 (full 0):
 garbage-first heap   total 111616K, used 67934K [0x00000000a1e00000, 0x0000000100000000)
  region size 1024K, 5 young (5120K), 4 survivors (4096K)
 Metaspace       used 67556K, committed 67904K, reserved 1114112K
  class space    used 7745K, committed 7936K, reserved 1048576K
}
Event: 42.532 GC heap after
{Heap after GC invocations=40 (full 0):
 garbage-first heap   total 111616K, used 67494K [0x00000000a1e00000, 0x0000000100000000)
  region size 1024K, 1 young (1024K), 1 survivors (1024K)
 Metaspace       used 67556K, committed 67904K, reserved 1114112K
  class space    used 7745K, committed 7936K, reserved 1048576K
}
Event: 44.283 GC heap before
{Heap before GC invocations=40 (full 0):
 garbage-first heap   total 111616K, used 88998K [0x00000000a1e00000, 0x0000000100000000)
  region size 1024K, 23 young (23552K), 1 survivors (1024K)
 Metaspace       used 72585K, committed 72960K, reserved 1114112K
  class space    used 8306K, committed 8512K, reserved 1048576K
}

Dll operation events (7 events):
Event: 0.020 Loaded shared library C:\Users\Blaziod\jdk-17\bin\java.dll
Event: 0.062 Loaded shared library C:\Users\Blaziod\jdk-17\bin\jsvml.dll
Event: 0.306 Loaded shared library C:\Users\Blaziod\jdk-17\bin\net.dll
Event: 0.317 Loaded shared library C:\Users\Blaziod\jdk-17\bin\nio.dll
Event: 0.421 Loaded shared library C:\Users\Blaziod\jdk-17\bin\zip.dll
Event: 0.547 Loaded shared library C:\Users\Blaziod\jdk-17\bin\jimage.dll
Event: 4.433 Loaded shared library C:\Users\Blaziod\jdk-17\bin\verify.dll

Deoptimization events (20 events):
Event: 44.265 Thread 0x000001ac7cca4e50 Uncommon trap: trap_request=0xffffffde fr.pc=0x000001ac0f942394 relative=0x0000000000000654
Event: 44.265 Thread 0x000001ac7cca4e50 Uncommon trap: reason=class_check action=maybe_recompile pc=0x000001ac0f942394 method=org.jetbrains.kotlin.ir.declarations.IrFunction.acceptChildren(Lorg/jetbrains/kotlin/ir/visitors/IrElementVisitor;Ljava/lang/Object;)V @ 107 c2
Event: 44.265 Thread 0x000001ac7cca4e50 DEOPT PACKING pc=0x000001ac0f942394 sp=0x0000000f1b4fce20
Event: 44.265 Thread 0x000001ac7cca4e50 DEOPT UNPACKING pc=0x000001ac0eff69a3 sp=0x0000000f1b4fcda8 mode 2
Event: 44.273 Thread 0x000001ac7cca4e50 Uncommon trap: trap_request=0xffffffc6 fr.pc=0x000001ac0f9405e4 relative=0x0000000000001404
Event: 44.273 Thread 0x000001ac7cca4e50 Uncommon trap: reason=bimorphic_or_optimized_type_check action=maybe_recompile pc=0x000001ac0f9405e4 method=org.jetbrains.kotlin.ir.declarations.IrFunction.transformChildren(Lorg/jetbrains/kotlin/ir/visitors/IrElementTransformer;Ljava/lang/Object;)V @ 87 
Event: 44.273 Thread 0x000001ac7cca4e50 DEOPT PACKING pc=0x000001ac0f9405e4 sp=0x0000000f1b4fcd20
Event: 44.273 Thread 0x000001ac7cca4e50 DEOPT UNPACKING pc=0x000001ac0eff69a3 sp=0x0000000f1b4fcd30 mode 2
Event: 44.273 Thread 0x000001ac7cca4e50 Uncommon trap: trap_request=0xffffffde fr.pc=0x000001ac0f942394 relative=0x0000000000000654
Event: 44.273 Thread 0x000001ac7cca4e50 Uncommon trap: reason=class_check action=maybe_recompile pc=0x000001ac0f942394 method=org.jetbrains.kotlin.ir.declarations.IrFunction.acceptChildren(Lorg/jetbrains/kotlin/ir/visitors/IrElementVisitor;Ljava/lang/Object;)V @ 107 c2
Event: 44.273 Thread 0x000001ac7cca4e50 DEOPT PACKING pc=0x000001ac0f942394 sp=0x0000000f1b4fd300
Event: 44.273 Thread 0x000001ac7cca4e50 DEOPT UNPACKING pc=0x000001ac0eff69a3 sp=0x0000000f1b4fd288 mode 2
Event: 44.277 Thread 0x000001ac7cca4e50 Uncommon trap: trap_request=0xffffffc6 fr.pc=0x000001ac0f9405e4 relative=0x0000000000001404
Event: 44.277 Thread 0x000001ac7cca4e50 Uncommon trap: reason=bimorphic_or_optimized_type_check action=maybe_recompile pc=0x000001ac0f9405e4 method=org.jetbrains.kotlin.ir.declarations.IrFunction.transformChildren(Lorg/jetbrains/kotlin/ir/visitors/IrElementTransformer;Ljava/lang/Object;)V @ 87 
Event: 44.277 Thread 0x000001ac7cca4e50 DEOPT PACKING pc=0x000001ac0f9405e4 sp=0x0000000f1b4fd0d0
Event: 44.277 Thread 0x000001ac7cca4e50 DEOPT UNPACKING pc=0x000001ac0eff69a3 sp=0x0000000f1b4fd0e0 mode 2
Event: 44.280 Thread 0x000001ac7cca4e50 Uncommon trap: trap_request=0xffffffc6 fr.pc=0x000001ac0f9405e4 relative=0x0000000000001404
Event: 44.280 Thread 0x000001ac7cca4e50 Uncommon trap: reason=bimorphic_or_optimized_type_check action=maybe_recompile pc=0x000001ac0f9405e4 method=org.jetbrains.kotlin.ir.declarations.IrFunction.transformChildren(Lorg/jetbrains/kotlin/ir/visitors/IrElementTransformer;Ljava/lang/Object;)V @ 87 
Event: 44.280 Thread 0x000001ac7cca4e50 DEOPT PACKING pc=0x000001ac0f9405e4 sp=0x0000000f1b4fcb80
Event: 44.280 Thread 0x000001ac7cca4e50 DEOPT UNPACKING pc=0x000001ac0eff69a3 sp=0x0000000f1b4fcb90 mode 2

Classes unloaded (0 events):
No events

Classes redefined (0 events):
No events

Internal exceptions (20 events):
Event: 25.356 Thread 0x000001ac7cca4e50 Exception <a 'java/lang/NoSuchMethodError'{0x00000000a72a0718}: 'java.lang.Object java.lang.invoke.DirectMethodHandle$Holder.invokeStatic(java.lang.Object, int, java.lang.Object)'> (0x00000000a72a0718) 
thrown [s\src\hotspot\share\interpreter\linkResolver.cpp, line 759]
Event: 26.532 Thread 0x000001ac7cca4e50 Implicit null exception at 0x000001ac0f68233c to 0x000001ac0f68334c
Event: 26.980 Thread 0x000001ac7cca4e50 Exception <a 'java/lang/NoSuchMethodError'{0x00000000a6900068}: 'int java.lang.invoke.DirectMethodHandle$Holder.invokeStaticInit(java.lang.Object, int)'> (0x00000000a6900068) 
thrown [s\src\hotspot\share\interpreter\linkResolver.cpp, line 759]
Event: 27.221 Thread 0x000001ac7cca4e50 Implicit null exception at 0x000001ac0f55abf2 to 0x000001ac0f55b1c0
Event: 27.287 Thread 0x000001ac7cca4e50 Implicit null exception at 0x000001ac0f55c0f2 to 0x000001ac0f55c6d0
Event: 27.622 Thread 0x000001ac7cca4e50 Exception <a 'java/lang/NoSuchMethodError'{0x00000000a75e2230}: 'java.lang.Object java.lang.invoke.DirectMethodHandle$Holder.invokeInterface(java.lang.Object, java.lang.Object, java.lang.Object)'> (0x00000000a75e2230) 
thrown [s\src\hotspot\share\interpreter\linkResolver.cpp, line 759]
Event: 27.622 Thread 0x000001ac7cca4e50 Exception <a 'java/lang/IncompatibleClassChangeError'{0x00000000a75e5ba0}: Found class java.lang.Object, but interface was expected> (0x00000000a75e5ba0) 
thrown [s\src\hotspot\share\interpreter\linkResolver.cpp, line 826]
Event: 27.635 Thread 0x000001ac7cca4e50 Exception <a 'java/lang/NoSuchMethodError'{0x00000000a741f870}: 'java.lang.Object java.lang.invoke.DirectMethodHandle$Holder.newInvokeSpecial(java.lang.Object, java.lang.Object, java.lang.Object, java.lang.Object, java.lang.Object, java.lang.Object, java.lang.Object)'> (0x00000000a741f870) 
thrown [s\src\hotspot\share\interpreter\linkResolver.cpp, line 759]
Event: 27.636 Thread 0x000001ac7cca4e50 Exception <a 'java/lang/NoSuchMethodError'{0x00000000a7424428}: 'java.lang.Object java.lang.invoke.Invokers$Holder.linkToTargetMethod(java.lang.Object, java.lang.Object, java.lang.Object, java.lang.Object, java.lang.Object, java.lang.Object, java.lang.Object)'> (0x00000000a7424428) 
thrown [s\src\hotspot\share\interpreter\linkResolver.cpp, line 759]
Event: 30.360 Thread 0x000001ac7cca4e50 Exception <a 'java/lang/NoSuchMethodError'{0x00000000a7390950}: 'void java.lang.invoke.DirectMethodHandle$Holder.invokeStatic(java.lang.Object, java.lang.Object, java.lang.Object)'> (0x00000000a7390950) 
thrown [s\src\hotspot\share\interpreter\linkResolver.cpp, line 759]
Event: 36.005 Thread 0x000001ac7cca4e50 Exception <a 'java/lang/NoSuchMethodError'{0x00000000a83831b8}: 'java.lang.Object java.lang.invoke.DirectMethodHandle$Holder.invokeStaticInit(java.lang.Object, java.lang.Object, java.lang.Object, java.lang.Object)'> (0x00000000a83831b8) 
thrown [s\src\hotspot\share\interpreter\linkResolver.cpp, line 759]
Event: 39.441 Thread 0x000001ac7cca4e50 Exception <a 'java/lang/NoSuchMethodError'{0x00000000a73af8f0}: 'java.lang.Object java.lang.invoke.DirectMethodHandle$Holder.newInvokeSpecial(java.lang.Object, java.lang.Object, java.lang.Object, int, int)'> (0x00000000a73af8f0) 
thrown [s\src\hotspot\share\interpreter\linkResolver.cpp, line 759]
Event: 39.441 Thread 0x000001ac7cca4e50 Exception <a 'java/lang/NoSuchMethodError'{0x00000000a73b3730}: 'java.lang.Object java.lang.invoke.DirectMethodHandle$Holder.invokeSpecial(java.lang.Object, java.lang.Object, java.lang.Object, java.lang.Object, int, int)'> (0x00000000a73b3730) 
thrown [s\src\hotspot\share\interpreter\linkResolver.cpp, line 759]
Event: 39.535 Thread 0x000001ac7cca4e50 Exception <a 'java/lang/NoSuchMethodError'{0x00000000a72af510}: 'java.lang.Object java.lang.invoke.DirectMethodHandle$Holder.invokeSpecial(java.lang.Object, java.lang.Object, int, int, java.lang.Object, java.lang.Object, java.lang.Object, java.lang.Object, java.lang.Object)'> (0x00000000a72af510) 
thrown [s\src\hotspot\share\interpreter\linkResolver.cpp, line 759]
Event: 39.541 Thread 0x000001ac7cca4e50 Implicit null exception at 0x000001ac0f5a8bf0 to 0x000001ac0f5a8e1c
Event: 39.769 Thread 0x000001ac7cca4e50 Exception <a 'java/lang/NoSuchMethodError'{0x00000000a70d1a58}: 'java.lang.Object java.lang.invoke.DirectMethodHandle$Holder.newInvokeSpecial(java.lang.Object, java.lang.Object, int, int, java.lang.Object, java.lang.Object, java.lang.Object)'> (0x00000000a70d1a58) 
thrown [s\src\hotspot\share\interpreter\linkResolver.cpp, line 759]
Event: 39.771 Thread 0x000001ac7cca4e50 Exception <a 'java/lang/NoSuchMethodError'{0x00000000a70d6058}: 'java.lang.Object java.lang.invoke.DirectMethodHandle$Holder.invokeSpecial(java.lang.Object, java.lang.Object, java.lang.Object, int, int, java.lang.Object, java.lang.Object, java.lang.Object)'> (0x00000000a70d6058) 
thrown [s\src\hotspot\share\interpreter\linkResolver.cpp, line 759]
Event: 40.935 Thread 0x000001ac7cca4e50 Exception <a 'java/lang/NoSuchMethodError'{0x00000000a817ecc8}: 'java.lang.Object java.lang.invoke.DirectMethodHandle$Holder.invokeStatic(java.lang.Object, java.lang.Object, java.lang.Object, int, int, java.lang.Object, java.lang.Object, java.lang.Object, java.lang.Object)'> (0x00000000a817ecc8) 
thrown [s\src\hotspot\share\interpreter\linkResolver.cpp, line 759]
Event: 40.936 Thread 0x000001ac7cca4e50 Exception <a 'java/lang/NoSuchMethodError'{0x00000000a81891e8}: 'java.lang.Object java.lang.invoke.DirectMethodHandle$Holder.newInvokeSpecial(java.lang.Object, java.lang.Object, java.lang.Object, int, int, java.lang.Object)'> (0x00000000a81891e8) 
thrown [s\src\hotspot\share\interpreter\linkResolver.cpp, line 759]
Event: 40.937 Thread 0x000001ac7cca4e50 Exception <a 'java/lang/NoSuchMethodError'{0x00000000a8190b88}: 'java.lang.Object java.lang.invoke.Invokers$Holder.linkToTargetMethod(java.lang.Object, java.lang.Object, int, int, java.lang.Object, java.lang.Object)'> (0x00000000a8190b88) 
thrown [s\src\hotspot\share\interpreter\linkResolver.cpp, line 759]

VM Operations (20 events):
Event: 42.122 Executing VM operation: ICBufferFull done
Event: 42.442 Executing VM operation: G1CollectForAllocation
Event: 42.466 Executing VM operation: G1CollectForAllocation done
Event: 42.514 Executing VM operation: G1CollectForAllocation
Event: 42.532 Executing VM operation: G1CollectForAllocation done
Event: 42.813 Executing VM operation: HandshakeAllThreads
Event: 42.813 Executing VM operation: HandshakeAllThreads done
Event: 42.838 Executing VM operation: HandshakeAllThreads
Event: 42.838 Executing VM operation: HandshakeAllThreads done
Event: 42.862 Executing VM operation: HandshakeAllThreads
Event: 42.862 Executing VM operation: HandshakeAllThreads done
Event: 43.581 Executing VM operation: ICBufferFull
Event: 43.582 Executing VM operation: ICBufferFull done
Event: 43.719 Executing VM operation: HandshakeAllThreads
Event: 43.719 Executing VM operation: HandshakeAllThreads done
Event: 43.802 Executing VM operation: HandshakeAllThreads
Event: 43.802 Executing VM operation: HandshakeAllThreads done
Event: 44.176 Executing VM operation: ICBufferFull
Event: 44.176 Executing VM operation: ICBufferFull done
Event: 44.283 Executing VM operation: G1CollectForAllocation

Events (20 events):
Event: 42.112 Thread 0x000001ac7fb61d10 flushing nmethod 0x000001ac08981910
Event: 42.113 Thread 0x000001ac7fb61d10 flushing nmethod 0x000001ac089af590
Event: 42.113 Thread 0x000001ac7fb61d10 flushing nmethod 0x000001ac08a16990
Event: 42.113 Thread 0x000001ac7fb61d10 flushing nmethod 0x000001ac08a27310
Event: 42.114 Thread 0x000001ac7fb61d10 flushing nmethod 0x000001ac08a6a210
Event: 42.115 Thread 0x000001ac7fb61d10 flushing nmethod 0x000001ac08b58010
Event: 42.115 Thread 0x000001ac7fb61d10 flushing nmethod 0x000001ac08b65f10
Event: 42.115 Thread 0x000001ac7fb61d10 flushing nmethod 0x000001ac08b81810
Event: 42.115 Thread 0x000001ac7fb61d10 flushing nmethod 0x000001ac08bc5890
Event: 42.115 Thread 0x000001ac7fb61d10 flushing nmethod 0x000001ac08bd6310
Event: 42.115 Thread 0x000001ac7fb61d10 flushing nmethod 0x000001ac08c08510
Event: 42.123 Thread 0x000001ac7fb61d10 flushing nmethod 0x000001ac08e19c90
Event: 42.123 Thread 0x000001ac7fb61d10 flushing nmethod 0x000001ac08e47790
Event: 42.123 Thread 0x000001ac7fb61d10 flushing nmethod 0x000001ac08eab090
Event: 42.124 Thread 0x000001ac7fb61d10 flushing nmethod 0x000001ac08ec5290
Event: 42.125 Thread 0x000001ac7fb61d10 flushing nmethod 0x000001ac09062990
Event: 42.127 Thread 0x000001ac7fb61d10 flushing nmethod 0x000001ac0924a090
Event: 42.127 Thread 0x000001ac7fb61d10 flushing nmethod 0x000001ac09293510
Event: 42.127 Thread 0x000001ac7fb61d10 flushing nmethod 0x000001ac092e2d90
Event: 42.127 Thread 0x000001ac7fb61d10 flushing nmethod 0x000001ac0931a210


Dynamic libraries:
0x00007ff71bf20000 - 0x00007ff71bf2e000 	C:\Users\Blaziod\jdk-17\bin\java.exe
0x00007ffe59330000 - 0x00007ffe59528000 	C:\WINDOWS\SYSTEM32\ntdll.dll
0x00007ffe57370000 - 0x00007ffe5742d000 	C:\WINDOWS\System32\KERNEL32.DLL
0x00007ffe56e20000 - 0x00007ffe57116000 	C:\WINDOWS\System32\KERNELBASE.dll
0x00007ffe571d0000 - 0x00007ffe572d0000 	C:\WINDOWS\System32\ucrtbase.dll
0x00007ffe51680000 - 0x00007ffe5169b000 	C:\Users\Blaziod\jdk-17\bin\VCRUNTIME140.dll
0x00007ffe51740000 - 0x00007ffe51757000 	C:\Users\Blaziod\jdk-17\bin\jli.dll
0x00007ffe58320000 - 0x00007ffe584be000 	C:\WINDOWS\System32\USER32.dll
0x00007ffe572d0000 - 0x00007ffe572f2000 	C:\WINDOWS\System32\win32u.dll
0x00007ffe580e0000 - 0x00007ffe5810b000 	C:\WINDOWS\System32\GDI32.dll
0x00007ffe56a20000 - 0x00007ffe56b37000 	C:\WINDOWS\System32\gdi32full.dll
0x00007ffe56c20000 - 0x00007ffe56cbd000 	C:\WINDOWS\System32\msvcp_win.dll
0x00007ffe55d60000 - 0x00007ffe55ffa000 	C:\WINDOWS\WinSxS\amd64_microsoft.windows.common-controls_6595b64144ccf1df_6.0.19041.3636_none_60b6a03d71f818d5\COMCTL32.dll
0x00007ffe59250000 - 0x00007ffe592ee000 	C:\WINDOWS\System32\msvcrt.dll
0x00007ffe580a0000 - 0x00007ffe580d2000 	C:\WINDOWS\System32\IMM32.DLL
0x00007ffe51730000 - 0x00007ffe5173c000 	C:\Users\Blaziod\jdk-17\bin\vcruntime140_1.dll
0x00007ffe11a10000 - 0x00007ffe11a9d000 	C:\Users\Blaziod\jdk-17\bin\msvcp140.dll
0x00007ffe10240000 - 0x00007ffe10ea2000 	C:\Users\Blaziod\jdk-17\bin\server\jvm.dll
0x00007ffe58260000 - 0x00007ffe58313000 	C:\WINDOWS\System32\ADVAPI32.dll
0x00007ffe57ce0000 - 0x00007ffe57d7f000 	C:\WINDOWS\System32\sechost.dll
0x00007ffe57ea0000 - 0x00007ffe57fc6000 	C:\WINDOWS\System32\RPCRT4.dll
0x00007ffe569f0000 - 0x00007ffe56a17000 	C:\WINDOWS\System32\bcrypt.dll
0x00007ffe4b4a0000 - 0x00007ffe4b4a9000 	C:\WINDOWS\SYSTEM32\WSOCK32.dll
0x00007ffe59110000 - 0x00007ffe5917b000 	C:\WINDOWS\System32\WS2_32.dll
0x00007ffe4bbb0000 - 0x00007ffe4bbba000 	C:\WINDOWS\SYSTEM32\VERSION.dll
0x00007ffe4bb80000 - 0x00007ffe4bba7000 	C:\WINDOWS\SYSTEM32\WINMM.dll
0x00007ffe56850000 - 0x00007ffe5689b000 	C:\WINDOWS\SYSTEM32\POWRPROF.dll
0x00007ffe56830000 - 0x00007ffe56842000 	C:\WINDOWS\SYSTEM32\UMPDC.dll
0x00007ffe53aa0000 - 0x00007ffe53ab2000 	C:\WINDOWS\SYSTEM32\kernel.appcore.dll
0x00007ffe4b6f0000 - 0x00007ffe4b6fa000 	C:\Users\Blaziod\jdk-17\bin\jimage.dll
0x00007ffe56360000 - 0x00007ffe56544000 	C:\WINDOWS\SYSTEM32\DBGHELP.DLL
0x00007ffe56170000 - 0x00007ffe561a4000 	C:\WINDOWS\SYSTEM32\dbgcore.DLL
0x00007ffe56b90000 - 0x00007ffe56c12000 	C:\WINDOWS\System32\bcryptPrimitives.dll
0x00007ffe3bf00000 - 0x00007ffe3bf25000 	C:\Users\Blaziod\jdk-17\bin\java.dll
0x00007ffe114e0000 - 0x00007ffe115b7000 	C:\Users\Blaziod\jdk-17\bin\jsvml.dll
0x00007ffe584c0000 - 0x00007ffe58c05000 	C:\WINDOWS\System32\SHELL32.dll
0x00007ffe53da0000 - 0x00007ffe5453c000 	C:\WINDOWS\SYSTEM32\windows.storage.dll
0x00007ffe58db0000 - 0x00007ffe59104000 	C:\WINDOWS\System32\combase.dll
0x00007ffe55cc0000 - 0x00007ffe55cee000 	C:\WINDOWS\SYSTEM32\Wldp.dll
0x00007ffe57fd0000 - 0x00007ffe5809d000 	C:\WINDOWS\System32\OLEAUT32.dll
0x00007ffe591a0000 - 0x00007ffe5924d000 	C:\WINDOWS\System32\SHCORE.dll
0x00007ffe58200000 - 0x00007ffe58255000 	C:\WINDOWS\System32\shlwapi.dll
0x00007ffe56920000 - 0x00007ffe56945000 	C:\WINDOWS\SYSTEM32\profapi.dll
0x00007ffe49b50000 - 0x00007ffe49b69000 	C:\Users\Blaziod\jdk-17\bin\net.dll
0x00007ffe4be50000 - 0x00007ffe4bf5a000 	C:\WINDOWS\SYSTEM32\WINHTTP.dll
0x00007ffe559a0000 - 0x00007ffe55a0a000 	C:\WINDOWS\system32\mswsock.dll
0x00007ffe3bee0000 - 0x00007ffe3bef6000 	C:\Users\Blaziod\jdk-17\bin\nio.dll
0x00007ffe37b10000 - 0x00007ffe37b28000 	C:\Users\Blaziod\jdk-17\bin\zip.dll
0x00007ffe3d130000 - 0x00007ffe3d140000 	C:\Users\Blaziod\jdk-17\bin\verify.dll

dbghelp: loaded successfully - version: 4.0.5 - missing functions: none
symbol engine: initialized successfully - sym options: 0x614 - pdb path: .;C:\Users\Blaziod\jdk-17\bin;C:\WINDOWS\SYSTEM32;C:\WINDOWS\WinSxS\amd64_microsoft.windows.common-controls_6595b64144ccf1df_6.0.19041.3636_none_60b6a03d71f818d5;C:\Users\Blaziod\jdk-17\bin\server

VM Arguments:
java_command: org.jetbrains.kotlin.cli.jvm.K2JVMCompiler @C:\Users\Blaziod\Desktop\Trend3\node_modules\react-native-safe-area-context\android\build\20240417_8144337364469959213.compiler.options
java_class_path (initial): C:\Users\Blaziod\.gradle\caches\modules-2\files-2.1\org.jetbrains.kotlin\kotlin-compiler-embeddable\1.8.0\eb9118d4bcceaa2a94b2ae2a33a4ddba7c9a947f\kotlin-compiler-embeddable-1.8.0.jar;C:\Users\Blaziod\.gradle\caches\modules-2\files-2.1\org.jetbrains.kotlin\kotlin-stdlib\1.8.0\1796921c7a3e2e2665a83e6c8d33399336cd39bc\kotlin-stdlib-1.8.0.jar;C:\Users\Blaziod\.gradle\caches\modules-2\files-2.1\org.jetbrains.kotlin\kotlin-script-runtime\1.8.0\b2f7e760d283cb339974851c222a4c1d48f2d3d\kotlin-script-runtime-1.8.0.jar;C:\Users\Blaziod\.gradle\caches\modules-2\files-2.1\org.jetbrains.kotlin\kotlin-reflect\1.6.10\1cbe9c92c12a94eea200d23c2bbaedaf3daf5132\kotlin-reflect-1.6.10.jar;C:\Users\Blaziod\.gradle\caches\modules-2\files-2.1\org.jetbrains.kotlin\kotlin-daemon-embeddable\1.8.0\d255216c551685dc3a7e852b53617f5f01aaaa5c\kotlin-daemon-embeddable-1.8.0.jar;C:\Users\Blaziod\.gradle\caches\modules-2\files-2.1\org.jetbrains.intellij.deps\trove4j\1.0.20200330\3afb14d5f9ceb459d724e907a21145e8ff394f02\trove4j-1.0.20200330.jar;C:\Users\Blaziod\.gradle\caches\modules-2\files-2.1\net.java.dev.jna\jna\5.6.0\330f2244e9030119ab3030fc3fededc86713d9cc\jna-5.6.0.jar;C:\Users\Blaziod\.gradle\caches\modules-2\files-2.1\org.jetbrains.kotlin\kotlin-stdlib-common\1.8.0\f7197e7cc76453ac59f8b0f8d5137cc600becd36\kotlin-stdlib-common-1.8.0.jar;C:\Users\Blaziod\.gradle\caches\modules-2\files-2.1\org.jetbrains\annotations\13.0\919f0dfe192fb4e063e7dacadee7f8bb9a2672a9\annotations-13.0.jar
Launcher Type: SUN_STANDARD

[Global flags]
     intx CICompilerCount                          = 4                                         {product} {ergonomic}
     uint ConcGCThreads                            = 2                                         {product} {ergonomic}
     uint G1ConcRefinementThreads                  = 8                                         {product} {ergonomic}
   size_t G1HeapRegionSize                         = 1048576                                   {product} {ergonomic}
    uintx GCDrainStackTargetSize                   = 64                                        {product} {ergonomic}
   size_t InitialHeapSize                          = 100663296                                 {product} {ergonomic}
   size_t MarkStackSize                            = 4194304                                   {product} {ergonomic}
   size_t MaxHeapSize                              = 1579155456                                {product} {ergonomic}
   size_t MaxNewSize                               = 946864128                                 {product} {ergonomic}
   size_t MinHeapDeltaBytes                        = 1048576                                   {product} {ergonomic}
   size_t MinHeapSize                              = 8388608                                   {product} {ergonomic}
    uintx NonNMethodCodeHeapSize                   = 5839372                                {pd product} {ergonomic}
    uintx NonProfiledCodeHeapSize                  = 122909434                              {pd product} {ergonomic}
    uintx ProfiledCodeHeapSize                     = 122909434                              {pd product} {ergonomic}
    uintx ReservedCodeCacheSize                    = 251658240                              {pd product} {ergonomic}
     bool SegmentedCodeCache                       = true                                      {product} {ergonomic}
   size_t SoftMaxHeapSize                          = 1579155456                             {manageable} {ergonomic}
     bool UseCompressedClassPointers               = true                           {product lp64_product} {ergonomic}
     bool UseCompressedOops                        = true                           {product lp64_product} {ergonomic}
     bool UseG1GC                                  = true                                      {product} {ergonomic}
     bool UseLargePagesIndividualAllocation        = false                                  {pd product} {ergonomic}

Logging:
Log output configuration:
 #0: stdout all=warning uptime,level,tags
 #1: stderr all=off uptime,level,tags

Environment Variables:
JAVA_HOME=C:\Users\Blaziod/jdk-17
CLASSPATH=C:\Users\Blaziod\Desktop\Trend3\android\\gradle\wrapper\gradle-wrapper.jar
PATH=C:\Users\Blaziod\AppData\Local\Temp\yarn--1713349070662-0.0208626323043144;C:\Users\Blaziod\Desktop\Trend3\node_modules\.bin;C:\Users\Blaziod\AppData\Local\Yarn\Data\link\node_modules\.bin;C:\Users\Blaziod\AppData\Local\Yarn\bin;C:\Program Files\libexec\lib\node_modules\npm\bin\node-gyp-bin;C:\Program Files\lib\node_modules\npm\bin\node-gyp-bin;C:\Program Files\nodejs\node_modules\npm\bin\node-gyp-bin;C:\Users\Blaziod\AppData\Local\cloud-code\installer\google-cloud-sdk\bin;C:\Program Files\Common Files\Oracle\Java\javapath;C:\WINDOWS\system32;C:\WINDOWS;C:\WINDOWS\System32\Wbem;C:\WINDOWS\System32\WindowsPowerShell\v1.0\;C:\WINDOWS\System32\OpenSSH\;C:\Program Files\nodejs\;C:\Program Files\Git\cmd;C:\Program Files (x86)\Windows Kits\10\Windows Performance Toolkit\;C:\Users\Blaziod\AppData\Local\Android\Sdk\platform-tools;C:\php;C:\Users\Blaziod\jdk-17\bin;C:\Users\Blaziod\AppData\Local\Android\Sdk\tools;C:\Program Files\Java\jdk-17\;C:\Users\Blaziod\AppData\Local\Programs\Python\Python36-32\Scripts\;C:\Users\Blaziod\AppData\Local\Programs\Python\Python36-32\;C:\Users\Blaziod\AppData\Local\Programs\Python\Python312\Scripts\;C:\Users\Blaziod\AppData\Local\Programs\Python\Python312\;C:\Users\Blaziod\AppData\Local\Programs\Python\Launcher\;C:\Users\Blaziod\AppData\Local\Microsoft\WindowsApps;C:\Users\Blaziod\AppData\Local\Programs\Microsoft VS Code\bin;C:\Users\Blaziod\AppData\Roaming\npm;C:\Users\Blaziod\AppData\Local\Android\Sdk\platform-tools;
USERNAME=Blaziod
LANG=en_US.UTF-8
OS=Windows_NT
PROCESSOR_IDENTIFIER=AMD64 Family 23 Model 24 Stepping 1, AuthenticAMD
TMP=C:\Users\Blaziod\AppData\Local\Temp
TEMP=C:\Users\Blaziod\AppData\Local\Temp



Periodic native trim disabled


---------------  S Y S T E M  ---------------

OS:
 Windows 10 , 64 bit Build 19041 (10.0.19041.3636)
OS uptime: 5 days 0:19 hours

CPU: total 8 (initial active 8) (8 cores per cpu, 2 threads per core) family 23 model 24 stepping 1 microcode 0x0, cx8, cmov, fxsr, ht, mmx, 3dnowpref, sse, sse2, sse3, ssse3, sse4a, sse4.1, sse4.2, popcnt, lzcnt, tsc, tscinvbit, avx, avx2, aes, clmul, bmi1, bmi2, adx, sha, fma, vzeroupper, clflush, clflushopt
Processor Information for all 8 processors :
  Max Mhz: 2300, Current Mhz: 2300, Mhz Limit: 2300

Memory: 4k page, system-wide physical 6020M (14M free)
TotalPageFile size 24452M (AvailPageFile size 5M)
current process WorkingSet (physical memory assigned to process): 226M, peak: 237M
current process commit charge ("private bytes"): 342M, peak: 451M

vm_info: OpenJDK 64-Bit Server VM (17.0.10+7) for windows-amd64 JRE (17.0.10+7), built on Jan 16 2024 23:25:11 by "admin" with MS VC++ 16.10 / 16.11 (VS2019)

END.
