#
# There is insufficient memory for the Java Runtime Environment to continue.
# Native memory allocation (malloc) failed to allocate 1116976 bytes for Chunk::new
# Possible reasons:
#   The system is out of physical RAM or swap space
#   The process is running with CompressedOops enabled, and the Java Heap may be blocking the growth of the native heap
# Possible solutions:
#   Reduce memory load on the system
#   Increase physical memory or swap space
#   Check if swap backing store is full
#   Decrease Java heap size (-Xmx/-Xms)
#   Decrease number of Java threads
#   Decrease Java thread stack sizes (-Xss)
#   Set larger code cache with -XX:ReservedCodeCacheSize=
#   JVM is running with Unscaled Compressed Oops mode in which the Java heap is
#     placed in the first 4GB address space. The Java Heap base address is the
#     maximum limit for the native heap growth. Please use -XX:HeapBaseMinAddress
#     to set the Java Heap base and to place the Java Heap above 4GB virtual address.
# This output file may be truncated or incomplete.
#
#  Out of Memory Error (arena.cpp:191), pid=14440, tid=15528
#
# JRE version: OpenJDK Runtime Environment Temurin-17.0.10+7 (17.0.10+7) (build 17.0.10+7)
# Java VM: OpenJDK 64-Bit Server VM Temurin-17.0.10+7 (17.0.10+7, mixed mode, sharing, tiered, compressed oops, compressed class ptrs, g1 gc, windows-amd64)
# No core dump will be written. Minidumps are not enabled by default on client versions of Windows
#

---------------  S U M M A R Y ------------

Command Line: -XX:MaxMetaspaceSize=512m --add-opens=java.base/java.util=ALL-UNNAMED --add-opens=java.base/java.lang=ALL-UNNAMED --add-opens=java.base/java.lang.invoke=ALL-UNNAMED --add-opens=java.prefs/java.util.prefs=ALL-UNNAMED --add-opens=java.base/java.nio.charset=ALL-UNNAMED --add-opens=java.base/java.net=ALL-UNNAMED --add-opens=java.base/java.util.concurrent.atomic=ALL-UNNAMED -Xmx2048m -Dfile.encoding=windows-1252 -Duser.country=GB -Duser.language=en -Duser.variant -javaagent:C:\Users\Blaziod\.gradle\wrapper\dists\gradle-8.3-all\6en3ugtfdg5xnpx44z4qbwgas\gradle-8.3\lib\agents\gradle-instrumentation-agent-8.3.jar org.gradle.launcher.daemon.bootstrap.GradleDaemon 8.3

Host: AMD Ryzen 7 3700U with Radeon Vega Mobile Gfx  , 8 cores, 5G,  Windows 10 , 64 bit Build 19041 (10.0.19041.3636)
Time: Sat Jun 22 10:16:08 2024 W. Central Africa Standard Time elapsed time: 50.163058 seconds (0d 0h 0m 50s)

---------------  T H R E A D  ---------------

Current thread (0x000001df35128ed0):  JavaThread "C2 CompilerThread0" daemon [_thread_in_native, id=15528, stack(0x0000006684100000,0x0000006684200000)]


Current CompileTask:
C2:  50163 6934 %     4       org.gradle.internal.instantiation.generator.AbstractClassGenerator::inspectType @ 77 (560 bytes)

Stack: [0x0000006684100000,0x0000006684200000]
Native frames: (J=compiled Java code, j=interpreted, Vv=VM code, C=native code)
V  [jvm.dll+0x67d2c9]
V  [jvm.dll+0x834afa]
V  [jvm.dll+0x8365be]
V  [jvm.dll+0x836c23]
V  [jvm.dll+0x2477ff]
V  [jvm.dll+0xac514]
V  [jvm.dll+0xacb5c]
V  [jvm.dll+0x2aed1f]
V  [jvm.dll+0x584b67]
V  [jvm.dll+0x2228a2]
V  [jvm.dll+0x21b942]
V  [jvm.dll+0x219201]
V  [jvm.dll+0x1a502d]
V  [jvm.dll+0x2290de]
V  [jvm.dll+0x2272ac]
V  [jvm.dll+0x7e9bb7]
V  [jvm.dll+0x7e3fba]
V  [jvm.dll+0x67c1b5]
C  [ucrtbase.dll+0x21bb2]
C  [KERNEL32.DLL+0x17344]
C  [ntdll.dll+0x526b1]


---------------  P R O C E S S  ---------------

Threads class SMR info:
_java_thread_list=0x000001df58f85070, length=55, elements={
0x000001df16cb8440, 0x000001df3510a240, 0x000001df3510b0c0, 0x000001df3511f060,
0x000001df35126e60, 0x000001df35127820, 0x000001df351281e0, 0x000001df35128ed0,
0x000001df3512cdd0, 0x000001df3513b020, 0x000001df350f5280, 0x000001df353e4d10,
0x000001df550b4450, 0x000001df55c5ddb0, 0x000001df353493f0, 0x000001df560a0940,
0x000001df35e44b10, 0x000001df551a6200, 0x000001df551a66e0, 0x000001df35d8f190,
0x000001df35d905d0, 0x000001df35d90ae0, 0x000001df35d8f6a0, 0x000001df35d8fbb0,
0x000001df561a2fb0, 0x000001df5619f800, 0x000001df561a0730, 0x000001df5619ede0,
0x000001df5619f2f0, 0x000001df561a5320, 0x000001df561a2080, 0x000001df561a2590,
0x000001df561a0c40, 0x000001df561a34c0, 0x000001df5619fd10, 0x000001df561a0220,
0x000001df5619e3c0, 0x000001df5619deb0, 0x000001df561a5830, 0x000001df561a1660,
0x000001df561a39d0, 0x000001df5619e8d0, 0x000001df561a1150, 0x000001df561a3ee0,
0x000001df561a43f0, 0x000001df561a4900, 0x000001df561a4e10, 0x000001df57f43b70,
0x000001df57f43150, 0x000001df57f42c40, 0x000001df57f44080, 0x000001df57f43660,
0x000001df57f44590, 0x000001df57f44aa0, 0x000001df57f44fb0
}

Java Threads: ( => current thread )
  0x000001df16cb8440 JavaThread "main" [_thread_blocked, id=14760, stack(0x0000006683400000,0x0000006683500000)]
  0x000001df3510a240 JavaThread "Reference Handler" daemon [_thread_blocked, id=15384, stack(0x0000006683b00000,0x0000006683c00000)]
  0x000001df3510b0c0 JavaThread "Finalizer" daemon [_thread_blocked, id=13980, stack(0x0000006683c00000,0x0000006683d00000)]
  0x000001df3511f060 JavaThread "Signal Dispatcher" daemon [_thread_blocked, id=8332, stack(0x0000006683d00000,0x0000006683e00000)]
  0x000001df35126e60 JavaThread "Attach Listener" daemon [_thread_blocked, id=7016, stack(0x0000006683e00000,0x0000006683f00000)]
  0x000001df35127820 JavaThread "Service Thread" daemon [_thread_blocked, id=10136, stack(0x0000006683f00000,0x0000006684000000)]
  0x000001df351281e0 JavaThread "Monitor Deflation Thread" daemon [_thread_blocked, id=17168, stack(0x0000006684000000,0x0000006684100000)]
=>0x000001df35128ed0 JavaThread "C2 CompilerThread0" daemon [_thread_in_native, id=15528, stack(0x0000006684100000,0x0000006684200000)]
  0x000001df3512cdd0 JavaThread "C1 CompilerThread0" daemon [_thread_blocked, id=17748, stack(0x0000006684200000,0x0000006684300000)]
  0x000001df3513b020 JavaThread "Sweeper thread" daemon [_thread_blocked, id=3732, stack(0x0000006684300000,0x0000006684400000)]
  0x000001df350f5280 JavaThread "Common-Cleaner" daemon [_thread_blocked, id=18116, stack(0x0000006684400000,0x0000006684500000)]
  0x000001df353e4d10 JavaThread "Notification Thread" daemon [_thread_blocked, id=11564, stack(0x0000006684500000,0x0000006684600000)]
  0x000001df550b4450 JavaThread "Daemon health stats" [_thread_blocked, id=8272, stack(0x0000006684b00000,0x0000006684c00000)]
  0x000001df55c5ddb0 JavaThread "Incoming local TCP Connector on port 50783" [_thread_in_native, id=15280, stack(0x0000006684c00000,0x0000006684d00000)]
  0x000001df353493f0 JavaThread "Daemon periodic checks" [_thread_blocked, id=17564, stack(0x0000006684d00000,0x0000006684e00000)]
  0x000001df560a0940 JavaThread "Daemon" [_thread_blocked, id=4324, stack(0x0000006684e00000,0x0000006684f00000)]
  0x000001df35e44b10 JavaThread "Handler for socket connection from /127.0.0.1:50783 to /127.0.0.1:50784" [_thread_in_native, id=15276, stack(0x0000006684f00000,0x0000006685000000)]
  0x000001df551a6200 JavaThread "Cancel handler" [_thread_blocked, id=2320, stack(0x0000006685000000,0x0000006685100000)]
  0x000001df551a66e0 JavaThread "Daemon worker" [_thread_in_Java, id=15616, stack(0x0000006685100000,0x0000006685200000)]
  0x000001df35d8f190 JavaThread "Asynchronous log dispatcher for DefaultDaemonConnection: socket connection from /127.0.0.1:50783 to /127.0.0.1:50784" [_thread_blocked, id=15884, stack(0x0000006685200000,0x0000006685300000)]
  0x000001df35d905d0 JavaThread "Stdin handler" [_thread_blocked, id=5976, stack(0x0000006685300000,0x0000006685400000)]
  0x000001df35d90ae0 JavaThread "Daemon client event forwarder" [_thread_blocked, id=16864, stack(0x0000006685400000,0x0000006685500000)]
  0x000001df35d8f6a0 JavaThread "Cache worker for journal cache (C:\Users\Blaziod\.gradle\caches\journal-1)" [_thread_blocked, id=13496, stack(0x0000006685500000,0x0000006685600000)]
  0x000001df35d8fbb0 JavaThread "File lock request listener" [_thread_in_native, id=12000, stack(0x0000006685900000,0x0000006685a00000)]
  0x000001df561a2fb0 JavaThread "Cache worker for file hash cache (C:\Users\Blaziod\.gradle\caches\8.3\fileHashes)" [_thread_blocked, id=12428, stack(0x0000006685b00000,0x0000006685c00000)]
  0x000001df5619f800 JavaThread "File watcher server" daemon [_thread_in_native, id=17444, stack(0x0000006685a00000,0x0000006685b00000)]
  0x000001df561a0730 JavaThread "File watcher consumer" daemon [_thread_blocked, id=4952, stack(0x0000006685c00000,0x0000006685d00000)]
  0x000001df5619ede0 JavaThread "Cache worker for checksums cache (C:\Users\Blaziod\Desktop\Trend3\android\.gradle\8.3\checksums)" [_thread_blocked, id=14976, stack(0x0000006685d00000,0x0000006685e00000)]
  0x000001df5619f2f0 JavaThread "Cache worker for file hash cache (C:\Users\Blaziod\Desktop\Trend3\android\.gradle\8.3\fileHashes)" [_thread_blocked, id=5452, stack(0x0000006685e00000,0x0000006685f00000)]
  0x000001df561a5320 JavaThread "Cache worker for cache directory md-supplier (C:\Users\Blaziod\.gradle\caches\8.3\md-supplier)" [_thread_blocked, id=13632, stack(0x0000006685f00000,0x0000006686000000)]
  0x000001df561a2080 JavaThread "Cache worker for file content cache (C:\Users\Blaziod\.gradle\caches\8.3\fileContent)" [_thread_blocked, id=12136, stack(0x0000006686000000,0x0000006686100000)]
  0x000001df561a2590 JavaThread "Cache worker for cache directory md-rule (C:\Users\Blaziod\.gradle\caches\8.3\md-rule)" [_thread_blocked, id=6420, stack(0x0000006686200000,0x0000006686300000)]
  0x000001df561a0c40 JavaThread "Cache worker for execution history cache (C:\Users\Blaziod\.gradle\caches\8.3\executionHistory)" [_thread_blocked, id=3512, stack(0x0000006686300000,0x0000006686400000)]
  0x000001df561a34c0 JavaThread "jar transforms" [_thread_blocked, id=1352, stack(0x0000006686400000,0x0000006686500000)]
  0x000001df5619fd10 JavaThread "jar transforms Thread 2" [_thread_blocked, id=9160, stack(0x0000006686500000,0x0000006686600000)]
  0x000001df561a0220 JavaThread "jar transforms Thread 3" [_thread_blocked, id=7480, stack(0x0000006686600000,0x0000006686700000)]
  0x000001df5619e3c0 JavaThread "jar transforms Thread 4" [_thread_blocked, id=14416, stack(0x0000006686700000,0x0000006686800000)]
  0x000001df5619deb0 JavaThread "Cache worker for kotlin-dsl (C:\Users\Blaziod\.gradle\caches\8.3\kotlin-dsl)" [_thread_blocked, id=14712, stack(0x0000006686a00000,0x0000006686b00000)]
  0x000001df561a5830 JavaThread "jar transforms Thread 5" [_thread_blocked, id=9884, stack(0x0000006686b00000,0x0000006686c00000)]
  0x000001df561a1660 JavaThread "jar transforms Thread 6" [_thread_blocked, id=820, stack(0x0000006686c00000,0x0000006686d00000)]
  0x000001df561a39d0 JavaThread "Unconstrained build operations" [_thread_blocked, id=14864, stack(0x0000006686d00000,0x0000006686e00000)]
  0x000001df5619e8d0 JavaThread "Unconstrained build operations Thread 2" [_thread_blocked, id=4416, stack(0x0000006686e00000,0x0000006686f00000)]
  0x000001df561a1150 JavaThread "jar transforms Thread 7" [_thread_blocked, id=7196, stack(0x0000006686f00000,0x0000006687000000)]
  0x000001df561a3ee0 JavaThread "jar transforms Thread 8" [_thread_blocked, id=6724, stack(0x0000006687000000,0x0000006687100000)]
  0x000001df561a43f0 JavaThread "Cache worker for dependencies-accessors (C:\Users\Blaziod\Desktop\Trend3\android\.gradle\8.3\dependencies-accessors)" [_thread_blocked, id=6324, stack(0x0000006687100000,0x0000006687200000)]
  0x000001df561a4900 JavaThread "Cache worker for Build Output Cleanup Cache (C:\Users\Blaziod\Desktop\Trend3\node_modules\@react-native\gradle-plugin\.gradle\buildOutputCleanup)" [_thread_blocked, id=7620, stack(0x0000006687200000,0x0000006687300000)]
  0x000001df561a4e10 JavaThread "Unconstrained build operations Thread 3" [_thread_blocked, id=15660, stack(0x0000006687300000,0x0000006687400000)]
  0x000001df57f43b70 JavaThread "Unconstrained build operations Thread 4" [_thread_blocked, id=8144, stack(0x0000006687400000,0x0000006687500000)]
  0x000001df57f43150 JavaThread "Unconstrained build operations Thread 5" [_thread_blocked, id=16172, stack(0x0000006687500000,0x0000006687600000)]
  0x000001df57f42c40 JavaThread "Unconstrained build operations Thread 6" [_thread_blocked, id=15072, stack(0x0000006687600000,0x0000006687700000)]
  0x000001df57f44080 JavaThread "Unconstrained build operations Thread 7" [_thread_blocked, id=8300, stack(0x0000006687700000,0x0000006687800000)]
  0x000001df57f43660 JavaThread "Unconstrained build operations Thread 8" [_thread_blocked, id=14488, stack(0x0000006687800000,0x0000006687900000)]
  0x000001df57f44590 JavaThread "Unconstrained build operations Thread 9" [_thread_blocked, id=7916, stack(0x0000006687900000,0x0000006687a00000)]
  0x000001df57f44aa0 JavaThread "Memory manager" [_thread_blocked, id=3400, stack(0x0000006687a00000,0x0000006687b00000)]
  0x000001df57f44fb0 JavaThread "Cache worker for Build Output Cleanup Cache (C:\Users\Blaziod\Desktop\Trend3\android\.gradle\buildOutputCleanup)" [_thread_blocked, id=1140, stack(0x0000006687b00000,0x0000006687c00000)]

Other Threads:
  0x000001df351050d0 VMThread "VM Thread" [stack: 0x0000006683a00000,0x0000006683b00000] [id=16032]
  0x000001df3547fc10 WatcherThread [stack: 0x0000006684600000,0x0000006684700000] [id=3700]
  0x000001df16d153c0 GCTaskThread "GC Thread#0" [stack: 0x0000006683500000,0x0000006683600000] [id=10744]
  0x000001df35be44b0 GCTaskThread "GC Thread#1" [stack: 0x0000006684700000,0x0000006684800000] [id=10788]
  0x000001df35be4770 GCTaskThread "GC Thread#2" [stack: 0x0000006684800000,0x0000006684900000] [id=12704]
  0x000001df35be36f0 GCTaskThread "GC Thread#3" [stack: 0x0000006684900000,0x0000006684a00000] [id=16200]
  0x000001df35be3c70 GCTaskThread "GC Thread#4" [stack: 0x0000006684a00000,0x0000006684b00000] [id=9052]
  0x000001df35be39b0 GCTaskThread "GC Thread#5" [stack: 0x0000006685600000,0x0000006685700000] [id=16520]
  0x000001df35be3f30 GCTaskThread "GC Thread#6" [stack: 0x0000006685700000,0x0000006685800000] [id=15604]
  0x000001df35be5270 GCTaskThread "GC Thread#7" [stack: 0x0000006685800000,0x0000006685900000] [id=4564]
  0x000001df16d26310 ConcurrentGCThread "G1 Main Marker" [stack: 0x0000006683600000,0x0000006683700000] [id=15772]
  0x000001df16d26d30 ConcurrentGCThread "G1 Conc#0" [stack: 0x0000006683700000,0x0000006683800000] [id=17656]
  0x000001df35be41f0 ConcurrentGCThread "G1 Conc#1" [stack: 0x0000006686100000,0x0000006686200000] [id=7784]
  0x000001df16d68d00 ConcurrentGCThread "G1 Refine#0" [stack: 0x0000006683800000,0x0000006683900000] [id=10584]
  0x000001df16d69730 ConcurrentGCThread "G1 Service" [stack: 0x0000006683900000,0x0000006683a00000] [id=8908]

Threads with active compile tasks:
C2 CompilerThread0    50217 6934 %     4       org.gradle.internal.instantiation.generator.AbstractClassGenerator::inspectType @ 77 (560 bytes)
C1 CompilerThread0    50217 7008       3       org.gradle.internal.resolve.result.DefaultBuildableComponentResolveResult::hasResult (20 bytes)

VM state: not at safepoint (normal execution)

VM Mutex/Monitor currently owned by a thread: None

Heap address: 0x0000000080000000, size: 2048 MB, Compressed Oops mode: 32-bit

CDS archive(s) mapped at: [0x000001df36000000-0x000001df36bb0000-0x000001df36bb0000), size 12255232, SharedBaseAddress: 0x000001df36000000, ArchiveRelocationMode: 1.
Compressed class space mapped at: 0x000001df37000000-0x000001df51000000, reserved size: 436207616
Narrow klass base: 0x000001df36000000, Narrow klass shift: 0, Narrow klass range: 0x100000000

GC Precious Log:
 CPUs: 8 total, 8 available
 Memory: 6020M
 Large Page Support: Disabled
 NUMA Support: Disabled
 Compressed Oops: Enabled (32-bit)
 Heap Region Size: 1M
 Heap Min Capacity: 8M
 Heap Initial Capacity: 96M
 Heap Max Capacity: 2G
 Pre-touch: Disabled
 Parallel Workers: 8
 Concurrent Workers: 2
 Concurrent Refinement Workers: 8
 Periodic GC: Disabled

Heap:
 garbage-first heap   total 107520K, used 69367K [0x0000000080000000, 0x0000000100000000)
  region size 1024K, 8 young (8192K), 1 survivors (1024K)
 Metaspace       used 62170K, committed 62848K, reserved 491520K
  class space    used 8805K, committed 9152K, reserved 425984K

Heap Regions: E=young(eden), S=young(survivor), O=old, HS=humongous(starts), HC=humongous(continues), CS=collection set, F=free, OA=open archive, CA=closed archive, TAMS=top-at-mark-start (previous, next)
|   0|0x0000000080000000, 0x0000000080100000, 0x0000000080100000|100%|HS|  |TAMS 0x0000000080100000, 0x0000000080000000| Complete 
|   1|0x0000000080100000, 0x0000000080200000, 0x0000000080200000|100%|HC|  |TAMS 0x0000000080200000, 0x0000000080100000| Complete 
|   2|0x0000000080200000, 0x0000000080300000, 0x0000000080300000|100%|HC|  |TAMS 0x0000000080300000, 0x0000000080200000| Complete 
|   3|0x0000000080300000, 0x0000000080400000, 0x0000000080400000|100%|HC|  |TAMS 0x0000000080400000, 0x0000000080300000| Complete 
|   4|0x0000000080400000, 0x0000000080500000, 0x0000000080500000|100%| O|  |TAMS 0x0000000080500000, 0x0000000080400000| Untracked 
|   5|0x0000000080500000, 0x0000000080600000, 0x0000000080600000|100%| O|  |TAMS 0x0000000080600000, 0x0000000080500000| Untracked 
|   6|0x0000000080600000, 0x0000000080700000, 0x0000000080700000|100%| O|  |TAMS 0x0000000080700000, 0x0000000080600000| Untracked 
|   7|0x0000000080700000, 0x0000000080800000, 0x0000000080800000|100%| O|  |TAMS 0x0000000080800000, 0x0000000080700000| Untracked 
|   8|0x0000000080800000, 0x0000000080900000, 0x0000000080900000|100%| O|  |TAMS 0x0000000080900000, 0x0000000080800000| Untracked 
|   9|0x0000000080900000, 0x0000000080a00000, 0x0000000080a00000|100%| O|  |TAMS 0x0000000080a00000, 0x0000000080900000| Untracked 
|  10|0x0000000080a00000, 0x0000000080b00000, 0x0000000080b00000|100%| O|  |TAMS 0x0000000080b00000, 0x0000000080a00000| Untracked 
|  11|0x0000000080b00000, 0x0000000080c00000, 0x0000000080c00000|100%| O|  |TAMS 0x0000000080c00000, 0x0000000080b00000| Untracked 
|  12|0x0000000080c00000, 0x0000000080d00000, 0x0000000080d00000|100%| O|  |TAMS 0x0000000080d00000, 0x0000000080c00000| Untracked 
|  13|0x0000000080d00000, 0x0000000080e00000, 0x0000000080e00000|100%| O|  |TAMS 0x0000000080e00000, 0x0000000080d00000| Untracked 
|  14|0x0000000080e00000, 0x0000000080f00000, 0x0000000080f00000|100%| O|  |TAMS 0x0000000080f00000, 0x0000000080e00000| Untracked 
|  15|0x0000000080f00000, 0x0000000081000000, 0x0000000081000000|100%| O|  |TAMS 0x0000000081000000, 0x0000000080f00000| Untracked 
|  16|0x0000000081000000, 0x0000000081100000, 0x0000000081100000|100%| O|  |TAMS 0x0000000081100000, 0x0000000081000000| Untracked 
|  17|0x0000000081100000, 0x0000000081200000, 0x0000000081200000|100%| O|  |TAMS 0x0000000081200000, 0x0000000081100000| Untracked 
|  18|0x0000000081200000, 0x0000000081300000, 0x0000000081300000|100%| O|  |TAMS 0x0000000081300000, 0x0000000081200000| Untracked 
|  19|0x0000000081300000, 0x0000000081400000, 0x0000000081400000|100%| O|  |TAMS 0x0000000081300000, 0x0000000081300000| Untracked 
|  20|0x0000000081400000, 0x00000000814ffff8, 0x0000000081500000| 99%| O|  |TAMS 0x00000000814ffff8, 0x0000000081400000| Untracked 
|  21|0x0000000081500000, 0x0000000081600000, 0x0000000081600000|100%| O|  |TAMS 0x0000000081600000, 0x0000000081500000| Untracked 
|  22|0x0000000081600000, 0x0000000081700000, 0x0000000081700000|100%| O|  |TAMS 0x0000000081700000, 0x0000000081600000| Untracked 
|  23|0x0000000081700000, 0x0000000081800000, 0x0000000081800000|100%| O|  |TAMS 0x0000000081800000, 0x0000000081700000| Untracked 
|  24|0x0000000081800000, 0x0000000081800000, 0x0000000081900000|  0%| F|  |TAMS 0x0000000081800000, 0x0000000081800000| Untracked 
|  25|0x0000000081900000, 0x0000000081a00000, 0x0000000081a00000|100%| O|  |TAMS 0x0000000081a00000, 0x0000000081900000| Untracked 
|  26|0x0000000081a00000, 0x0000000081b00000, 0x0000000081b00000|100%| O|  |TAMS 0x0000000081b00000, 0x0000000081a00000| Untracked 
|  27|0x0000000081b00000, 0x0000000081c00000, 0x0000000081c00000|100%| O|  |TAMS 0x0000000081c00000, 0x0000000081b00000| Untracked 
|  28|0x0000000081c00000, 0x0000000081d00000, 0x0000000081d00000|100%| O|  |TAMS 0x0000000081d00000, 0x0000000081c00000| Untracked 
|  29|0x0000000081d00000, 0x0000000081e00000, 0x0000000081e00000|100%| O|  |TAMS 0x0000000081e00000, 0x0000000081d00000| Untracked 
|  30|0x0000000081e00000, 0x0000000081f00000, 0x0000000081f00000|100%| O|  |TAMS 0x0000000081f00000, 0x0000000081e00000| Untracked 
|  31|0x0000000081f00000, 0x0000000082000000, 0x0000000082000000|100%|HS|  |TAMS 0x0000000082000000, 0x0000000081f00000| Complete 
|  32|0x0000000082000000, 0x0000000082100000, 0x0000000082100000|100%|HC|  |TAMS 0x0000000082100000, 0x0000000082000000| Complete 
|  33|0x0000000082100000, 0x0000000082200000, 0x0000000082200000|100%| O|  |TAMS 0x0000000082200000, 0x0000000082100000| Untracked 
|  34|0x0000000082200000, 0x0000000082300000, 0x0000000082300000|100%| O|  |TAMS 0x0000000082300000, 0x0000000082200000| Untracked 
|  35|0x0000000082300000, 0x0000000082400000, 0x0000000082400000|100%| O|  |TAMS 0x0000000082400000, 0x0000000082300000| Untracked 
|  36|0x0000000082400000, 0x0000000082500000, 0x0000000082500000|100%| O|  |TAMS 0x0000000082500000, 0x0000000082400000| Untracked 
|  37|0x0000000082500000, 0x0000000082600000, 0x0000000082600000|100%| O|  |TAMS 0x0000000082600000, 0x0000000082500000| Untracked 
|  38|0x0000000082600000, 0x0000000082700000, 0x0000000082700000|100%| O|  |TAMS 0x0000000082700000, 0x0000000082600000| Untracked 
|  39|0x0000000082700000, 0x0000000082800000, 0x0000000082800000|100%| O|  |TAMS 0x0000000082800000, 0x0000000082700000| Untracked 
|  40|0x0000000082800000, 0x0000000082900000, 0x0000000082900000|100%|HS|  |TAMS 0x0000000082900000, 0x0000000082800000| Complete 
|  41|0x0000000082900000, 0x0000000082a00000, 0x0000000082a00000|100%|HC|  |TAMS 0x0000000082a00000, 0x0000000082900000| Complete 
|  42|0x0000000082a00000, 0x0000000082b00000, 0x0000000082b00000|100%| O|  |TAMS 0x0000000082b00000, 0x0000000082a00000| Untracked 
|  43|0x0000000082b00000, 0x0000000082c00000, 0x0000000082c00000|100%| O|  |TAMS 0x0000000082c00000, 0x0000000082b00000| Untracked 
|  44|0x0000000082c00000, 0x0000000082d00000, 0x0000000082d00000|100%|HS|  |TAMS 0x0000000082d00000, 0x0000000082c00000| Complete 
|  45|0x0000000082d00000, 0x0000000082e00000, 0x0000000082e00000|100%|HC|  |TAMS 0x0000000082e00000, 0x0000000082d00000| Complete 
|  46|0x0000000082e00000, 0x0000000082f00000, 0x0000000082f00000|100%|HC|  |TAMS 0x0000000082f00000, 0x0000000082e00000| Complete 
|  47|0x0000000082f00000, 0x0000000083000000, 0x0000000083000000|100%|HC|  |TAMS 0x0000000083000000, 0x0000000082f00000| Complete 
|  48|0x0000000083000000, 0x0000000083100000, 0x0000000083100000|100%| O|  |TAMS 0x0000000083100000, 0x0000000083000000| Untracked 
|  49|0x0000000083100000, 0x0000000083200000, 0x0000000083200000|100%| O|  |TAMS 0x0000000083200000, 0x0000000083100000| Untracked 
|  50|0x0000000083200000, 0x0000000083300000, 0x0000000083300000|100%| O|  |TAMS 0x0000000083300000, 0x0000000083200000| Untracked 
|  51|0x0000000083300000, 0x0000000083400000, 0x0000000083400000|100%| O|  |TAMS 0x0000000083400000, 0x0000000083300000| Untracked 
|  52|0x0000000083400000, 0x0000000083500000, 0x0000000083500000|100%|HS|  |TAMS 0x0000000083500000, 0x0000000083400000| Complete 
|  53|0x0000000083500000, 0x0000000083600000, 0x0000000083600000|100%|HC|  |TAMS 0x0000000083600000, 0x0000000083500000| Complete 
|  54|0x0000000083600000, 0x0000000083700000, 0x0000000083700000|100%|HC|  |TAMS 0x0000000083700000, 0x0000000083600000| Complete 
|  55|0x0000000083700000, 0x0000000083800000, 0x0000000083800000|100%|HC|  |TAMS 0x0000000083800000, 0x0000000083700000| Complete 
|  56|0x0000000083800000, 0x0000000083900000, 0x0000000083900000|100%| O|  |TAMS 0x0000000083900000, 0x0000000083800000| Untracked 
|  57|0x0000000083900000, 0x0000000083a00000, 0x0000000083a00000|100%| O|  |TAMS 0x0000000083a00000, 0x0000000083900000| Untracked 
|  58|0x0000000083a00000, 0x0000000083b00000, 0x0000000083b00000|100%| O|  |TAMS 0x0000000083b00000, 0x0000000083a00000| Untracked 
|  59|0x0000000083b00000, 0x0000000083c00000, 0x0000000083c00000|100%| O|  |TAMS 0x0000000083bb9600, 0x0000000083b00000| Untracked 
|  60|0x0000000083c00000, 0x0000000083d00000, 0x0000000083d00000|100%| O|  |TAMS 0x0000000083c00000, 0x0000000083c00000| Untracked 
|  61|0x0000000083d00000, 0x0000000083e00000, 0x0000000083e00000|100%| O|  |TAMS 0x0000000083d00000, 0x0000000083d00000| Untracked 
|  62|0x0000000083e00000, 0x0000000083e3d200, 0x0000000083f00000| 23%| O|  |TAMS 0x0000000083e00000, 0x0000000083e00000| Untracked 
|  63|0x0000000083f00000, 0x0000000083f00000, 0x0000000084000000|  0%| F|  |TAMS 0x0000000083f00000, 0x0000000083f00000| Untracked 
|  64|0x0000000084000000, 0x0000000084000000, 0x0000000084100000|  0%| F|  |TAMS 0x0000000084000000, 0x0000000084000000| Untracked 
|  65|0x0000000084100000, 0x0000000084100000, 0x0000000084200000|  0%| F|  |TAMS 0x0000000084100000, 0x0000000084100000| Untracked 
|  66|0x0000000084200000, 0x0000000084200000, 0x0000000084300000|  0%| F|  |TAMS 0x0000000084200000, 0x0000000084200000| Untracked 
|  67|0x0000000084300000, 0x0000000084300000, 0x0000000084400000|  0%| F|  |TAMS 0x0000000084300000, 0x0000000084300000| Untracked 
|  68|0x0000000084400000, 0x0000000084400000, 0x0000000084500000|  0%| F|  |TAMS 0x0000000084400000, 0x0000000084400000| Untracked 
|  69|0x0000000084500000, 0x0000000084500000, 0x0000000084600000|  0%| F|  |TAMS 0x0000000084500000, 0x0000000084500000| Untracked 
|  70|0x0000000084600000, 0x0000000084600000, 0x0000000084700000|  0%| F|  |TAMS 0x0000000084600000, 0x0000000084600000| Untracked 
|  71|0x0000000084700000, 0x0000000084700000, 0x0000000084800000|  0%| F|  |TAMS 0x0000000084700000, 0x0000000084700000| Untracked 
|  72|0x0000000084800000, 0x0000000084800000, 0x0000000084900000|  0%| F|  |TAMS 0x0000000084800000, 0x0000000084800000| Untracked 
|  73|0x0000000084900000, 0x0000000084900000, 0x0000000084a00000|  0%| F|  |TAMS 0x0000000084900000, 0x0000000084900000| Untracked 
|  74|0x0000000084a00000, 0x0000000084a00000, 0x0000000084b00000|  0%| F|  |TAMS 0x0000000084a00000, 0x0000000084a00000| Untracked 
|  75|0x0000000084b00000, 0x0000000084b00000, 0x0000000084c00000|  0%| F|  |TAMS 0x0000000084b00000, 0x0000000084b00000| Untracked 
|  76|0x0000000084c00000, 0x0000000084c00000, 0x0000000084d00000|  0%| F|  |TAMS 0x0000000084c00000, 0x0000000084c00000| Untracked 
|  77|0x0000000084d00000, 0x0000000084d00000, 0x0000000084e00000|  0%| F|  |TAMS 0x0000000084d00000, 0x0000000084d00000| Untracked 
|  78|0x0000000084e00000, 0x0000000084e00000, 0x0000000084f00000|  0%| F|  |TAMS 0x0000000084e00000, 0x0000000084e00000| Untracked 
|  79|0x0000000084f00000, 0x0000000084f00000, 0x0000000085000000|  0%| F|  |TAMS 0x0000000084f00000, 0x0000000084f00000| Untracked 
|  80|0x0000000085000000, 0x0000000085000000, 0x0000000085100000|  0%| F|  |TAMS 0x0000000085000000, 0x0000000085000000| Untracked 
|  81|0x0000000085100000, 0x0000000085100000, 0x0000000085200000|  0%| F|  |TAMS 0x0000000085100000, 0x0000000085100000| Untracked 
|  82|0x0000000085200000, 0x0000000085200000, 0x0000000085300000|  0%| F|  |TAMS 0x0000000085200000, 0x0000000085200000| Untracked 
|  83|0x0000000085300000, 0x0000000085300000, 0x0000000085400000|  0%| F|  |TAMS 0x0000000085300000, 0x0000000085300000| Untracked 
|  84|0x0000000085400000, 0x0000000085400000, 0x0000000085500000|  0%| F|  |TAMS 0x0000000085400000, 0x0000000085400000| Untracked 
|  85|0x0000000085500000, 0x0000000085500000, 0x0000000085600000|  0%| F|  |TAMS 0x0000000085500000, 0x0000000085500000| Untracked 
|  86|0x0000000085600000, 0x0000000085600000, 0x0000000085700000|  0%| F|  |TAMS 0x0000000085600000, 0x0000000085600000| Untracked 
|  87|0x0000000085700000, 0x0000000085700000, 0x0000000085800000|  0%| F|  |TAMS 0x0000000085700000, 0x0000000085700000| Untracked 
|  88|0x0000000085800000, 0x0000000085800000, 0x0000000085900000|  0%| F|  |TAMS 0x0000000085800000, 0x0000000085800000| Untracked 
|  89|0x0000000085900000, 0x0000000085900000, 0x0000000085a00000|  0%| F|  |TAMS 0x0000000085900000, 0x0000000085900000| Untracked 
|  90|0x0000000085a00000, 0x0000000085a00000, 0x0000000085b00000|  0%| F|  |TAMS 0x0000000085a00000, 0x0000000085a00000| Untracked 
|  91|0x0000000085b00000, 0x0000000085b00000, 0x0000000085c00000|  0%| F|  |TAMS 0x0000000085b00000, 0x0000000085b00000| Untracked 
|  92|0x0000000085c00000, 0x0000000085c00000, 0x0000000085d00000|  0%| F|  |TAMS 0x0000000085c00000, 0x0000000085c00000| Untracked 
|  93|0x0000000085d00000, 0x0000000085d00000, 0x0000000085e00000|  0%| F|  |TAMS 0x0000000085d00000, 0x0000000085d00000| Untracked 
|  94|0x0000000085e00000, 0x0000000085e00000, 0x0000000085f00000|  0%| F|  |TAMS 0x0000000085e00000, 0x0000000085e00000| Untracked 
|  95|0x0000000085f00000, 0x0000000085f00000, 0x0000000086000000|  0%| F|  |TAMS 0x0000000085f00000, 0x0000000085f00000| Untracked 
|  96|0x0000000086000000, 0x0000000086000000, 0x0000000086100000|  0%| F|  |TAMS 0x0000000086000000, 0x0000000086000000| Untracked 
|  97|0x0000000086100000, 0x0000000086172160, 0x0000000086200000| 44%| E|  |TAMS 0x0000000086100000, 0x0000000086100000| Complete 
|  98|0x0000000086200000, 0x0000000086300000, 0x0000000086300000|100%| E|CS|TAMS 0x0000000086200000, 0x0000000086200000| Complete 
|  99|0x0000000086300000, 0x0000000086400000, 0x0000000086400000|100%| E|CS|TAMS 0x0000000086300000, 0x0000000086300000| Complete 
| 100|0x0000000086400000, 0x0000000086500000, 0x0000000086500000|100%| E|CS|TAMS 0x0000000086400000, 0x0000000086400000| Complete 
| 101|0x0000000086500000, 0x0000000086600000, 0x0000000086600000|100%| E|CS|TAMS 0x0000000086500000, 0x0000000086500000| Complete 
| 102|0x0000000086600000, 0x0000000086700000, 0x0000000086700000|100%| E|CS|TAMS 0x0000000086600000, 0x0000000086600000| Complete 
| 103|0x0000000086700000, 0x0000000086780cc0, 0x0000000086800000| 50%| S|CS|TAMS 0x0000000086700000, 0x0000000086700000| Complete 
| 104|0x0000000086800000, 0x0000000086900000, 0x0000000086900000|100%| E|CS|TAMS 0x0000000086800000, 0x0000000086800000| Complete 

Card table byte_map: [0x000001df2df10000,0x000001df2e310000] _byte_map_base: 0x000001df2db10000

Marking Bits (Prev, Next): (CMBitMap*) 0x000001df16d15a20, (CMBitMap*) 0x000001df16d159e0
 Prev Bits: [0x000001df30710000, 0x000001df32710000)
 Next Bits: [0x000001df2e710000, 0x000001df30710000)

Polling page: 0x000001df16470000

Metaspace:

Usage:
  Non-class:     52.12 MB used.
      Class:      8.60 MB used.
       Both:     60.72 MB used.

Virtual space:
  Non-class space:       64.00 MB reserved,      52.44 MB ( 82%) committed,  1 nodes.
      Class space:      416.00 MB reserved,       8.94 MB (  2%) committed,  1 nodes.
             Both:      480.00 MB reserved,      61.38 MB ( 13%) committed. 

Chunk freelists:
   Non-Class:  10.95 MB
       Class:  7.11 MB
        Both:  18.06 MB

MaxMetaspaceSize: 512.00 MB
CompressedClassSpaceSize: 416.00 MB
Initial GC threshold: 21.00 MB
Current GC threshold: 98.69 MB
CDS: on
MetaspaceReclaimPolicy: balanced
 - commit_granule_bytes: 65536.
 - commit_granule_words: 8192.
 - virtual_space_node_default_size: 8388608.
 - enlarge_chunks_in_place: 1.
 - new_chunks_are_fully_committed: 0.
 - uncommit_free_chunks: 1.
 - use_allocation_guard: 0.
 - handle_deallocations: 1.


Internal statistics:

num_allocs_failed_limit: 9.
num_arena_births: 768.
num_arena_deaths: 0.
num_vsnodes_births: 2.
num_vsnodes_deaths: 0.
num_space_committed: 982.
num_space_uncommitted: 0.
num_chunks_returned_to_freelist: 9.
num_chunks_taken_from_freelist: 3264.
num_chunk_merges: 9.
num_chunk_splits: 2189.
num_chunks_enlarged: 1480.
num_inconsistent_stats: 0.

CodeHeap 'non-profiled nmethods': size=120000Kb used=3026Kb max_used=3199Kb free=116973Kb
 bounds [0x000001df262b0000, 0x000001df265d0000, 0x000001df2d7e0000]
CodeHeap 'profiled nmethods': size=120000Kb used=12372Kb max_used=12372Kb free=107628Kb
 bounds [0x000001df1e7e0000, 0x000001df1f400000, 0x000001df25d10000]
CodeHeap 'non-nmethods': size=5760Kb used=2359Kb max_used=2405Kb free=3400Kb
 bounds [0x000001df25d10000, 0x000001df25f80000, 0x000001df262b0000]
 total_blobs=7067 nmethods=6185 adapters=794
 compilation: enabled
              stopped_count=0, restarted_count=0
 full_count=0

Compilation events (20 events):
Event: 50.087 Thread 0x000001df3512cdd0 6965       3       org.gradle.internal.instantiation.generator.AsmBackedClassGenerator$ClassBuilderImpl::access$1400 (4 bytes)
Event: 50.087 Thread 0x000001df3512cdd0 nmethod 6965 0x000001df1f3d0610 code [0x000001df1f3d07a0, 0x000001df1f3d0898]
Event: 50.101 Thread 0x000001df3512cdd0 6966   !   3       org.gradle.internal.instantiation.generator.AbstractClassGenerator::generateUnderLock (702 bytes)
Event: 50.109 Thread 0x000001df3512cdd0 nmethod 6966 0x000001df1f3d0910 code [0x000001df1f3d1380, 0x000001df1f3d9408]
Event: 50.109 Thread 0x000001df3512cdd0 6967       3       java.lang.invoke.LambdaForm$MH/0x000001df37279000::linkToTargetMethod (17 bytes)
Event: 50.110 Thread 0x000001df3512cdd0 nmethod 6967 0x000001df1f3dca90 code [0x000001df1f3dcc40, 0x000001df1f3dd0b8]
Event: 50.110 Thread 0x000001df3512cdd0 6968       3       java.lang.invoke.LambdaForm$DMH/0x000001df37278c00::newInvokeSpecial (34 bytes)
Event: 50.110 Thread 0x000001df3512cdd0 nmethod 6968 0x000001df1f3dd190 code [0x000001df1f3dd380, 0x000001df1f3ddb88]
Event: 50.116 Thread 0x000001df3512cdd0 6969       3       org.gradle.internal.instantiation.generator.AsmBackedClassGenerator$ClassBuilderImpl::addConventionSetter (58 bytes)
Event: 50.117 Thread 0x000001df3512cdd0 nmethod 6969 0x000001df1f3ddd90 code [0x000001df1f3de000, 0x000001df1f3dec18]
Event: 50.117 Thread 0x000001df3512cdd0 6970       3       org.gradle.internal.instantiation.generator.AsmBackedClassGenerator$ClassBuilderImpl$$Lambda$204/0x000001df3727f2a8::<init> (38 bytes)
Event: 50.117 Thread 0x000001df3512cdd0 nmethod 6970 0x000001df1f3df090 code [0x000001df1f3df240, 0x000001df1f3df5d8]
Event: 50.122 Thread 0x000001df3512cdd0 6971       3       org.gradle.api.internal.provider.AbstractProperty::assertCanMutate (12 bytes)
Event: 50.122 Thread 0x000001df3512cdd0 nmethod 6971 0x000001df1f3df690 code [0x000001df1f3df840, 0x000001df1f3dfad8]
Event: 50.122 Thread 0x000001df3512cdd0 6972       3       org.gradle.api.internal.provider.AbstractProperty$NonFinalizedValue::beforeMutate (34 bytes)
Event: 50.123 Thread 0x000001df3512cdd0 nmethod 6972 0x000001df1f3dfb90 code [0x000001df1f3dfe00, 0x000001df1f3e0a28]
Event: 50.145 Thread 0x000001df3512cdd0 6973       3       org.gradle.internal.instantiation.generator.ManagedObjectFactory::displayNameFor (73 bytes)
Event: 50.147 Thread 0x000001df3512cdd0 nmethod 6973 0x000001df1f3e0e90 code [0x000001df1f3e11c0, 0x000001df1f3e26e8]
Event: 50.147 Thread 0x000001df3512cdd0 6974       3       org.gradle.internal.instantiation.generator.ManagedObjectFactory$ManagedPropertyName::<init> (15 bytes)
Event: 50.147 Thread 0x000001df3512cdd0 nmethod 6974 0x000001df1f3e2d90 code [0x000001df1f3e2f40, 0x000001df1f3e3158]

GC Heap History (20 events):
Event: 44.980 GC heap before
{Heap before GC invocations=19 (full 0):
 garbage-first heap   total 89088K, used 71963K [0x0000000080000000, 0x0000000100000000)
  region size 1024K, 24 young (24576K), 2 survivors (2048K)
 Metaspace       used 49236K, committed 49856K, reserved 491520K
  class space    used 6906K, committed 7168K, reserved 425984K
}
Event: 44.985 GC heap after
{Heap after GC invocations=20 (full 0):
 garbage-first heap   total 89088K, used 51855K [0x0000000080000000, 0x0000000100000000)
  region size 1024K, 3 young (3072K), 3 survivors (3072K)
 Metaspace       used 49236K, committed 49856K, reserved 491520K
  class space    used 6906K, committed 7168K, reserved 425984K
}
Event: 45.722 GC heap before
{Heap before GC invocations=20 (full 0):
 garbage-first heap   total 89088K, used 72335K [0x0000000080000000, 0x0000000100000000)
  region size 1024K, 23 young (23552K), 3 survivors (3072K)
 Metaspace       used 51152K, committed 51776K, reserved 491520K
  class space    used 7219K, committed 7552K, reserved 425984K
}
Event: 45.725 GC heap after
{Heap after GC invocations=21 (full 0):
 garbage-first heap   total 89088K, used 52677K [0x0000000080000000, 0x0000000100000000)
  region size 1024K, 1 young (1024K), 1 survivors (1024K)
 Metaspace       used 51152K, committed 51776K, reserved 491520K
  class space    used 7219K, committed 7552K, reserved 425984K
}
Event: 46.009 GC heap before
{Heap before GC invocations=22 (full 0):
 garbage-first heap   total 94208K, used 60869K [0x0000000080000000, 0x0000000100000000)
  region size 1024K, 10 young (10240K), 1 survivors (1024K)
 Metaspace       used 51940K, committed 52608K, reserved 491520K
  class space    used 7359K, committed 7680K, reserved 425984K
}
Event: 46.012 GC heap after
{Heap after GC invocations=23 (full 0):
 garbage-first heap   total 94208K, used 53115K [0x0000000080000000, 0x0000000100000000)
  region size 1024K, 2 young (2048K), 2 survivors (2048K)
 Metaspace       used 51940K, committed 52608K, reserved 491520K
  class space    used 7359K, committed 7680K, reserved 425984K
}
Event: 46.730 GC heap before
{Heap before GC invocations=24 (full 0):
 garbage-first heap   total 102400K, used 78715K [0x0000000080000000, 0x0000000100000000)
  region size 1024K, 24 young (24576K), 2 survivors (2048K)
 Metaspace       used 53545K, committed 54208K, reserved 491520K
  class space    used 7559K, committed 7872K, reserved 425984K
}
Event: 46.732 GC heap after
{Heap after GC invocations=25 (full 0):
 garbage-first heap   total 102400K, used 58194K [0x0000000080000000, 0x0000000100000000)
  region size 1024K, 3 young (3072K), 3 survivors (3072K)
 Metaspace       used 53545K, committed 54208K, reserved 491520K
  class space    used 7559K, committed 7872K, reserved 425984K
}
Event: 47.527 GC heap before
{Heap before GC invocations=25 (full 0):
 garbage-first heap   total 102400K, used 81746K [0x0000000080000000, 0x0000000100000000)
  region size 1024K, 27 young (27648K), 3 survivors (3072K)
 Metaspace       used 55580K, committed 56256K, reserved 491520K
  class space    used 7853K, committed 8192K, reserved 425984K
}
Event: 47.531 GC heap after
{Heap after GC invocations=26 (full 0):
 garbage-first heap   total 102400K, used 59107K [0x0000000080000000, 0x0000000100000000)
  region size 1024K, 3 young (3072K), 3 survivors (3072K)
 Metaspace       used 55580K, committed 56256K, reserved 491520K
  class space    used 7853K, committed 8192K, reserved 425984K
}
Event: 48.192 GC heap before
{Heap before GC invocations=27 (full 0):
 garbage-first heap   total 106496K, used 81635K [0x0000000080000000, 0x0000000100000000)
  region size 1024K, 26 young (26624K), 3 survivors (3072K)
 Metaspace       used 58379K, committed 59072K, reserved 491520K
  class space    used 8218K, committed 8576K, reserved 425984K
}
Event: 48.196 GC heap after
{Heap after GC invocations=28 (full 0):
 garbage-first heap   total 106496K, used 60458K [0x0000000080000000, 0x0000000100000000)
  region size 1024K, 4 young (4096K), 4 survivors (4096K)
 Metaspace       used 58379K, committed 59072K, reserved 491520K
  class space    used 8218K, committed 8576K, reserved 425984K
}
Event: 48.237 GC heap before
{Heap before GC invocations=28 (full 0):
 garbage-first heap   total 106496K, used 61482K [0x0000000080000000, 0x0000000100000000)
  region size 1024K, 5 young (5120K), 4 survivors (4096K)
 Metaspace       used 58419K, committed 59136K, reserved 491520K
  class space    used 8221K, committed 8576K, reserved 425984K
}
Event: 48.240 GC heap after
{Heap after GC invocations=29 (full 0):
 garbage-first heap   total 106496K, used 60733K [0x0000000080000000, 0x0000000100000000)
  region size 1024K, 1 young (1024K), 1 survivors (1024K)
 Metaspace       used 58419K, committed 59136K, reserved 491520K
  class space    used 8221K, committed 8576K, reserved 425984K
}
Event: 49.165 GC heap before
{Heap before GC invocations=29 (full 0):
 garbage-first heap   total 106496K, used 87357K [0x0000000080000000, 0x0000000100000000)
  region size 1024K, 27 young (27648K), 1 survivors (1024K)
 Metaspace       used 59933K, committed 60608K, reserved 491520K
  class space    used 8445K, committed 8768K, reserved 425984K
}
Event: 49.169 GC heap after
{Heap after GC invocations=30 (full 0):
 garbage-first heap   total 106496K, used 61787K [0x0000000080000000, 0x0000000100000000)
  region size 1024K, 2 young (2048K), 2 survivors (2048K)
 Metaspace       used 59933K, committed 60608K, reserved 491520K
  class space    used 8445K, committed 8768K, reserved 425984K
}
Event: 50.000 GC heap before
{Heap before GC invocations=31 (full 0):
 garbage-first heap   total 107520K, used 88411K [0x0000000080000000, 0x0000000100000000)
  region size 1024K, 28 young (28672K), 2 survivors (2048K)
 Metaspace       used 61639K, committed 62272K, reserved 491520K
  class space    used 8725K, committed 9024K, reserved 425984K
}
Event: 50.003 GC heap after
{Heap after GC invocations=32 (full 0):
 garbage-first heap   total 107520K, used 63239K [0x0000000080000000, 0x0000000100000000)
  region size 1024K, 4 young (4096K), 4 survivors (4096K)
 Metaspace       used 61639K, committed 62272K, reserved 491520K
  class space    used 8725K, committed 9024K, reserved 425984K
}
Event: 50.028 GC heap before
{Heap before GC invocations=32 (full 0):
 garbage-first heap   total 107520K, used 64263K [0x0000000080000000, 0x0000000100000000)
  region size 1024K, 5 young (5120K), 4 survivors (4096K)
 Metaspace       used 61705K, committed 62336K, reserved 491520K
  class space    used 8732K, committed 9024K, reserved 425984K
}
Event: 50.032 GC heap after
{Heap after GC invocations=33 (full 0):
 garbage-first heap   total 107520K, used 63223K [0x0000000080000000, 0x0000000100000000)
  region size 1024K, 1 young (1024K), 1 survivors (1024K)
 Metaspace       used 61705K, committed 62336K, reserved 491520K
  class space    used 8732K, committed 9024K, reserved 425984K
}

Dll operation events (15 events):
Event: 0.017 Loaded shared library C:\Users\Blaziod\jdk-17\bin\java.dll
Event: 0.057 Loaded shared library C:\Users\Blaziod\jdk-17\bin\jsvml.dll
Event: 0.195 Loaded shared library C:\Users\Blaziod\jdk-17\bin\zip.dll
Event: 0.202 Loaded shared library C:\Users\Blaziod\jdk-17\bin\instrument.dll
Event: 0.225 Loaded shared library C:\Users\Blaziod\jdk-17\bin\net.dll
Event: 0.230 Loaded shared library C:\Users\Blaziod\jdk-17\bin\nio.dll
Event: 0.238 Loaded shared library C:\Users\Blaziod\jdk-17\bin\zip.dll
Event: 0.998 Loaded shared library C:\Users\Blaziod\jdk-17\bin\jimage.dll
Event: 1.177 Loaded shared library C:\Users\Blaziod\jdk-17\bin\verify.dll
Event: 1.665 Loaded shared library C:\Users\Blaziod\.gradle\native\68d5fa5c4cc2d200863cafc0d521ce42e7d3e7ee720ec0a83991735586a16f82\windows-amd64\native-platform.dll
Event: 1.829 Loaded shared library C:\Users\Blaziod\.gradle\native\e376f236ea51e6404a007f0833ffe2c6e607c4080706a723a18a27aeea778392\windows-amd64\native-platform-file-events.dll
Event: 5.383 Loaded shared library C:\Users\Blaziod\jdk-17\bin\management.dll
Event: 5.391 Loaded shared library C:\Users\Blaziod\jdk-17\bin\management_ext.dll
Event: 6.231 Loaded shared library C:\Users\Blaziod\jdk-17\bin\extnet.dll
Event: 7.009 Loaded shared library C:\Users\Blaziod\jdk-17\bin\sunmscapi.dll

Deoptimization events (20 events):
Event: 50.035 Thread 0x000001df551a66e0 Uncommon trap: trap_request=0xffffff45 fr.pc=0x000001df26529da0 relative=0x0000000000001800
Event: 50.035 Thread 0x000001df551a66e0 Uncommon trap: reason=unstable_if action=reinterpret pc=0x000001df26529da0 method=org.objectweb.asm.Type.getArgumentsAndReturnSizes(Ljava/lang/String;)I @ 117 c2
Event: 50.035 Thread 0x000001df551a66e0 DEOPT PACKING pc=0x000001df26529da0 sp=0x00000066851f5810
Event: 50.035 Thread 0x000001df551a66e0 DEOPT UNPACKING pc=0x000001df25d669a3 sp=0x00000066851f56c8 mode 2
Event: 50.035 Thread 0x000001df551a66e0 Uncommon trap: trap_request=0xffffff45 fr.pc=0x000001df265ce8f4 relative=0x00000000000006f4
Event: 50.035 Thread 0x000001df551a66e0 Uncommon trap: reason=unstable_if action=reinterpret pc=0x000001df265ce8f4 method=org.objectweb.asm.Frame.getAbstractTypeFromDescriptor(Lorg/objectweb/asm/SymbolTable;Ljava/lang/String;I)I @ 5 c2
Event: 50.035 Thread 0x000001df551a66e0 DEOPT PACKING pc=0x000001df265ce8f4 sp=0x00000066851f56e0
Event: 50.035 Thread 0x000001df551a66e0 DEOPT UNPACKING pc=0x000001df25d669a3 sp=0x00000066851f56a0 mode 2
Event: 50.035 Thread 0x000001df551a66e0 Uncommon trap: trap_request=0xffffff45 fr.pc=0x000001df265073d8 relative=0x0000000000000838
Event: 50.035 Thread 0x000001df551a66e0 Uncommon trap: reason=unstable_if action=reinterpret pc=0x000001df265073d8 method=org.objectweb.asm.Frame.push(Lorg/objectweb/asm/SymbolTable;Ljava/lang/String;)V @ 42 c2
Event: 50.035 Thread 0x000001df551a66e0 DEOPT PACKING pc=0x000001df265073d8 sp=0x00000066851f5760
Event: 50.035 Thread 0x000001df551a66e0 DEOPT UNPACKING pc=0x000001df25d669a3 sp=0x00000066851f5738 mode 2
Event: 50.035 Thread 0x000001df551a66e0 Uncommon trap: trap_request=0xffffff45 fr.pc=0x000001df26579364 relative=0x00000000000003a4
Event: 50.035 Thread 0x000001df551a66e0 Uncommon trap: reason=unstable_if action=reinterpret pc=0x000001df26579364 method=org.objectweb.asm.MethodWriter.visitVarInsn(II)V @ 224 c2
Event: 50.035 Thread 0x000001df551a66e0 DEOPT PACKING pc=0x000001df26579364 sp=0x00000066851f5a20
Event: 50.035 Thread 0x000001df551a66e0 DEOPT UNPACKING pc=0x000001df25d669a3 sp=0x00000066851f59c8 mode 2
Event: 50.035 Thread 0x000001df551a66e0 Uncommon trap: trap_request=0xffffff45 fr.pc=0x000001df26439b6c relative=0x000000000000474c
Event: 50.035 Thread 0x000001df551a66e0 Uncommon trap: reason=unstable_if action=reinterpret pc=0x000001df26439b6c method=org.objectweb.asm.Type.getTypeInternal(Ljava/lang/String;II)Lorg/objectweb/asm/Type; @ 5 c2
Event: 50.035 Thread 0x000001df551a66e0 DEOPT PACKING pc=0x000001df26439b6c sp=0x00000066851f5ba0
Event: 50.035 Thread 0x000001df551a66e0 DEOPT UNPACKING pc=0x000001df25d669a3 sp=0x00000066851f59d0 mode 2

Classes unloaded (0 events):
No events

Classes redefined (0 events):
No events

Internal exceptions (20 events):
Event: 49.126 Thread 0x000001df551a66e0 Exception <a 'java/lang/ClassNotFoundException'{0x00000000851be6c8}: org/gradle/internal/metaobject/ConfigureDelegateBeanInfo> (0x00000000851be6c8) 
thrown [s\src\hotspot\share\classfile\systemDictionary.cpp, line 256]
Event: 49.127 Thread 0x000001df551a66e0 Exception <a 'java/lang/ClassNotFoundException'{0x00000000851ced50}: org/gradle/internal/metaobject/ConfigureDelegateCustomizer> (0x00000000851ced50) 
thrown [s\src\hotspot\share\classfile\systemDictionary.cpp, line 256]
Event: 49.133 Thread 0x000001df551a66e0 Exception <a 'java/lang/ClassNotFoundException'{0x00000000850126b0}: org/gradle/api/internal/initialization/DefaultScriptHandlerBeanInfo> (0x00000000850126b0) 
thrown [s\src\hotspot\share\classfile\systemDictionary.cpp, line 256]
Event: 49.144 Thread 0x000001df551a66e0 Exception <a 'java/lang/ClassNotFoundException'{0x00000000850230c8}: org/gradle/api/internal/initialization/DefaultScriptHandlerCustomizer> (0x00000000850230c8) 
thrown [s\src\hotspot\share\classfile\systemDictionary.cpp, line 256]
Event: 49.173 Thread 0x000001df551a66e0 Exception <a 'java/lang/ClassNotFoundException'{0x0000000086750ee8}: org/gradle/api/internal/artifacts/dsl/DefaultRepositoryHandler_DecoratedBeanInfo> (0x0000000086750ee8) 
thrown [s\src\hotspot\share\classfile\systemDictionary.cpp, line 256]
Event: 49.174 Thread 0x000001df551a66e0 Exception <a 'java/lang/ClassNotFoundException'{0x0000000086767d60}: org/gradle/api/internal/artifacts/dsl/DefaultRepositoryHandlerBeanInfo> (0x0000000086767d60) 
thrown [s\src\hotspot\share\classfile\systemDictionary.cpp, line 256]
Event: 49.175 Thread 0x000001df551a66e0 Exception <a 'java/lang/ClassNotFoundException'{0x000000008677eaf0}: org/gradle/api/internal/artifacts/DefaultArtifactRepositoryContainerBeanInfo> (0x000000008677eaf0) 
thrown [s\src\hotspot\share\classfile\systemDictionary.cpp, line 256]
Event: 49.176 Thread 0x000001df551a66e0 Exception <a 'java/lang/ClassNotFoundException'{0x0000000086792a70}: org/gradle/api/internal/DefaultNamedDomainObjectListBeanInfo> (0x0000000086792a70) 
thrown [s\src\hotspot\share\classfile\systemDictionary.cpp, line 256]
Event: 49.177 Thread 0x000001df551a66e0 Exception <a 'java/lang/ClassNotFoundException'{0x00000000867a6b48}: org/gradle/api/internal/DefaultNamedDomainObjectCollectionBeanInfo> (0x00000000867a6b48) 
thrown [s\src\hotspot\share\classfile\systemDictionary.cpp, line 256]
Event: 49.178 Thread 0x000001df551a66e0 Exception <a 'java/lang/ClassNotFoundException'{0x00000000867baac8}: org/gradle/api/internal/DefaultDomainObjectCollectionBeanInfo> (0x00000000867baac8) 
thrown [s\src\hotspot\share\classfile\systemDictionary.cpp, line 256]
Event: 49.179 Thread 0x000001df551a66e0 Exception <a 'java/lang/ClassNotFoundException'{0x00000000867cedd0}: org/gradle/api/internal/DefaultDomainObjectCollectionCustomizer> (0x00000000867cedd0) 
thrown [s\src\hotspot\share\classfile\systemDictionary.cpp, line 256]
Event: 49.185 Thread 0x000001df551a66e0 Exception <a 'java/lang/ClassNotFoundException'{0x00000000866037a0}: org/gradle/api/internal/DefaultNamedDomainObjectCollectionCustomizer> (0x00000000866037a0) 
thrown [s\src\hotspot\share\classfile\systemDictionary.cpp, line 256]
Event: 49.189 Thread 0x000001df551a66e0 Exception <a 'java/lang/ClassNotFoundException'{0x000000008663f0f0}: org/gradle/api/internal/DefaultNamedDomainObjectListCustomizer> (0x000000008663f0f0) 
thrown [s\src\hotspot\share\classfile\systemDictionary.cpp, line 256]
Event: 49.205 Thread 0x000001df551a66e0 Exception <a 'java/lang/ClassNotFoundException'{0x0000000086670b98}: org/gradle/api/internal/artifacts/DefaultArtifactRepositoryContainerCustomizer> (0x0000000086670b98) 
thrown [s\src\hotspot\share\classfile\systemDictionary.cpp, line 256]
Event: 49.209 Thread 0x000001df551a66e0 Exception <a 'java/lang/ClassNotFoundException'{0x0000000086699460}: org/gradle/api/internal/artifacts/dsl/DefaultRepositoryHandlerCustomizer> (0x0000000086699460) 
thrown [s\src\hotspot\share\classfile\systemDictionary.cpp, line 256]
Event: 49.227 Thread 0x000001df551a66e0 Exception <a 'java/lang/ClassNotFoundException'{0x00000000866cfd90}: org/gradle/api/internal/artifacts/dsl/DefaultRepositoryHandler_DecoratedCustomizer> (0x00000000866cfd90) 
thrown [s\src\hotspot\share\classfile\systemDictionary.cpp, line 256]
Event: 49.246 Thread 0x000001df551a66e0 Exception <a 'java/lang/ClassNotFoundException'{0x000000008686a780}: org/gradle/api/internal/artifacts/dsl/dependencies/DefaultDependencyHandler_DecoratedBeanInfo> (0x000000008686a780) 
thrown [s\src\hotspot\share\classfile\systemDictionary.cpp, line 256]
Event: 49.247 Thread 0x000001df551a66e0 Exception <a 'java/lang/ClassNotFoundException'{0x0000000086880e88}: org/gradle/api/internal/artifacts/dsl/dependencies/DefaultDependencyHandlerBeanInfo> (0x0000000086880e88) 
thrown [s\src\hotspot\share\classfile\systemDictionary.cpp, line 256]
Event: 49.249 Thread 0x000001df551a66e0 Exception <a 'java/lang/ClassNotFoundException'{0x0000000086897000}: org/gradle/api/internal/artifacts/dsl/dependencies/DefaultDependencyHandlerCustomizer> (0x0000000086897000) 
thrown [s\src\hotspot\share\classfile\systemDictionary.cpp, line 256]
Event: 49.254 Thread 0x000001df551a66e0 Exception <a 'java/lang/ClassNotFoundException'{0x00000000868d40d8}: org/gradle/api/internal/artifacts/dsl/dependencies/DefaultDependencyHandler_DecoratedCustomizer> (0x00000000868d40d8) 
thrown [s\src\hotspot\share\classfile\systemDictionary.cpp, line 256]

VM Operations (20 events):
Event: 48.192 Executing VM operation: G1CollectForAllocation
Event: 48.196 Executing VM operation: G1CollectForAllocation done
Event: 48.237 Executing VM operation: G1CollectForAllocation
Event: 48.240 Executing VM operation: G1CollectForAllocation done
Event: 48.842 Executing VM operation: ICBufferFull
Event: 48.842 Executing VM operation: ICBufferFull done
Event: 48.865 Executing VM operation: HandshakeAllThreads
Event: 48.865 Executing VM operation: HandshakeAllThreads done
Event: 49.165 Executing VM operation: G1CollectForAllocation
Event: 49.169 Executing VM operation: G1CollectForAllocation done
Event: 49.224 Executing VM operation: G1PauseRemark
Event: 49.226 Executing VM operation: G1PauseRemark done
Event: 49.249 Executing VM operation: G1PauseCleanup
Event: 49.249 Executing VM operation: G1PauseCleanup done
Event: 49.365 Executing VM operation: HandshakeAllThreads
Event: 49.366 Executing VM operation: HandshakeAllThreads done
Event: 50.000 Executing VM operation: G1CollectForAllocation
Event: 50.003 Executing VM operation: G1CollectForAllocation done
Event: 50.028 Executing VM operation: G1CollectForAllocation
Event: 50.032 Executing VM operation: G1CollectForAllocation done

Events (20 events):
Event: 49.065 loading class java/nio/channels/Channels$1 done
Event: 49.275 Thread 0x000001df57f44fb0 Thread added: 0x000001df57f44fb0
Event: 49.597 loading class java/util/concurrent/ConcurrentSkipListMap$KeySet
Event: 49.598 loading class java/util/concurrent/ConcurrentSkipListMap$KeySet done
Event: 49.598 loading class java/util/concurrent/ConcurrentSkipListMap$KeyIterator
Event: 49.598 loading class java/util/concurrent/ConcurrentSkipListMap$KeyIterator done
Event: 49.598 loading class java/net/InetAddress$NameServiceAddresses
Event: 49.598 loading class java/net/InetAddress$Addresses
Event: 49.598 loading class java/net/InetAddress$Addresses done
Event: 49.599 loading class java/net/InetAddress$NameServiceAddresses done
Event: 49.610 loading class sun/net/InetAddressCachePolicy
Event: 49.611 loading class sun/net/InetAddressCachePolicy done
Event: 49.611 loading class sun/net/InetAddressCachePolicy$1
Event: 49.612 loading class sun/net/InetAddressCachePolicy$1 done
Event: 49.612 loading class sun/net/InetAddressCachePolicy$2
Event: 49.612 loading class sun/net/InetAddressCachePolicy$2 done
Event: 49.612 loading class java/net/InetAddress$CachedAddresses
Event: 49.612 loading class java/net/InetAddress$CachedAddresses done
Event: 49.612 loading class java/net/InetAddress$CachedLocalHost
Event: 49.612 loading class java/net/InetAddress$CachedLocalHost done


Dynamic libraries:
0x00007ff6173c0000 - 0x00007ff6173ce000 	C:\Users\Blaziod\jdk-17\bin\java.exe
0x00007ffcb7e70000 - 0x00007ffcb8068000 	C:\WINDOWS\SYSTEM32\ntdll.dll
0x00007ffcb76d0000 - 0x00007ffcb778d000 	C:\WINDOWS\System32\KERNEL32.DLL
0x00007ffcb57e0000 - 0x00007ffcb5ad6000 	C:\WINDOWS\System32\KERNELBASE.dll
0x00007ffcb55d0000 - 0x00007ffcb56d0000 	C:\WINDOWS\System32\ucrtbase.dll
0x00007ffcac670000 - 0x00007ffcac68b000 	C:\Users\Blaziod\jdk-17\bin\VCRUNTIME140.dll
0x00007ffcac690000 - 0x00007ffcac6a7000 	C:\Users\Blaziod\jdk-17\bin\jli.dll
0x00007ffcb7ab0000 - 0x00007ffcb7c4f000 	C:\WINDOWS\System32\USER32.dll
0x00007ffcb5e70000 - 0x00007ffcb5e92000 	C:\WINDOWS\System32\win32u.dll
0x00007ffcb6cf0000 - 0x00007ffcb6d1b000 	C:\WINDOWS\System32\GDI32.dll
0x00007ffcb5d50000 - 0x00007ffcb5e67000 	C:\WINDOWS\System32\gdi32full.dll
0x00007ffcb5cb0000 - 0x00007ffcb5d4d000 	C:\WINDOWS\System32\msvcp_win.dll
0x00007ffca0000000 - 0x00007ffca029a000 	C:\WINDOWS\WinSxS\amd64_microsoft.windows.common-controls_6595b64144ccf1df_6.0.19041.4355_none_60b8b9eb71f62e16\COMCTL32.dll
0x00007ffcb6610000 - 0x00007ffcb66ae000 	C:\WINDOWS\System32\msvcrt.dll
0x00007ffcb7df0000 - 0x00007ffcb7e22000 	C:\WINDOWS\System32\IMM32.DLL
0x00007ffcb0f40000 - 0x00007ffcb0f4c000 	C:\Users\Blaziod\jdk-17\bin\vcruntime140_1.dll
0x00007ffcac590000 - 0x00007ffcac61d000 	C:\Users\Blaziod\jdk-17\bin\msvcp140.dll
0x00007ffc42d10000 - 0x00007ffc43972000 	C:\Users\Blaziod\jdk-17\bin\server\jvm.dll
0x00007ffcb60e0000 - 0x00007ffcb6190000 	C:\WINDOWS\System32\ADVAPI32.dll
0x00007ffcb78e0000 - 0x00007ffcb7980000 	C:\WINDOWS\System32\sechost.dll
0x00007ffcb6860000 - 0x00007ffcb6983000 	C:\WINDOWS\System32\RPCRT4.dll
0x00007ffcb57b0000 - 0x00007ffcb57d7000 	C:\WINDOWS\System32\bcrypt.dll
0x00007ffcaf360000 - 0x00007ffcaf369000 	C:\WINDOWS\SYSTEM32\WSOCK32.dll
0x00007ffcac010000 - 0x00007ffcac037000 	C:\WINDOWS\SYSTEM32\WINMM.dll
0x00007ffcb7870000 - 0x00007ffcb78db000 	C:\WINDOWS\System32\WS2_32.dll
0x00007ffcac000000 - 0x00007ffcac00a000 	C:\WINDOWS\SYSTEM32\VERSION.dll
0x00007ffcb5370000 - 0x00007ffcb53bb000 	C:\WINDOWS\SYSTEM32\POWRPROF.dll
0x00007ffcb5350000 - 0x00007ffcb5362000 	C:\WINDOWS\SYSTEM32\UMPDC.dll
0x00007ffcb33a0000 - 0x00007ffcb33b2000 	C:\WINDOWS\SYSTEM32\kernel.appcore.dll
0x00007ffcaf0f0000 - 0x00007ffcaf0fa000 	C:\Users\Blaziod\jdk-17\bin\jimage.dll
0x00007ffca9520000 - 0x00007ffca9704000 	C:\WINDOWS\SYSTEM32\DBGHELP.DLL
0x00007ffca2980000 - 0x00007ffca29b4000 	C:\WINDOWS\SYSTEM32\dbgcore.DLL
0x00007ffcb5720000 - 0x00007ffcb57a2000 	C:\WINDOWS\System32\bcryptPrimitives.dll
0x00007ffcb0fb0000 - 0x00007ffcb0fbe000 	C:\Users\Blaziod\jdk-17\bin\instrument.dll
0x00007ffcac4e0000 - 0x00007ffcac505000 	C:\Users\Blaziod\jdk-17\bin\java.dll
0x00007ffc95540000 - 0x00007ffc95617000 	C:\Users\Blaziod\jdk-17\bin\jsvml.dll
0x00007ffcb6f40000 - 0x00007ffcb76ab000 	C:\WINDOWS\System32\SHELL32.dll
0x00007ffcb35a0000 - 0x00007ffcb3d3d000 	C:\WINDOWS\SYSTEM32\windows.storage.dll
0x00007ffcb6990000 - 0x00007ffcb6ce3000 	C:\WINDOWS\System32\combase.dll
0x00007ffcb4e70000 - 0x00007ffcb4e9e000 	C:\WINDOWS\SYSTEM32\Wldp.dll
0x00007ffcb6d80000 - 0x00007ffcb6e4d000 	C:\WINDOWS\System32\OLEAUT32.dll
0x00007ffcb7d40000 - 0x00007ffcb7ded000 	C:\WINDOWS\System32\SHCORE.dll
0x00007ffcb7c50000 - 0x00007ffcb7ca5000 	C:\WINDOWS\System32\shlwapi.dll
0x00007ffcb5450000 - 0x00007ffcb5474000 	C:\WINDOWS\SYSTEM32\profapi.dll
0x00007ffca7620000 - 0x00007ffca7638000 	C:\Users\Blaziod\jdk-17\bin\zip.dll
0x00007ffcac650000 - 0x00007ffcac669000 	C:\Users\Blaziod\jdk-17\bin\net.dll
0x00007ffca8a30000 - 0x00007ffca8b3a000 	C:\WINDOWS\SYSTEM32\WINHTTP.dll
0x00007ffcb4bd0000 - 0x00007ffcb4c3a000 	C:\WINDOWS\system32\mswsock.dll
0x00007ffcac410000 - 0x00007ffcac426000 	C:\Users\Blaziod\jdk-17\bin\nio.dll
0x00007ffcae970000 - 0x00007ffcae980000 	C:\Users\Blaziod\jdk-17\bin\verify.dll
0x00007ffca75f0000 - 0x00007ffca7617000 	C:\Users\Blaziod\.gradle\native\68d5fa5c4cc2d200863cafc0d521ce42e7d3e7ee720ec0a83991735586a16f82\windows-amd64\native-platform.dll
0x00007ffc6c600000 - 0x00007ffc6c744000 	C:\Users\Blaziod\.gradle\native\e376f236ea51e6404a007f0833ffe2c6e607c4080706a723a18a27aeea778392\windows-amd64\native-platform-file-events.dll
0x00007ffcac4d0000 - 0x00007ffcac4d9000 	C:\Users\Blaziod\jdk-17\bin\management.dll
0x00007ffcac4a0000 - 0x00007ffcac4ab000 	C:\Users\Blaziod\jdk-17\bin\management_ext.dll
0x00007ffcb6190000 - 0x00007ffcb6198000 	C:\WINDOWS\System32\PSAPI.DLL
0x00007ffcb4dc0000 - 0x00007ffcb4dd8000 	C:\WINDOWS\SYSTEM32\CRYPTSP.dll
0x00007ffcb44f0000 - 0x00007ffcb4524000 	C:\WINDOWS\system32\rsaenh.dll
0x00007ffcb5400000 - 0x00007ffcb542e000 	C:\WINDOWS\SYSTEM32\USERENV.dll
0x00007ffcb4de0000 - 0x00007ffcb4dec000 	C:\WINDOWS\SYSTEM32\CRYPTBASE.dll
0x00007ffcb48b0000 - 0x00007ffcb48eb000 	C:\WINDOWS\SYSTEM32\IPHLPAPI.DLL
0x00007ffcb6f30000 - 0x00007ffcb6f38000 	C:\WINDOWS\System32\NSI.dll
0x00007ffca93c0000 - 0x00007ffca93d7000 	C:\WINDOWS\SYSTEM32\dhcpcsvc6.DLL
0x00007ffca9500000 - 0x00007ffca951d000 	C:\WINDOWS\SYSTEM32\dhcpcsvc.DLL
0x00007ffcb48f0000 - 0x00007ffcb49bb000 	C:\WINDOWS\SYSTEM32\DNSAPI.dll
0x00007ffcac400000 - 0x00007ffcac409000 	C:\Users\Blaziod\jdk-17\bin\extnet.dll
0x00007ffcac4c0000 - 0x00007ffcac4ce000 	C:\Users\Blaziod\jdk-17\bin\sunmscapi.dll
0x00007ffcb5b50000 - 0x00007ffcb5cae000 	C:\WINDOWS\System32\CRYPT32.dll
0x00007ffcb4ee0000 - 0x00007ffcb4f09000 	C:\WINDOWS\SYSTEM32\ncrypt.dll
0x00007ffcb4ea0000 - 0x00007ffcb4edb000 	C:\WINDOWS\SYSTEM32\NTASN1.dll
0x00007ffcac4b0000 - 0x00007ffcac4b7000 	C:\WINDOWS\system32\wshunix.dll
0x00007ffc9e330000 - 0x00007ffc9e347000 	C:\WINDOWS\system32\napinsp.dll
0x00007ffc9e310000 - 0x00007ffc9e32b000 	C:\WINDOWS\system32\pnrpnsp.dll
0x00007ffcb0110000 - 0x00007ffcb0125000 	C:\WINDOWS\system32\wshbth.dll
0x00007ffcb0e30000 - 0x00007ffcb0e4d000 	C:\WINDOWS\system32\NLAapi.dll
0x00007ffc9d6e0000 - 0x00007ffc9d6f2000 	C:\WINDOWS\System32\winrnr.dll
0x00007ffca4d60000 - 0x00007ffca4d6a000 	C:\Windows\System32\rasadhlp.dll
0x00007ffca4da0000 - 0x00007ffca4e20000 	C:\WINDOWS\System32\fwpuclnt.dll

dbghelp: loaded successfully - version: 4.0.5 - missing functions: none
symbol engine: initialized successfully - sym options: 0x614 - pdb path: .;C:\Users\Blaziod\jdk-17\bin;C:\WINDOWS\SYSTEM32;C:\WINDOWS\WinSxS\amd64_microsoft.windows.common-controls_6595b64144ccf1df_6.0.19041.4355_none_60b8b9eb71f62e16;C:\Users\Blaziod\jdk-17\bin\server;C:\Users\Blaziod\.gradle\native\68d5fa5c4cc2d200863cafc0d521ce42e7d3e7ee720ec0a83991735586a16f82\windows-amd64;C:\Users\Blaziod\.gradle\native\e376f236ea51e6404a007f0833ffe2c6e607c4080706a723a18a27aeea778392\windows-amd64

VM Arguments:
jvm_args: -XX:MaxMetaspaceSize=512m --add-opens=java.base/java.util=ALL-UNNAMED --add-opens=java.base/java.lang=ALL-UNNAMED --add-opens=java.base/java.lang.invoke=ALL-UNNAMED --add-opens=java.prefs/java.util.prefs=ALL-UNNAMED --add-opens=java.base/java.nio.charset=ALL-UNNAMED --add-opens=java.base/java.net=ALL-UNNAMED --add-opens=java.base/java.util.concurrent.atomic=ALL-UNNAMED -Xmx2048m -Dfile.encoding=windows-1252 -Duser.country=GB -Duser.language=en -Duser.variant -javaagent:C:\Users\Blaziod\.gradle\wrapper\dists\gradle-8.3-all\6en3ugtfdg5xnpx44z4qbwgas\gradle-8.3\lib\agents\gradle-instrumentation-agent-8.3.jar 
java_command: org.gradle.launcher.daemon.bootstrap.GradleDaemon 8.3
java_class_path (initial): C:\Users\Blaziod\.gradle\wrapper\dists\gradle-8.3-all\6en3ugtfdg5xnpx44z4qbwgas\gradle-8.3\lib\gradle-launcher-8.3.jar
Launcher Type: SUN_STANDARD

[Global flags]
     intx CICompilerCount                          = 4                                         {product} {ergonomic}
   size_t CompressedClassSpaceSize                 = 436207616                                 {product} {ergonomic}
     uint ConcGCThreads                            = 2                                         {product} {ergonomic}
     uint G1ConcRefinementThreads                  = 8                                         {product} {ergonomic}
   size_t G1HeapRegionSize                         = 1048576                                   {product} {ergonomic}
    uintx GCDrainStackTargetSize                   = 64                                        {product} {ergonomic}
   size_t InitialHeapSize                          = 100663296                                 {product} {ergonomic}
   size_t MarkStackSize                            = 4194304                                   {product} {ergonomic}
   size_t MaxHeapSize                              = 2147483648                                {product} {command line}
   size_t MaxMetaspaceSize                         = 536870912                                 {product} {command line}
   size_t MaxNewSize                               = 1287651328                                {product} {ergonomic}
   size_t MinHeapDeltaBytes                        = 1048576                                   {product} {ergonomic}
   size_t MinHeapSize                              = 8388608                                   {product} {ergonomic}
    uintx NonNMethodCodeHeapSize                   = 5839372                                {pd product} {ergonomic}
    uintx NonProfiledCodeHeapSize                  = 122909434                              {pd product} {ergonomic}
    uintx ProfiledCodeHeapSize                     = 122909434                              {pd product} {ergonomic}
    uintx ReservedCodeCacheSize                    = 251658240                              {pd product} {ergonomic}
     bool SegmentedCodeCache                       = true                                      {product} {ergonomic}
   size_t SoftMaxHeapSize                          = 2147483648                             {manageable} {ergonomic}
     bool UseCompressedClassPointers               = true                           {product lp64_product} {ergonomic}
     bool UseCompressedOops                        = true                           {product lp64_product} {ergonomic}
     bool UseG1GC                                  = true                                      {product} {ergonomic}
     bool UseLargePagesIndividualAllocation        = false                                  {pd product} {ergonomic}

Logging:
Log output configuration:
 #0: stdout all=warning uptime,level,tags
 #1: stderr all=off uptime,level,tags

Environment Variables:
JAVA_HOME=C:\Users\Blaziod/jdk-17
CLASSPATH=C:\Users\Blaziod\Desktop\Trend3\android\\gradle\wrapper\gradle-wrapper.jar
PATH=C:\Users\Blaziod\AppData\Local\Temp\yarn--1719047674940-0.4381727009453278;C:\users\blaziod\desktop\trend3\node_modules\.bin;C:\Users\Blaziod\AppData\Local\Yarn\Data\link\node_modules\.bin;C:\Users\Blaziod\AppData\Local\Yarn\bin;C:\Program Files\libexec\lib\node_modules\npm\bin\node-gyp-bin;C:\Program Files\lib\node_modules\npm\bin\node-gyp-bin;C:\Program Files\nodejs\node_modules\npm\bin\node-gyp-bin;C:\Users\Blaziod\bin;C:\Program Files\Git\mingw64\bin;C:\Program Files\Git\usr\local\bin;C:\Program Files\Git\usr\bin;C:\Program Files\Git\usr\bin;C:\Program Files\Git\mingw64\bin;C:\Program Files\Git\usr\bin;C:\Users\Blaziod\bin;C:\Program Files\Common Files\Oracle\Java\javapath;C:\WINDOWS\system32;C:\WINDOWS;C:\WINDOWS\System32\Wbem;C:\WINDOWS\System32\WindowsPowerShell\v1.0;C:\WINDOWS\System32\OpenSSH;C:\Program Files\nodejs;C:\Program Files\Git\cmd;C:\Program Files (x86)\Windows Kits\10\Windows Performance Toolkit;C:\Users\Blaziod\AppData\Local\Android\Sdk\platform-tools;C:\php;C:\Users\Blaziod\jdk-17\bin;C:\Users\Blaziod\AppData\Local\Android\Sdk\tools;C:\Program Files\Java\jdk-17;C:\Users\Blaziod\AppData\Local\Programs\Python\Python36-32\Scripts;C:\Users\Blaziod\AppData\Local\Programs\Python\Python36-32;C:\Users\Blaziod\AppData\Local\Programs\Python\Python312\Scripts;C:\Users\Blaziod\AppData\Local\Programs\Python\Python312;C:\Users\Blaziod\AppData\Local\Programs\Python\Launcher;C:\Users\Blaziod\AppData\Local\Microsoft\WindowsApps;C:\Users\Blaziod\AppData\Local\Programs\Microsoft VS Code\bin;C:\Users\Blaziod\AppData\Roaming\npm;C:\Users\Blaziod\AppData\Local\Android\Sdk\platform-tools;C:\Program Files\Git\usr\bin\vendor_perl;C:\Program Files\Git\usr\bin\core_perl
USERNAME=Blaziod
SHELL=C:\Program Files\Git\usr\bin\bash.exe
DISPLAY=needs-to-be-defined
LC_CTYPE=en_US.UTF-8
TERM=xterm
TMPDIR=C:\Users\Blaziod\AppData\Local\Temp
OS=Windows_NT
PROCESSOR_IDENTIFIER=AMD64 Family 23 Model 24 Stepping 1, AuthenticAMD
TMP=C:\Users\Blaziod\AppData\Local\Temp
TEMP=C:\Users\Blaziod\AppData\Local\Temp



Periodic native trim disabled


---------------  S Y S T E M  ---------------

OS:
 Windows 10 , 64 bit Build 19041 (10.0.19041.3636)
OS uptime: 0 days 9:45 hours

CPU: total 8 (initial active 8) (8 cores per cpu, 2 threads per core) family 23 model 24 stepping 1 microcode 0x0, cx8, cmov, fxsr, ht, mmx, 3dnowpref, sse, sse2, sse3, ssse3, sse4a, sse4.1, sse4.2, popcnt, lzcnt, tsc, tscinvbit, avx, avx2, aes, clmul, bmi1, bmi2, adx, sha, fma, vzeroupper, clflush, clflushopt
Processor Information for all 8 processors :
  Max Mhz: 2300, Current Mhz: 2300, Mhz Limit: 2300

Memory: 4k page, system-wide physical 6020M (195M free)
TotalPageFile size 24452M (AvailPageFile size 3M)
current process WorkingSet (physical memory assigned to process): 249M, peak: 251M
current process commit charge ("private bytes"): 326M, peak: 331M

vm_info: OpenJDK 64-Bit Server VM (17.0.10+7) for windows-amd64 JRE (17.0.10+7), built on Jan 16 2024 23:25:11 by "admin" with MS VC++ 16.10 / 16.11 (VS2019)

END.
